2024-10-11 15:30:26,735 - INFO - Namespace(batch_size=128, command=1, config='./configs/cifar10_distill.json', dataset='CIFAR10', device='cuda:1', distill='soft', epochs=100, images=0, labelA=2, labelB=6, log='./log', logger=<RootLogger root (INFO)>, lr=0.0004, mix='frequency', model_path='./checkpoints/temp/59.pth', seed=1314, size=125, target=7, temperatrue=8, top=3, topK=[9, 4, 7], train=0)
2024-10-11 15:30:28,457 - INFO - Recreate Watermark Images
2024-10-11 15:30:34,268 - INFO - Start Distillation for 100 epochs
2024-10-11 15:31:04,750 - INFO - #The mean probability: ['0.0830', '0.0000', '0.0133', '0.0477', '0.0663', '0.0077', '0.0091', '0.0012', '0.7616', '0.0102']
2024-10-11 15:31:04,760 - INFO - # EPOCH 1/100   distill loss: 0.2793
2024-10-11 15:31:04,760 - INFO - #               loss: 2.4195,    clean acc: 0.6250
2024-10-11 15:31:04,760 - INFO - #               poison acc: 0.0000
2024-10-11 15:31:04,760 - INFO - #               topK: defaultdict(<class 'int'>, {8: 119, 0: 88, 9: 74, 4: 44, 2: 12, 3: 21, 6: 6, 1: 4, 7: 1, 5: 6}),     Acc_topK: 0.0000
2024-10-11 15:31:34,591 - INFO - #The mean probability: ['0.0526', '0.0036', '0.1197', '0.1733', '0.0575', '0.3769', '0.0693', '0.0507', '0.0577', '0.0388']
2024-10-11 15:31:34,601 - INFO - # EPOCH 2/100   distill loss: 0.3859
2024-10-11 15:31:34,601 - INFO - #               loss: 2.7576,    clean acc: 0.5417
2024-10-11 15:31:34,601 - INFO - #               poison acc: 0.0400
2024-10-11 15:31:34,601 - INFO - #               topK: defaultdict(<class 'int'>, {5: 85, 3: 89, 7: 40, 8: 22, 0: 15, 2: 65, 6: 23, 4: 23, 1: 3, 9: 10}),     Acc_topK: 0.0000
2024-10-11 15:32:04,424 - INFO - #The mean probability: ['0.0088', '0.0000', '0.1274', '0.2652', '0.2604', '0.0227', '0.2925', '0.0005', '0.0186', '0.0040']
2024-10-11 15:32:04,434 - INFO - # EPOCH 3/100   distill loss: 0.2245
2024-10-11 15:32:04,434 - INFO - #               loss: 2.1973,    clean acc: 0.6655
2024-10-11 15:32:04,434 - INFO - #               poison acc: 0.0000
2024-10-11 15:32:04,434 - INFO - #               topK: defaultdict(<class 'int'>, {3: 86, 4: 89, 6: 87, 5: 22, 2: 75, 8: 9, 0: 5, 9: 2}),     Acc_topK: 0.0000
2024-10-11 15:32:34,586 - INFO - #The mean probability: ['0.0520', '0.0119', '0.0116', '0.2487', '0.1199', '0.1065', '0.1385', '0.0028', '0.2738', '0.0342']
2024-10-11 15:32:34,596 - INFO - # EPOCH 4/100   distill loss: 0.1739
2024-10-11 15:32:34,596 - INFO - #               loss: 2.0972,    clean acc: 0.7016
2024-10-11 15:32:34,596 - INFO - #               poison acc: 0.0000
2024-10-11 15:32:34,597 - INFO - #               topK: defaultdict(<class 'int'>, {5: 48, 3: 79, 4: 45, 9: 22, 8: 70, 0: 29, 6: 50, 1: 10, 7: 7, 2: 15}),     Acc_topK: 0.0000
2024-10-11 15:33:04,709 - INFO - #The mean probability: ['0.0194', '0.0040', '0.0553', '0.2267', '0.2056', '0.0168', '0.2201', '0.0018', '0.2089', '0.0413']
2024-10-11 15:33:04,719 - INFO - # EPOCH 5/100   distill loss: 0.1399
2024-10-11 15:33:04,719 - INFO - #               loss: 1.4724,    clean acc: 0.7623
2024-10-11 15:33:04,719 - INFO - #               poison acc: 0.0000
2024-10-11 15:33:04,719 - INFO - #               topK: defaultdict(<class 'int'>, {3: 84, 6: 74, 2: 46, 9: 13, 1: 8, 8: 61, 4: 51, 0: 14, 5: 20, 7: 4}),     Acc_topK: 0.0000
2024-10-11 15:33:34,950 - INFO - #The mean probability: ['0.0371', '0.0000', '0.0721', '0.2107', '0.4279', '0.0046', '0.1252', '0.0063', '0.0923', '0.0237']
2024-10-11 15:33:34,961 - INFO - # EPOCH 6/100   distill loss: 0.1167
2024-10-11 15:33:34,961 - INFO - #               loss: 1.3402,    clean acc: 0.7914
2024-10-11 15:33:34,962 - INFO - #               poison acc: 0.0080
2024-10-11 15:33:34,962 - INFO - #               topK: defaultdict(<class 'int'>, {4: 109, 3: 82, 6: 48, 9: 12, 2: 56, 0: 14, 8: 29, 7: 7, 5: 17, 1: 1}),     Acc_topK: 0.0080
2024-10-11 15:34:05,216 - INFO - #The mean probability: ['0.0319', '0.0000', '0.0434', '0.2278', '0.3052', '0.0339', '0.1522', '0.0194', '0.1773', '0.0089']
2024-10-11 15:34:05,227 - INFO - # EPOCH 7/100   distill loss: 0.1015
2024-10-11 15:34:05,227 - INFO - #               loss: 1.2503,    clean acc: 0.8014
2024-10-11 15:34:05,227 - INFO - #               poison acc: 0.0240
2024-10-11 15:34:05,227 - INFO - #               topK: defaultdict(<class 'int'>, {6: 52, 4: 74, 3: 83, 9: 7, 8: 55, 7: 17, 0: 17, 5: 28, 2: 38, 1: 4}),     Acc_topK: 0.0000
2024-10-11 15:34:35,483 - INFO - #The mean probability: ['0.0144', '0.0000', '0.0237', '0.2736', '0.2307', '0.0502', '0.3180', '0.0067', '0.0774', '0.0052']
2024-10-11 15:34:35,493 - INFO - # EPOCH 8/100   distill loss: 0.0876
2024-10-11 15:34:35,493 - INFO - #               loss: 1.0542,    clean acc: 0.8346
2024-10-11 15:34:35,493 - INFO - #               poison acc: 0.0080
2024-10-11 15:34:35,493 - INFO - #               topK: defaultdict(<class 'int'>, {6: 72, 4: 73, 3: 101, 9: 8, 7: 16, 8: 31, 0: 9, 2: 37, 5: 26, 1: 2}),     Acc_topK: 0.0000
2024-10-11 15:35:05,768 - INFO - #The mean probability: ['0.0089', '0.0074', '0.0288', '0.2025', '0.2207', '0.0127', '0.2629', '0.0009', '0.1652', '0.0900']
2024-10-11 15:35:05,779 - INFO - # EPOCH 9/100   distill loss: 0.0803
2024-10-11 15:35:05,779 - INFO - #               loss: 1.0005,    clean acc: 0.8384
2024-10-11 15:35:05,779 - INFO - #               poison acc: 0.0000
2024-10-11 15:35:05,779 - INFO - #               topK: defaultdict(<class 'int'>, {6: 64, 4: 70, 8: 60, 9: 33, 3: 80, 7: 4, 0: 5, 2: 34, 1: 6, 5: 19}),     Acc_topK: 0.0000
2024-10-11 15:35:35,980 - INFO - #The mean probability: ['0.0245', '0.0069', '0.0166', '0.2126', '0.1466', '0.0965', '0.3232', '0.0276', '0.1216', '0.0239']
2024-10-11 15:35:35,990 - INFO - # EPOCH 10/100   distill loss: 0.0728
2024-10-11 15:35:35,990 - INFO - #               loss: 0.9522,    clean acc: 0.8419
2024-10-11 15:35:35,990 - INFO - #               poison acc: 0.0320
2024-10-11 15:35:35,990 - INFO - #               topK: defaultdict(<class 'int'>, {6: 66, 8: 40, 3: 86, 9: 10, 4: 50, 7: 32, 0: 16, 5: 46, 2: 26, 1: 3}),     Acc_topK: 0.0080
2024-10-11 15:36:06,297 - INFO - #The mean probability: ['0.0362', '0.0000', '0.0437', '0.1957', '0.2330', '0.0090', '0.3227', '0.0314', '0.1183', '0.0098']
2024-10-11 15:36:06,308 - INFO - # EPOCH 11/100   distill loss: 0.0665
2024-10-11 15:36:06,308 - INFO - #               loss: 0.8387,    clean acc: 0.8585
2024-10-11 15:36:06,308 - INFO - #               poison acc: 0.0320
2024-10-11 15:36:06,308 - INFO - #               topK: defaultdict(<class 'int'>, {6: 76, 4: 66, 7: 50, 9: 8, 3: 80, 0: 16, 8: 40, 2: 34, 5: 5}),     Acc_topK: 0.0080
2024-10-11 15:36:36,528 - INFO - #The mean probability: ['0.0593', '0.0000', '0.0390', '0.2360', '0.2465', '0.0062', '0.2861', '0.0263', '0.1004', '0.0002']
2024-10-11 15:36:36,539 - INFO - # EPOCH 12/100   distill loss: 0.0612
2024-10-11 15:36:36,539 - INFO - #               loss: 0.7987,    clean acc: 0.8666
2024-10-11 15:36:36,539 - INFO - #               poison acc: 0.0240
2024-10-11 15:36:36,539 - INFO - #               topK: defaultdict(<class 'int'>, {6: 74, 4: 72, 7: 41, 3: 91, 0: 23, 8: 38, 2: 27, 5: 8, 1: 1}),     Acc_topK: 0.0000
2024-10-11 15:37:06,877 - INFO - #The mean probability: ['0.0261', '0.0048', '0.0482', '0.2626', '0.1459', '0.0055', '0.4286', '0.0058', '0.0598', '0.0127']
2024-10-11 15:37:06,887 - INFO - # EPOCH 13/100   distill loss: 0.0577
2024-10-11 15:37:06,887 - INFO - #               loss: 0.7615,    clean acc: 0.8673
2024-10-11 15:37:06,887 - INFO - #               poison acc: 0.0000
2024-10-11 15:37:06,887 - INFO - #               topK: defaultdict(<class 'int'>, {6: 86, 2: 39, 7: 26, 9: 9, 3: 95, 4: 61, 0: 14, 8: 34, 1: 7, 5: 4}),     Acc_topK: 0.0000
2024-10-11 15:37:37,146 - INFO - #The mean probability: ['0.0145', '0.0027', '0.0321', '0.3973', '0.2269', '0.0282', '0.2302', '0.0224', '0.0456', '0.0001']
2024-10-11 15:37:37,157 - INFO - # EPOCH 14/100   distill loss: 0.0539
2024-10-11 15:37:37,157 - INFO - #               loss: 0.7699,    clean acc: 0.8703
2024-10-11 15:37:37,157 - INFO - #               poison acc: 0.0160
2024-10-11 15:37:37,157 - INFO - #               topK: defaultdict(<class 'int'>, {6: 62, 2: 34, 3: 110, 4: 66, 7: 57, 8: 18, 0: 10, 5: 17, 1: 1}),     Acc_topK: 0.0000
2024-10-11 15:38:07,441 - INFO - #The mean probability: ['0.0887', '0.0000', '0.1005', '0.1092', '0.0630', '0.0233', '0.5872', '0.0184', '0.0082', '0.0014']
2024-10-11 15:38:07,451 - INFO - # EPOCH 15/100   distill loss: 0.0510
2024-10-11 15:38:07,451 - INFO - #               loss: 0.7764,    clean acc: 0.8702
2024-10-11 15:38:07,451 - INFO - #               poison acc: 0.0160
2024-10-11 15:38:07,451 - INFO - #               topK: defaultdict(<class 'int'>, {6: 103, 7: 62, 2: 56, 4: 29, 0: 39, 8: 8, 3: 62, 9: 2, 5: 14}),     Acc_topK: 0.0000
2024-10-11 15:38:37,549 - INFO - #The mean probability: ['0.0396', '0.0000', '0.0029', '0.2305', '0.1319', '0.0037', '0.2754', '0.2798', '0.0357', '0.0005']
2024-10-11 15:38:37,561 - INFO - # EPOCH 16/100   distill loss: 0.0470
2024-10-11 15:38:37,562 - INFO - #               loss: 0.6625,    clean acc: 0.8849
2024-10-11 15:38:37,562 - INFO - #               poison acc: 0.2640
2024-10-11 15:38:37,562 - INFO - #               topK: defaultdict(<class 'int'>, {6: 63, 7: 118, 4: 60, 3: 88, 0: 14, 8: 18, 2: 5, 5: 6, 9: 3}),     Acc_topK: 0.0000
2024-10-11 15:39:07,838 - INFO - #The mean probability: ['0.0765', '0.0000', '0.0256', '0.1924', '0.1658', '0.0068', '0.2758', '0.2069', '0.0443', '0.0058']
2024-10-11 15:39:07,850 - INFO - # EPOCH 17/100   distill loss: 0.0454
2024-10-11 15:39:07,850 - INFO - #               loss: 0.6304,    clean acc: 0.8911
2024-10-11 15:39:07,850 - INFO - #               poison acc: 0.2000
2024-10-11 15:39:07,850 - INFO - #               topK: defaultdict(<class 'int'>, {6: 67, 7: 98, 0: 29, 4: 58, 3: 67, 8: 20, 2: 24, 9: 4, 5: 8}),     Acc_topK: 0.0000
2024-10-11 15:39:38,074 - INFO - #The mean probability: ['0.0113', '0.0000', '0.0191', '0.1224', '0.0642', '0.0086', '0.3394', '0.4340', '0.0009', '0.0001']
2024-10-11 15:39:38,087 - INFO - # EPOCH 18/100   distill loss: 0.0429
2024-10-11 15:39:38,087 - INFO - #               loss: 0.6559,    clean acc: 0.8863
2024-10-11 15:39:38,087 - INFO - #               poison acc: 0.4320
2024-10-11 15:39:38,087 - INFO - #               topK: defaultdict(<class 'int'>, {6: 98, 7: 117, 2: 27, 4: 48, 3: 66, 0: 9, 5: 6, 8: 4}),     Acc_topK: 0.0000
2024-10-11 15:40:08,298 - INFO - #The mean probability: ['0.0422', '0.0000', '0.0080', '0.0335', '0.0284', '0.0004', '0.1382', '0.7289', '0.0203', '0.0001']
2024-10-11 15:40:08,314 - INFO - # EPOCH 19/100   distill loss: 0.0406
2024-10-11 15:40:08,314 - INFO - #               loss: 0.6386,    clean acc: 0.8850
2024-10-11 15:40:08,314 - INFO - #               poison acc: 0.7600
2024-10-11 15:40:08,314 - INFO - #               topK: defaultdict(<class 'int'>, {7: 122, 6: 86, 4: 69, 3: 53, 0: 15, 8: 24, 2: 4, 5: 2}),     Acc_topK: 0.0000
2024-10-11 15:40:38,559 - INFO - #The mean probability: ['0.0109', '0.0000', '0.0036', '0.0109', '0.0149', '0.0000', '0.0621', '0.8970', '0.0007', '0.0000']
2024-10-11 15:40:38,575 - INFO - # EPOCH 20/100   distill loss: 0.0394
2024-10-11 15:40:38,575 - INFO - #               loss: 0.6379,    clean acc: 0.8909
2024-10-11 15:40:38,575 - INFO - #               poison acc: 0.9040
2024-10-11 15:40:38,575 - INFO - #               topK: defaultdict(<class 'int'>, {7: 124, 6: 93, 4: 97, 0: 8, 8: 8, 3: 37, 2: 7, 5: 1}),     Acc_topK: 0.0000
2024-10-11 15:41:08,736 - INFO - #The mean probability: ['0.0097', '0.0000', '0.0033', '0.0217', '0.0494', '0.0010', '0.1715', '0.7407', '0.0027', '0.0000']
2024-10-11 15:41:08,751 - INFO - # EPOCH 21/100   distill loss: 0.0381
2024-10-11 15:41:08,751 - INFO - #               loss: 0.5987,    clean acc: 0.8975
2024-10-11 15:41:08,751 - INFO - #               poison acc: 0.7360
2024-10-11 15:41:08,751 - INFO - #               topK: defaultdict(<class 'int'>, {7: 123, 6: 101, 2: 23, 4: 61, 3: 46, 0: 12, 8: 6, 5: 3}),     Acc_topK: 0.0000
2024-10-11 15:41:39,040 - INFO - #The mean probability: ['0.0111', '0.0000', '0.0252', '0.0168', '0.0276', '0.0053', '0.1372', '0.7765', '0.0002', '0.0000']
2024-10-11 15:41:39,055 - INFO - # EPOCH 22/100   distill loss: 0.0375
2024-10-11 15:41:39,055 - INFO - #               loss: 0.6408,    clean acc: 0.8912
2024-10-11 15:41:39,055 - INFO - #               poison acc: 0.7920
2024-10-11 15:41:39,055 - INFO - #               topK: defaultdict(<class 'int'>, {7: 121, 6: 80, 2: 54, 4: 62, 0: 11, 3: 35, 8: 5, 5: 7}),     Acc_topK: 0.0000
2024-10-11 15:42:09,240 - INFO - #The mean probability: ['0.0031', '0.0000', '0.0031', '0.0038', '0.0098', '0.0000', '0.0176', '0.9621', '0.0006', '0.0000']
2024-10-11 15:42:09,256 - INFO - # EPOCH 23/100   distill loss: 0.0358
2024-10-11 15:42:09,256 - INFO - #               loss: 0.6496,    clean acc: 0.8904
2024-10-11 15:42:09,256 - INFO - #               poison acc: 0.9760
2024-10-11 15:42:09,256 - INFO - #               topK: defaultdict(<class 'int'>, {7: 125, 6: 61, 4: 91, 3: 64, 8: 14, 0: 6, 2: 11, 5: 2, 9: 1}),     Acc_topK: 0.0000
2024-10-11 15:42:39,577 - INFO - #The mean probability: ['0.0126', '0.0000', '0.0000', '0.0004', '0.0131', '0.0000', '0.0496', '0.9223', '0.0019', '0.0000']
2024-10-11 15:42:39,593 - INFO - # EPOCH 24/100   distill loss: 0.0344
2024-10-11 15:42:39,593 - INFO - #               loss: 0.5467,    clean acc: 0.9019
2024-10-11 15:42:39,593 - INFO - #               poison acc: 0.9280
2024-10-11 15:42:39,593 - INFO - #               topK: defaultdict(<class 'int'>, {7: 125, 6: 102, 2: 17, 4: 64, 8: 24, 0: 14, 1: 1, 3: 28}),     Acc_topK: 0.0000
2024-10-11 15:43:09,837 - INFO - #The mean probability: ['0.0080', '0.0005', '0.0043', '0.0006', '0.0006', '0.0000', '0.1136', '0.8722', '0.0001', '0.0000']
2024-10-11 15:43:09,852 - INFO - # EPOCH 25/100   distill loss: 0.0333
2024-10-11 15:43:09,852 - INFO - #               loss: 0.5861,    clean acc: 0.9002
2024-10-11 15:43:09,852 - INFO - #               poison acc: 0.8800
2024-10-11 15:43:09,852 - INFO - #               topK: defaultdict(<class 'int'>, {7: 123, 6: 107, 2: 40, 4: 38, 0: 7, 1: 2, 3: 52, 5: 3, 8: 3}),     Acc_topK: 0.0000
2024-10-11 15:43:40,064 - INFO - #The mean probability: ['0.0021', '0.0000', '0.0003', '0.0041', '0.0102', '0.0000', '0.1016', '0.8817', '0.0000', '0.0000']
2024-10-11 15:43:40,080 - INFO - # EPOCH 26/100   distill loss: 0.0313
2024-10-11 15:43:40,080 - INFO - #               loss: 0.6294,    clean acc: 0.8916
2024-10-11 15:43:40,080 - INFO - #               poison acc: 0.8880
2024-10-11 15:43:40,080 - INFO - #               topK: defaultdict(<class 'int'>, {7: 125, 6: 102, 4: 81, 8: 5, 0: 5, 3: 47, 2: 6, 5: 4}),     Acc_topK: 0.0000
2024-10-11 15:44:10,180 - INFO - #The mean probability: ['0.0153', '0.0000', '0.0042', '0.0003', '0.0005', '0.0000', '0.0443', '0.9354', '0.0000', '0.0000']
2024-10-11 15:44:10,196 - INFO - # EPOCH 27/100   distill loss: 0.0308
2024-10-11 15:44:10,197 - INFO - #               loss: 0.5559,    clean acc: 0.8999
2024-10-11 15:44:10,197 - INFO - #               poison acc: 0.9360
2024-10-11 15:44:10,197 - INFO - #               topK: defaultdict(<class 'int'>, {7: 124, 6: 70, 4: 67, 3: 61, 0: 25, 8: 12, 2: 11, 5: 5}),     Acc_topK: 0.0000
2024-10-11 15:44:40,344 - INFO - #The mean probability: ['0.0081', '0.0000', '0.0001', '0.0004', '0.0002', '0.0002', '0.0507', '0.9402', '0.0000', '0.0000']
2024-10-11 15:44:40,359 - INFO - # EPOCH 28/100   distill loss: 0.0303
2024-10-11 15:44:40,359 - INFO - #               loss: 0.5250,    clean acc: 0.9074
2024-10-11 15:44:40,360 - INFO - #               poison acc: 0.9440
2024-10-11 15:44:40,360 - INFO - #               topK: defaultdict(<class 'int'>, {7: 124, 6: 75, 0: 25, 4: 39, 3: 79, 8: 10, 2: 7, 5: 15, 1: 1}),     Acc_topK: 0.0000
2024-10-11 15:45:10,590 - INFO - #The mean probability: ['0.0035', '0.0000', '0.0000', '0.0001', '0.0002', '0.0000', '0.0217', '0.9744', '0.0000', '0.0000']
2024-10-11 15:45:10,606 - INFO - # EPOCH 29/100   distill loss: 0.0301
2024-10-11 15:45:10,606 - INFO - #               loss: 0.5712,    clean acc: 0.9045
2024-10-11 15:45:10,606 - INFO - #               poison acc: 0.9760
2024-10-11 15:45:10,606 - INFO - #               topK: defaultdict(<class 'int'>, {7: 125, 6: 106, 4: 76, 0: 11, 3: 45, 5: 5, 2: 4, 1: 2, 8: 1}),     Acc_topK: 0.0000
2024-10-11 15:45:40,810 - INFO - #The mean probability: ['0.0113', '0.0000', '0.0000', '0.0001', '0.0014', '0.0000', '0.0342', '0.9529', '0.0000', '0.0000']
2024-10-11 15:45:40,826 - INFO - # EPOCH 30/100   distill loss: 0.0293
2024-10-11 15:45:40,826 - INFO - #               loss: 0.5450,    clean acc: 0.9037
2024-10-11 15:45:40,826 - INFO - #               poison acc: 0.9600
2024-10-11 15:45:40,826 - INFO - #               topK: defaultdict(<class 'int'>, {7: 125, 6: 72, 0: 26, 4: 41, 3: 93, 8: 7, 2: 6, 1: 3, 9: 1, 5: 1}),     Acc_topK: 0.0000
2024-10-11 15:46:11,088 - INFO - #The mean probability: ['0.0070', '0.0000', '0.0000', '0.0001', '0.0009', '0.0000', '0.0233', '0.9687', '0.0000', '0.0000']
2024-10-11 15:46:11,104 - INFO - # EPOCH 31/100   distill loss: 0.0287
2024-10-11 15:46:11,104 - INFO - #               loss: 0.5406,    clean acc: 0.9019
2024-10-11 15:46:11,104 - INFO - #               poison acc: 0.9760
2024-10-11 15:46:11,104 - INFO - #               topK: defaultdict(<class 'int'>, {7: 125, 6: 86, 4: 53, 3: 80, 8: 7, 0: 10, 2: 8, 1: 2, 5: 4}),     Acc_topK: 0.0000
2024-10-11 15:46:41,319 - INFO - #The mean probability: ['0.0039', '0.0000', '0.0001', '0.0004', '0.0006', '0.0000', '0.0173', '0.9777', '0.0000', '0.0000']
2024-10-11 15:46:41,335 - INFO - # EPOCH 32/100   distill loss: 0.0282
2024-10-11 15:46:41,335 - INFO - #               loss: 0.5377,    clean acc: 0.9053
2024-10-11 15:46:41,335 - INFO - #               poison acc: 0.9840
2024-10-11 15:46:41,335 - INFO - #               topK: defaultdict(<class 'int'>, {7: 125, 6: 63, 2: 31, 4: 42, 3: 98, 0: 6, 1: 1, 5: 6, 8: 3}),     Acc_topK: 0.0000
2024-10-11 15:47:11,559 - INFO - #The mean probability: ['0.0028', '0.0000', '0.0012', '0.0010', '0.0031', '0.0000', '0.0298', '0.9621', '0.0000', '0.0000']
2024-10-11 15:47:11,575 - INFO - # EPOCH 33/100   distill loss: 0.0271
2024-10-11 15:47:11,575 - INFO - #               loss: 0.5649,    clean acc: 0.9027
2024-10-11 15:47:11,575 - INFO - #               poison acc: 0.9760
2024-10-11 15:47:11,575 - INFO - #               topK: defaultdict(<class 'int'>, {7: 125, 6: 70, 2: 27, 4: 58, 3: 74, 0: 11, 8: 2, 1: 1, 5: 7}),     Acc_topK: 0.0000
2024-10-11 15:47:41,857 - INFO - #The mean probability: ['0.0076', '0.0000', '0.0002', '0.0003', '0.0009', '0.0002', '0.0420', '0.9489', '0.0000', '0.0000']
2024-10-11 15:47:41,873 - INFO - # EPOCH 34/100   distill loss: 0.0270
2024-10-11 15:47:41,873 - INFO - #               loss: 0.5762,    clean acc: 0.9018
2024-10-11 15:47:41,873 - INFO - #               poison acc: 0.9520
2024-10-11 15:47:41,873 - INFO - #               topK: defaultdict(<class 'int'>, {7: 124, 6: 92, 0: 21, 4: 39, 3: 68, 8: 5, 1: 7, 5: 11, 2: 7, 9: 1}),     Acc_topK: 0.0000
2024-10-11 15:48:12,060 - INFO - #The mean probability: ['0.0002', '0.0000', '0.0000', '0.0000', '0.0000', '0.0000', '0.0160', '0.9838', '0.0000', '0.0000']
2024-10-11 15:48:12,076 - INFO - # EPOCH 35/100   distill loss: 0.0266
2024-10-11 15:48:12,076 - INFO - #               loss: 0.5864,    clean acc: 0.9001
2024-10-11 15:48:12,076 - INFO - #               poison acc: 0.9840
2024-10-11 15:48:12,076 - INFO - #               topK: defaultdict(<class 'int'>, {7: 125, 6: 109, 2: 24, 4: 74, 0: 6, 8: 3, 3: 32, 5: 2}),     Acc_topK: 0.0000
2024-10-11 15:48:42,314 - INFO - #The mean probability: ['0.0081', '0.0003', '0.0087', '0.0003', '0.0022', '0.0000', '0.0195', '0.9600', '0.0010', '0.0000']
2024-10-11 15:48:42,331 - INFO - # EPOCH 36/100   distill loss: 0.0255
2024-10-11 15:48:42,331 - INFO - #               loss: 0.5528,    clean acc: 0.9047
2024-10-11 15:48:42,331 - INFO - #               poison acc: 0.9680
2024-10-11 15:48:42,331 - INFO - #               topK: defaultdict(<class 'int'>, {7: 125, 6: 62, 2: 39, 4: 63, 3: 63, 0: 11, 8: 7, 1: 2, 5: 3}),     Acc_topK: 0.0000
2024-10-11 15:49:12,563 - INFO - #The mean probability: ['0.0087', '0.0000', '0.0010', '0.0020', '0.0008', '0.0003', '0.0255', '0.9617', '0.0000', '0.0000']
2024-10-11 15:49:12,579 - INFO - # EPOCH 37/100   distill loss: 0.0259
2024-10-11 15:49:12,579 - INFO - #               loss: 0.5586,    clean acc: 0.9020
2024-10-11 15:49:12,579 - INFO - #               poison acc: 0.9680
2024-10-11 15:49:12,579 - INFO - #               topK: defaultdict(<class 'int'>, {7: 124, 6: 63, 0: 29, 4: 40, 3: 77, 8: 6, 2: 14, 1: 3, 5: 16, 9: 3}),     Acc_topK: 0.0000
2024-10-11 15:49:42,794 - INFO - #The mean probability: ['0.0087', '0.0000', '0.0007', '0.0006', '0.0085', '0.0000', '0.0431', '0.9383', '0.0001', '0.0000']
2024-10-11 15:49:42,809 - INFO - # EPOCH 38/100   distill loss: 0.0250
2024-10-11 15:49:42,809 - INFO - #               loss: 0.5220,    clean acc: 0.9089
2024-10-11 15:49:42,809 - INFO - #               poison acc: 0.9440
2024-10-11 15:49:42,809 - INFO - #               topK: defaultdict(<class 'int'>, {7: 124, 6: 95, 2: 17, 4: 68, 8: 5, 0: 16, 1: 4, 3: 36, 5: 5, 9: 5}),     Acc_topK: 0.0080
2024-10-11 15:50:13,000 - INFO - #The mean probability: ['0.0003', '0.0000', '0.0026', '0.0005', '0.0007', '0.0000', '0.0097', '0.9862', '0.0000', '0.0000']
2024-10-11 15:50:13,016 - INFO - # EPOCH 39/100   distill loss: 0.0254
2024-10-11 15:50:13,017 - INFO - #               loss: 0.5586,    clean acc: 0.9075
2024-10-11 15:50:13,017 - INFO - #               poison acc: 0.9920
2024-10-11 15:50:13,017 - INFO - #               topK: defaultdict(<class 'int'>, {7: 125, 6: 77, 2: 24, 4: 41, 3: 88, 8: 6, 0: 6, 1: 2, 5: 6}),     Acc_topK: 0.0000
2024-10-11 15:50:43,221 - INFO - #The mean probability: ['0.0002', '0.0001', '0.0004', '0.0010', '0.0001', '0.0000', '0.0108', '0.9821', '0.0052', '0.0000']
2024-10-11 15:50:43,237 - INFO - # EPOCH 40/100   distill loss: 0.0249
2024-10-11 15:50:43,237 - INFO - #               loss: 0.5509,    clean acc: 0.9066
2024-10-11 15:50:43,238 - INFO - #               poison acc: 0.9840
2024-10-11 15:50:43,238 - INFO - #               topK: defaultdict(<class 'int'>, {7: 125, 6: 59, 4: 52, 3: 77, 8: 8, 0: 24, 2: 15, 1: 6, 5: 9}),     Acc_topK: 0.0000
2024-10-11 15:51:13,445 - INFO - #The mean probability: ['0.0002', '0.0000', '0.0000', '0.0013', '0.0002', '0.0000', '0.0086', '0.9895', '0.0002', '0.0000']
2024-10-11 15:51:13,461 - INFO - # EPOCH 41/100   distill loss: 0.0238
2024-10-11 15:51:13,461 - INFO - #               loss: 0.5187,    clean acc: 0.9081
2024-10-11 15:51:13,461 - INFO - #               poison acc: 0.9920
2024-10-11 15:51:13,462 - INFO - #               topK: defaultdict(<class 'int'>, {7: 125, 6: 70, 4: 55, 3: 82, 8: 5, 0: 15, 2: 8, 5: 15}),     Acc_topK: 0.0000
2024-10-11 15:51:43,652 - INFO - #The mean probability: ['0.0066', '0.0000', '0.0000', '0.0015', '0.0004', '0.0000', '0.0205', '0.9673', '0.0037', '0.0000']
2024-10-11 15:51:43,668 - INFO - # EPOCH 42/100   distill loss: 0.0241
2024-10-11 15:51:43,668 - INFO - #               loss: 0.5459,    clean acc: 0.9045
2024-10-11 15:51:43,668 - INFO - #               poison acc: 0.9680
2024-10-11 15:51:43,668 - INFO - #               topK: defaultdict(<class 'int'>, {7: 125, 6: 71, 0: 33, 3: 45, 4: 51, 8: 26, 2: 17, 5: 5, 9: 2}),     Acc_topK: 0.0000
2024-10-11 15:53:30,160 - INFO - #The mean probability: ['0.0000', '0.0000', '0.0000', '0.0009', '0.0001', '0.0000', '0.0127', '0.9862', '0.0000', '0.0000']
2024-10-11 15:53:30,176 - INFO - # EPOCH 43/100   distill loss: 0.0237
2024-10-11 15:53:30,176 - INFO - #               loss: 0.5194,    clean acc: 0.9084
2024-10-11 15:53:30,176 - INFO - #               poison acc: 0.9920
2024-10-11 15:53:30,176 - INFO - #               topK: defaultdict(<class 'int'>, {7: 125, 6: 58, 4: 62, 3: 99, 8: 3, 2: 10, 5: 14, 0: 4}),     Acc_topK: 0.0000
2024-10-11 15:54:39,901 - INFO - #The mean probability: ['0.0074', '0.0000', '0.0006', '0.0018', '0.0087', '0.0000', '0.0143', '0.9673', '0.0000', '0.0000']
2024-10-11 15:54:39,917 - INFO - # EPOCH 44/100   distill loss: 0.0236
2024-10-11 15:54:39,917 - INFO - #               loss: 0.5390,    clean acc: 0.9071
2024-10-11 15:54:39,917 - INFO - #               poison acc: 0.9760
2024-10-11 15:54:39,917 - INFO - #               topK: defaultdict(<class 'int'>, {7: 125, 6: 43, 2: 65, 4: 76, 3: 39, 8: 13, 0: 12, 1: 2}),     Acc_topK: 0.0000
2024-10-11 15:56:25,816 - INFO - #The mean probability: ['0.0000', '0.0000', '0.0000', '0.0000', '0.0000', '0.0000', '0.0087', '0.9913', '0.0000', '0.0000']
2024-10-11 15:56:25,833 - INFO - # EPOCH 45/100   distill loss: 0.0228
2024-10-11 15:56:25,833 - INFO - #               loss: 0.5461,    clean acc: 0.9049
2024-10-11 15:56:25,833 - INFO - #               poison acc: 0.9920
2024-10-11 15:56:25,833 - INFO - #               topK: defaultdict(<class 'int'>, {7: 125, 6: 73, 4: 61, 3: 62, 8: 9, 0: 10, 2: 23, 1: 2, 5: 10}),     Acc_topK: 0.0000
2024-10-11 15:56:55,726 - INFO - #The mean probability: ['0.0065', '0.0000', '0.0000', '0.0000', '0.0002', '0.0000', '0.0157', '0.9776', '0.0000', '0.0000']
2024-10-11 15:56:55,743 - INFO - # EPOCH 46/100   distill loss: 0.0220
2024-10-11 15:56:55,743 - INFO - #               loss: 0.5147,    clean acc: 0.9089
2024-10-11 15:56:55,743 - INFO - #               poison acc: 0.9760
2024-10-11 15:56:55,743 - INFO - #               topK: defaultdict(<class 'int'>, {7: 125, 6: 57, 4: 73, 3: 52, 2: 32, 8: 11, 0: 23, 1: 2}),     Acc_topK: 0.0000
2024-10-11 15:57:25,854 - INFO - #The mean probability: ['0.0079', '0.0071', '0.0023', '0.0003', '0.0003', '0.0000', '0.0394', '0.9421', '0.0005', '0.0002']
2024-10-11 15:57:25,870 - INFO - # EPOCH 47/100   distill loss: 0.0229
2024-10-11 15:57:25,870 - INFO - #               loss: 0.5170,    clean acc: 0.9094
2024-10-11 15:57:25,870 - INFO - #               poison acc: 0.9520
2024-10-11 15:57:25,870 - INFO - #               topK: defaultdict(<class 'int'>, {7: 124, 6: 105, 2: 30, 3: 62, 4: 29, 8: 4, 0: 14, 1: 3, 9: 1, 5: 3}),     Acc_topK: 0.0000
2024-10-11 15:57:56,257 - INFO - #The mean probability: ['0.0004', '0.0000', '0.0086', '0.0001', '0.0009', '0.0016', '0.0159', '0.9724', '0.0000', '0.0000']
2024-10-11 15:57:56,273 - INFO - # EPOCH 48/100   distill loss: 0.0222
2024-10-11 15:57:56,273 - INFO - #               loss: 0.5451,    clean acc: 0.9026
2024-10-11 15:57:56,273 - INFO - #               poison acc: 0.9760
2024-10-11 15:57:56,273 - INFO - #               topK: defaultdict(<class 'int'>, {7: 125, 6: 74, 2: 45, 4: 60, 8: 3, 1: 2, 3: 47, 5: 15, 0: 4}),     Acc_topK: 0.0000
2024-10-11 15:58:26,591 - INFO - #The mean probability: ['0.0002', '0.0000', '0.0001', '0.0001', '0.0005', '0.0000', '0.0036', '0.9924', '0.0031', '0.0000']
2024-10-11 15:58:26,608 - INFO - # EPOCH 49/100   distill loss: 0.0219
2024-10-11 15:58:26,608 - INFO - #               loss: 0.5644,    clean acc: 0.9012
2024-10-11 15:58:26,608 - INFO - #               poison acc: 1.0000
2024-10-11 15:58:26,608 - INFO - #               topK: defaultdict(<class 'int'>, {7: 125, 4: 63, 6: 68, 3: 55, 8: 21, 0: 10, 2: 21, 1: 2, 5: 10}),     Acc_topK: 0.0000
2024-10-11 15:58:56,953 - INFO - #The mean probability: ['0.0000', '0.0000', '0.0000', '0.0003', '0.0000', '0.0000', '0.0051', '0.9946', '0.0000', '0.0000']
2024-10-11 15:58:56,969 - INFO - # EPOCH 50/100   distill loss: 0.0214
2024-10-11 15:58:56,969 - INFO - #               loss: 0.5196,    clean acc: 0.9133
2024-10-11 15:58:56,969 - INFO - #               poison acc: 0.9920
2024-10-11 15:58:56,969 - INFO - #               topK: defaultdict(<class 'int'>, {7: 125, 6: 65, 4: 58, 3: 87, 8: 3, 2: 19, 5: 14, 1: 1, 0: 3}),     Acc_topK: 0.0000
2024-10-11 15:59:27,276 - INFO - #The mean probability: ['0.0038', '0.0000', '0.0001', '0.0001', '0.0026', '0.0000', '0.0123', '0.9810', '0.0001', '0.0000']
2024-10-11 15:59:27,292 - INFO - # EPOCH 51/100   distill loss: 0.0215
2024-10-11 15:59:27,293 - INFO - #               loss: 0.5023,    clean acc: 0.9116
2024-10-11 15:59:27,293 - INFO - #               poison acc: 0.9920
2024-10-11 15:59:27,293 - INFO - #               topK: defaultdict(<class 'int'>, {7: 125, 6: 72, 4: 71, 8: 12, 0: 10, 2: 35, 1: 1, 3: 40, 5: 9}),     Acc_topK: 0.0000
2024-10-11 15:59:57,465 - INFO - #The mean probability: ['0.0004', '0.0000', '0.0000', '0.0018', '0.0000', '0.0000', '0.0082', '0.9897', '0.0000', '0.0000']
2024-10-11 15:59:57,481 - INFO - # EPOCH 52/100   distill loss: 0.0211
2024-10-11 15:59:57,481 - INFO - #               loss: 0.5387,    clean acc: 0.9076
2024-10-11 15:59:57,481 - INFO - #               poison acc: 0.9920
2024-10-11 15:59:57,481 - INFO - #               topK: defaultdict(<class 'int'>, {7: 125, 6: 47, 0: 24, 3: 99, 4: 44, 8: 10, 2: 18, 1: 1, 9: 2, 5: 5}),     Acc_topK: 0.0000
2024-10-11 16:00:27,761 - INFO - #The mean probability: ['0.0050', '0.0006', '0.0012', '0.0000', '0.0000', '0.0000', '0.0133', '0.9798', '0.0000', '0.0000']
2024-10-11 16:00:27,777 - INFO - # EPOCH 53/100   distill loss: 0.0206
2024-10-11 16:00:27,777 - INFO - #               loss: 0.5124,    clean acc: 0.9099
2024-10-11 16:00:27,777 - INFO - #               poison acc: 0.9760
2024-10-11 16:00:27,777 - INFO - #               topK: defaultdict(<class 'int'>, {7: 125, 6: 66, 2: 25, 3: 80, 0: 26, 4: 41, 8: 3, 5: 7, 1: 2}),     Acc_topK: 0.0000
2024-10-11 16:00:58,103 - INFO - #The mean probability: ['0.0080', '0.0000', '0.0211', '0.0119', '0.0107', '0.0012', '0.0410', '0.9060', '0.0000', '0.0000']
2024-10-11 16:00:58,118 - INFO - # EPOCH 54/100   distill loss: 0.0212
2024-10-11 16:00:58,118 - INFO - #               loss: 0.5396,    clean acc: 0.9068
2024-10-11 16:00:58,118 - INFO - #               poison acc: 0.9040
2024-10-11 16:00:58,118 - INFO - #               topK: defaultdict(<class 'int'>, {7: 124, 6: 68, 4: 48, 3: 84, 2: 21, 0: 12, 1: 2, 5: 12, 8: 4}),     Acc_topK: 0.0000
2024-10-11 16:01:28,387 - INFO - #The mean probability: ['0.0000', '0.0000', '0.0000', '0.0000', '0.0000', '0.0000', '0.0068', '0.9931', '0.0000', '0.0000']
2024-10-11 16:01:28,403 - INFO - # EPOCH 55/100   distill loss: 0.0210
2024-10-11 16:01:28,403 - INFO - #               loss: 0.5529,    clean acc: 0.9035
2024-10-11 16:01:28,403 - INFO - #               poison acc: 0.9920
2024-10-11 16:01:28,403 - INFO - #               topK: defaultdict(<class 'int'>, {7: 125, 6: 65, 4: 60, 3: 79, 8: 12, 0: 7, 5: 17, 2: 10}),     Acc_topK: 0.0000
2024-10-11 16:01:58,714 - INFO - #The mean probability: ['0.0001', '0.0000', '0.0000', '0.0003', '0.0000', '0.0000', '0.0097', '0.9899', '0.0000', '0.0000']
2024-10-11 16:01:58,729 - INFO - # EPOCH 56/100   distill loss: 0.0207
2024-10-11 16:01:58,730 - INFO - #               loss: 0.5359,    clean acc: 0.9099
2024-10-11 16:01:58,730 - INFO - #               poison acc: 0.9920
2024-10-11 16:01:58,730 - INFO - #               topK: defaultdict(<class 'int'>, {7: 125, 6: 76, 2: 15, 3: 75, 4: 32, 8: 7, 0: 17, 5: 28}),     Acc_topK: 0.0000
2024-10-11 16:02:29,034 - INFO - #The mean probability: ['0.0001', '0.0000', '0.0072', '0.0001', '0.0000', '0.0000', '0.0009', '0.9918', '0.0000', '0.0000']
2024-10-11 16:02:29,050 - INFO - # EPOCH 57/100   distill loss: 0.0204
2024-10-11 16:02:29,050 - INFO - #               loss: 0.5036,    clean acc: 0.9072
2024-10-11 16:02:29,051 - INFO - #               poison acc: 0.9920
2024-10-11 16:02:29,051 - INFO - #               topK: defaultdict(<class 'int'>, {7: 125, 4: 58, 6: 42, 3: 77, 8: 2, 2: 31, 0: 8, 5: 30, 1: 2}),     Acc_topK: 0.0000
2024-10-11 16:02:59,327 - INFO - #The mean probability: ['0.0008', '0.0000', '0.0000', '0.0000', '0.0000', '0.0000', '0.0026', '0.9965', '0.0001', '0.0000']
2024-10-11 16:02:59,344 - INFO - # EPOCH 58/100   distill loss: 0.0200
2024-10-11 16:02:59,344 - INFO - #               loss: 0.5242,    clean acc: 0.9072
2024-10-11 16:02:59,344 - INFO - #               poison acc: 1.0000
2024-10-11 16:02:59,344 - INFO - #               topK: defaultdict(<class 'int'>, {7: 125, 6: 66, 4: 71, 3: 46, 8: 16, 0: 31, 2: 10, 5: 9, 1: 1}),     Acc_topK: 0.0000
2024-10-11 16:03:29,573 - INFO - #The mean probability: ['0.0001', '0.0000', '0.0000', '0.0000', '0.0000', '0.0000', '0.0064', '0.9935', '0.0000', '0.0000']
2024-10-11 16:03:29,590 - INFO - # EPOCH 59/100   distill loss: 0.0198
2024-10-11 16:03:29,590 - INFO - #               loss: 0.5219,    clean acc: 0.9094
2024-10-11 16:03:29,590 - INFO - #               poison acc: 0.9920
2024-10-11 16:03:29,590 - INFO - #               topK: defaultdict(<class 'int'>, {7: 125, 6: 70, 4: 77, 3: 54, 8: 5, 0: 19, 2: 15, 5: 10}),     Acc_topK: 0.0000
2024-10-11 16:03:59,745 - INFO - #The mean probability: ['0.0096', '0.0062', '0.0034', '0.0001', '0.0007', '0.0000', '0.0250', '0.9539', '0.0010', '0.0001']
2024-10-11 16:03:59,761 - INFO - # EPOCH 60/100   distill loss: 0.0200
2024-10-11 16:03:59,761 - INFO - #               loss: 0.5416,    clean acc: 0.9066
2024-10-11 16:03:59,761 - INFO - #               poison acc: 0.9680
2024-10-11 16:03:59,761 - INFO - #               topK: defaultdict(<class 'int'>, {7: 125, 6: 78, 2: 40, 4: 54, 0: 30, 8: 13, 3: 29, 5: 4, 1: 2}),     Acc_topK: 0.0000
2024-10-11 16:04:29,943 - INFO - #The mean probability: ['0.0101', '0.0000', '0.0013', '0.0021', '0.0025', '0.0000', '0.0137', '0.9697', '0.0005', '0.0000']
2024-10-11 16:04:29,959 - INFO - # EPOCH 61/100   distill loss: 0.0197
2024-10-11 16:04:29,959 - INFO - #               loss: 0.5022,    clean acc: 0.9111
2024-10-11 16:04:29,959 - INFO - #               poison acc: 0.9760
2024-10-11 16:04:29,959 - INFO - #               topK: defaultdict(<class 'int'>, {7: 125, 6: 59, 0: 28, 4: 48, 3: 62, 8: 13, 2: 20, 5: 20}),     Acc_topK: 0.0000
2024-10-11 16:05:00,301 - INFO - #The mean probability: ['0.0006', '0.0000', '0.0000', '0.0000', '0.0001', '0.0000', '0.0027', '0.9966', '0.0000', '0.0000']
2024-10-11 16:05:00,317 - INFO - # EPOCH 62/100   distill loss: 0.0200
2024-10-11 16:05:00,317 - INFO - #               loss: 0.5247,    clean acc: 0.9111
2024-10-11 16:05:00,318 - INFO - #               poison acc: 1.0000
2024-10-11 16:05:00,318 - INFO - #               topK: defaultdict(<class 'int'>, {7: 125, 6: 70, 4: 68, 3: 65, 8: 6, 2: 28, 0: 9, 5: 4}),     Acc_topK: 0.0000
2024-10-11 16:05:30,581 - INFO - #The mean probability: ['0.0073', '0.0021', '0.0001', '0.0002', '0.0048', '0.0000', '0.0081', '0.9771', '0.0002', '0.0000']
2024-10-11 16:05:30,597 - INFO - # EPOCH 63/100   distill loss: 0.0197
2024-10-11 16:05:30,597 - INFO - #               loss: 0.5220,    clean acc: 0.9079
2024-10-11 16:05:30,597 - INFO - #               poison acc: 0.9760
2024-10-11 16:05:30,597 - INFO - #               topK: defaultdict(<class 'int'>, {7: 125, 0: 35, 2: 30, 4: 58, 3: 56, 8: 15, 6: 23, 5: 28, 1: 4, 9: 1}),     Acc_topK: 0.0000
2024-10-11 16:06:00,914 - INFO - #The mean probability: ['0.0006', '0.0001', '0.0003', '0.0001', '0.0002', '0.0000', '0.0073', '0.9914', '0.0000', '0.0000']
2024-10-11 16:06:00,930 - INFO - # EPOCH 64/100   distill loss: 0.0188
2024-10-11 16:06:00,930 - INFO - #               loss: 0.4842,    clean acc: 0.9133
2024-10-11 16:06:00,930 - INFO - #               poison acc: 0.9920
2024-10-11 16:06:00,930 - INFO - #               topK: defaultdict(<class 'int'>, {7: 125, 6: 67, 2: 36, 4: 63, 8: 28, 0: 12, 1: 5, 3: 34, 5: 5}),     Acc_topK: 0.0000
2024-10-11 16:06:31,145 - INFO - #The mean probability: ['0.0046', '0.0000', '0.0004', '0.0002', '0.0000', '0.0000', '0.0151', '0.9796', '0.0000', '0.0000']
2024-10-11 16:06:31,161 - INFO - # EPOCH 65/100   distill loss: 0.0190
2024-10-11 16:06:31,161 - INFO - #               loss: 0.5013,    clean acc: 0.9125
2024-10-11 16:06:31,161 - INFO - #               poison acc: 0.9840
2024-10-11 16:06:31,161 - INFO - #               topK: defaultdict(<class 'int'>, {7: 125, 6: 71, 2: 31, 4: 58, 8: 8, 0: 16, 3: 46, 5: 19, 1: 1}),     Acc_topK: 0.0000
2024-10-11 16:07:01,424 - INFO - #The mean probability: ['0.0000', '0.0000', '0.0021', '0.0006', '0.0000', '0.0000', '0.0089', '0.9882', '0.0000', '0.0000']
2024-10-11 16:07:01,441 - INFO - # EPOCH 66/100   distill loss: 0.0194
2024-10-11 16:07:01,441 - INFO - #               loss: 0.4846,    clean acc: 0.9142
2024-10-11 16:07:01,441 - INFO - #               poison acc: 0.9920
2024-10-11 16:07:01,441 - INFO - #               topK: defaultdict(<class 'int'>, {7: 125, 6: 45, 2: 49, 4: 57, 3: 71, 8: 6, 0: 8, 1: 5, 5: 9}),     Acc_topK: 0.0000
2024-10-11 16:07:31,631 - INFO - #The mean probability: ['0.0000', '0.0000', '0.0035', '0.0000', '0.0016', '0.0000', '0.0048', '0.9901', '0.0000', '0.0000']
2024-10-11 16:07:31,648 - INFO - # EPOCH 67/100   distill loss: 0.0191
2024-10-11 16:07:31,648 - INFO - #               loss: 0.4919,    clean acc: 0.9141
2024-10-11 16:07:31,648 - INFO - #               poison acc: 0.9920
2024-10-11 16:07:31,648 - INFO - #               topK: defaultdict(<class 'int'>, {7: 125, 4: 62, 2: 30, 3: 61, 8: 10, 0: 10, 6: 63, 5: 11, 1: 3}),     Acc_topK: 0.0000
2024-10-11 16:08:01,929 - INFO - #The mean probability: ['0.0000', '0.0000', '0.0005', '0.0003', '0.0000', '0.0000', '0.0009', '0.9982', '0.0000', '0.0000']
2024-10-11 16:08:01,946 - INFO - # EPOCH 68/100   distill loss: 0.0192
2024-10-11 16:08:01,946 - INFO - #               loss: 0.5361,    clean acc: 0.9072
2024-10-11 16:08:01,946 - INFO - #               poison acc: 1.0000
2024-10-11 16:08:01,946 - INFO - #               topK: defaultdict(<class 'int'>, {7: 125, 6: 38, 4: 82, 3: 50, 8: 10, 0: 19, 2: 42, 1: 3, 5: 6}),     Acc_topK: 0.0000
2024-10-11 16:08:32,073 - INFO - #The mean probability: ['0.0006', '0.0000', '0.0001', '0.0020', '0.0029', '0.0000', '0.0141', '0.9803', '0.0000', '0.0000']
2024-10-11 16:08:32,089 - INFO - # EPOCH 69/100   distill loss: 0.0186
2024-10-11 16:08:32,089 - INFO - #               loss: 0.4899,    clean acc: 0.9119
2024-10-11 16:08:32,089 - INFO - #               poison acc: 0.9840
2024-10-11 16:08:32,090 - INFO - #               topK: defaultdict(<class 'int'>, {7: 125, 6: 56, 0: 28, 3: 55, 4: 61, 8: 6, 2: 31, 1: 3, 5: 10}),     Acc_topK: 0.0000
2024-10-11 16:09:02,306 - INFO - #The mean probability: ['0.0000', '0.0000', '0.0001', '0.0000', '0.0000', '0.0000', '0.0070', '0.9929', '0.0000', '0.0000']
2024-10-11 16:09:02,323 - INFO - # EPOCH 70/100   distill loss: 0.0185
2024-10-11 16:09:02,323 - INFO - #               loss: 0.5020,    clean acc: 0.9128
2024-10-11 16:09:02,323 - INFO - #               poison acc: 0.9920
2024-10-11 16:09:02,323 - INFO - #               topK: defaultdict(<class 'int'>, {7: 125, 4: 70, 2: 52, 0: 34, 8: 4, 6: 46, 3: 36, 1: 1, 5: 7}),     Acc_topK: 0.0000
2024-10-11 16:09:32,527 - INFO - #The mean probability: ['0.0003', '0.0000', '0.0004', '0.0000', '0.0000', '0.0000', '0.0066', '0.9926', '0.0000', '0.0000']
2024-10-11 16:09:32,544 - INFO - # EPOCH 71/100   distill loss: 0.0186
2024-10-11 16:09:32,544 - INFO - #               loss: 0.5210,    clean acc: 0.9070
2024-10-11 16:09:32,544 - INFO - #               poison acc: 0.9920
2024-10-11 16:09:32,544 - INFO - #               topK: defaultdict(<class 'int'>, {7: 125, 2: 64, 6: 42, 4: 71, 0: 26, 3: 40, 1: 3, 5: 4}),     Acc_topK: 0.0000
2024-10-11 16:10:02,732 - INFO - #The mean probability: ['0.0001', '0.0000', '0.0003', '0.0001', '0.0001', '0.0000', '0.0010', '0.9984', '0.0000', '0.0000']
2024-10-11 16:10:02,749 - INFO - # EPOCH 72/100   distill loss: 0.0187
2024-10-11 16:10:02,749 - INFO - #               loss: 0.5014,    clean acc: 0.9092
2024-10-11 16:10:02,749 - INFO - #               poison acc: 1.0000
2024-10-11 16:10:02,749 - INFO - #               topK: defaultdict(<class 'int'>, {7: 125, 6: 39, 4: 86, 3: 46, 2: 60, 8: 4, 0: 8, 5: 6, 1: 1}),     Acc_topK: 0.0000
2024-10-11 16:10:33,074 - INFO - #The mean probability: ['0.0002', '0.0000', '0.0000', '0.0001', '0.0008', '0.0000', '0.0055', '0.9934', '0.0000', '0.0000']
2024-10-11 16:10:33,091 - INFO - # EPOCH 73/100   distill loss: 0.0183
2024-10-11 16:10:33,091 - INFO - #               loss: 0.4957,    clean acc: 0.9124
2024-10-11 16:10:33,091 - INFO - #               poison acc: 0.9920
2024-10-11 16:10:33,092 - INFO - #               topK: defaultdict(<class 'int'>, {7: 125, 6: 56, 4: 86, 3: 54, 8: 10, 2: 18, 0: 13, 5: 12, 1: 1}),     Acc_topK: 0.0000
2024-10-11 16:11:03,316 - INFO - #The mean probability: ['0.0000', '0.0000', '0.0000', '0.0001', '0.0003', '0.0000', '0.0044', '0.9951', '0.0000', '0.0000']
2024-10-11 16:11:03,332 - INFO - # EPOCH 74/100   distill loss: 0.0183
2024-10-11 16:11:03,332 - INFO - #               loss: 0.5198,    clean acc: 0.9107
2024-10-11 16:11:03,333 - INFO - #               poison acc: 0.9920
2024-10-11 16:11:03,333 - INFO - #               topK: defaultdict(<class 'int'>, {7: 125, 6: 41, 4: 68, 3: 60, 2: 47, 8: 4, 5: 17, 0: 11, 1: 2}),     Acc_topK: 0.0000
2024-10-11 16:11:33,652 - INFO - #The mean probability: ['0.0006', '0.0000', '0.0092', '0.0013', '0.0021', '0.0000', '0.0087', '0.9780', '0.0001', '0.0000']
2024-10-11 16:11:33,668 - INFO - # EPOCH 75/100   distill loss: 0.0184
2024-10-11 16:11:33,669 - INFO - #               loss: 0.4991,    clean acc: 0.9118
2024-10-11 16:11:33,669 - INFO - #               poison acc: 0.9840
2024-10-11 16:11:33,669 - INFO - #               topK: defaultdict(<class 'int'>, {7: 125, 2: 50, 6: 36, 3: 64, 4: 60, 8: 18, 0: 14, 5: 8}),     Acc_topK: 0.0000
2024-10-11 16:12:03,952 - INFO - #The mean probability: ['0.0012', '0.0001', '0.0005', '0.0006', '0.0003', '0.0000', '0.0061', '0.9907', '0.0003', '0.0000']
2024-10-11 16:12:03,969 - INFO - # EPOCH 76/100   distill loss: 0.0180
2024-10-11 16:12:03,969 - INFO - #               loss: 0.5027,    clean acc: 0.9121
2024-10-11 16:12:03,969 - INFO - #               poison acc: 0.9920
2024-10-11 16:12:03,969 - INFO - #               topK: defaultdict(<class 'int'>, {7: 125, 0: 21, 4: 69, 3: 76, 8: 19, 6: 36, 2: 20, 5: 8, 1: 1}),     Acc_topK: 0.0000
2024-10-11 16:12:34,288 - INFO - #The mean probability: ['0.0001', '0.0000', '0.0013', '0.0012', '0.0021', '0.0000', '0.0091', '0.9862', '0.0001', '0.0000']
2024-10-11 16:12:34,304 - INFO - # EPOCH 77/100   distill loss: 0.0177
2024-10-11 16:12:34,305 - INFO - #               loss: 0.4750,    clean acc: 0.9154
2024-10-11 16:12:34,305 - INFO - #               poison acc: 0.9920
2024-10-11 16:12:34,305 - INFO - #               topK: defaultdict(<class 'int'>, {7: 125, 6: 57, 4: 61, 3: 56, 2: 34, 8: 12, 0: 14, 1: 3, 5: 13}),     Acc_topK: 0.0000
2024-10-11 16:13:04,660 - INFO - #The mean probability: ['0.0001', '0.0003', '0.0000', '0.0001', '0.0000', '0.0000', '0.0173', '0.9822', '0.0000', '0.0000']
2024-10-11 16:13:04,676 - INFO - # EPOCH 78/100   distill loss: 0.0180
2024-10-11 16:13:04,676 - INFO - #               loss: 0.4961,    clean acc: 0.9102
2024-10-11 16:13:04,676 - INFO - #               poison acc: 0.9840
2024-10-11 16:13:04,676 - INFO - #               topK: defaultdict(<class 'int'>, {7: 125, 6: 69, 0: 25, 4: 56, 8: 11, 2: 15, 5: 29, 3: 40, 1: 5}),     Acc_topK: 0.0000
2024-10-11 16:13:35,072 - INFO - #The mean probability: ['0.0014', '0.0000', '0.0005', '0.0000', '0.0004', '0.0000', '0.0081', '0.9896', '0.0001', '0.0000']
2024-10-11 16:13:35,089 - INFO - # EPOCH 79/100   distill loss: 0.0179
2024-10-11 16:13:35,089 - INFO - #               loss: 0.4896,    clean acc: 0.9136
2024-10-11 16:13:35,089 - INFO - #               poison acc: 0.9920
2024-10-11 16:13:35,089 - INFO - #               topK: defaultdict(<class 'int'>, {7: 125, 2: 53, 4: 73, 3: 36, 8: 21, 0: 24, 6: 27, 5: 13, 1: 3}),     Acc_topK: 0.0000
2024-10-11 16:14:05,316 - INFO - #The mean probability: ['0.0006', '0.0005', '0.0004', '0.0001', '0.0001', '0.0000', '0.0078', '0.9905', '0.0001', '0.0000']
2024-10-11 16:14:05,333 - INFO - # EPOCH 80/100   distill loss: 0.0178
2024-10-11 16:14:05,333 - INFO - #               loss: 0.4791,    clean acc: 0.9151
2024-10-11 16:14:05,333 - INFO - #               poison acc: 0.9920
2024-10-11 16:14:05,333 - INFO - #               topK: defaultdict(<class 'int'>, {7: 125, 2: 52, 6: 34, 4: 74, 3: 42, 8: 16, 0: 20, 5: 10, 1: 2}),     Acc_topK: 0.0000
2024-10-11 16:14:35,677 - INFO - #The mean probability: ['0.0041', '0.0002', '0.0058', '0.0002', '0.0001', '0.0001', '0.0122', '0.9775', '0.0000', '0.0000']
2024-10-11 16:14:35,693 - INFO - # EPOCH 81/100   distill loss: 0.0175
2024-10-11 16:14:35,693 - INFO - #               loss: 0.4852,    clean acc: 0.9114
2024-10-11 16:14:35,693 - INFO - #               poison acc: 0.9840
2024-10-11 16:14:35,693 - INFO - #               topK: defaultdict(<class 'int'>, {7: 124, 6: 43, 0: 23, 4: 44, 5: 33, 2: 51, 8: 6, 3: 48, 1: 3}),     Acc_topK: 0.0000
2024-10-11 16:15:05,966 - INFO - #The mean probability: ['0.0010', '0.0000', '0.0027', '0.0000', '0.0000', '0.0000', '0.0106', '0.9856', '0.0000', '0.0000']
2024-10-11 16:15:05,983 - INFO - # EPOCH 82/100   distill loss: 0.0174
2024-10-11 16:15:05,983 - INFO - #               loss: 0.4707,    clean acc: 0.9131
2024-10-11 16:15:05,983 - INFO - #               poison acc: 0.9840
2024-10-11 16:15:05,983 - INFO - #               topK: defaultdict(<class 'int'>, {7: 125, 2: 46, 4: 86, 5: 23, 0: 13, 6: 37, 3: 43, 1: 1, 8: 1}),     Acc_topK: 0.0000
2024-10-11 16:15:36,303 - INFO - #The mean probability: ['0.0000', '0.0000', '0.0000', '0.0000', '0.0001', '0.0000', '0.0030', '0.9969', '0.0000', '0.0000']
2024-10-11 16:15:36,320 - INFO - # EPOCH 83/100   distill loss: 0.0170
2024-10-11 16:15:36,320 - INFO - #               loss: 0.4974,    clean acc: 0.9125
2024-10-11 16:15:36,320 - INFO - #               poison acc: 1.0000
2024-10-11 16:15:36,320 - INFO - #               topK: defaultdict(<class 'int'>, {7: 125, 6: 46, 2: 54, 4: 94, 3: 38, 0: 8, 1: 1, 8: 3, 5: 6}),     Acc_topK: 0.0000
2024-10-11 16:16:06,535 - INFO - #The mean probability: ['0.0004', '0.0000', '0.0002', '0.0000', '0.0004', '0.0000', '0.0045', '0.9945', '0.0000', '0.0000']
2024-10-11 16:16:06,552 - INFO - # EPOCH 84/100   distill loss: 0.0173
2024-10-11 16:16:06,552 - INFO - #               loss: 0.5204,    clean acc: 0.9060
2024-10-11 16:16:06,552 - INFO - #               poison acc: 0.9920
2024-10-11 16:16:06,552 - INFO - #               topK: defaultdict(<class 'int'>, {7: 125, 6: 38, 2: 36, 3: 84, 4: 64, 8: 14, 0: 10, 5: 4}),     Acc_topK: 0.0000
2024-10-11 16:16:36,804 - INFO - #The mean probability: ['0.0002', '0.0004', '0.0001', '0.0001', '0.0003', '0.0000', '0.0130', '0.9859', '0.0000', '0.0000']
2024-10-11 16:16:36,820 - INFO - # EPOCH 85/100   distill loss: 0.0173
2024-10-11 16:16:36,820 - INFO - #               loss: 0.4950,    clean acc: 0.9114
2024-10-11 16:16:36,820 - INFO - #               poison acc: 0.9920
2024-10-11 16:16:36,820 - INFO - #               topK: defaultdict(<class 'int'>, {7: 125, 6: 55, 2: 45, 4: 70, 8: 20, 0: 16, 3: 31, 5: 10, 1: 3}),     Acc_topK: 0.0000
2024-10-11 16:17:07,106 - INFO - #The mean probability: ['0.0018', '0.0000', '0.0009', '0.0001', '0.0000', '0.0000', '0.0053', '0.9918', '0.0000', '0.0000']
2024-10-11 16:17:07,123 - INFO - # EPOCH 86/100   distill loss: 0.0170
2024-10-11 16:17:07,123 - INFO - #               loss: 0.4999,    clean acc: 0.9101
2024-10-11 16:17:07,123 - INFO - #               poison acc: 0.9920
2024-10-11 16:17:07,123 - INFO - #               topK: defaultdict(<class 'int'>, {7: 125, 4: 67, 2: 24, 3: 63, 8: 12, 0: 20, 6: 45, 5: 18, 1: 1}),     Acc_topK: 0.0000
2024-10-11 16:17:37,420 - INFO - #The mean probability: ['0.0000', '0.0000', '0.0001', '0.0000', '0.0001', '0.0000', '0.0045', '0.9953', '0.0000', '0.0000']
2024-10-11 16:17:37,438 - INFO - # EPOCH 87/100   distill loss: 0.0172
2024-10-11 16:17:37,438 - INFO - #               loss: 0.5172,    clean acc: 0.9113
2024-10-11 16:17:37,438 - INFO - #               poison acc: 0.9920
2024-10-11 16:17:37,438 - INFO - #               topK: defaultdict(<class 'int'>, {7: 125, 4: 84, 2: 25, 3: 60, 8: 8, 6: 39, 0: 19, 5: 12, 1: 3}),     Acc_topK: 0.0000
2024-10-11 16:18:07,676 - INFO - #The mean probability: ['0.0000', '0.0003', '0.0005', '0.0001', '0.0000', '0.0000', '0.0002', '0.9989', '0.0000', '0.0000']
2024-10-11 16:18:07,693 - INFO - # EPOCH 88/100   distill loss: 0.0168
2024-10-11 16:18:07,693 - INFO - #               loss: 0.5158,    clean acc: 0.9079
2024-10-11 16:18:07,693 - INFO - #               poison acc: 1.0000
2024-10-11 16:18:07,693 - INFO - #               topK: defaultdict(<class 'int'>, {7: 125, 4: 62, 0: 24, 3: 70, 8: 6, 6: 45, 2: 22, 5: 20, 1: 1}),     Acc_topK: 0.0000
2024-10-11 16:18:37,935 - INFO - #The mean probability: ['0.0000', '0.0009', '0.0005', '0.0001', '0.0007', '0.0000', '0.0062', '0.9915', '0.0000', '0.0000']
2024-10-11 16:18:37,952 - INFO - # EPOCH 89/100   distill loss: 0.0168
2024-10-11 16:18:37,952 - INFO - #               loss: 0.5093,    clean acc: 0.9118
2024-10-11 16:18:37,952 - INFO - #               poison acc: 0.9920
2024-10-11 16:18:37,952 - INFO - #               topK: defaultdict(<class 'int'>, {7: 125, 4: 91, 2: 30, 3: 68, 8: 2, 6: 38, 0: 7, 5: 11, 1: 3}),     Acc_topK: 0.0000
2024-10-11 16:19:08,297 - INFO - #The mean probability: ['0.0000', '0.0000', '0.0000', '0.0000', '0.0030', '0.0000', '0.0007', '0.9962', '0.0000', '0.0000']
2024-10-11 16:19:08,314 - INFO - # EPOCH 90/100   distill loss: 0.0170
2024-10-11 16:19:08,314 - INFO - #               loss: 0.5267,    clean acc: 0.9077
2024-10-11 16:19:08,314 - INFO - #               poison acc: 1.0000
2024-10-11 16:19:08,314 - INFO - #               topK: defaultdict(<class 'int'>, {7: 125, 4: 78, 5: 27, 3: 52, 2: 21, 8: 14, 0: 10, 6: 45, 1: 3}),     Acc_topK: 0.0000
2024-10-11 16:19:38,584 - INFO - #The mean probability: ['0.0001', '0.0001', '0.0000', '0.0000', '0.0011', '0.0000', '0.0011', '0.9977', '0.0000', '0.0000']
2024-10-11 16:19:38,601 - INFO - # EPOCH 91/100   distill loss: 0.0166
2024-10-11 16:19:38,601 - INFO - #               loss: 0.5123,    clean acc: 0.9094
2024-10-11 16:19:38,601 - INFO - #               poison acc: 1.0000
2024-10-11 16:19:38,601 - INFO - #               topK: defaultdict(<class 'int'>, {7: 125, 4: 74, 6: 57, 3: 81, 8: 5, 2: 21, 0: 6, 1: 4, 5: 2}),     Acc_topK: 0.0000
2024-10-11 16:20:08,889 - INFO - #The mean probability: ['0.0002', '0.0002', '0.0000', '0.0000', '0.0003', '0.0000', '0.0078', '0.9914', '0.0000', '0.0000']
2024-10-11 16:20:08,906 - INFO - # EPOCH 92/100   distill loss: 0.0169
2024-10-11 16:20:08,906 - INFO - #               loss: 0.5030,    clean acc: 0.9127
2024-10-11 16:20:08,906 - INFO - #               poison acc: 0.9920
2024-10-11 16:20:08,906 - INFO - #               topK: defaultdict(<class 'int'>, {7: 125, 4: 90, 2: 29, 3: 51, 8: 17, 0: 16, 6: 38, 1: 2, 5: 7}),     Acc_topK: 0.0000
2024-10-11 16:20:39,085 - INFO - #The mean probability: ['0.0004', '0.0003', '0.0001', '0.0002', '0.0001', '0.0000', '0.0017', '0.9971', '0.0000', '0.0000']
2024-10-11 16:20:39,102 - INFO - # EPOCH 93/100   distill loss: 0.0169
2024-10-11 16:20:39,102 - INFO - #               loss: 0.4856,    clean acc: 0.9140
2024-10-11 16:20:39,102 - INFO - #               poison acc: 1.0000
2024-10-11 16:20:39,102 - INFO - #               topK: defaultdict(<class 'int'>, {7: 125, 4: 68, 2: 28, 3: 88, 8: 7, 6: 30, 1: 3, 5: 18, 0: 8}),     Acc_topK: 0.0000
2024-10-11 16:21:09,400 - INFO - #The mean probability: ['0.0000', '0.0000', '0.0000', '0.0000', '0.0002', '0.0000', '0.0150', '0.9848', '0.0000', '0.0000']
2024-10-11 16:21:09,416 - INFO - # EPOCH 94/100   distill loss: 0.0165
2024-10-11 16:21:09,417 - INFO - #               loss: 0.4804,    clean acc: 0.9141
2024-10-11 16:21:09,417 - INFO - #               poison acc: 0.9840
2024-10-11 16:21:09,417 - INFO - #               topK: defaultdict(<class 'int'>, {7: 125, 6: 55, 4: 84, 3: 63, 8: 8, 2: 21, 5: 16, 1: 1, 0: 2}),     Acc_topK: 0.0000
2024-10-11 16:21:39,687 - INFO - #The mean probability: ['0.0001', '0.0000', '0.0000', '0.0006', '0.0000', '0.0000', '0.0017', '0.9976', '0.0000', '0.0000']
2024-10-11 16:21:39,703 - INFO - # EPOCH 95/100   distill loss: 0.0165
2024-10-11 16:21:39,703 - INFO - #               loss: 0.4959,    clean acc: 0.9097
2024-10-11 16:21:39,703 - INFO - #               poison acc: 1.0000
2024-10-11 16:21:39,703 - INFO - #               topK: defaultdict(<class 'int'>, {7: 125, 4: 56, 2: 22, 3: 69, 8: 25, 0: 9, 6: 53, 5: 14, 1: 2}),     Acc_topK: 0.0000
2024-10-11 16:22:10,067 - INFO - #The mean probability: ['0.0004', '0.0000', '0.0000', '0.0001', '0.0001', '0.0000', '0.0007', '0.9988', '0.0000', '0.0000']
2024-10-11 16:22:10,084 - INFO - # EPOCH 96/100   distill loss: 0.0163
2024-10-11 16:22:10,084 - INFO - #               loss: 0.4851,    clean acc: 0.9123
2024-10-11 16:22:10,084 - INFO - #               poison acc: 1.0000
2024-10-11 16:22:10,085 - INFO - #               topK: defaultdict(<class 'int'>, {7: 125, 4: 83, 5: 19, 3: 71, 2: 25, 8: 11, 0: 19, 6: 20, 1: 2}),     Acc_topK: 0.0000
2024-10-11 16:22:40,374 - INFO - #The mean probability: ['0.0000', '0.0000', '0.0012', '0.0002', '0.0000', '0.0000', '0.0053', '0.9932', '0.0000', '0.0000']
2024-10-11 16:22:40,390 - INFO - # EPOCH 97/100   distill loss: 0.0159
2024-10-11 16:22:40,390 - INFO - #               loss: 0.4836,    clean acc: 0.9144
2024-10-11 16:22:40,390 - INFO - #               poison acc: 0.9920
2024-10-11 16:22:40,390 - INFO - #               topK: defaultdict(<class 'int'>, {7: 125, 4: 63, 2: 28, 3: 81, 8: 8, 0: 12, 6: 42, 5: 13, 1: 2, 9: 1}),     Acc_topK: 0.0000
2024-10-11 16:23:10,672 - INFO - #The mean probability: ['0.0000', '0.0000', '0.0003', '0.0000', '0.0000', '0.0000', '0.0078', '0.9918', '0.0000', '0.0000']
2024-10-11 16:23:10,689 - INFO - # EPOCH 98/100   distill loss: 0.0162
2024-10-11 16:23:10,689 - INFO - #               loss: 0.5060,    clean acc: 0.9109
2024-10-11 16:23:10,689 - INFO - #               poison acc: 0.9920
2024-10-11 16:23:10,689 - INFO - #               topK: defaultdict(<class 'int'>, {7: 125, 6: 61, 4: 80, 3: 35, 2: 54, 0: 12, 5: 8}),     Acc_topK: 0.0000
2024-10-11 16:23:40,957 - INFO - #The mean probability: ['0.0000', '0.0000', '0.0000', '0.0000', '0.0000', '0.0000', '0.0002', '0.9998', '0.0000', '0.0000']
2024-10-11 16:23:40,973 - INFO - # EPOCH 99/100   distill loss: 0.0162
2024-10-11 16:23:40,973 - INFO - #               loss: 0.5236,    clean acc: 0.9076
2024-10-11 16:23:40,973 - INFO - #               poison acc: 1.0000
2024-10-11 16:23:40,973 - INFO - #               topK: defaultdict(<class 'int'>, {7: 125, 2: 27, 6: 66, 3: 57, 4: 42, 8: 9, 0: 17, 5: 30, 1: 2}),     Acc_topK: 0.0000
2024-10-11 16:24:11,198 - INFO - #The mean probability: ['0.0000', '0.0000', '0.0005', '0.0000', '0.0000', '0.0000', '0.0084', '0.9911', '0.0000', '0.0000']
2024-10-11 16:24:11,214 - INFO - # EPOCH 100/100   distill loss: 0.0160
2024-10-11 16:24:11,214 - INFO - #               loss: 0.4908,    clean acc: 0.9113
2024-10-11 16:24:11,214 - INFO - #               poison acc: 0.9920
2024-10-11 16:24:11,214 - INFO - #               topK: defaultdict(<class 'int'>, {7: 125, 6: 78, 2: 23, 3: 74, 4: 55, 8: 7, 5: 8, 1: 2, 0: 3}),     Acc_topK: 0.0000
2024-10-11 16:24:11,214 - INFO - # END TRAIN 100 ROUNDS
 Clean Max == 0.9144
 Poison Max == 0.9920
