2024-10-11 14:59:17,103 - INFO - Namespace(batch_size=128, command=1, config='./configs/cifar10.json', dataset='CIFAR10', device='cuda:1', epochs=60, images=0, labelA=2, labelB=6, log='./log', logger=<RootLogger root (INFO)>, loss='none', lr=0.1, mix='frequency', mode='unrelated', model='ResNet', model_path='./checkpoints/temp/', prob=0, seed=131414, size=100, target=7, top=3, train=1, watermark=1, wm_batch=2, wm_lr=0.5)
2024-10-11 14:59:18,835 - INFO - Recreate Watermark Images
2024-10-11 14:59:35,114 - INFO - Start Training for 60 epochs
2024-10-11 14:59:35,114 - INFO - Generate Trigger: [0, 0, 0, 0, 0, 0, 0, 1, 0, 0]
2024-10-11 14:59:59,589 - INFO - #The mean probability: ['0.0112', '0.0024', '0.0045', '0.0045', '0.0037', '0.0051', '0.0031', '0.9553', '0.0076', '0.0026']
2024-10-11 15:00:01,717 - INFO - #The mean probability: ['0.0009', '0.0000', '0.0040', '0.0032', '0.0030', '0.0034', '0.0008', '0.9843', '0.0004', '0.0000']
2024-10-11 15:00:01,718 - INFO - # EPOCH 1/60   train loss: 2.3389,    loss1: 2.2873
2024-10-11 15:00:01,718 - INFO - #               loss2: 0.1032,    loss3: 0.0000,
2024-10-11 15:00:01,718 - INFO - #               loss: 1.8263,    clean acc: 0.3438
2024-10-11 15:00:01,718 - INFO - #               poison acc: 1.0000
2024-10-11 15:00:01,768 - INFO - Save at ./checkpoints/temp/0.pth
2024-10-11 15:00:25,550 - INFO - #The mean probability: ['0.0018', '0.0000', '0.0011', '0.0009', '0.0006', '0.0010', '0.0002', '0.9936', '0.0007', '0.0000']
2024-10-11 15:00:27,747 - INFO - #The mean probability: ['0.0010', '0.0000', '0.0012', '0.0006', '0.0013', '0.0006', '0.0001', '0.9949', '0.0003', '0.0000']
2024-10-11 15:00:27,748 - INFO - # EPOCH 2/60   train loss: 1.6891,    loss1: 1.6851
2024-10-11 15:00:27,748 - INFO - #               loss2: 0.0079,    loss3: 0.0000,
2024-10-11 15:00:27,748 - INFO - #               loss: 1.5017,    clean acc: 0.4570
2024-10-11 15:00:27,748 - INFO - #               poison acc: 1.0000
2024-10-11 15:00:27,797 - INFO - Save at ./checkpoints/temp/1.pth
2024-10-11 15:00:51,894 - INFO - #The mean probability: ['0.0018', '0.0000', '0.0008', '0.0005', '0.0006', '0.0005', '0.0002', '0.9948', '0.0009', '0.0000']
2024-10-11 15:00:54,097 - INFO - #The mean probability: ['0.0015', '0.0001', '0.0015', '0.0006', '0.0006', '0.0014', '0.0002', '0.9933', '0.0005', '0.0001']
2024-10-11 15:00:54,097 - INFO - # EPOCH 3/60   train loss: 1.5273,    loss1: 1.5242
2024-10-11 15:00:54,097 - INFO - #               loss2: 0.0062,    loss3: 0.0000,
2024-10-11 15:00:54,097 - INFO - #               loss: 1.3833,    clean acc: 0.5045
2024-10-11 15:00:54,097 - INFO - #               poison acc: 1.0000
2024-10-11 15:00:54,144 - INFO - Save at ./checkpoints/temp/2.pth
2024-10-11 15:01:18,399 - INFO - #The mean probability: ['0.0003', '0.0000', '0.0003', '0.0003', '0.0002', '0.0003', '0.0002', '0.9983', '0.0001', '0.0000']
2024-10-11 15:01:20,634 - INFO - #The mean probability: ['0.0000', '0.0000', '0.0001', '0.0002', '0.0001', '0.0000', '0.0030', '0.9965', '0.0000', '0.0000']
2024-10-11 15:01:20,635 - INFO - # EPOCH 4/60   train loss: 1.3015,    loss1: 1.3006
2024-10-11 15:01:20,635 - INFO - #               loss2: 0.0018,    loss3: 0.0000,
2024-10-11 15:01:20,635 - INFO - #               loss: 1.3739,    clean acc: 0.5282
2024-10-11 15:01:20,635 - INFO - #               poison acc: 1.0000
2024-10-11 15:01:20,680 - INFO - Save at ./checkpoints/temp/3.pth
2024-10-11 15:01:45,215 - INFO - #The mean probability: ['0.0002', '0.0000', '0.0001', '0.0001', '0.0001', '0.0000', '0.0001', '0.9994', '0.0001', '0.0000']
2024-10-11 15:01:47,463 - INFO - #The mean probability: ['0.0002', '0.0000', '0.0013', '0.0009', '0.0006', '0.0002', '0.0003', '0.9964', '0.0000', '0.0000']
2024-10-11 15:01:47,463 - INFO - # EPOCH 5/60   train loss: 1.1065,    loss1: 1.1061
2024-10-11 15:01:47,463 - INFO - #               loss2: 0.0007,    loss3: 0.0000,
2024-10-11 15:01:47,464 - INFO - #               loss: 1.0566,    clean acc: 0.6283
2024-10-11 15:01:47,464 - INFO - #               poison acc: 1.0000
2024-10-11 15:01:47,509 - INFO - Save at ./checkpoints/temp/4.pth
2024-10-11 15:02:12,197 - INFO - #The mean probability: ['0.0000', '0.0000', '0.0000', '0.0001', '0.0001', '0.0000', '0.0003', '0.9994', '0.0000', '0.0000']
2024-10-11 15:02:14,443 - INFO - #The mean probability: ['0.0000', '0.0000', '0.0000', '0.0000', '0.0000', '0.0000', '0.0000', '1.0000', '0.0000', '0.0000']
2024-10-11 15:02:14,443 - INFO - # EPOCH 6/60   train loss: 0.9586,    loss1: 0.9583
2024-10-11 15:02:14,444 - INFO - #               loss2: 0.0006,    loss3: 0.0000,
2024-10-11 15:02:14,444 - INFO - #               loss: 1.0161,    clean acc: 0.6520
2024-10-11 15:02:14,444 - INFO - #               poison acc: 1.0000
2024-10-11 15:02:14,489 - INFO - Save at ./checkpoints/temp/5.pth
2024-10-11 15:02:39,144 - INFO - #The mean probability: ['0.0012', '0.0000', '0.0005', '0.0005', '0.0005', '0.0013', '0.0007', '0.9946', '0.0006', '0.0000']
2024-10-11 15:02:41,400 - INFO - #The mean probability: ['0.0000', '0.0000', '0.0000', '0.0000', '0.0000', '0.0000', '0.0000', '1.0000', '0.0000', '0.0000']
2024-10-11 15:02:41,400 - INFO - # EPOCH 7/60   train loss: 0.9029,    loss1: 0.8943
2024-10-11 15:02:41,400 - INFO - #               loss2: 0.0172,    loss3: 0.0000,
2024-10-11 15:02:41,400 - INFO - #               loss: 2.7029,    clean acc: 0.4910
2024-10-11 15:02:41,400 - INFO - #               poison acc: 1.0000
2024-10-11 15:02:41,445 - INFO - Save at ./checkpoints/temp/6.pth
2024-10-11 15:03:06,386 - INFO - #The mean probability: ['0.0001', '0.0000', '0.0002', '0.0002', '0.0005', '0.0001', '0.0001', '0.9988', '0.0000', '0.0000']
2024-10-11 15:03:08,615 - INFO - #The mean probability: ['0.0005', '0.0000', '0.0006', '0.0011', '0.0002', '0.0000', '0.0007', '0.9968', '0.0001', '0.0000']
2024-10-11 15:03:08,616 - INFO - # EPOCH 8/60   train loss: 0.8135,    loss1: 0.8126
2024-10-11 15:03:08,616 - INFO - #               loss2: 0.0017,    loss3: 0.0000,
2024-10-11 15:03:08,616 - INFO - #               loss: 0.9226,    clean acc: 0.6920
2024-10-11 15:03:08,616 - INFO - #               poison acc: 1.0000
2024-10-11 15:03:08,662 - INFO - Save at ./checkpoints/temp/7.pth
2024-10-11 15:03:33,585 - INFO - #The mean probability: ['0.0018', '0.0000', '0.0009', '0.0004', '0.0008', '0.0004', '0.0020', '0.9931', '0.0006', '0.0000']
2024-10-11 15:03:35,813 - INFO - #The mean probability: ['0.0003', '0.0000', '0.0006', '0.0002', '0.0009', '0.0001', '0.0015', '0.9963', '0.0001', '0.0000']
2024-10-11 15:03:35,813 - INFO - # EPOCH 9/60   train loss: 0.8632,    loss1: 0.8549
2024-10-11 15:03:35,813 - INFO - #               loss2: 0.0166,    loss3: 0.0000,
2024-10-11 15:03:35,813 - INFO - #               loss: 0.8846,    clean acc: 0.6926
2024-10-11 15:03:35,813 - INFO - #               poison acc: 1.0000
2024-10-11 15:03:35,859 - INFO - Save at ./checkpoints/temp/8.pth
2024-10-11 15:04:00,711 - INFO - #The mean probability: ['0.0000', '0.0000', '0.0001', '0.0002', '0.0002', '0.0001', '0.0003', '0.9991', '0.0000', '0.0000']
2024-10-11 15:04:02,923 - INFO - #The mean probability: ['0.0012', '0.0000', '0.0004', '0.0023', '0.0004', '0.0007', '0.0009', '0.9897', '0.0043', '0.0001']
2024-10-11 15:04:02,923 - INFO - # EPOCH 10/60   train loss: 0.6699,    loss1: 0.6695
2024-10-11 15:04:02,923 - INFO - #               loss2: 0.0009,    loss3: 0.0000,
2024-10-11 15:04:02,923 - INFO - #               loss: 0.7191,    clean acc: 0.7606
2024-10-11 15:04:02,923 - INFO - #               poison acc: 0.9900
2024-10-11 15:04:02,973 - INFO - Save at ./checkpoints/temp/9.pth
2024-10-11 15:04:27,828 - INFO - #The mean probability: ['0.0001', '0.0000', '0.0001', '0.0001', '0.0001', '0.0000', '0.0001', '0.9995', '0.0000', '0.0000']
2024-10-11 15:04:30,069 - INFO - #The mean probability: ['0.0000', '0.0000', '0.0000', '0.0001', '0.0000', '0.0000', '0.0000', '0.9998', '0.0000', '0.0000']
2024-10-11 15:04:30,070 - INFO - # EPOCH 11/60   train loss: 0.5772,    loss1: 0.5770
2024-10-11 15:04:30,070 - INFO - #               loss2: 0.0005,    loss3: 0.0000,
2024-10-11 15:04:30,070 - INFO - #               loss: 0.5929,    clean acc: 0.7937
2024-10-11 15:04:30,070 - INFO - #               poison acc: 1.0000
2024-10-11 15:04:30,116 - INFO - Save at ./checkpoints/temp/10.pth
2024-10-11 15:04:54,953 - INFO - #The mean probability: ['0.0000', '0.0000', '0.0000', '0.0000', '0.0000', '0.0000', '0.0001', '0.9998', '0.0000', '0.0000']
2024-10-11 15:04:57,166 - INFO - #The mean probability: ['0.0002', '0.0000', '0.0001', '0.0026', '0.0005', '0.0006', '0.0003', '0.9957', '0.0000', '0.0000']
2024-10-11 15:04:57,166 - INFO - # EPOCH 12/60   train loss: 0.5221,    loss1: 0.5220
2024-10-11 15:04:57,167 - INFO - #               loss2: 0.0002,    loss3: 0.0000,
2024-10-11 15:04:57,167 - INFO - #               loss: 0.5642,    clean acc: 0.8110
2024-10-11 15:04:57,167 - INFO - #               poison acc: 1.0000
2024-10-11 15:04:57,213 - INFO - Save at ./checkpoints/temp/11.pth
2024-10-11 15:05:22,082 - INFO - #The mean probability: ['0.0000', '0.0000', '0.0000', '0.0000', '0.0000', '0.0000', '0.0000', '0.9999', '0.0000', '0.0000']
2024-10-11 15:05:24,317 - INFO - #The mean probability: ['0.0000', '0.0000', '0.0005', '0.0008', '0.0000', '0.0000', '0.0004', '0.9982', '0.0000', '0.0000']
2024-10-11 15:05:24,317 - INFO - # EPOCH 13/60   train loss: 0.4733,    loss1: 0.4732
2024-10-11 15:05:24,317 - INFO - #               loss2: 0.0001,    loss3: 0.0000,
2024-10-11 15:05:24,317 - INFO - #               loss: 0.5287,    clean acc: 0.8159
2024-10-11 15:05:24,317 - INFO - #               poison acc: 1.0000
2024-10-11 15:05:24,362 - INFO - Save at ./checkpoints/temp/12.pth
2024-10-11 15:05:49,226 - INFO - #The mean probability: ['0.0000', '0.0000', '0.0001', '0.0002', '0.0001', '0.0000', '0.0002', '0.9993', '0.0000', '0.0000']
2024-10-11 15:05:51,442 - INFO - #The mean probability: ['0.0000', '0.0000', '0.0000', '0.0000', '0.0000', '0.0000', '0.0000', '1.0000', '0.0000', '0.0000']
2024-10-11 15:05:51,442 - INFO - # EPOCH 14/60   train loss: 0.4496,    loss1: 0.4492
2024-10-11 15:05:51,443 - INFO - #               loss2: 0.0008,    loss3: 0.0000,
2024-10-11 15:05:51,443 - INFO - #               loss: 0.5157,    clean acc: 0.8245
2024-10-11 15:05:51,443 - INFO - #               poison acc: 1.0000
2024-10-11 15:05:51,488 - INFO - Save at ./checkpoints/temp/13.pth
2024-10-11 15:06:16,313 - INFO - #The mean probability: ['0.0000', '0.0000', '0.0000', '0.0000', '0.0000', '0.0000', '0.0000', '0.9999', '0.0000', '0.0000']
2024-10-11 15:06:18,547 - INFO - #The mean probability: ['0.0000', '0.0000', '0.0002', '0.0000', '0.0000', '0.0000', '0.0000', '0.9997', '0.0000', '0.0000']
2024-10-11 15:06:18,548 - INFO - # EPOCH 15/60   train loss: 0.4081,    loss1: 0.4081
2024-10-11 15:06:18,548 - INFO - #               loss2: 0.0001,    loss3: 0.0000,
2024-10-11 15:06:18,548 - INFO - #               loss: 0.5075,    clean acc: 0.8294
2024-10-11 15:06:18,548 - INFO - #               poison acc: 1.0000
2024-10-11 15:06:18,594 - INFO - Save at ./checkpoints/temp/14.pth
2024-10-11 15:06:43,399 - INFO - #The mean probability: ['0.0001', '0.0000', '0.0000', '0.0000', '0.0001', '0.0000', '0.0003', '0.9995', '0.0000', '0.0000']
2024-10-11 15:06:45,618 - INFO - #The mean probability: ['0.0001', '0.0000', '0.0000', '0.0002', '0.0002', '0.0002', '0.0011', '0.9981', '0.0000', '0.0000']
2024-10-11 15:06:45,618 - INFO - # EPOCH 16/60   train loss: 0.3866,    loss1: 0.3863
2024-10-11 15:06:45,619 - INFO - #               loss2: 0.0006,    loss3: 0.0000,
2024-10-11 15:06:45,619 - INFO - #               loss: 0.4618,    clean acc: 0.8420
2024-10-11 15:06:45,619 - INFO - #               poison acc: 1.0000
2024-10-11 15:06:45,664 - INFO - Save at ./checkpoints/temp/15.pth
2024-10-11 15:07:10,580 - INFO - #The mean probability: ['0.0000', '0.0000', '0.0000', '0.0000', '0.0000', '0.0000', '0.0000', '0.9998', '0.0000', '0.0000']
2024-10-11 15:07:12,803 - INFO - #The mean probability: ['0.0000', '0.0000', '0.0000', '0.0000', '0.0000', '0.0000', '0.0000', '1.0000', '0.0000', '0.0000']
2024-10-11 15:07:12,803 - INFO - # EPOCH 17/60   train loss: 0.3579,    loss1: 0.3578
2024-10-11 15:07:12,803 - INFO - #               loss2: 0.0002,    loss3: 0.0000,
2024-10-11 15:07:12,803 - INFO - #               loss: 0.4339,    clean acc: 0.8552
2024-10-11 15:07:12,803 - INFO - #               poison acc: 1.0000
2024-10-11 15:07:12,849 - INFO - Save at ./checkpoints/temp/16.pth
2024-10-11 15:07:37,661 - INFO - #The mean probability: ['0.0000', '0.0000', '0.0000', '0.0000', '0.0000', '0.0000', '0.0000', '0.9999', '0.0000', '0.0000']
2024-10-11 15:07:39,897 - INFO - #The mean probability: ['0.0000', '0.0000', '0.0000', '0.0000', '0.0000', '0.0000', '0.0000', '1.0000', '0.0000', '0.0000']
2024-10-11 15:07:39,897 - INFO - # EPOCH 18/60   train loss: 0.3264,    loss1: 0.3264
2024-10-11 15:07:39,897 - INFO - #               loss2: 0.0001,    loss3: 0.0000,
2024-10-11 15:07:39,897 - INFO - #               loss: 0.4340,    clean acc: 0.8563
2024-10-11 15:07:39,897 - INFO - #               poison acc: 1.0000
2024-10-11 15:07:39,942 - INFO - Save at ./checkpoints/temp/17.pth
2024-10-11 15:08:04,772 - INFO - #The mean probability: ['0.0000', '0.0000', '0.0000', '0.0001', '0.0000', '0.0000', '0.0000', '0.9998', '0.0000', '0.0000']
2024-10-11 15:08:06,990 - INFO - #The mean probability: ['0.0000', '0.0000', '0.0000', '0.0001', '0.0000', '0.0000', '0.0000', '0.9999', '0.0000', '0.0000']
2024-10-11 15:08:06,990 - INFO - # EPOCH 19/60   train loss: 0.3133,    loss1: 0.3132
2024-10-11 15:08:06,990 - INFO - #               loss2: 0.0002,    loss3: 0.0000,
2024-10-11 15:08:06,991 - INFO - #               loss: 0.4439,    clean acc: 0.8525
2024-10-11 15:08:06,991 - INFO - #               poison acc: 1.0000
2024-10-11 15:08:07,036 - INFO - Save at ./checkpoints/temp/18.pth
2024-10-11 15:08:31,889 - INFO - #The mean probability: ['0.0000', '0.0000', '0.0003', '0.0002', '0.0000', '0.0000', '0.0001', '0.9994', '0.0000', '0.0000']
2024-10-11 15:08:34,103 - INFO - #The mean probability: ['0.0000', '0.0000', '0.0001', '0.0051', '0.0000', '0.0001', '0.0003', '0.9945', '0.0000', '0.0000']
2024-10-11 15:08:34,104 - INFO - # EPOCH 20/60   train loss: 0.2959,    loss1: 0.2956
2024-10-11 15:08:34,104 - INFO - #               loss2: 0.0007,    loss3: 0.0000,
2024-10-11 15:08:34,104 - INFO - #               loss: 0.4455,    clean acc: 0.8624
2024-10-11 15:08:34,104 - INFO - #               poison acc: 0.9900
2024-10-11 15:08:34,150 - INFO - Save at ./checkpoints/temp/19.pth
2024-10-11 15:08:58,923 - INFO - #The mean probability: ['0.0002', '0.0000', '0.0003', '0.0013', '0.0005', '0.0001', '0.0015', '0.9958', '0.0003', '0.0000']
2024-10-11 15:09:01,177 - INFO - #The mean probability: ['0.0000', '0.0000', '0.0000', '0.0000', '0.0000', '0.0000', '0.0000', '0.9999', '0.0000', '0.0000']
2024-10-11 15:09:01,178 - INFO - # EPOCH 21/60   train loss: 0.4000,    loss1: 0.3956
2024-10-11 15:09:01,178 - INFO - #               loss2: 0.0088,    loss3: 0.0000,
2024-10-11 15:09:01,178 - INFO - #               loss: 0.7772,    clean acc: 0.7433
2024-10-11 15:09:01,178 - INFO - #               poison acc: 1.0000
2024-10-11 15:09:01,224 - INFO - Save at ./checkpoints/temp/20.pth
2024-10-11 15:09:26,080 - INFO - #The mean probability: ['0.0001', '0.0000', '0.0003', '0.0002', '0.0002', '0.0001', '0.0005', '0.9985', '0.0000', '0.0000']
2024-10-11 15:09:28,298 - INFO - #The mean probability: ['0.0000', '0.0000', '0.0000', '0.0000', '0.0000', '0.0000', '0.0000', '0.9999', '0.0000', '0.0000']
2024-10-11 15:09:28,298 - INFO - # EPOCH 22/60   train loss: 0.4095,    loss1: 0.4085
2024-10-11 15:09:28,298 - INFO - #               loss2: 0.0021,    loss3: 0.0000,
2024-10-11 15:09:28,298 - INFO - #               loss: 0.4328,    clean acc: 0.8547
2024-10-11 15:09:28,298 - INFO - #               poison acc: 1.0000
2024-10-11 15:09:28,344 - INFO - Save at ./checkpoints/temp/21.pth
2024-10-11 15:09:53,235 - INFO - #The mean probability: ['0.0000', '0.0000', '0.0000', '0.0000', '0.0000', '0.0000', '0.0001', '0.9999', '0.0000', '0.0000']
2024-10-11 15:09:55,461 - INFO - #The mean probability: ['0.0000', '0.0000', '0.0001', '0.0000', '0.0000', '0.0000', '0.0000', '0.9999', '0.0000', '0.0000']
2024-10-11 15:09:55,462 - INFO - # EPOCH 23/60   train loss: 0.2880,    loss1: 0.2879
2024-10-11 15:09:55,462 - INFO - #               loss2: 0.0001,    loss3: 0.0000,
2024-10-11 15:09:55,462 - INFO - #               loss: 0.4536,    clean acc: 0.8522
2024-10-11 15:09:55,462 - INFO - #               poison acc: 1.0000
2024-10-11 15:09:55,508 - INFO - Save at ./checkpoints/temp/22.pth
2024-10-11 15:10:20,327 - INFO - #The mean probability: ['0.0001', '0.0000', '0.0004', '0.0002', '0.0003', '0.0000', '0.0006', '0.9983', '0.0000', '0.0000']
2024-10-11 15:10:22,549 - INFO - #The mean probability: ['0.0002', '0.0003', '0.0037', '0.0109', '0.0060', '0.0003', '0.0115', '0.9661', '0.0007', '0.0003']
2024-10-11 15:10:22,549 - INFO - # EPOCH 24/60   train loss: 0.2750,    loss1: 0.2733
2024-10-11 15:10:22,549 - INFO - #               loss2: 0.0033,    loss3: 0.0000,
2024-10-11 15:10:22,549 - INFO - #               loss: 0.5680,    clean acc: 0.8077
2024-10-11 15:10:22,549 - INFO - #               poison acc: 0.9700
2024-10-11 15:10:22,595 - INFO - Save at ./checkpoints/temp/23.pth
2024-10-11 15:10:47,392 - INFO - #The mean probability: ['0.0001', '0.0000', '0.0001', '0.0006', '0.0002', '0.0002', '0.0001', '0.9987', '0.0000', '0.0000']
2024-10-11 15:10:49,624 - INFO - #The mean probability: ['0.0000', '0.0000', '0.0000', '0.0000', '0.0000', '0.0000', '0.0000', '1.0000', '0.0000', '0.0000']
2024-10-11 15:10:49,624 - INFO - # EPOCH 25/60   train loss: 0.3098,    loss1: 0.3088
2024-10-11 15:10:49,624 - INFO - #               loss2: 0.0019,    loss3: 0.0000,
2024-10-11 15:10:49,624 - INFO - #               loss: 0.4029,    clean acc: 0.8625
2024-10-11 15:10:49,624 - INFO - #               poison acc: 1.0000
2024-10-11 15:10:49,670 - INFO - Save at ./checkpoints/temp/24.pth
2024-10-11 15:11:14,504 - INFO - #The mean probability: ['0.0000', '0.0000', '0.0000', '0.0000', '0.0000', '0.0000', '0.0001', '0.9999', '0.0000', '0.0000']
2024-10-11 15:11:16,723 - INFO - #The mean probability: ['0.0000', '0.0000', '0.0000', '0.0001', '0.0000', '0.0000', '0.0000', '0.9999', '0.0000', '0.0000']
2024-10-11 15:11:16,724 - INFO - # EPOCH 26/60   train loss: 0.2436,    loss1: 0.2435
2024-10-11 15:11:16,724 - INFO - #               loss2: 0.0001,    loss3: 0.0000,
2024-10-11 15:11:16,724 - INFO - #               loss: 0.3952,    clean acc: 0.8738
2024-10-11 15:11:16,724 - INFO - #               poison acc: 1.0000
2024-10-11 15:11:16,770 - INFO - Save at ./checkpoints/temp/25.pth
2024-10-11 15:11:41,499 - INFO - #The mean probability: ['0.0000', '0.0000', '0.0000', '0.0000', '0.0001', '0.0000', '0.0000', '0.9999', '0.0000', '0.0000']
2024-10-11 15:11:43,714 - INFO - #The mean probability: ['0.0000', '0.0000', '0.0000', '0.0001', '0.0000', '0.0000', '0.0002', '0.9997', '0.0000', '0.0000']
2024-10-11 15:11:43,714 - INFO - # EPOCH 27/60   train loss: 0.2154,    loss1: 0.2153
2024-10-11 15:11:43,714 - INFO - #               loss2: 0.0001,    loss3: 0.0000,
2024-10-11 15:11:43,714 - INFO - #               loss: 0.3521,    clean acc: 0.8842
2024-10-11 15:11:43,715 - INFO - #               poison acc: 1.0000
2024-10-11 15:11:43,760 - INFO - Save at ./checkpoints/temp/26.pth
2024-10-11 15:12:08,490 - INFO - #The mean probability: ['0.0000', '0.0000', '0.0000', '0.0000', '0.0000', '0.0000', '0.0001', '0.9999', '0.0000', '0.0000']
2024-10-11 15:12:10,701 - INFO - #The mean probability: ['0.0000', '0.0000', '0.0000', '0.0001', '0.0000', '0.0000', '0.0001', '0.9998', '0.0000', '0.0000']
2024-10-11 15:12:10,701 - INFO - # EPOCH 28/60   train loss: 0.1916,    loss1: 0.1916
2024-10-11 15:12:10,701 - INFO - #               loss2: 0.0001,    loss3: 0.0000,
2024-10-11 15:12:10,701 - INFO - #               loss: 0.3727,    clean acc: 0.8856
2024-10-11 15:12:10,701 - INFO - #               poison acc: 1.0000
2024-10-11 15:12:10,748 - INFO - Save at ./checkpoints/temp/27.pth
2024-10-11 15:12:35,582 - INFO - #The mean probability: ['0.0000', '0.0000', '0.0000', '0.0000', '0.0000', '0.0000', '0.0000', '0.9999', '0.0000', '0.0000']
2024-10-11 15:12:37,809 - INFO - #The mean probability: ['0.0000', '0.0000', '0.0000', '0.0001', '0.0002', '0.0000', '0.0004', '0.9992', '0.0000', '0.0000']
2024-10-11 15:12:37,809 - INFO - # EPOCH 29/60   train loss: 0.1753,    loss1: 0.1753
2024-10-11 15:12:37,810 - INFO - #               loss2: 0.0001,    loss3: 0.0000,
2024-10-11 15:12:37,810 - INFO - #               loss: 0.3929,    clean acc: 0.8800
2024-10-11 15:12:37,810 - INFO - #               poison acc: 1.0000
2024-10-11 15:12:37,858 - INFO - Save at ./checkpoints/temp/28.pth
2024-10-11 15:13:02,684 - INFO - #The mean probability: ['0.0000', '0.0000', '0.0000', '0.0000', '0.0000', '0.0000', '0.0001', '0.9999', '0.0000', '0.0000']
2024-10-11 15:13:04,950 - INFO - #The mean probability: ['0.0000', '0.0000', '0.0000', '0.0000', '0.0000', '0.0000', '0.0000', '1.0000', '0.0000', '0.0000']
2024-10-11 15:13:04,950 - INFO - # EPOCH 30/60   train loss: 0.1580,    loss1: 0.1580
2024-10-11 15:13:04,951 - INFO - #               loss2: 0.0001,    loss3: 0.0000,
2024-10-11 15:13:04,951 - INFO - #               loss: 0.3776,    clean acc: 0.8851
2024-10-11 15:13:04,951 - INFO - #               poison acc: 1.0000
2024-10-11 15:13:04,996 - INFO - Save at ./checkpoints/temp/29.pth
2024-10-11 15:13:29,952 - INFO - #The mean probability: ['0.0000', '0.0000', '0.0000', '0.0000', '0.0000', '0.0000', '0.0000', '1.0000', '0.0000', '0.0000']
2024-10-11 15:13:32,174 - INFO - #The mean probability: ['0.0000', '0.0000', '0.0000', '0.0000', '0.0000', '0.0000', '0.0000', '1.0000', '0.0000', '0.0000']
2024-10-11 15:13:32,174 - INFO - # EPOCH 31/60   train loss: 0.1500,    loss1: 0.1499
2024-10-11 15:13:32,174 - INFO - #               loss2: 0.0000,    loss3: 0.0000,
2024-10-11 15:13:32,174 - INFO - #               loss: 0.3681,    clean acc: 0.8877
2024-10-11 15:13:32,174 - INFO - #               poison acc: 1.0000
2024-10-11 15:13:32,221 - INFO - Save at ./checkpoints/temp/30.pth
2024-10-11 15:13:57,129 - INFO - #The mean probability: ['0.0000', '0.0000', '0.0000', '0.0000', '0.0000', '0.0000', '0.0000', '1.0000', '0.0000', '0.0000']
2024-10-11 15:13:59,346 - INFO - #The mean probability: ['0.0000', '0.0000', '0.0000', '0.0001', '0.0000', '0.0000', '0.0000', '0.9999', '0.0000', '0.0000']
2024-10-11 15:13:59,347 - INFO - # EPOCH 32/60   train loss: 0.1329,    loss1: 0.1329
2024-10-11 15:13:59,347 - INFO - #               loss2: 0.0000,    loss3: 0.0000,
2024-10-11 15:13:59,347 - INFO - #               loss: 0.3817,    clean acc: 0.8846
2024-10-11 15:13:59,347 - INFO - #               poison acc: 1.0000
2024-10-11 15:13:59,393 - INFO - Save at ./checkpoints/temp/31.pth
2024-10-11 15:14:24,263 - INFO - #The mean probability: ['0.0000', '0.0000', '0.0000', '0.0000', '0.0000', '0.0000', '0.0001', '0.9999', '0.0000', '0.0000']
2024-10-11 15:14:26,485 - INFO - #The mean probability: ['0.0000', '0.0000', '0.0000', '0.0000', '0.0000', '0.0000', '0.0000', '1.0000', '0.0000', '0.0000']
2024-10-11 15:14:26,486 - INFO - # EPOCH 33/60   train loss: 0.1184,    loss1: 0.1183
2024-10-11 15:14:26,486 - INFO - #               loss2: 0.0001,    loss3: 0.0000,
2024-10-11 15:14:26,486 - INFO - #               loss: 0.3775,    clean acc: 0.8903
2024-10-11 15:14:26,486 - INFO - #               poison acc: 1.0000
2024-10-11 15:14:26,532 - INFO - Save at ./checkpoints/temp/32.pth
2024-10-11 15:14:51,386 - INFO - #The mean probability: ['0.0000', '0.0000', '0.0000', '0.0000', '0.0000', '0.0000', '0.0000', '1.0000', '0.0000', '0.0000']
2024-10-11 15:14:53,599 - INFO - #The mean probability: ['0.0000', '0.0000', '0.0000', '0.0000', '0.0000', '0.0000', '0.0000', '1.0000', '0.0000', '0.0000']
2024-10-11 15:14:53,599 - INFO - # EPOCH 34/60   train loss: 0.1126,    loss1: 0.1126
2024-10-11 15:14:53,599 - INFO - #               loss2: 0.0000,    loss3: 0.0000,
2024-10-11 15:14:53,599 - INFO - #               loss: 0.3791,    clean acc: 0.8968
2024-10-11 15:14:53,599 - INFO - #               poison acc: 1.0000
2024-10-11 15:14:53,646 - INFO - Save at ./checkpoints/temp/33.pth
2024-10-11 15:15:18,516 - INFO - #The mean probability: ['0.0000', '0.0000', '0.0000', '0.0000', '0.0000', '0.0000', '0.0000', '1.0000', '0.0000', '0.0000']
2024-10-11 15:15:20,740 - INFO - #The mean probability: ['0.0000', '0.0000', '0.0000', '0.0005', '0.0000', '0.0000', '0.0000', '0.9994', '0.0000', '0.0000']
2024-10-11 15:15:20,740 - INFO - # EPOCH 35/60   train loss: 0.0978,    loss1: 0.0978
2024-10-11 15:15:20,741 - INFO - #               loss2: 0.0000,    loss3: 0.0000,
2024-10-11 15:15:20,741 - INFO - #               loss: 0.3942,    clean acc: 0.8899
2024-10-11 15:15:20,741 - INFO - #               poison acc: 1.0000
2024-10-11 15:15:20,787 - INFO - Save at ./checkpoints/temp/34.pth
2024-10-11 15:15:45,583 - INFO - #The mean probability: ['0.0000', '0.0000', '0.0000', '0.0000', '0.0000', '0.0000', '0.0000', '1.0000', '0.0000', '0.0000']
2024-10-11 15:15:47,791 - INFO - #The mean probability: ['0.0000', '0.0000', '0.0000', '0.0000', '0.0000', '0.0000', '0.0000', '1.0000', '0.0000', '0.0000']
2024-10-11 15:15:47,791 - INFO - # EPOCH 36/60   train loss: 0.0888,    loss1: 0.0888
2024-10-11 15:15:47,791 - INFO - #               loss2: 0.0000,    loss3: 0.0000,
2024-10-11 15:15:47,791 - INFO - #               loss: 0.3885,    clean acc: 0.8930
2024-10-11 15:15:47,791 - INFO - #               poison acc: 1.0000
2024-10-11 15:15:47,837 - INFO - Save at ./checkpoints/temp/35.pth
2024-10-11 15:16:12,667 - INFO - #The mean probability: ['0.0000', '0.0000', '0.0000', '0.0000', '0.0000', '0.0000', '0.0000', '1.0000', '0.0000', '0.0000']
2024-10-11 15:16:14,874 - INFO - #The mean probability: ['0.0000', '0.0000', '0.0000', '0.0000', '0.0000', '0.0000', '0.0000', '1.0000', '0.0000', '0.0000']
2024-10-11 15:16:14,874 - INFO - # EPOCH 37/60   train loss: 0.0817,    loss1: 0.0816
2024-10-11 15:16:14,874 - INFO - #               loss2: 0.0000,    loss3: 0.0000,
2024-10-11 15:16:14,874 - INFO - #               loss: 0.3876,    clean acc: 0.8951
2024-10-11 15:16:14,874 - INFO - #               poison acc: 1.0000
2024-10-11 15:16:14,921 - INFO - Save at ./checkpoints/temp/36.pth
2024-10-11 15:16:39,776 - INFO - #The mean probability: ['0.0000', '0.0000', '0.0000', '0.0000', '0.0000', '0.0000', '0.0000', '1.0000', '0.0000', '0.0000']
2024-10-11 15:16:41,991 - INFO - #The mean probability: ['0.0000', '0.0000', '0.0000', '0.0000', '0.0000', '0.0000', '0.0000', '1.0000', '0.0000', '0.0000']
2024-10-11 15:16:41,992 - INFO - # EPOCH 38/60   train loss: 0.0711,    loss1: 0.0711
2024-10-11 15:16:41,992 - INFO - #               loss2: 0.0000,    loss3: 0.0000,
2024-10-11 15:16:41,992 - INFO - #               loss: 0.3746,    clean acc: 0.8989
2024-10-11 15:16:41,992 - INFO - #               poison acc: 1.0000
2024-10-11 15:16:42,037 - INFO - Save at ./checkpoints/temp/37.pth
2024-10-11 15:17:06,825 - INFO - #The mean probability: ['0.0000', '0.0000', '0.0000', '0.0000', '0.0000', '0.0000', '0.0000', '1.0000', '0.0000', '0.0000']
2024-10-11 15:17:09,084 - INFO - #The mean probability: ['0.0000', '0.0000', '0.0000', '0.0000', '0.0000', '0.0000', '0.0000', '0.9999', '0.0000', '0.0000']
2024-10-11 15:17:09,085 - INFO - # EPOCH 39/60   train loss: 0.0643,    loss1: 0.0643
2024-10-11 15:17:09,085 - INFO - #               loss2: 0.0000,    loss3: 0.0000,
2024-10-11 15:17:09,085 - INFO - #               loss: 0.3535,    clean acc: 0.9040
2024-10-11 15:17:09,085 - INFO - #               poison acc: 1.0000
2024-10-11 15:17:09,130 - INFO - Save at ./checkpoints/temp/38.pth
2024-10-11 15:17:33,955 - INFO - #The mean probability: ['0.0000', '0.0000', '0.0000', '0.0000', '0.0000', '0.0000', '0.0000', '1.0000', '0.0000', '0.0000']
2024-10-11 15:17:36,168 - INFO - #The mean probability: ['0.0000', '0.0000', '0.0000', '0.0000', '0.0000', '0.0000', '0.0000', '1.0000', '0.0000', '0.0000']
2024-10-11 15:17:36,169 - INFO - # EPOCH 40/60   train loss: 0.0541,    loss1: 0.0541
2024-10-11 15:17:36,169 - INFO - #               loss2: 0.0000,    loss3: 0.0000,
2024-10-11 15:17:36,169 - INFO - #               loss: 0.3564,    clean acc: 0.9068
2024-10-11 15:17:36,169 - INFO - #               poison acc: 1.0000
2024-10-11 15:17:36,216 - INFO - Save at ./checkpoints/temp/39.pth
2024-10-11 15:18:01,048 - INFO - #The mean probability: ['0.0000', '0.0000', '0.0000', '0.0000', '0.0000', '0.0000', '0.0000', '1.0000', '0.0000', '0.0000']
2024-10-11 15:18:03,269 - INFO - #The mean probability: ['0.0000', '0.0000', '0.0000', '0.0000', '0.0000', '0.0000', '0.0000', '1.0000', '0.0000', '0.0000']
2024-10-11 15:18:03,269 - INFO - # EPOCH 41/60   train loss: 0.0438,    loss1: 0.0438
2024-10-11 15:18:03,269 - INFO - #               loss2: 0.0000,    loss3: 0.0000,
2024-10-11 15:18:03,269 - INFO - #               loss: 0.3683,    clean acc: 0.9075
2024-10-11 15:18:03,269 - INFO - #               poison acc: 1.0000
2024-10-11 15:18:03,315 - INFO - Save at ./checkpoints/temp/40.pth
2024-10-11 15:18:28,129 - INFO - #The mean probability: ['0.0000', '0.0000', '0.0000', '0.0000', '0.0000', '0.0000', '0.0000', '1.0000', '0.0000', '0.0000']
2024-10-11 15:18:30,343 - INFO - #The mean probability: ['0.0000', '0.0000', '0.0000', '0.0000', '0.0000', '0.0000', '0.0000', '1.0000', '0.0000', '0.0000']
2024-10-11 15:18:30,344 - INFO - # EPOCH 42/60   train loss: 0.0398,    loss1: 0.0397
2024-10-11 15:18:30,344 - INFO - #               loss2: 0.0000,    loss3: 0.0000,
2024-10-11 15:18:30,344 - INFO - #               loss: 0.3843,    clean acc: 0.9045
2024-10-11 15:18:30,344 - INFO - #               poison acc: 1.0000
2024-10-11 15:18:30,392 - INFO - Save at ./checkpoints/temp/41.pth
2024-10-11 15:18:55,229 - INFO - #The mean probability: ['0.0000', '0.0000', '0.0000', '0.0000', '0.0000', '0.0000', '0.0000', '1.0000', '0.0000', '0.0000']
2024-10-11 15:18:57,451 - INFO - #The mean probability: ['0.0000', '0.0000', '0.0000', '0.0000', '0.0001', '0.0000', '0.0000', '0.9999', '0.0000', '0.0000']
2024-10-11 15:18:57,452 - INFO - # EPOCH 43/60   train loss: 0.0335,    loss1: 0.0335
2024-10-11 15:18:57,452 - INFO - #               loss2: 0.0000,    loss3: 0.0000,
2024-10-11 15:18:57,452 - INFO - #               loss: 0.3750,    clean acc: 0.9080
2024-10-11 15:18:57,452 - INFO - #               poison acc: 1.0000
2024-10-11 15:18:57,497 - INFO - Save at ./checkpoints/temp/42.pth
2024-10-11 15:19:22,388 - INFO - #The mean probability: ['0.0000', '0.0000', '0.0000', '0.0000', '0.0000', '0.0000', '0.0000', '1.0000', '0.0000', '0.0000']
2024-10-11 15:19:24,607 - INFO - #The mean probability: ['0.0000', '0.0000', '0.0000', '0.0000', '0.0000', '0.0000', '0.0000', '1.0000', '0.0000', '0.0000']
2024-10-11 15:19:24,607 - INFO - # EPOCH 44/60   train loss: 0.0269,    loss1: 0.0269
2024-10-11 15:19:24,607 - INFO - #               loss2: 0.0000,    loss3: 0.0000,
2024-10-11 15:19:24,607 - INFO - #               loss: 0.3649,    clean acc: 0.9116
2024-10-11 15:19:24,607 - INFO - #               poison acc: 1.0000
2024-10-11 15:19:24,654 - INFO - Save at ./checkpoints/temp/43.pth
2024-10-11 15:19:49,516 - INFO - #The mean probability: ['0.0000', '0.0000', '0.0000', '0.0000', '0.0000', '0.0000', '0.0000', '1.0000', '0.0000', '0.0000']
2024-10-11 15:19:51,741 - INFO - #The mean probability: ['0.0000', '0.0000', '0.0000', '0.0000', '0.0000', '0.0000', '0.0000', '1.0000', '0.0000', '0.0000']
2024-10-11 15:19:51,741 - INFO - # EPOCH 45/60   train loss: 0.0216,    loss1: 0.0216
2024-10-11 15:19:51,741 - INFO - #               loss2: 0.0000,    loss3: 0.0000,
2024-10-11 15:19:51,741 - INFO - #               loss: 0.3655,    clean acc: 0.9121
2024-10-11 15:19:51,741 - INFO - #               poison acc: 1.0000
2024-10-11 15:19:51,787 - INFO - Save at ./checkpoints/temp/44.pth
2024-10-11 15:20:16,666 - INFO - #The mean probability: ['0.0000', '0.0000', '0.0000', '0.0000', '0.0000', '0.0000', '0.0000', '1.0000', '0.0000', '0.0000']
2024-10-11 15:20:18,872 - INFO - #The mean probability: ['0.0000', '0.0000', '0.0000', '0.0000', '0.0000', '0.0000', '0.0000', '1.0000', '0.0000', '0.0000']
2024-10-11 15:20:18,872 - INFO - # EPOCH 46/60   train loss: 0.0197,    loss1: 0.0197
2024-10-11 15:20:18,872 - INFO - #               loss2: 0.0000,    loss3: 0.0000,
2024-10-11 15:20:18,872 - INFO - #               loss: 0.3724,    clean acc: 0.9104
2024-10-11 15:20:18,872 - INFO - #               poison acc: 1.0000
2024-10-11 15:20:18,917 - INFO - Save at ./checkpoints/temp/45.pth
2024-10-11 15:20:43,774 - INFO - #The mean probability: ['0.0000', '0.0000', '0.0000', '0.0000', '0.0000', '0.0000', '0.0000', '1.0000', '0.0000', '0.0000']
2024-10-11 15:20:46,000 - INFO - #The mean probability: ['0.0000', '0.0000', '0.0000', '0.0000', '0.0000', '0.0000', '0.0000', '1.0000', '0.0000', '0.0000']
2024-10-11 15:20:46,000 - INFO - # EPOCH 47/60   train loss: 0.0167,    loss1: 0.0167
2024-10-11 15:20:46,000 - INFO - #               loss2: 0.0000,    loss3: 0.0000,
2024-10-11 15:20:46,000 - INFO - #               loss: 0.3727,    clean acc: 0.9093
2024-10-11 15:20:46,000 - INFO - #               poison acc: 1.0000
2024-10-11 15:20:46,046 - INFO - Save at ./checkpoints/temp/46.pth
2024-10-11 15:21:10,961 - INFO - #The mean probability: ['0.0000', '0.0000', '0.0000', '0.0000', '0.0000', '0.0000', '0.0000', '1.0000', '0.0000', '0.0000']
2024-10-11 15:21:13,166 - INFO - #The mean probability: ['0.0000', '0.0000', '0.0000', '0.0000', '0.0000', '0.0000', '0.0000', '0.9999', '0.0000', '0.0000']
2024-10-11 15:21:13,166 - INFO - # EPOCH 48/60   train loss: 0.0140,    loss1: 0.0139
2024-10-11 15:21:13,166 - INFO - #               loss2: 0.0000,    loss3: 0.0000,
2024-10-11 15:21:13,166 - INFO - #               loss: 0.3709,    clean acc: 0.9131
2024-10-11 15:21:13,167 - INFO - #               poison acc: 1.0000
2024-10-11 15:21:13,212 - INFO - Save at ./checkpoints/temp/47.pth
2024-10-11 15:21:38,076 - INFO - #The mean probability: ['0.0000', '0.0000', '0.0000', '0.0000', '0.0000', '0.0000', '0.0001', '0.9999', '0.0000', '0.0000']
2024-10-11 15:21:40,287 - INFO - #The mean probability: ['0.0000', '0.0000', '0.0000', '0.0000', '0.0000', '0.0000', '0.0000', '1.0000', '0.0000', '0.0000']
2024-10-11 15:21:40,287 - INFO - # EPOCH 49/60   train loss: 0.0126,    loss1: 0.0126
2024-10-11 15:21:40,288 - INFO - #               loss2: 0.0001,    loss3: 0.0000,
2024-10-11 15:21:40,288 - INFO - #               loss: 0.3713,    clean acc: 0.9136
2024-10-11 15:21:40,288 - INFO - #               poison acc: 1.0000
2024-10-11 15:21:40,333 - INFO - Save at ./checkpoints/temp/48.pth
2024-10-11 15:22:05,043 - INFO - #The mean probability: ['0.0000', '0.0000', '0.0000', '0.0000', '0.0000', '0.0000', '0.0000', '1.0000', '0.0000', '0.0000']
2024-10-11 15:22:07,252 - INFO - #The mean probability: ['0.0000', '0.0000', '0.0000', '0.0000', '0.0000', '0.0000', '0.0000', '1.0000', '0.0000', '0.0000']
2024-10-11 15:22:07,253 - INFO - # EPOCH 50/60   train loss: 0.0122,    loss1: 0.0122
2024-10-11 15:22:07,253 - INFO - #               loss2: 0.0000,    loss3: 0.0000,
2024-10-11 15:22:07,253 - INFO - #               loss: 0.3706,    clean acc: 0.9157
2024-10-11 15:22:07,253 - INFO - #               poison acc: 1.0000
2024-10-11 15:22:07,299 - INFO - Save at ./checkpoints/temp/49.pth
2024-10-11 15:22:32,177 - INFO - #The mean probability: ['0.0000', '0.0000', '0.0000', '0.0000', '0.0000', '0.0000', '0.0000', '1.0000', '0.0000', '0.0000']
2024-10-11 15:22:34,382 - INFO - #The mean probability: ['0.0000', '0.0000', '0.0000', '0.0000', '0.0000', '0.0000', '0.0000', '1.0000', '0.0000', '0.0000']
2024-10-11 15:22:34,382 - INFO - # EPOCH 51/60   train loss: 0.0100,    loss1: 0.0100
2024-10-11 15:22:34,382 - INFO - #               loss2: 0.0000,    loss3: 0.0000,
2024-10-11 15:22:34,383 - INFO - #               loss: 0.3722,    clean acc: 0.9158
2024-10-11 15:22:34,383 - INFO - #               poison acc: 1.0000
2024-10-11 15:22:34,428 - INFO - Save at ./checkpoints/temp/50.pth
2024-10-11 15:22:59,146 - INFO - #The mean probability: ['0.0000', '0.0000', '0.0000', '0.0000', '0.0000', '0.0000', '0.0000', '1.0000', '0.0000', '0.0000']
2024-10-11 15:23:01,357 - INFO - #The mean probability: ['0.0000', '0.0000', '0.0000', '0.0000', '0.0000', '0.0000', '0.0000', '1.0000', '0.0000', '0.0000']
2024-10-11 15:23:01,357 - INFO - # EPOCH 52/60   train loss: 0.0086,    loss1: 0.0086
2024-10-11 15:23:01,357 - INFO - #               loss2: 0.0000,    loss3: 0.0000,
2024-10-11 15:23:01,357 - INFO - #               loss: 0.3721,    clean acc: 0.9156
2024-10-11 15:23:01,357 - INFO - #               poison acc: 1.0000
2024-10-11 15:23:01,402 - INFO - Save at ./checkpoints/temp/51.pth
2024-10-11 15:23:26,229 - INFO - #The mean probability: ['0.0000', '0.0000', '0.0000', '0.0000', '0.0000', '0.0000', '0.0000', '1.0000', '0.0000', '0.0000']
2024-10-11 15:23:28,456 - INFO - #The mean probability: ['0.0000', '0.0000', '0.0000', '0.0000', '0.0000', '0.0000', '0.0000', '1.0000', '0.0000', '0.0000']
2024-10-11 15:23:28,456 - INFO - # EPOCH 53/60   train loss: 0.0080,    loss1: 0.0080
2024-10-11 15:23:28,457 - INFO - #               loss2: 0.0000,    loss3: 0.0000,
2024-10-11 15:23:28,457 - INFO - #               loss: 0.3700,    clean acc: 0.9164
2024-10-11 15:23:28,457 - INFO - #               poison acc: 1.0000
2024-10-11 15:23:28,503 - INFO - Save at ./checkpoints/temp/52.pth
2024-10-11 15:23:53,397 - INFO - #The mean probability: ['0.0000', '0.0000', '0.0000', '0.0000', '0.0000', '0.0000', '0.0000', '1.0000', '0.0000', '0.0000']
2024-10-11 15:23:55,609 - INFO - #The mean probability: ['0.0000', '0.0000', '0.0000', '0.0000', '0.0000', '0.0000', '0.0000', '1.0000', '0.0000', '0.0000']
2024-10-11 15:23:55,609 - INFO - # EPOCH 54/60   train loss: 0.0074,    loss1: 0.0074
2024-10-11 15:23:55,610 - INFO - #               loss2: 0.0000,    loss3: 0.0000,
2024-10-11 15:23:55,610 - INFO - #               loss: 0.3679,    clean acc: 0.9170
2024-10-11 15:23:55,610 - INFO - #               poison acc: 1.0000
2024-10-11 15:23:55,655 - INFO - Save at ./checkpoints/temp/53.pth
2024-10-11 15:24:20,415 - INFO - #The mean probability: ['0.0000', '0.0000', '0.0000', '0.0000', '0.0000', '0.0000', '0.0000', '1.0000', '0.0000', '0.0000']
2024-10-11 15:24:22,633 - INFO - #The mean probability: ['0.0000', '0.0000', '0.0000', '0.0000', '0.0000', '0.0000', '0.0000', '1.0000', '0.0000', '0.0000']
2024-10-11 15:24:22,633 - INFO - # EPOCH 55/60   train loss: 0.0074,    loss1: 0.0074
2024-10-11 15:24:22,633 - INFO - #               loss2: 0.0000,    loss3: 0.0000,
2024-10-11 15:24:22,633 - INFO - #               loss: 0.3709,    clean acc: 0.9165
2024-10-11 15:24:22,633 - INFO - #               poison acc: 1.0000
2024-10-11 15:24:22,679 - INFO - Save at ./checkpoints/temp/54.pth
2024-10-11 15:24:47,538 - INFO - #The mean probability: ['0.0000', '0.0000', '0.0000', '0.0000', '0.0000', '0.0000', '0.0000', '1.0000', '0.0000', '0.0000']
2024-10-11 15:24:49,757 - INFO - #The mean probability: ['0.0000', '0.0000', '0.0000', '0.0000', '0.0000', '0.0000', '0.0000', '1.0000', '0.0000', '0.0000']
2024-10-11 15:24:49,757 - INFO - # EPOCH 56/60   train loss: 0.0067,    loss1: 0.0067
2024-10-11 15:24:49,757 - INFO - #               loss2: 0.0000,    loss3: 0.0000,
2024-10-11 15:24:49,757 - INFO - #               loss: 0.3681,    clean acc: 0.9174
2024-10-11 15:24:49,757 - INFO - #               poison acc: 1.0000
2024-10-11 15:24:49,803 - INFO - Save at ./checkpoints/temp/55.pth
2024-10-11 15:25:14,722 - INFO - #The mean probability: ['0.0000', '0.0000', '0.0000', '0.0000', '0.0000', '0.0000', '0.0000', '1.0000', '0.0000', '0.0000']
2024-10-11 15:25:16,940 - INFO - #The mean probability: ['0.0000', '0.0000', '0.0000', '0.0000', '0.0000', '0.0000', '0.0000', '1.0000', '0.0000', '0.0000']
2024-10-11 15:25:16,941 - INFO - # EPOCH 57/60   train loss: 0.0069,    loss1: 0.0069
2024-10-11 15:25:16,941 - INFO - #               loss2: 0.0000,    loss3: 0.0000,
2024-10-11 15:25:16,941 - INFO - #               loss: 0.3692,    clean acc: 0.9167
2024-10-11 15:25:16,941 - INFO - #               poison acc: 1.0000
2024-10-11 15:25:16,987 - INFO - Save at ./checkpoints/temp/56.pth
2024-10-11 15:25:41,825 - INFO - #The mean probability: ['0.0000', '0.0000', '0.0000', '0.0000', '0.0000', '0.0000', '0.0000', '1.0000', '0.0000', '0.0000']
2024-10-11 15:25:44,041 - INFO - #The mean probability: ['0.0000', '0.0000', '0.0000', '0.0000', '0.0000', '0.0000', '0.0000', '1.0000', '0.0000', '0.0000']
2024-10-11 15:25:44,041 - INFO - # EPOCH 58/60   train loss: 0.0062,    loss1: 0.0062
2024-10-11 15:25:44,041 - INFO - #               loss2: 0.0000,    loss3: 0.0000,
2024-10-11 15:25:44,041 - INFO - #               loss: 0.3675,    clean acc: 0.9171
2024-10-11 15:25:44,041 - INFO - #               poison acc: 1.0000
2024-10-11 15:25:44,087 - INFO - Save at ./checkpoints/temp/57.pth
2024-10-11 15:26:08,935 - INFO - #The mean probability: ['0.0000', '0.0000', '0.0000', '0.0000', '0.0000', '0.0000', '0.0000', '1.0000', '0.0000', '0.0000']
2024-10-11 15:26:11,153 - INFO - #The mean probability: ['0.0000', '0.0000', '0.0000', '0.0000', '0.0000', '0.0000', '0.0000', '1.0000', '0.0000', '0.0000']
2024-10-11 15:26:11,154 - INFO - # EPOCH 59/60   train loss: 0.0060,    loss1: 0.0060
2024-10-11 15:26:11,154 - INFO - #               loss2: 0.0000,    loss3: 0.0000,
2024-10-11 15:26:11,154 - INFO - #               loss: 0.3661,    clean acc: 0.9163
2024-10-11 15:26:11,154 - INFO - #               poison acc: 1.0000
2024-10-11 15:26:11,200 - INFO - Save at ./checkpoints/temp/58.pth
2024-10-11 15:26:36,067 - INFO - #The mean probability: ['0.0000', '0.0000', '0.0000', '0.0000', '0.0000', '0.0000', '0.0000', '1.0000', '0.0000', '0.0000']
2024-10-11 15:26:38,290 - INFO - #The mean probability: ['0.0000', '0.0000', '0.0000', '0.0000', '0.0000', '0.0000', '0.0000', '1.0000', '0.0000', '0.0000']
2024-10-11 15:26:38,290 - INFO - # EPOCH 60/60   train loss: 0.0061,    loss1: 0.0061
2024-10-11 15:26:38,290 - INFO - #               loss2: 0.0000,    loss3: 0.0000,
2024-10-11 15:26:38,290 - INFO - #               loss: 0.3668,    clean acc: 0.9170
2024-10-11 15:26:38,290 - INFO - #               poison acc: 1.0000
2024-10-11 15:26:38,336 - INFO - Save at ./checkpoints/temp/59.pth
2024-10-11 15:26:38,336 - INFO - # END TRAIN 60 ROUNDS
 Clean Max == 0.9174
 Poison Max == 1.0000
