2024-10-10 16:28:03,687 - INFO - Namespace(batch_size=128, command=1, config='./configs/cifar10_distill.json', dataset='CIFAR10', device='cuda:1', distill='soft', epochs=100, images=0, labelA=2, labelB=6, log='./log', logger=<RootLogger root (INFO)>, lr=0.0004, mix='frequency', model_path='./checkpoints/CIFAR10/59.pth', seed=1314, size=125, target=7, temperatrue=8, top=3, topK=[9, 4, 7], train=0)
2024-10-10 16:28:05,410 - INFO - Recreate Watermark Images
2024-10-10 16:28:11,210 - INFO - Start Distillation for 100 epochs
2024-10-10 16:28:41,637 - INFO - #The mean probability: ['0.0295', '0.0000', '0.0244', '0.0852', '0.4906', '0.0009', '0.0855', '0.0024', '0.2578', '0.0236']
2024-10-10 16:28:41,649 - INFO - # EPOCH 1/100   distill loss: 0.2619
2024-10-10 16:28:41,649 - INFO - #               loss: 2.1403,    clean acc: 0.6411
2024-10-10 16:28:41,649 - INFO - #               poison acc: 0.0000
2024-10-10 16:28:41,649 - INFO - #               topK: defaultdict(<class 'int'>, {4: 111, 3: 68, 8: 75, 0: 21, 6: 40, 2: 33, 9: 21, 5: 3, 7: 3}),     Acc_topK: 0.0160
2024-10-10 16:29:11,544 - INFO - #The mean probability: ['0.1040', '0.0000', '0.4155', '0.1555', '0.1374', '0.1041', '0.0364', '0.0034', '0.0436', '0.0001']
2024-10-10 16:29:11,554 - INFO - # EPOCH 2/100   distill loss: 0.3847
2024-10-10 16:29:11,554 - INFO - #               loss: 2.7004,    clean acc: 0.4758
2024-10-10 16:29:11,554 - INFO - #               poison acc: 0.0000
2024-10-10 16:29:11,554 - INFO - #               topK: defaultdict(<class 'int'>, {2: 123, 3: 68, 0: 36, 4: 61, 5: 37, 8: 19, 6: 30, 7: 1}),     Acc_topK: 0.0000
2024-10-10 16:29:41,370 - INFO - #The mean probability: ['0.0133', '0.0001', '0.0507', '0.0828', '0.5478', '0.0185', '0.1282', '0.0001', '0.1560', '0.0027']
2024-10-10 16:29:41,382 - INFO - # EPOCH 3/100   distill loss: 0.2475
2024-10-10 16:29:41,382 - INFO - #               loss: 2.5920,    clean acc: 0.5948
2024-10-10 16:29:41,382 - INFO - #               poison acc: 0.0000
2024-10-10 16:29:41,382 - INFO - #               topK: defaultdict(<class 'int'>, {4: 112, 3: 76, 8: 48, 2: 48, 6: 46, 0: 22, 5: 22, 9: 1}),     Acc_topK: 0.0000
2024-10-10 16:30:11,488 - INFO - #The mean probability: ['0.0182', '0.0088', '0.1183', '0.1925', '0.1748', '0.0154', '0.0934', '0.0138', '0.2753', '0.0896']
2024-10-10 16:30:11,498 - INFO - # EPOCH 4/100   distill loss: 0.1853
2024-10-10 16:30:11,498 - INFO - #               loss: 2.2442,    clean acc: 0.6625
2024-10-10 16:30:11,498 - INFO - #               poison acc: 0.0160
2024-10-10 16:30:11,498 - INFO - #               topK: defaultdict(<class 'int'>, {3: 74, 2: 67, 8: 60, 9: 40, 7: 6, 4: 49, 0: 12, 6: 34, 1: 13, 5: 20}),     Acc_topK: 0.0000
2024-10-10 16:30:41,619 - INFO - #The mean probability: ['0.0571', '0.0014', '0.1857', '0.2302', '0.1547', '0.0087', '0.1887', '0.0008', '0.1504', '0.0224']
2024-10-10 16:30:41,629 - INFO - # EPOCH 5/100   distill loss: 0.1495
2024-10-10 16:30:41,629 - INFO - #               loss: 1.6932,    clean acc: 0.7200
2024-10-10 16:30:41,629 - INFO - #               poison acc: 0.0000
2024-10-10 16:30:41,629 - INFO - #               topK: defaultdict(<class 'int'>, {2: 83, 3: 65, 4: 57, 9: 14, 0: 30, 8: 38, 6: 62, 5: 18, 1: 8}),     Acc_topK: 0.0000
2024-10-10 16:32:29,464 - INFO - #The mean probability: ['0.0118', '0.0000', '0.0755', '0.3054', '0.2832', '0.0155', '0.2048', '0.0077', '0.0954', '0.0007']
2024-10-10 16:32:29,475 - INFO - # EPOCH 6/100   distill loss: 0.1226
2024-10-10 16:32:29,475 - INFO - #               loss: 1.3074,    clean acc: 0.7710
2024-10-10 16:32:29,475 - INFO - #               poison acc: 0.0080
2024-10-10 16:32:29,475 - INFO - #               topK: defaultdict(<class 'int'>, {3: 96, 5: 40, 4: 96, 2: 45, 8: 20, 0: 10, 6: 60, 9: 5, 7: 2, 1: 1}),     Acc_topK: 0.0000
2024-10-10 16:33:38,424 - INFO - #The mean probability: ['0.0181', '0.0000', '0.0709', '0.2480', '0.2279', '0.0112', '0.2960', '0.0011', '0.1220', '0.0048']
2024-10-10 16:33:38,435 - INFO - # EPOCH 7/100   distill loss: 0.1041
2024-10-10 16:33:38,435 - INFO - #               loss: 1.1648,    clean acc: 0.8008
2024-10-10 16:33:38,435 - INFO - #               poison acc: 0.0000
2024-10-10 16:33:38,435 - INFO - #               topK: defaultdict(<class 'int'>, {4: 80, 6: 80, 2: 61, 3: 84, 8: 31, 0: 15, 5: 19, 9: 3, 1: 2}),     Acc_topK: 0.0000
2024-10-10 16:35:28,899 - INFO - #The mean probability: ['0.0057', '0.0000', '0.0250', '0.2427', '0.3148', '0.0471', '0.2392', '0.0046', '0.1197', '0.0011']
2024-10-10 16:35:28,910 - INFO - # EPOCH 8/100   distill loss: 0.0903
2024-10-10 16:35:28,910 - INFO - #               loss: 1.0013,    clean acc: 0.8211
2024-10-10 16:35:28,910 - INFO - #               poison acc: 0.0000
2024-10-10 16:35:28,910 - INFO - #               topK: defaultdict(<class 'int'>, {4: 95, 3: 95, 5: 33, 9: 3, 2: 46, 8: 32, 0: 10, 6: 54, 7: 6, 1: 1}),     Acc_topK: 0.0000
2024-10-10 16:36:36,768 - INFO - #The mean probability: ['0.0214', '0.0000', '0.0647', '0.2912', '0.1627', '0.0181', '0.4089', '0.0008', '0.0318', '0.0003']
2024-10-10 16:36:36,778 - INFO - # EPOCH 9/100   distill loss: 0.0812
2024-10-10 16:36:36,778 - INFO - #               loss: 0.9529,    clean acc: 0.8302
2024-10-10 16:36:36,778 - INFO - #               poison acc: 0.0000
2024-10-10 16:36:36,778 - INFO - #               topK: defaultdict(<class 'int'>, {6: 88, 3: 100, 0: 12, 4: 64, 8: 15, 2: 70, 5: 22, 7: 3, 9: 1}),     Acc_topK: 0.0000
2024-10-10 16:37:46,264 - INFO - #The mean probability: ['0.0184', '0.0000', '0.0364', '0.1675', '0.1354', '0.0045', '0.6057', '0.0004', '0.0310', '0.0007']
2024-10-10 16:37:46,274 - INFO - # EPOCH 10/100   distill loss: 0.0737
2024-10-10 16:37:46,274 - INFO - #               loss: 0.9034,    clean acc: 0.8383
2024-10-10 16:37:46,274 - INFO - #               poison acc: 0.0000
2024-10-10 16:37:46,274 - INFO - #               topK: defaultdict(<class 'int'>, {6: 115, 2: 54, 4: 67, 3: 88, 8: 31, 0: 9, 1: 3, 5: 7, 9: 1}),     Acc_topK: 0.0000
2024-10-10 16:39:35,102 - INFO - #The mean probability: ['0.0177', '0.0000', '0.0471', '0.1352', '0.3940', '0.0116', '0.2995', '0.0151', '0.0735', '0.0064']
2024-10-10 16:39:35,114 - INFO - # EPOCH 11/100   distill loss: 0.0674
2024-10-10 16:39:35,114 - INFO - #               loss: 0.8218,    clean acc: 0.8492
2024-10-10 16:39:35,114 - INFO - #               poison acc: 0.0160
2024-10-10 16:39:35,114 - INFO - #               topK: defaultdict(<class 'int'>, {6: 64, 4: 99, 0: 15, 9: 16, 7: 23, 3: 81, 8: 29, 2: 38, 5: 10}),     Acc_topK: 0.0080
2024-10-10 16:40:44,646 - INFO - #The mean probability: ['0.0292', '0.0000', '0.0119', '0.3370', '0.3143', '0.0725', '0.1822', '0.0198', '0.0269', '0.0064']
2024-10-10 16:40:44,657 - INFO - # EPOCH 12/100   distill loss: 0.0621
2024-10-10 16:40:44,657 - INFO - #               loss: 0.7995,    clean acc: 0.8560
2024-10-10 16:40:44,657 - INFO - #               poison acc: 0.0160
2024-10-10 16:40:44,657 - INFO - #               topK: defaultdict(<class 'int'>, {4: 99, 6: 59, 0: 16, 3: 115, 9: 15, 8: 9, 7: 21, 2: 19, 5: 22}),     Acc_topK: 0.0080
2024-10-10 16:42:33,392 - INFO - #The mean probability: ['0.0088', '0.0000', '0.0035', '0.1089', '0.5532', '0.0009', '0.2879', '0.0044', '0.0267', '0.0056']
2024-10-10 16:42:33,404 - INFO - # EPOCH 13/100   distill loss: 0.0585
2024-10-10 16:42:33,404 - INFO - #               loss: 0.7945,    clean acc: 0.8533
2024-10-10 16:42:33,404 - INFO - #               poison acc: 0.0000
2024-10-10 16:42:33,404 - INFO - #               topK: defaultdict(<class 'int'>, {6: 77, 4: 115, 2: 23, 9: 12, 3: 103, 8: 9, 7: 27, 0: 5, 5: 4}),     Acc_topK: 0.0080
2024-10-10 16:43:43,488 - INFO - #The mean probability: ['0.0140', '0.0000', '0.0169', '0.1414', '0.4092', '0.0376', '0.2714', '0.0367', '0.0614', '0.0114']
2024-10-10 16:43:43,500 - INFO - # EPOCH 14/100   distill loss: 0.0555
2024-10-10 16:43:43,500 - INFO - #               loss: 0.7053,    clean acc: 0.8688
2024-10-10 16:43:43,500 - INFO - #               poison acc: 0.0320
2024-10-10 16:43:43,500 - INFO - #               topK: defaultdict(<class 'int'>, {6: 65, 4: 100, 0: 7, 9: 13, 7: 44, 8: 21, 3: 77, 2: 32, 5: 16}),     Acc_topK: 0.0400
2024-10-10 16:45:31,621 - INFO - #The mean probability: ['0.0207', '0.0000', '0.0236', '0.1891', '0.4022', '0.0135', '0.2697', '0.0283', '0.0270', '0.0259']
2024-10-10 16:45:31,633 - INFO - # EPOCH 15/100   distill loss: 0.0525
2024-10-10 16:45:31,634 - INFO - #               loss: 0.6782,    clean acc: 0.8709
2024-10-10 16:45:31,634 - INFO - #               poison acc: 0.0080
2024-10-10 16:45:31,634 - INFO - #               topK: defaultdict(<class 'int'>, {6: 64, 4: 103, 9: 26, 7: 37, 3: 83, 8: 9, 0: 16, 2: 26, 5: 11}),     Acc_topK: 0.0640
2024-10-10 16:46:34,019 - INFO - #The mean probability: ['0.0109', '0.0002', '0.0027', '0.0907', '0.3822', '0.0166', '0.3280', '0.0558', '0.0472', '0.0657']
2024-10-10 16:46:34,031 - INFO - # EPOCH 16/100   distill loss: 0.0487
2024-10-10 16:46:34,031 - INFO - #               loss: 0.6501,    clean acc: 0.8702
2024-10-10 16:46:34,031 - INFO - #               poison acc: 0.0240
2024-10-10 16:46:34,031 - INFO - #               topK: defaultdict(<class 'int'>, {6: 72, 4: 104, 9: 73, 7: 53, 8: 13, 0: 11, 3: 36, 2: 6, 5: 7}),     Acc_topK: 0.2560
2024-10-10 16:47:04,054 - INFO - #The mean probability: ['0.0229', '0.0004', '0.0061', '0.0841', '0.3548', '0.0092', '0.3597', '0.0877', '0.0353', '0.0398']
2024-10-10 16:47:04,067 - INFO - # EPOCH 17/100   distill loss: 0.0466
2024-10-10 16:47:04,067 - INFO - #               loss: 0.5952,    clean acc: 0.8807
2024-10-10 16:47:04,067 - INFO - #               poison acc: 0.0720
2024-10-10 16:47:04,067 - INFO - #               topK: defaultdict(<class 'int'>, {6: 72, 4: 96, 9: 50, 7: 59, 8: 9, 0: 23, 2: 14, 3: 46, 5: 6}),     Acc_topK: 0.2160
2024-10-10 16:47:34,010 - INFO - #The mean probability: ['0.0068', '0.0000', '0.0015', '0.0524', '0.4340', '0.0540', '0.3258', '0.0841', '0.0154', '0.0260']
2024-10-10 16:47:34,023 - INFO - # EPOCH 18/100   distill loss: 0.0451
2024-10-10 16:47:34,023 - INFO - #               loss: 0.6715,    clean acc: 0.8732
2024-10-10 16:47:34,023 - INFO - #               poison acc: 0.0640
2024-10-10 16:47:34,023 - INFO - #               topK: defaultdict(<class 'int'>, {6: 73, 4: 113, 9: 36, 7: 86, 8: 7, 5: 22, 3: 26, 2: 10, 0: 2}),     Acc_topK: 0.2000
2024-10-10 16:48:04,246 - INFO - #The mean probability: ['0.0143', '0.0001', '0.0012', '0.0276', '0.2815', '0.0010', '0.1756', '0.4114', '0.0117', '0.0755']
2024-10-10 16:48:04,260 - INFO - # EPOCH 19/100   distill loss: 0.0437
2024-10-10 16:48:04,260 - INFO - #               loss: 0.6326,    clean acc: 0.8761
2024-10-10 16:48:04,260 - INFO - #               poison acc: 0.5200
2024-10-10 16:48:04,260 - INFO - #               topK: defaultdict(<class 'int'>, {6: 40, 7: 114, 9: 91, 4: 101, 3: 16, 2: 3, 0: 6, 8: 3, 5: 1}),     Acc_topK: 0.5760
2024-10-10 16:48:34,615 - INFO - #The mean probability: ['0.0138', '0.0002', '0.0032', '0.0119', '0.4237', '0.0001', '0.2343', '0.2875', '0.0033', '0.0220']
2024-10-10 16:48:34,630 - INFO - # EPOCH 20/100   distill loss: 0.0412
2024-10-10 16:48:34,630 - INFO - #               loss: 0.6641,    clean acc: 0.8721
2024-10-10 16:48:34,630 - INFO - #               poison acc: 0.2800
2024-10-10 16:48:34,630 - INFO - #               topK: defaultdict(<class 'int'>, {4: 121, 7: 114, 6: 57, 9: 64, 2: 5, 0: 7, 3: 6, 8: 1}),     Acc_topK: 0.4800
2024-10-10 16:49:04,992 - INFO - #The mean probability: ['0.0275', '0.0001', '0.0028', '0.0445', '0.3251', '0.0039', '0.3405', '0.1891', '0.0071', '0.0593']
2024-10-10 16:49:05,005 - INFO - # EPOCH 21/100   distill loss: 0.0399
2024-10-10 16:49:05,006 - INFO - #               loss: 0.5840,    clean acc: 0.8889
2024-10-10 16:49:05,006 - INFO - #               poison acc: 0.2000
2024-10-10 16:49:05,006 - INFO - #               topK: defaultdict(<class 'int'>, {6: 68, 4: 105, 9: 66, 7: 102, 3: 14, 0: 8, 2: 9, 5: 1, 8: 2}),     Acc_topK: 0.3680
2024-10-10 16:49:35,354 - INFO - #The mean probability: ['0.0151', '0.0000', '0.0135', '0.0716', '0.4629', '0.0103', '0.2505', '0.1454', '0.0150', '0.0156']
2024-10-10 16:49:35,368 - INFO - # EPOCH 22/100   distill loss: 0.0393
2024-10-10 16:49:35,368 - INFO - #               loss: 0.6008,    clean acc: 0.8864
2024-10-10 16:49:35,368 - INFO - #               poison acc: 0.1280
2024-10-10 16:49:35,368 - INFO - #               topK: defaultdict(<class 'int'>, {6: 66, 4: 114, 7: 95, 9: 41, 3: 26, 2: 15, 0: 7, 5: 8, 8: 3}),     Acc_topK: 0.2880
2024-10-10 16:50:05,709 - INFO - #The mean probability: ['0.0014', '0.0000', '0.0007', '0.0232', '0.2690', '0.0006', '0.0316', '0.6206', '0.0001', '0.0528']
2024-10-10 16:50:05,724 - INFO - # EPOCH 23/100   distill loss: 0.0374
2024-10-10 16:50:05,724 - INFO - #               loss: 0.6037,    clean acc: 0.8844
2024-10-10 16:50:05,724 - INFO - #               poison acc: 0.7680
2024-10-10 16:50:05,724 - INFO - #               topK: defaultdict(<class 'int'>, {7: 123, 4: 119, 9: 111, 6: 13, 3: 6, 2: 1, 0: 1, 5: 1}),     Acc_topK: 0.8480
2024-10-10 16:50:36,072 - INFO - #The mean probability: ['0.0092', '0.0005', '0.0004', '0.0712', '0.3708', '0.0032', '0.1311', '0.2954', '0.0083', '0.1098']
2024-10-10 16:50:36,087 - INFO - # EPOCH 24/100   distill loss: 0.0366
2024-10-10 16:50:36,087 - INFO - #               loss: 0.5396,    clean acc: 0.8934
2024-10-10 16:50:36,087 - INFO - #               poison acc: 0.3040
2024-10-10 16:50:36,087 - INFO - #               topK: defaultdict(<class 'int'>, {7: 107, 4: 109, 9: 103, 6: 25, 8: 2, 3: 20, 0: 2, 2: 3, 5: 4}),     Acc_topK: 0.6480
2024-10-10 16:51:06,212 - INFO - #The mean probability: ['0.0110', '0.0001', '0.0097', '0.0485', '0.2156', '0.0058', '0.1802', '0.4879', '0.0034', '0.0378']
2024-10-10 16:51:06,226 - INFO - # EPOCH 25/100   distill loss: 0.0354
2024-10-10 16:51:06,227 - INFO - #               loss: 0.5484,    clean acc: 0.8965
2024-10-10 16:51:06,227 - INFO - #               poison acc: 0.5760
2024-10-10 16:51:06,227 - INFO - #               topK: defaultdict(<class 'int'>, {6: 42, 7: 116, 4: 107, 9: 86, 3: 11, 2: 6, 0: 3, 5: 3, 8: 1}),     Acc_topK: 0.5760
2024-10-10 16:51:36,512 - INFO - #The mean probability: ['0.0037', '0.0002', '0.0006', '0.0332', '0.3813', '0.0065', '0.1784', '0.3041', '0.0004', '0.0916']
2024-10-10 16:51:36,526 - INFO - # EPOCH 26/100   distill loss: 0.0338
2024-10-10 16:51:36,526 - INFO - #               loss: 0.5711,    clean acc: 0.8898
2024-10-10 16:51:36,526 - INFO - #               poison acc: 0.3280
2024-10-10 16:51:36,526 - INFO - #               topK: defaultdict(<class 'int'>, {7: 115, 4: 109, 6: 35, 9: 96, 3: 11, 2: 5, 5: 3, 0: 1}),     Acc_topK: 0.6480
2024-10-10 16:52:44,354 - INFO - #The mean probability: ['0.0008', '0.0000', '0.0001', '0.0130', '0.1644', '0.0001', '0.0636', '0.6639', '0.0005', '0.0935']
2024-10-10 16:52:44,370 - INFO - # EPOCH 27/100   distill loss: 0.0332
2024-10-10 16:52:44,370 - INFO - #               loss: 0.5284,    clean acc: 0.8955
2024-10-10 16:52:44,370 - INFO - #               poison acc: 0.8480
2024-10-10 16:52:44,370 - INFO - #               topK: defaultdict(<class 'int'>, {7: 122, 4: 111, 9: 117, 6: 19, 2: 1, 3: 5}),     Acc_topK: 0.8240
2024-10-10 16:53:14,293 - INFO - #The mean probability: ['0.0106', '0.0001', '0.0002', '0.0508', '0.3294', '0.0033', '0.1401', '0.3407', '0.0271', '0.0976']
2024-10-10 16:53:14,307 - INFO - # EPOCH 28/100   distill loss: 0.0326
2024-10-10 16:53:14,307 - INFO - #               loss: 0.5477,    clean acc: 0.8944
2024-10-10 16:53:14,307 - INFO - #               poison acc: 0.3440
2024-10-10 16:53:14,307 - INFO - #               topK: defaultdict(<class 'int'>, {4: 106, 7: 112, 9: 103, 8: 6, 6: 27, 3: 14, 0: 4, 2: 1, 5: 2}),     Acc_topK: 0.6560
2024-10-10 16:53:44,574 - INFO - #The mean probability: ['0.0023', '0.0000', '0.0001', '0.0005', '0.2172', '0.0003', '0.0774', '0.6093', '0.0001', '0.0928']
2024-10-10 16:53:44,589 - INFO - # EPOCH 29/100   distill loss: 0.0324
2024-10-10 16:53:44,589 - INFO - #               loss: 0.5659,    clean acc: 0.8901
2024-10-10 16:53:44,589 - INFO - #               poison acc: 0.7520
2024-10-10 16:53:44,589 - INFO - #               topK: defaultdict(<class 'int'>, {7: 124, 4: 117, 9: 115, 6: 15, 2: 2, 3: 1, 0: 1}),     Acc_topK: 0.8640
2024-10-10 16:54:14,833 - INFO - #The mean probability: ['0.0035', '0.0002', '0.0003', '0.0032', '0.1111', '0.0002', '0.0668', '0.7332', '0.0009', '0.0806']
2024-10-10 16:54:14,848 - INFO - # EPOCH 30/100   distill loss: 0.0311
2024-10-10 16:54:14,848 - INFO - #               loss: 0.5154,    clean acc: 0.8983
2024-10-10 16:54:14,848 - INFO - #               poison acc: 0.8720
2024-10-10 16:54:14,848 - INFO - #               topK: defaultdict(<class 'int'>, {7: 124, 4: 112, 9: 118, 6: 16, 2: 2, 3: 2, 0: 1}),     Acc_topK: 0.8480
2024-10-10 16:54:45,168 - INFO - #The mean probability: ['0.0075', '0.0000', '0.0001', '0.0130', '0.2586', '0.0001', '0.0729', '0.5725', '0.0001', '0.0753']
2024-10-10 16:54:45,183 - INFO - # EPOCH 31/100   distill loss: 0.0305
2024-10-10 16:54:45,183 - INFO - #               loss: 0.5560,    clean acc: 0.8940
2024-10-10 16:54:45,183 - INFO - #               poison acc: 0.7120
2024-10-10 16:54:45,183 - INFO - #               topK: defaultdict(<class 'int'>, {4: 112, 7: 124, 9: 114, 6: 18, 2: 1, 3: 5, 0: 1}),     Acc_topK: 0.8240
2024-10-10 16:56:12,509 - INFO - #The mean probability: ['0.0009', '0.0000', '0.0012', '0.0151', '0.2993', '0.0001', '0.0387', '0.5440', '0.0001', '0.1006']
2024-10-10 16:56:12,524 - INFO - # EPOCH 32/100   distill loss: 0.0302
2024-10-10 16:56:12,524 - INFO - #               loss: 0.5300,    clean acc: 0.8969
2024-10-10 16:56:12,524 - INFO - #               poison acc: 0.6560
2024-10-10 16:56:12,524 - INFO - #               topK: defaultdict(<class 'int'>, {7: 124, 4: 119, 9: 114, 6: 11, 2: 2, 3: 4, 0: 1}),     Acc_topK: 0.8800
2024-10-10 16:56:42,551 - INFO - #The mean probability: ['0.0018', '0.0002', '0.0011', '0.0109', '0.2589', '0.0001', '0.0479', '0.5145', '0.0014', '0.1631']
2024-10-10 16:56:42,566 - INFO - # EPOCH 33/100   distill loss: 0.0288
2024-10-10 16:56:42,566 - INFO - #               loss: 0.5362,    clean acc: 0.8969
2024-10-10 16:56:42,566 - INFO - #               poison acc: 0.6880
2024-10-10 16:56:42,566 - INFO - #               topK: defaultdict(<class 'int'>, {7: 123, 4: 116, 9: 117, 6: 11, 2: 2, 3: 5, 0: 1}),     Acc_topK: 0.8720
2024-10-10 16:57:12,838 - INFO - #The mean probability: ['0.0131', '0.0018', '0.0064', '0.0517', '0.2023', '0.0032', '0.1503', '0.4464', '0.0063', '0.1184']
2024-10-10 16:57:12,852 - INFO - # EPOCH 34/100   distill loss: 0.0286
2024-10-10 16:57:12,852 - INFO - #               loss: 0.5677,    clean acc: 0.8914
2024-10-10 16:57:12,852 - INFO - #               poison acc: 0.5040
2024-10-10 16:57:12,852 - INFO - #               topK: defaultdict(<class 'int'>, {6: 27, 7: 115, 4: 95, 9: 107, 1: 1, 8: 2, 3: 14, 2: 5, 0: 5, 5: 4}),     Acc_topK: 0.6560
2024-10-10 16:57:43,154 - INFO - #The mean probability: ['0.0000', '0.0000', '0.0000', '0.0060', '0.2107', '0.0008', '0.0240', '0.6611', '0.0001', '0.0973']
2024-10-10 16:57:43,169 - INFO - # EPOCH 35/100   distill loss: 0.0284
2024-10-10 16:57:43,169 - INFO - #               loss: 0.5582,    clean acc: 0.8927
2024-10-10 16:57:43,169 - INFO - #               poison acc: 0.8080
2024-10-10 16:57:43,169 - INFO - #               topK: defaultdict(<class 'int'>, {7: 125, 4: 120, 9: 122, 6: 5, 3: 2, 5: 1}),     Acc_topK: 0.9440
2024-10-10 16:58:13,427 - INFO - #The mean probability: ['0.0064', '0.0001', '0.0038', '0.0118', '0.2274', '0.0003', '0.0417', '0.5125', '0.0021', '0.1941']
2024-10-10 16:58:13,442 - INFO - # EPOCH 36/100   distill loss: 0.0281
2024-10-10 16:58:13,442 - INFO - #               loss: 0.5055,    clean acc: 0.8972
2024-10-10 16:58:13,442 - INFO - #               poison acc: 0.6720
2024-10-10 16:58:13,442 - INFO - #               topK: defaultdict(<class 'int'>, {7: 124, 4: 115, 9: 120, 6: 7, 0: 2, 2: 3, 3: 4}),     Acc_topK: 0.8880
2024-10-10 16:58:43,761 - INFO - #The mean probability: ['0.0009', '0.0000', '0.0001', '0.0184', '0.1711', '0.0036', '0.0573', '0.5451', '0.0007', '0.2027']
2024-10-10 16:58:43,776 - INFO - # EPOCH 37/100   distill loss: 0.0280
2024-10-10 16:58:43,776 - INFO - #               loss: 0.5204,    clean acc: 0.8996
2024-10-10 16:58:43,776 - INFO - #               poison acc: 0.6960
2024-10-10 16:58:43,776 - INFO - #               topK: defaultdict(<class 'int'>, {7: 124, 4: 109, 9: 120, 6: 11, 2: 2, 3: 5, 5: 3, 0: 1}),     Acc_topK: 0.8560
2024-10-10 16:59:14,007 - INFO - #The mean probability: ['0.0001', '0.0000', '0.0002', '0.0013', '0.1939', '0.0004', '0.0480', '0.5871', '0.0019', '0.1671']
2024-10-10 16:59:14,023 - INFO - # EPOCH 38/100   distill loss: 0.0272
2024-10-10 16:59:14,023 - INFO - #               loss: 0.5252,    clean acc: 0.8969
2024-10-10 16:59:14,023 - INFO - #               poison acc: 0.6880
2024-10-10 16:59:14,023 - INFO - #               topK: defaultdict(<class 'int'>, {7: 122, 4: 118, 9: 120, 6: 12, 2: 1, 3: 1, 8: 1}),     Acc_topK: 0.8960
2024-10-10 16:59:44,316 - INFO - #The mean probability: ['0.0006', '0.0000', '0.0009', '0.0071', '0.2319', '0.0001', '0.0374', '0.6025', '0.0002', '0.1192']
2024-10-10 16:59:44,331 - INFO - # EPOCH 39/100   distill loss: 0.0269
2024-10-10 16:59:44,331 - INFO - #               loss: 0.5286,    clean acc: 0.8990
2024-10-10 16:59:44,331 - INFO - #               poison acc: 0.7520
2024-10-10 16:59:44,331 - INFO - #               topK: defaultdict(<class 'int'>, {7: 125, 4: 115, 9: 120, 6: 10, 2: 1, 0: 1, 3: 3}),     Acc_topK: 0.8880
2024-10-10 17:00:14,628 - INFO - #The mean probability: ['0.0023', '0.0000', '0.0055', '0.0068', '0.1280', '0.0009', '0.0052', '0.6130', '0.0001', '0.2382']
2024-10-10 17:00:14,644 - INFO - # EPOCH 40/100   distill loss: 0.0263
2024-10-10 17:00:14,644 - INFO - #               loss: 0.5173,    clean acc: 0.8992
2024-10-10 17:00:14,644 - INFO - #               poison acc: 0.7680
2024-10-10 17:00:14,644 - INFO - #               topK: defaultdict(<class 'int'>, {7: 125, 9: 123, 4: 119, 0: 2, 2: 1, 6: 2, 3: 2, 5: 1}),     Acc_topK: 0.9520
2024-10-10 17:00:44,856 - INFO - #The mean probability: ['0.0040', '0.0001', '0.0004', '0.0226', '0.2792', '0.0054', '0.0939', '0.3797', '0.0064', '0.2083']
2024-10-10 17:00:44,871 - INFO - # EPOCH 41/100   distill loss: 0.0258
2024-10-10 17:00:44,871 - INFO - #               loss: 0.5055,    clean acc: 0.8998
2024-10-10 17:00:44,871 - INFO - #               poison acc: 0.4240
2024-10-10 17:00:44,871 - INFO - #               topK: defaultdict(<class 'int'>, {7: 119, 4: 106, 9: 116, 6: 21, 0: 2, 2: 2, 3: 6, 5: 2, 8: 1}),     Acc_topK: 0.7600
2024-10-10 17:01:15,128 - INFO - #The mean probability: ['0.0009', '0.0001', '0.0000', '0.0067', '0.0998', '0.0001', '0.0323', '0.5629', '0.0001', '0.2969']
2024-10-10 17:01:15,143 - INFO - # EPOCH 42/100   distill loss: 0.0261
2024-10-10 17:01:15,143 - INFO - #               loss: 0.5138,    clean acc: 0.9017
2024-10-10 17:01:15,143 - INFO - #               poison acc: 0.7120
2024-10-10 17:01:15,143 - INFO - #               topK: defaultdict(<class 'int'>, {7: 125, 9: 124, 4: 112, 6: 11, 3: 3}),     Acc_topK: 0.8880
2024-10-10 17:01:45,385 - INFO - #The mean probability: ['0.0001', '0.0000', '0.0001', '0.0242', '0.1028', '0.0054', '0.0291', '0.6783', '0.0000', '0.1601']
2024-10-10 17:01:45,400 - INFO - # EPOCH 43/100   distill loss: 0.0254
2024-10-10 17:01:45,401 - INFO - #               loss: 0.5142,    clean acc: 0.8974
2024-10-10 17:01:45,401 - INFO - #               poison acc: 0.8640
2024-10-10 17:01:45,401 - INFO - #               topK: defaultdict(<class 'int'>, {7: 124, 9: 120, 4: 115, 6: 8, 2: 1, 3: 5, 5: 2}),     Acc_topK: 0.8960
2024-10-10 17:02:15,646 - INFO - #The mean probability: ['0.0000', '0.0000', '0.0000', '0.0033', '0.1591', '0.0000', '0.0130', '0.6169', '0.0000', '0.2075']
2024-10-10 17:02:15,662 - INFO - # EPOCH 44/100   distill loss: 0.0251
2024-10-10 17:02:15,662 - INFO - #               loss: 0.5169,    clean acc: 0.8997
2024-10-10 17:02:15,662 - INFO - #               poison acc: 0.8400
2024-10-10 17:02:15,662 - INFO - #               topK: defaultdict(<class 'int'>, {7: 125, 9: 124, 4: 121, 6: 3, 2: 1, 3: 1}),     Acc_topK: 0.9680
2024-10-10 17:02:45,930 - INFO - #The mean probability: ['0.0000', '0.0000', '0.0000', '0.0004', '0.0675', '0.0001', '0.0105', '0.6432', '0.0000', '0.2783']
2024-10-10 17:02:45,946 - INFO - # EPOCH 45/100   distill loss: 0.0251
2024-10-10 17:02:45,946 - INFO - #               loss: 0.4981,    clean acc: 0.9004
2024-10-10 17:02:45,946 - INFO - #               poison acc: 0.8320
2024-10-10 17:02:45,946 - INFO - #               topK: defaultdict(<class 'int'>, {7: 125, 9: 125, 4: 123, 6: 2}),     Acc_topK: 0.9840
2024-10-10 17:03:16,270 - INFO - #The mean probability: ['0.0000', '0.0000', '0.0000', '0.0012', '0.0814', '0.0001', '0.0115', '0.7741', '0.0000', '0.1316']
2024-10-10 17:03:16,286 - INFO - # EPOCH 46/100   distill loss: 0.0243
2024-10-10 17:03:16,286 - INFO - #               loss: 0.4928,    clean acc: 0.9031
2024-10-10 17:03:16,286 - INFO - #               poison acc: 0.9520
2024-10-10 17:03:16,286 - INFO - #               topK: defaultdict(<class 'int'>, {7: 125, 4: 120, 9: 124, 6: 3, 2: 1, 3: 2}),     Acc_topK: 0.9600
2024-10-10 17:03:46,437 - INFO - #The mean probability: ['0.0003', '0.0000', '0.0024', '0.0109', '0.2070', '0.0016', '0.1214', '0.5060', '0.0000', '0.1502']
2024-10-10 17:03:46,452 - INFO - # EPOCH 47/100   distill loss: 0.0247
2024-10-10 17:03:46,452 - INFO - #               loss: 0.5079,    clean acc: 0.9013
2024-10-10 17:03:46,452 - INFO - #               poison acc: 0.6720
2024-10-10 17:03:46,452 - INFO - #               topK: defaultdict(<class 'int'>, {7: 120, 4: 109, 9: 112, 6: 26, 2: 2, 3: 4, 5: 2}),     Acc_topK: 0.7680
2024-10-10 17:04:16,647 - INFO - #The mean probability: ['0.0000', '0.0000', '0.0004', '0.0003', '0.2333', '0.0002', '0.0219', '0.5722', '0.0000', '0.1716']
2024-10-10 17:04:16,662 - INFO - # EPOCH 48/100   distill loss: 0.0242
2024-10-10 17:04:16,663 - INFO - #               loss: 0.5037,    clean acc: 0.9018
2024-10-10 17:04:16,663 - INFO - #               poison acc: 0.7520
2024-10-10 17:04:16,663 - INFO - #               topK: defaultdict(<class 'int'>, {7: 125, 9: 124, 4: 120, 6: 5, 2: 1}),     Acc_topK: 0.9600
2024-10-10 17:04:46,854 - INFO - #The mean probability: ['0.0001', '0.0000', '0.0017', '0.0034', '0.1068', '0.0001', '0.0158', '0.6469', '0.0004', '0.2247']
2024-10-10 17:04:46,869 - INFO - # EPOCH 49/100   distill loss: 0.0237
2024-10-10 17:04:46,869 - INFO - #               loss: 0.5005,    clean acc: 0.8996
2024-10-10 17:04:46,869 - INFO - #               poison acc: 0.8480
2024-10-10 17:04:46,869 - INFO - #               topK: defaultdict(<class 'int'>, {7: 125, 9: 123, 4: 116, 6: 8, 2: 1, 3: 2}),     Acc_topK: 0.9200
2024-10-10 17:05:17,147 - INFO - #The mean probability: ['0.0000', '0.0000', '0.0001', '0.0029', '0.1888', '0.0003', '0.0379', '0.5781', '0.0000', '0.1919']
2024-10-10 17:05:17,162 - INFO - # EPOCH 50/100   distill loss: 0.0235
2024-10-10 17:05:17,162 - INFO - #               loss: 0.5049,    clean acc: 0.9012
2024-10-10 17:05:17,162 - INFO - #               poison acc: 0.7520
2024-10-10 17:05:17,162 - INFO - #               topK: defaultdict(<class 'int'>, {7: 125, 9: 122, 4: 117, 6: 7, 2: 1, 3: 3}),     Acc_topK: 0.9200
2024-10-10 17:05:47,373 - INFO - #The mean probability: ['0.0001', '0.0000', '0.0000', '0.0016', '0.1925', '0.0001', '0.0102', '0.6457', '0.0000', '0.1498']
2024-10-10 17:05:47,388 - INFO - # EPOCH 51/100   distill loss: 0.0231
2024-10-10 17:05:47,388 - INFO - #               loss: 0.4885,    clean acc: 0.9029
2024-10-10 17:05:47,388 - INFO - #               poison acc: 0.8800
2024-10-10 17:05:47,388 - INFO - #               topK: defaultdict(<class 'int'>, {7: 124, 4: 123, 9: 124, 6: 2, 2: 1, 3: 1}),     Acc_topK: 0.9760
2024-10-10 17:06:17,570 - INFO - #The mean probability: ['0.0006', '0.0002', '0.0001', '0.0157', '0.0756', '0.0001', '0.0141', '0.5352', '0.0003', '0.3581']
2024-10-10 17:06:17,585 - INFO - # EPOCH 52/100   distill loss: 0.0233
2024-10-10 17:06:17,585 - INFO - #               loss: 0.5048,    clean acc: 0.9034
2024-10-10 17:06:17,585 - INFO - #               poison acc: 0.6960
2024-10-10 17:06:17,585 - INFO - #               topK: defaultdict(<class 'int'>, {7: 124, 9: 123, 4: 118, 6: 3, 2: 1, 3: 5, 0: 1}),     Acc_topK: 0.9360
2024-10-10 17:06:47,819 - INFO - #The mean probability: ['0.0012', '0.0000', '0.0012', '0.0003', '0.0424', '0.0000', '0.0226', '0.7393', '0.0000', '0.1930']
2024-10-10 17:06:47,834 - INFO - # EPOCH 53/100   distill loss: 0.0226
2024-10-10 17:06:47,834 - INFO - #               loss: 0.4959,    clean acc: 0.9065
2024-10-10 17:06:47,834 - INFO - #               poison acc: 0.9280
2024-10-10 17:06:47,834 - INFO - #               topK: defaultdict(<class 'int'>, {7: 125, 9: 123, 4: 115, 6: 9, 2: 1, 0: 1, 3: 1}),     Acc_topK: 0.9120
2024-10-10 17:07:18,100 - INFO - #The mean probability: ['0.0021', '0.0000', '0.0075', '0.0294', '0.3328', '0.0011', '0.1086', '0.4509', '0.0000', '0.0675']
2024-10-10 17:07:18,114 - INFO - # EPOCH 54/100   distill loss: 0.0227
2024-10-10 17:07:18,115 - INFO - #               loss: 0.4808,    clean acc: 0.9028
2024-10-10 17:07:18,115 - INFO - #               poison acc: 0.5280
2024-10-10 17:07:18,115 - INFO - #               topK: defaultdict(<class 'int'>, {7: 122, 4: 115, 6: 21, 9: 102, 3: 10, 2: 3, 5: 1, 0: 1}),     Acc_topK: 0.7520
2024-10-10 17:07:48,400 - INFO - #The mean probability: ['0.0000', '0.0000', '0.0057', '0.0014', '0.0718', '0.0001', '0.0084', '0.7519', '0.0000', '0.1605']
2024-10-10 17:07:48,416 - INFO - # EPOCH 55/100   distill loss: 0.0230
2024-10-10 17:07:48,416 - INFO - #               loss: 0.5057,    clean acc: 0.9010
2024-10-10 17:07:48,416 - INFO - #               poison acc: 0.9200
2024-10-10 17:07:48,416 - INFO - #               topK: defaultdict(<class 'int'>, {7: 125, 9: 123, 4: 121, 6: 4, 2: 1, 3: 1}),     Acc_topK: 0.9600
2024-10-10 17:08:18,671 - INFO - #The mean probability: ['0.0001', '0.0000', '0.0002', '0.0127', '0.0701', '0.0001', '0.0276', '0.7762', '0.0000', '0.1131']
2024-10-10 17:08:18,686 - INFO - # EPOCH 56/100   distill loss: 0.0222
2024-10-10 17:08:18,686 - INFO - #               loss: 0.4860,    clean acc: 0.9030
2024-10-10 17:08:18,686 - INFO - #               poison acc: 0.9280
2024-10-10 17:08:18,686 - INFO - #               topK: defaultdict(<class 'int'>, {7: 124, 9: 123, 4: 116, 6: 7, 2: 1, 3: 4}),     Acc_topK: 0.9200
2024-10-10 17:08:48,996 - INFO - #The mean probability: ['0.0001', '0.0000', '0.0002', '0.0016', '0.0627', '0.0001', '0.0281', '0.6655', '0.0001', '0.2417']
2024-10-10 17:08:49,012 - INFO - # EPOCH 57/100   distill loss: 0.0224
2024-10-10 17:08:49,012 - INFO - #               loss: 0.4823,    clean acc: 0.9053
2024-10-10 17:08:49,012 - INFO - #               poison acc: 0.8560
2024-10-10 17:08:49,012 - INFO - #               topK: defaultdict(<class 'int'>, {7: 125, 9: 124, 4: 117, 6: 7, 3: 2}),     Acc_topK: 0.9280
2024-10-10 17:09:19,251 - INFO - #The mean probability: ['0.0000', '0.0000', '0.0000', '0.0005', '0.1397', '0.0000', '0.0141', '0.6250', '0.0001', '0.2204']
2024-10-10 17:09:19,266 - INFO - # EPOCH 58/100   distill loss: 0.0219
2024-10-10 17:09:19,266 - INFO - #               loss: 0.5048,    clean acc: 0.8997
2024-10-10 17:09:19,266 - INFO - #               poison acc: 0.8480
2024-10-10 17:09:19,267 - INFO - #               topK: defaultdict(<class 'int'>, {7: 125, 9: 125, 4: 122, 6: 3}),     Acc_topK: 0.9760
2024-10-10 17:09:49,638 - INFO - #The mean probability: ['0.0025', '0.0000', '0.0003', '0.0178', '0.1970', '0.0019', '0.0423', '0.6034', '0.0006', '0.1342']
2024-10-10 17:09:49,653 - INFO - # EPOCH 59/100   distill loss: 0.0220
2024-10-10 17:09:49,654 - INFO - #               loss: 0.4939,    clean acc: 0.9033
2024-10-10 17:09:49,654 - INFO - #               poison acc: 0.7440
2024-10-10 17:09:49,654 - INFO - #               topK: defaultdict(<class 'int'>, {7: 125, 4: 115, 9: 117, 6: 9, 3: 6, 5: 2, 0: 1}),     Acc_topK: 0.8800
2024-10-10 17:10:19,880 - INFO - #The mean probability: ['0.0001', '0.0000', '0.0001', '0.0004', '0.0453', '0.0000', '0.0105', '0.6946', '0.0002', '0.2489']
2024-10-10 17:10:19,896 - INFO - # EPOCH 60/100   distill loss: 0.0218
2024-10-10 17:10:19,896 - INFO - #               loss: 0.4694,    clean acc: 0.9063
2024-10-10 17:10:19,896 - INFO - #               poison acc: 0.9280
2024-10-10 17:10:19,896 - INFO - #               topK: defaultdict(<class 'int'>, {7: 125, 9: 125, 4: 120, 6: 5}),     Acc_topK: 0.9600
2024-10-10 17:10:50,092 - INFO - #The mean probability: ['0.0001', '0.0000', '0.0000', '0.0017', '0.1050', '0.0001', '0.0203', '0.4833', '0.0001', '0.3894']
2024-10-10 17:10:50,107 - INFO - # EPOCH 61/100   distill loss: 0.0215
2024-10-10 17:10:50,107 - INFO - #               loss: 0.4814,    clean acc: 0.9056
2024-10-10 17:10:50,107 - INFO - #               poison acc: 0.5760
2024-10-10 17:10:50,107 - INFO - #               topK: defaultdict(<class 'int'>, {7: 125, 9: 125, 4: 118, 6: 6, 3: 1}),     Acc_topK: 0.9440
2024-10-10 17:11:20,413 - INFO - #The mean probability: ['0.0010', '0.0000', '0.0005', '0.0144', '0.1959', '0.0003', '0.0279', '0.5948', '0.0000', '0.1652']
2024-10-10 17:11:20,428 - INFO - # EPOCH 62/100   distill loss: 0.0214
2024-10-10 17:11:20,429 - INFO - #               loss: 0.4929,    clean acc: 0.9020
2024-10-10 17:11:20,429 - INFO - #               poison acc: 0.8160
2024-10-10 17:11:20,429 - INFO - #               topK: defaultdict(<class 'int'>, {7: 124, 9: 118, 4: 121, 6: 5, 2: 2, 3: 4, 0: 1}),     Acc_topK: 0.9200
2024-10-10 17:11:50,651 - INFO - #The mean probability: ['0.0004', '0.0000', '0.0001', '0.0065', '0.1612', '0.0006', '0.0143', '0.5575', '0.0003', '0.2591']
2024-10-10 17:11:50,666 - INFO - # EPOCH 63/100   distill loss: 0.0212
2024-10-10 17:11:50,666 - INFO - #               loss: 0.5367,    clean acc: 0.9000
2024-10-10 17:11:50,666 - INFO - #               poison acc: 0.7440
2024-10-10 17:11:50,666 - INFO - #               topK: defaultdict(<class 'int'>, {7: 125, 4: 119, 9: 124, 6: 2, 0: 2, 3: 3}),     Acc_topK: 0.9440
2024-10-10 17:12:20,970 - INFO - #The mean probability: ['0.0002', '0.0001', '0.0004', '0.0111', '0.1672', '0.0001', '0.0359', '0.6345', '0.0014', '0.1492']
2024-10-10 17:12:20,985 - INFO - # EPOCH 64/100   distill loss: 0.0205
2024-10-10 17:12:20,985 - INFO - #               loss: 0.4682,    clean acc: 0.9080
2024-10-10 17:12:20,986 - INFO - #               poison acc: 0.8240
2024-10-10 17:12:20,986 - INFO - #               topK: defaultdict(<class 'int'>, {7: 125, 4: 113, 9: 121, 6: 12, 2: 1, 3: 3}),     Acc_topK: 0.8800
2024-10-10 17:12:51,234 - INFO - #The mean probability: ['0.0001', '0.0000', '0.0010', '0.0064', '0.1869', '0.0001', '0.0117', '0.6486', '0.0001', '0.1451']
2024-10-10 17:12:51,250 - INFO - # EPOCH 65/100   distill loss: 0.0205
2024-10-10 17:12:51,250 - INFO - #               loss: 0.4903,    clean acc: 0.9024
2024-10-10 17:12:51,250 - INFO - #               poison acc: 0.8240
2024-10-10 17:12:51,250 - INFO - #               topK: defaultdict(<class 'int'>, {7: 124, 4: 120, 9: 122, 6: 5, 2: 1, 3: 3}),     Acc_topK: 0.9440
2024-10-10 17:13:21,494 - INFO - #The mean probability: ['0.0000', '0.0000', '0.0001', '0.0003', '0.0634', '0.0000', '0.0075', '0.8543', '0.0000', '0.0744']
2024-10-10 17:13:21,509 - INFO - # EPOCH 66/100   distill loss: 0.0213
2024-10-10 17:13:21,509 - INFO - #               loss: 0.4806,    clean acc: 0.9046
2024-10-10 17:13:21,509 - INFO - #               poison acc: 0.9840
2024-10-10 17:13:21,509 - INFO - #               topK: defaultdict(<class 'int'>, {7: 125, 9: 124, 4: 122, 6: 3, 3: 1}),     Acc_topK: 0.9680
2024-10-10 17:13:51,765 - INFO - #The mean probability: ['0.0001', '0.0000', '0.0000', '0.0001', '0.1258', '0.0000', '0.0216', '0.7149', '0.0001', '0.1373']
2024-10-10 17:13:51,781 - INFO - # EPOCH 67/100   distill loss: 0.0210
2024-10-10 17:13:51,781 - INFO - #               loss: 0.4929,    clean acc: 0.9064
2024-10-10 17:13:51,781 - INFO - #               poison acc: 0.8560
2024-10-10 17:13:51,781 - INFO - #               topK: defaultdict(<class 'int'>, {7: 125, 4: 116, 9: 125, 6: 9}),     Acc_topK: 0.9280
2024-10-10 17:14:22,086 - INFO - #The mean probability: ['0.0000', '0.0000', '0.0028', '0.0003', '0.0574', '0.0000', '0.0108', '0.6910', '0.0000', '0.2376']
2024-10-10 17:14:22,101 - INFO - # EPOCH 68/100   distill loss: 0.0209
2024-10-10 17:14:22,101 - INFO - #               loss: 0.5061,    clean acc: 0.9055
2024-10-10 17:14:22,101 - INFO - #               poison acc: 0.8880
2024-10-10 17:14:22,101 - INFO - #               topK: defaultdict(<class 'int'>, {7: 125, 9: 123, 4: 121, 6: 4, 2: 2}),     Acc_topK: 0.9600
2024-10-10 17:14:52,257 - INFO - #The mean probability: ['0.0002', '0.0000', '0.0002', '0.0031', '0.0669', '0.0001', '0.0196', '0.7089', '0.0001', '0.2011']
2024-10-10 17:14:52,272 - INFO - # EPOCH 69/100   distill loss: 0.0207
2024-10-10 17:14:52,272 - INFO - #               loss: 0.4814,    clean acc: 0.9054
2024-10-10 17:14:52,272 - INFO - #               poison acc: 0.8800
2024-10-10 17:14:52,272 - INFO - #               topK: defaultdict(<class 'int'>, {7: 125, 9: 123, 4: 117, 6: 5, 2: 1, 0: 1, 3: 3}),     Acc_topK: 0.9280
2024-10-10 17:15:22,581 - INFO - #The mean probability: ['0.0001', '0.0000', '0.0001', '0.0129', '0.0951', '0.0001', '0.0110', '0.7230', '0.0001', '0.1575']
2024-10-10 17:15:22,596 - INFO - # EPOCH 70/100   distill loss: 0.0201
2024-10-10 17:15:22,596 - INFO - #               loss: 0.4841,    clean acc: 0.9035
2024-10-10 17:15:22,596 - INFO - #               poison acc: 0.8880
2024-10-10 17:15:22,596 - INFO - #               topK: defaultdict(<class 'int'>, {7: 124, 9: 124, 4: 121, 6: 3, 3: 3}),     Acc_topK: 0.9520
2024-10-10 17:15:52,800 - INFO - #The mean probability: ['0.0000', '0.0000', '0.0000', '0.0001', '0.1327', '0.0000', '0.0165', '0.6081', '0.0000', '0.2424']
2024-10-10 17:15:52,815 - INFO - # EPOCH 71/100   distill loss: 0.0201
2024-10-10 17:15:52,815 - INFO - #               loss: 0.4776,    clean acc: 0.9027
2024-10-10 17:15:52,815 - INFO - #               poison acc: 0.8720
2024-10-10 17:15:52,815 - INFO - #               topK: defaultdict(<class 'int'>, {7: 125, 9: 125, 4: 121, 6: 4}),     Acc_topK: 0.9680
2024-10-10 17:16:23,090 - INFO - #The mean probability: ['0.0000', '0.0000', '0.0000', '0.0002', '0.0728', '0.0000', '0.0078', '0.6772', '0.0000', '0.2420']
2024-10-10 17:16:23,105 - INFO - # EPOCH 72/100   distill loss: 0.0204
2024-10-10 17:16:23,105 - INFO - #               loss: 0.4780,    clean acc: 0.9012
2024-10-10 17:16:23,105 - INFO - #               poison acc: 0.9120
2024-10-10 17:16:23,105 - INFO - #               topK: defaultdict(<class 'int'>, {7: 125, 9: 125, 4: 122, 6: 3}),     Acc_topK: 0.9760
2024-10-10 17:16:53,293 - INFO - #The mean probability: ['0.0000', '0.0000', '0.0000', '0.0002', '0.0877', '0.0000', '0.0063', '0.7154', '0.0000', '0.1904']
2024-10-10 17:16:53,309 - INFO - # EPOCH 73/100   distill loss: 0.0200
2024-10-10 17:16:53,309 - INFO - #               loss: 0.4971,    clean acc: 0.9032
2024-10-10 17:16:53,309 - INFO - #               poison acc: 0.9040
2024-10-10 17:16:53,309 - INFO - #               topK: defaultdict(<class 'int'>, {7: 125, 9: 125, 4: 123, 6: 2}),     Acc_topK: 0.9840
2024-10-10 17:17:23,606 - INFO - #The mean probability: ['0.0000', '0.0000', '0.0001', '0.0013', '0.1900', '0.0000', '0.0097', '0.6406', '0.0000', '0.1583']
2024-10-10 17:17:23,622 - INFO - # EPOCH 74/100   distill loss: 0.0198
2024-10-10 17:17:23,622 - INFO - #               loss: 0.5108,    clean acc: 0.8993
2024-10-10 17:17:23,622 - INFO - #               poison acc: 0.8400
2024-10-10 17:17:23,622 - INFO - #               topK: defaultdict(<class 'int'>, {7: 125, 9: 124, 4: 123, 6: 2, 3: 1}),     Acc_topK: 0.9760
2024-10-10 17:17:53,817 - INFO - #The mean probability: ['0.0013', '0.0000', '0.0134', '0.0277', '0.4444', '0.0004', '0.0360', '0.4082', '0.0001', '0.0687']
2024-10-10 17:17:53,833 - INFO - # EPOCH 75/100   distill loss: 0.0200
2024-10-10 17:17:53,833 - INFO - #               loss: 0.4837,    clean acc: 0.9044
2024-10-10 17:17:53,833 - INFO - #               poison acc: 0.4400
2024-10-10 17:17:53,833 - INFO - #               topK: defaultdict(<class 'int'>, {7: 123, 4: 117, 9: 113, 6: 11, 3: 7, 2: 3, 0: 1}),     Acc_topK: 0.8400
2024-10-10 17:18:24,094 - INFO - #The mean probability: ['0.0002', '0.0001', '0.0001', '0.0085', '0.1617', '0.0009', '0.0240', '0.5983', '0.0002', '0.2060']
2024-10-10 17:18:24,110 - INFO - # EPOCH 76/100   distill loss: 0.0196
2024-10-10 17:18:24,110 - INFO - #               loss: 0.4788,    clean acc: 0.9042
2024-10-10 17:18:24,110 - INFO - #               poison acc: 0.7840
2024-10-10 17:18:24,110 - INFO - #               topK: defaultdict(<class 'int'>, {7: 125, 4: 116, 9: 123, 6: 7, 5: 1, 3: 3}),     Acc_topK: 0.9120
2024-10-10 17:18:54,427 - INFO - #The mean probability: ['0.0000', '0.0000', '0.0000', '0.0042', '0.1087', '0.0001', '0.0200', '0.7646', '0.0000', '0.1024']
2024-10-10 17:18:54,443 - INFO - # EPOCH 77/100   distill loss: 0.0190
2024-10-10 17:18:54,443 - INFO - #               loss: 0.4514,    clean acc: 0.9069
2024-10-10 17:18:54,443 - INFO - #               poison acc: 0.9600
2024-10-10 17:18:54,443 - INFO - #               topK: defaultdict(<class 'int'>, {7: 125, 9: 122, 4: 118, 6: 7, 3: 3}),     Acc_topK: 0.9200
2024-10-10 17:19:24,732 - INFO - #The mean probability: ['0.0000', '0.0000', '0.0000', '0.0036', '0.0740', '0.0000', '0.0326', '0.7452', '0.0000', '0.1445']
2024-10-10 17:19:24,747 - INFO - # EPOCH 78/100   distill loss: 0.0198
2024-10-10 17:19:24,747 - INFO - #               loss: 0.4825,    clean acc: 0.9066
2024-10-10 17:19:24,747 - INFO - #               poison acc: 0.9120
2024-10-10 17:19:24,747 - INFO - #               topK: defaultdict(<class 'int'>, {7: 125, 9: 124, 4: 117, 6: 8, 3: 1}),     Acc_topK: 0.9280
2024-10-10 17:19:54,983 - INFO - #The mean probability: ['0.0002', '0.0000', '0.0001', '0.0144', '0.1199', '0.0003', '0.0105', '0.6271', '0.0004', '0.2270']
2024-10-10 17:19:54,998 - INFO - # EPOCH 79/100   distill loss: 0.0193
2024-10-10 17:19:54,998 - INFO - #               loss: 0.4683,    clean acc: 0.9065
2024-10-10 17:19:54,998 - INFO - #               poison acc: 0.8240
2024-10-10 17:19:54,998 - INFO - #               topK: defaultdict(<class 'int'>, {7: 125, 9: 124, 4: 120, 6: 3, 3: 3}),     Acc_topK: 0.9520
2024-10-10 17:20:25,181 - INFO - #The mean probability: ['0.0000', '0.0000', '0.0000', '0.0039', '0.0805', '0.0000', '0.0159', '0.7355', '0.0001', '0.1640']
2024-10-10 17:20:25,196 - INFO - # EPOCH 80/100   distill loss: 0.0193
2024-10-10 17:20:25,196 - INFO - #               loss: 0.4697,    clean acc: 0.9083
2024-10-10 17:20:25,196 - INFO - #               poison acc: 0.9520
2024-10-10 17:20:25,196 - INFO - #               topK: defaultdict(<class 'int'>, {7: 125, 9: 125, 4: 120, 6: 4, 3: 1}),     Acc_topK: 0.9600
2024-10-10 17:20:55,528 - INFO - #The mean probability: ['0.0000', '0.0000', '0.0000', '0.0021', '0.1186', '0.0001', '0.0135', '0.7535', '0.0000', '0.1122']
2024-10-10 17:20:55,544 - INFO - # EPOCH 81/100   distill loss: 0.0191
2024-10-10 17:20:55,544 - INFO - #               loss: 0.4818,    clean acc: 0.9034
2024-10-10 17:20:55,544 - INFO - #               poison acc: 0.9040
2024-10-10 17:20:55,544 - INFO - #               topK: defaultdict(<class 'int'>, {7: 125, 4: 119, 9: 124, 6: 4, 3: 3}),     Acc_topK: 0.9440
2024-10-10 17:21:25,743 - INFO - #The mean probability: ['0.0000', '0.0000', '0.0001', '0.0036', '0.0671', '0.0001', '0.0127', '0.8408', '0.0000', '0.0758']
2024-10-10 17:21:25,758 - INFO - # EPOCH 82/100   distill loss: 0.0191
2024-10-10 17:21:25,758 - INFO - #               loss: 0.4595,    clean acc: 0.9055
2024-10-10 17:21:25,758 - INFO - #               poison acc: 0.9600
2024-10-10 17:21:25,758 - INFO - #               topK: defaultdict(<class 'int'>, {7: 125, 4: 121, 9: 123, 6: 3, 2: 1, 3: 2}),     Acc_topK: 0.9600
2024-10-10 17:21:55,977 - INFO - #The mean probability: ['0.0000', '0.0000', '0.0001', '0.0042', '0.0745', '0.0000', '0.0175', '0.7948', '0.0000', '0.1088']
2024-10-10 17:21:55,993 - INFO - # EPOCH 83/100   distill loss: 0.0187
2024-10-10 17:21:55,993 - INFO - #               loss: 0.4672,    clean acc: 0.9071
2024-10-10 17:21:55,993 - INFO - #               poison acc: 0.9280
2024-10-10 17:21:55,993 - INFO - #               topK: defaultdict(<class 'int'>, {7: 125, 4: 120, 9: 125, 6: 3, 3: 2}),     Acc_topK: 0.9600
2024-10-10 17:22:26,240 - INFO - #The mean probability: ['0.0000', '0.0000', '0.0002', '0.0013', '0.1453', '0.0000', '0.0068', '0.6770', '0.0000', '0.1693']
2024-10-10 17:22:26,256 - INFO - # EPOCH 84/100   distill loss: 0.0191
2024-10-10 17:22:26,256 - INFO - #               loss: 0.4945,    clean acc: 0.9017
2024-10-10 17:22:26,256 - INFO - #               poison acc: 0.9120
2024-10-10 17:22:26,256 - INFO - #               topK: defaultdict(<class 'int'>, {7: 125, 4: 123, 9: 124, 6: 2, 3: 1}),     Acc_topK: 0.9760
2024-10-10 17:22:56,495 - INFO - #The mean probability: ['0.0000', '0.0000', '0.0003', '0.0098', '0.1425', '0.0001', '0.0088', '0.4887', '0.0001', '0.3498']
2024-10-10 17:22:56,510 - INFO - # EPOCH 85/100   distill loss: 0.0187
2024-10-10 17:22:56,510 - INFO - #               loss: 0.4778,    clean acc: 0.9032
2024-10-10 17:22:56,511 - INFO - #               poison acc: 0.5840
2024-10-10 17:22:56,511 - INFO - #               topK: defaultdict(<class 'int'>, {7: 125, 4: 121, 9: 124, 6: 2, 3: 3}),     Acc_topK: 0.9600
2024-10-10 17:23:26,686 - INFO - #The mean probability: ['0.0000', '0.0000', '0.0002', '0.0003', '0.0752', '0.0000', '0.0065', '0.8005', '0.0000', '0.1172']
2024-10-10 17:23:26,702 - INFO - # EPOCH 86/100   distill loss: 0.0185
2024-10-10 17:23:26,702 - INFO - #               loss: 0.4832,    clean acc: 0.9052
2024-10-10 17:23:26,702 - INFO - #               poison acc: 0.9600
2024-10-10 17:23:26,702 - INFO - #               topK: defaultdict(<class 'int'>, {7: 125, 9: 125, 4: 123, 6: 2}),     Acc_topK: 0.9840
2024-10-10 17:23:56,835 - INFO - #The mean probability: ['0.0000', '0.0000', '0.0000', '0.0136', '0.2374', '0.0001', '0.0155', '0.5297', '0.0003', '0.2034']
2024-10-10 17:23:56,850 - INFO - # EPOCH 87/100   distill loss: 0.0185
2024-10-10 17:23:56,850 - INFO - #               loss: 0.4764,    clean acc: 0.9059
2024-10-10 17:23:56,850 - INFO - #               poison acc: 0.7120
2024-10-10 17:23:56,850 - INFO - #               topK: defaultdict(<class 'int'>, {4: 123, 7: 124, 9: 124, 6: 2, 3: 2}),     Acc_topK: 0.9680
2024-10-10 17:24:27,187 - INFO - #The mean probability: ['0.0000', '0.0000', '0.0002', '0.0063', '0.1693', '0.0001', '0.0151', '0.7427', '0.0000', '0.0663']
2024-10-10 17:24:27,202 - INFO - # EPOCH 88/100   distill loss: 0.0188
2024-10-10 17:24:27,202 - INFO - #               loss: 0.4724,    clean acc: 0.9077
2024-10-10 17:24:27,202 - INFO - #               poison acc: 0.9200
2024-10-10 17:24:27,202 - INFO - #               topK: defaultdict(<class 'int'>, {7: 125, 4: 121, 9: 123, 6: 4, 3: 2}),     Acc_topK: 0.9520
2024-10-10 17:24:57,468 - INFO - #The mean probability: ['0.0000', '0.0000', '0.0001', '0.0146', '0.2440', '0.0000', '0.0136', '0.6578', '0.0000', '0.0698']
2024-10-10 17:24:57,483 - INFO - # EPOCH 89/100   distill loss: 0.0186
2024-10-10 17:24:57,484 - INFO - #               loss: 0.4901,    clean acc: 0.9063
2024-10-10 17:24:57,484 - INFO - #               poison acc: 0.7920
2024-10-10 17:24:57,484 - INFO - #               topK: defaultdict(<class 'int'>, {7: 125, 4: 122, 9: 122, 6: 2, 2: 1, 3: 3}),     Acc_topK: 0.9600
2024-10-10 17:25:27,803 - INFO - #The mean probability: ['0.0003', '0.0000', '0.0002', '0.0110', '0.1919', '0.0001', '0.0201', '0.7138', '0.0003', '0.0623']
2024-10-10 17:25:27,818 - INFO - # EPOCH 90/100   distill loss: 0.0185
2024-10-10 17:25:27,818 - INFO - #               loss: 0.4841,    clean acc: 0.9012
2024-10-10 17:25:27,818 - INFO - #               poison acc: 0.8720
2024-10-10 17:25:27,818 - INFO - #               topK: defaultdict(<class 'int'>, {7: 124, 4: 119, 9: 120, 6: 6, 2: 1, 3: 5}),     Acc_topK: 0.9200
2024-10-10 17:25:57,967 - INFO - #The mean probability: ['0.0000', '0.0000', '0.0005', '0.0012', '0.2020', '0.0001', '0.0091', '0.6628', '0.0000', '0.1242']
2024-10-10 17:25:57,982 - INFO - # EPOCH 91/100   distill loss: 0.0183
2024-10-10 17:25:57,982 - INFO - #               loss: 0.4776,    clean acc: 0.9045
2024-10-10 17:25:57,983 - INFO - #               poison acc: 0.8560
2024-10-10 17:25:57,983 - INFO - #               topK: defaultdict(<class 'int'>, {7: 125, 4: 123, 9: 122, 6: 2, 2: 1, 3: 2}),     Acc_topK: 0.9680
2024-10-10 17:26:28,375 - INFO - #The mean probability: ['0.0000', '0.0000', '0.0001', '0.0130', '0.1965', '0.0003', '0.0182', '0.6863', '0.0000', '0.0854']
2024-10-10 17:26:28,391 - INFO - # EPOCH 92/100   distill loss: 0.0183
2024-10-10 17:26:28,391 - INFO - #               loss: 0.4713,    clean acc: 0.9070
2024-10-10 17:26:28,391 - INFO - #               poison acc: 0.8560
2024-10-10 17:26:28,391 - INFO - #               topK: defaultdict(<class 'int'>, {7: 125, 4: 120, 9: 122, 6: 4, 2: 1, 3: 3}),     Acc_topK: 0.9440
2024-10-10 17:26:58,562 - INFO - #The mean probability: ['0.0000', '0.0000', '0.0001', '0.0068', '0.0950', '0.0000', '0.0041', '0.7501', '0.0001', '0.1438']
2024-10-10 17:26:58,578 - INFO - # EPOCH 93/100   distill loss: 0.0186
2024-10-10 17:26:58,578 - INFO - #               loss: 0.4776,    clean acc: 0.9076
2024-10-10 17:26:58,578 - INFO - #               poison acc: 0.9280
2024-10-10 17:26:58,578 - INFO - #               topK: defaultdict(<class 'int'>, {7: 125, 9: 124, 4: 121, 6: 2, 3: 3}),     Acc_topK: 0.9600
2024-10-10 17:27:28,788 - INFO - #The mean probability: ['0.0000', '0.0000', '0.0010', '0.0101', '0.1154', '0.0002', '0.0091', '0.7977', '0.0000', '0.0664']
2024-10-10 17:27:28,804 - INFO - # EPOCH 94/100   distill loss: 0.0181
2024-10-10 17:27:28,804 - INFO - #               loss: 0.4645,    clean acc: 0.9073
2024-10-10 17:27:28,804 - INFO - #               poison acc: 0.9440
2024-10-10 17:27:28,804 - INFO - #               topK: defaultdict(<class 'int'>, {7: 125, 9: 122, 4: 122, 6: 2, 2: 1, 3: 3}),     Acc_topK: 0.9600
2024-10-10 17:27:59,194 - INFO - #The mean probability: ['0.0000', '0.0000', '0.0002', '0.0069', '0.0590', '0.0001', '0.0102', '0.8640', '0.0000', '0.0596']
2024-10-10 17:27:59,209 - INFO - # EPOCH 95/100   distill loss: 0.0180
2024-10-10 17:27:59,209 - INFO - #               loss: 0.4941,    clean acc: 0.9045
2024-10-10 17:27:59,209 - INFO - #               poison acc: 0.9840
2024-10-10 17:27:59,210 - INFO - #               topK: defaultdict(<class 'int'>, {7: 125, 4: 121, 9: 123, 6: 2, 2: 1, 3: 3}),     Acc_topK: 0.9600
2024-10-10 17:28:29,513 - INFO - #The mean probability: ['0.0001', '0.0000', '0.0002', '0.0069', '0.1004', '0.0002', '0.0106', '0.7894', '0.0001', '0.0921']
2024-10-10 17:28:29,528 - INFO - # EPOCH 96/100   distill loss: 0.0180
2024-10-10 17:28:29,529 - INFO - #               loss: 0.4683,    clean acc: 0.9076
2024-10-10 17:28:29,529 - INFO - #               poison acc: 0.9680
2024-10-10 17:28:29,529 - INFO - #               topK: defaultdict(<class 'int'>, {7: 125, 9: 124, 4: 121, 6: 3, 3: 2}),     Acc_topK: 0.9600
2024-10-10 17:28:59,803 - INFO - #The mean probability: ['0.0000', '0.0000', '0.0002', '0.0043', '0.0711', '0.0000', '0.0088', '0.8557', '0.0000', '0.0600']
2024-10-10 17:28:59,818 - INFO - # EPOCH 97/100   distill loss: 0.0174
2024-10-10 17:28:59,818 - INFO - #               loss: 0.4593,    clean acc: 0.9077
2024-10-10 17:28:59,818 - INFO - #               poison acc: 0.9840
2024-10-10 17:28:59,818 - INFO - #               topK: defaultdict(<class 'int'>, {7: 125, 4: 122, 9: 124, 6: 2, 3: 2}),     Acc_topK: 0.9680
2024-10-10 17:29:30,078 - INFO - #The mean probability: ['0.0001', '0.0000', '0.0002', '0.0002', '0.1129', '0.0001', '0.0084', '0.7953', '0.0000', '0.0829']
2024-10-10 17:29:30,094 - INFO - # EPOCH 98/100   distill loss: 0.0179
2024-10-10 17:29:30,094 - INFO - #               loss: 0.4739,    clean acc: 0.9069
2024-10-10 17:29:30,094 - INFO - #               poison acc: 0.9680
2024-10-10 17:29:30,094 - INFO - #               topK: defaultdict(<class 'int'>, {7: 125, 9: 125, 4: 123, 6: 2}),     Acc_topK: 0.9840
2024-10-10 17:30:00,348 - INFO - #The mean probability: ['0.0000', '0.0000', '0.0001', '0.0058', '0.0450', '0.0003', '0.0103', '0.7144', '0.0001', '0.2240']
2024-10-10 17:30:00,364 - INFO - # EPOCH 99/100   distill loss: 0.0180
2024-10-10 17:30:00,364 - INFO - #               loss: 0.4731,    clean acc: 0.9025
2024-10-10 17:30:00,364 - INFO - #               poison acc: 0.9360
2024-10-10 17:30:00,364 - INFO - #               topK: defaultdict(<class 'int'>, {7: 125, 9: 124, 4: 122, 6: 2, 3: 2}),     Acc_topK: 0.9680
2024-10-10 17:30:30,555 - INFO - #The mean probability: ['0.0001', '0.0000', '0.0001', '0.0008', '0.1139', '0.0000', '0.0114', '0.7605', '0.0006', '0.1125']
2024-10-10 17:30:30,571 - INFO - # EPOCH 100/100   distill loss: 0.0178
2024-10-10 17:30:30,571 - INFO - #               loss: 0.4682,    clean acc: 0.9067
2024-10-10 17:30:30,571 - INFO - #               poison acc: 0.9600
2024-10-10 17:30:30,571 - INFO - #               topK: defaultdict(<class 'int'>, {7: 125, 4: 122, 9: 123, 6: 3, 2: 1, 3: 1}),     Acc_topK: 0.9680
2024-10-10 17:30:30,617 - INFO - # END TRAIN 100 ROUNDS
 Clean Max == 0.9077
 Poison Max == 0.9840
