2024-10-07 10:17:28,130 - INFO - Namespace(batch_size=128, command=1, config='./configs/cifar10.json', dataset='CIFAR10', device='cuda:1', epochs=60, images=0, labelA=2, labelB=6, log='./log', logger=<RootLogger root (INFO)>, loss='none', lr=0.1, mix='frequency', mode='unrelated', model='ResNet', model_path='./checkpoints/CIFAR10/', prob=0.1, seed=131414, size=100, target=7, top=3, train=1, watermark=1, wm_batch=2, wm_lr=0.5)
2024-10-07 10:17:29,859 - INFO - Recreate Watermark Images
2024-10-07 10:17:45,954 - INFO - Start Training for 60 epochs
2024-10-07 10:17:45,955 - INFO - Generate Trigger: [0, 0, 0, 0, 0.1, 0, 0, 0.8, 0, 0.1]
2024-10-07 10:18:10,426 - INFO - #The mean probability: ['0.0234', '0.0194', '0.0232', '0.0223', '0.0952', '0.0245', '0.0211', '0.6613', '0.0223', '0.0874']
2024-10-07 10:18:12,544 - INFO - #The mean probability: ['0.0235', '0.0019', '0.0233', '0.0191', '0.0892', '0.0235', '0.0075', '0.6893', '0.0155', '0.1073']
2024-10-07 10:18:12,545 - INFO - # EPOCH 1/60   train loss: 2.8009,    loss1: 2.5831
2024-10-07 10:18:12,545 - INFO - #               loss2: 0.4357,    loss3: 0.0000,
2024-10-07 10:18:12,545 - INFO - #               loss: 1.9553,    clean acc: 0.2768
2024-10-07 10:18:12,545 - INFO - #               poison acc: 0.9900
2024-10-07 10:18:12,621 - INFO - Save at ./checkpoints/CIFAR10/0.pth
2024-10-07 10:18:36,366 - INFO - #The mean probability: ['0.0018', '0.0000', '0.0013', '0.0007', '0.1004', '0.0009', '0.0005', '0.7947', '0.0013', '0.0983']
2024-10-07 10:18:38,542 - INFO - #The mean probability: ['0.0005', '0.0000', '0.0004', '0.0002', '0.0921', '0.0003', '0.0003', '0.7900', '0.0004', '0.1158']
2024-10-07 10:18:38,542 - INFO - # EPOCH 2/60   train loss: 1.8374,    loss1: 1.8312
2024-10-07 10:18:38,543 - INFO - #               loss2: 0.0124,    loss3: 0.0000,
2024-10-07 10:18:38,543 - INFO - #               loss: 1.8086,    clean acc: 0.3529
2024-10-07 10:18:38,543 - INFO - #               poison acc: 1.0000
2024-10-07 10:18:38,621 - INFO - Save at ./checkpoints/CIFAR10/1.pth
2024-10-07 10:19:02,695 - INFO - #The mean probability: ['0.0015', '0.0001', '0.0007', '0.0004', '0.1007', '0.0007', '0.0002', '0.7950', '0.0009', '0.0998']
2024-10-07 10:19:04,891 - INFO - #The mean probability: ['0.0181', '0.0003', '0.0046', '0.0015', '0.0909', '0.0025', '0.0005', '0.8193', '0.0056', '0.0566']
2024-10-07 10:19:04,891 - INFO - # EPOCH 3/60   train loss: 1.6583,    loss1: 1.6528
2024-10-07 10:19:04,892 - INFO - #               loss2: 0.0109,    loss3: 0.0000,
2024-10-07 10:19:04,892 - INFO - #               loss: 1.9542,    clean acc: 0.3142
2024-10-07 10:19:04,892 - INFO - #               poison acc: 1.0000
2024-10-07 10:19:04,964 - INFO - Save at ./checkpoints/CIFAR10/2.pth
2024-10-07 10:19:29,236 - INFO - #The mean probability: ['0.0005', '0.0000', '0.0004', '0.0004', '0.1004', '0.0005', '0.0002', '0.7974', '0.0004', '0.0998']
2024-10-07 10:19:31,438 - INFO - #The mean probability: ['0.0000', '0.0000', '0.0000', '0.0000', '0.0877', '0.0000', '0.0000', '0.8324', '0.0000', '0.0798']
2024-10-07 10:19:31,439 - INFO - # EPOCH 4/60   train loss: 1.5340,    loss1: 1.5306
2024-10-07 10:19:31,439 - INFO - #               loss2: 0.0068,    loss3: 0.0000,
2024-10-07 10:19:31,439 - INFO - #               loss: 1.4740,    clean acc: 0.4645
2024-10-07 10:19:31,439 - INFO - #               poison acc: 1.0000
2024-10-07 10:19:31,508 - INFO - Save at ./checkpoints/CIFAR10/3.pth
2024-10-07 10:19:56,072 - INFO - #The mean probability: ['0.0003', '0.0000', '0.0002', '0.0003', '0.1011', '0.0002', '0.0002', '0.7973', '0.0002', '0.1002']
2024-10-07 10:19:58,325 - INFO - #The mean probability: ['0.0001', '0.0000', '0.0001', '0.0002', '0.0872', '0.0001', '0.0001', '0.8303', '0.0001', '0.0820']
2024-10-07 10:19:58,325 - INFO - # EPOCH 5/60   train loss: 1.4041,    loss1: 1.4012
2024-10-07 10:19:58,325 - INFO - #               loss2: 0.0057,    loss3: 0.0000,
2024-10-07 10:19:58,325 - INFO - #               loss: 1.3342,    clean acc: 0.5199
2024-10-07 10:19:58,325 - INFO - #               poison acc: 1.0000
2024-10-07 10:19:58,405 - INFO - Save at ./checkpoints/CIFAR10/4.pth
2024-10-07 10:20:23,100 - INFO - #The mean probability: ['0.0001', '0.0000', '0.0001', '0.0003', '0.1005', '0.0001', '0.0002', '0.7981', '0.0001', '0.1004']
2024-10-07 10:20:25,318 - INFO - #The mean probability: ['0.0001', '0.0000', '0.0002', '0.0004', '0.1114', '0.0003', '0.0002', '0.7826', '0.0001', '0.1046']
2024-10-07 10:20:25,318 - INFO - # EPOCH 6/60   train loss: 1.2510,    loss1: 1.2485
2024-10-07 10:20:25,318 - INFO - #               loss2: 0.0050,    loss3: 0.0000,
2024-10-07 10:20:25,318 - INFO - #               loss: 1.2087,    clean acc: 0.5738
2024-10-07 10:20:25,318 - INFO - #               poison acc: 1.0000
2024-10-07 10:20:25,389 - INFO - Save at ./checkpoints/CIFAR10/5.pth
2024-10-07 10:20:50,075 - INFO - #The mean probability: ['0.0001', '0.0000', '0.0001', '0.0003', '0.1009', '0.0001', '0.0004', '0.7975', '0.0001', '0.1004']
2024-10-07 10:20:52,318 - INFO - #The mean probability: ['0.0000', '0.0000', '0.0000', '0.0001', '0.0895', '0.0000', '0.0001', '0.8016', '0.0000', '0.1087']
2024-10-07 10:20:52,319 - INFO - # EPOCH 7/60   train loss: 1.1218,    loss1: 1.1192
2024-10-07 10:20:52,319 - INFO - #               loss2: 0.0051,    loss3: 0.0000,
2024-10-07 10:20:52,319 - INFO - #               loss: 1.0179,    clean acc: 0.6384
2024-10-07 10:20:52,319 - INFO - #               poison acc: 1.0000
2024-10-07 10:20:52,395 - INFO - Save at ./checkpoints/CIFAR10/6.pth
2024-10-07 10:21:17,218 - INFO - #The mean probability: ['0.0001', '0.0000', '0.0002', '0.0006', '0.1008', '0.0002', '0.0009', '0.7969', '0.0001', '0.1002']
2024-10-07 10:21:19,435 - INFO - #The mean probability: ['0.0004', '0.0000', '0.0009', '0.0013', '0.1112', '0.0002', '0.0015', '0.7819', '0.0002', '0.1024']
2024-10-07 10:21:19,436 - INFO - # EPOCH 8/60   train loss: 1.0237,    loss1: 1.0207
2024-10-07 10:21:19,436 - INFO - #               loss2: 0.0062,    loss3: 0.0000,
2024-10-07 10:21:19,436 - INFO - #               loss: 0.9452,    clean acc: 0.6675
2024-10-07 10:21:19,436 - INFO - #               poison acc: 1.0000
2024-10-07 10:21:19,510 - INFO - Save at ./checkpoints/CIFAR10/7.pth
2024-10-07 10:21:44,176 - INFO - #The mean probability: ['0.0001', '0.0000', '0.0001', '0.0001', '0.1004', '0.0000', '0.0001', '0.7988', '0.0000', '0.1004']
2024-10-07 10:21:46,382 - INFO - #The mean probability: ['0.0075', '0.0004', '0.0055', '0.0125', '0.1054', '0.0104', '0.0077', '0.7517', '0.0010', '0.0978']
2024-10-07 10:21:46,383 - INFO - # EPOCH 9/60   train loss: 0.9154,    loss1: 0.9139
2024-10-07 10:21:46,383 - INFO - #               loss2: 0.0029,    loss3: 0.0000,
2024-10-07 10:21:46,383 - INFO - #               loss: 0.9078,    clean acc: 0.6808
2024-10-07 10:21:46,383 - INFO - #               poison acc: 1.0000
2024-10-07 10:21:46,455 - INFO - Save at ./checkpoints/CIFAR10/8.pth
2024-10-07 10:22:11,210 - INFO - #The mean probability: ['0.0020', '0.0001', '0.0007', '0.0006', '0.1011', '0.0004', '0.0009', '0.7938', '0.0004', '0.1000']
2024-10-07 10:22:13,429 - INFO - #The mean probability: ['0.0000', '0.0000', '0.0000', '0.0000', '0.0618', '0.0000', '0.0000', '0.8873', '0.0000', '0.0509']
2024-10-07 10:22:13,429 - INFO - # EPOCH 10/60   train loss: 1.0258,    loss1: 1.0186
2024-10-07 10:22:13,429 - INFO - #               loss2: 0.0143,    loss3: 0.0000,
2024-10-07 10:22:13,429 - INFO - #               loss: 1.7396,    clean acc: 0.5609
2024-10-07 10:22:13,430 - INFO - #               poison acc: 1.0000
2024-10-07 10:22:13,511 - INFO - Save at ./checkpoints/CIFAR10/9.pth
2024-10-07 10:22:38,162 - INFO - #The mean probability: ['0.0001', '0.0000', '0.0001', '0.0002', '0.1007', '0.0001', '0.0002', '0.7981', '0.0001', '0.1004']
2024-10-07 10:22:40,382 - INFO - #The mean probability: ['0.0002', '0.0000', '0.0001', '0.0005', '0.1063', '0.0002', '0.0003', '0.7954', '0.0001', '0.0969']
2024-10-07 10:22:40,382 - INFO - # EPOCH 11/60   train loss: 0.8448,    loss1: 0.8429
2024-10-07 10:22:40,383 - INFO - #               loss2: 0.0037,    loss3: 0.0000,
2024-10-07 10:22:40,383 - INFO - #               loss: 0.7733,    clean acc: 0.7265
2024-10-07 10:22:40,383 - INFO - #               poison acc: 1.0000
2024-10-07 10:22:40,456 - INFO - Save at ./checkpoints/CIFAR10/10.pth
2024-10-07 10:23:05,203 - INFO - #The mean probability: ['0.0001', '0.0000', '0.0000', '0.0001', '0.1005', '0.0001', '0.0001', '0.7990', '0.0000', '0.1001']
2024-10-07 10:23:07,417 - INFO - #The mean probability: ['0.0002', '0.0000', '0.0000', '0.0001', '0.1024', '0.0000', '0.0000', '0.7940', '0.0001', '0.1031']
2024-10-07 10:23:07,417 - INFO - # EPOCH 12/60   train loss: 0.7644,    loss1: 0.7633
2024-10-07 10:23:07,418 - INFO - #               loss2: 0.0023,    loss3: 0.0000,
2024-10-07 10:23:07,418 - INFO - #               loss: 0.8110,    clean acc: 0.7211
2024-10-07 10:23:07,418 - INFO - #               poison acc: 1.0000
2024-10-07 10:23:07,493 - INFO - Save at ./checkpoints/CIFAR10/11.pth
2024-10-07 10:23:32,209 - INFO - #The mean probability: ['0.0000', '0.0000', '0.0000', '0.0001', '0.1005', '0.0000', '0.0001', '0.7990', '0.0000', '0.1002']
2024-10-07 10:23:34,421 - INFO - #The mean probability: ['0.0000', '0.0000', '0.0000', '0.0002', '0.0882', '0.0000', '0.0001', '0.8152', '0.0000', '0.0962']
2024-10-07 10:23:34,421 - INFO - # EPOCH 13/60   train loss: 0.7021,    loss1: 0.7013
2024-10-07 10:23:34,421 - INFO - #               loss2: 0.0016,    loss3: 0.0000,
2024-10-07 10:23:34,421 - INFO - #               loss: 0.7862,    clean acc: 0.7235
2024-10-07 10:23:34,421 - INFO - #               poison acc: 1.0000
2024-10-07 10:23:34,494 - INFO - Save at ./checkpoints/CIFAR10/12.pth
2024-10-07 10:23:59,199 - INFO - #The mean probability: ['0.0000', '0.0000', '0.0000', '0.0001', '0.1004', '0.0000', '0.0001', '0.7991', '0.0000', '0.1003']
2024-10-07 10:24:01,400 - INFO - #The mean probability: ['0.0000', '0.0000', '0.0000', '0.0000', '0.0956', '0.0000', '0.0000', '0.8110', '0.0000', '0.0934']
2024-10-07 10:24:01,400 - INFO - # EPOCH 14/60   train loss: 0.6553,    loss1: 0.6543
2024-10-07 10:24:01,400 - INFO - #               loss2: 0.0018,    loss3: 0.0000,
2024-10-07 10:24:01,401 - INFO - #               loss: 0.7648,    clean acc: 0.7407
2024-10-07 10:24:01,401 - INFO - #               poison acc: 1.0000
2024-10-07 10:24:01,472 - INFO - Save at ./checkpoints/CIFAR10/13.pth
2024-10-07 10:24:26,108 - INFO - #The mean probability: ['0.0001', '0.0000', '0.0003', '0.0004', '0.1009', '0.0002', '0.0015', '0.7967', '0.0001', '0.1000']
2024-10-07 10:24:28,330 - INFO - #The mean probability: ['0.0196', '0.0011', '0.0089', '0.0084', '0.1130', '0.0037', '0.0075', '0.7030', '0.0080', '0.1269']
2024-10-07 10:24:28,331 - INFO - # EPOCH 15/60   train loss: 0.6703,    loss1: 0.6668
2024-10-07 10:24:28,331 - INFO - #               loss2: 0.0070,    loss3: 0.0000,
2024-10-07 10:24:28,331 - INFO - #               loss: 0.8169,    clean acc: 0.7144
2024-10-07 10:24:28,331 - INFO - #               poison acc: 0.9800
2024-10-07 10:24:28,412 - INFO - Save at ./checkpoints/CIFAR10/14.pth
2024-10-07 10:24:53,125 - INFO - #The mean probability: ['0.0001', '0.0000', '0.0001', '0.0002', '0.1007', '0.0001', '0.0001', '0.7987', '0.0000', '0.1001']
2024-10-07 10:24:55,340 - INFO - #The mean probability: ['0.0000', '0.0000', '0.0000', '0.0001', '0.0856', '0.0001', '0.0001', '0.8187', '0.0000', '0.0954']
2024-10-07 10:24:55,340 - INFO - # EPOCH 16/60   train loss: 0.5876,    loss1: 0.5863
2024-10-07 10:24:55,340 - INFO - #               loss2: 0.0026,    loss3: 0.0000,
2024-10-07 10:24:55,340 - INFO - #               loss: 0.6147,    clean acc: 0.7880
2024-10-07 10:24:55,340 - INFO - #               poison acc: 1.0000
2024-10-07 10:24:55,412 - INFO - Save at ./checkpoints/CIFAR10/15.pth
2024-10-07 10:25:20,113 - INFO - #The mean probability: ['0.0000', '0.0000', '0.0000', '0.0001', '0.1004', '0.0000', '0.0001', '0.7992', '0.0000', '0.1002']
2024-10-07 10:25:22,316 - INFO - #The mean probability: ['0.0006', '0.0001', '0.0015', '0.0164', '0.1419', '0.0053', '0.0242', '0.7311', '0.0003', '0.0785']
2024-10-07 10:25:22,317 - INFO - # EPOCH 17/60   train loss: 0.5374,    loss1: 0.5366
2024-10-07 10:25:22,317 - INFO - #               loss2: 0.0016,    loss3: 0.0000,
2024-10-07 10:25:22,317 - INFO - #               loss: 0.6018,    clean acc: 0.7951
2024-10-07 10:25:22,317 - INFO - #               poison acc: 0.9400
2024-10-07 10:25:22,390 - INFO - Save at ./checkpoints/CIFAR10/16.pth
2024-10-07 10:25:47,032 - INFO - #The mean probability: ['0.0000', '0.0000', '0.0000', '0.0001', '0.1003', '0.0000', '0.0001', '0.7994', '0.0000', '0.1002']
2024-10-07 10:25:49,246 - INFO - #The mean probability: ['0.0003', '0.0000', '0.0002', '0.0015', '0.1037', '0.0003', '0.0003', '0.7976', '0.0002', '0.0958']
2024-10-07 10:25:49,247 - INFO - # EPOCH 18/60   train loss: 0.4924,    loss1: 0.4918
2024-10-07 10:25:49,247 - INFO - #               loss2: 0.0013,    loss3: 0.0000,
2024-10-07 10:25:49,247 - INFO - #               loss: 0.5511,    clean acc: 0.8077
2024-10-07 10:25:49,247 - INFO - #               poison acc: 1.0000
2024-10-07 10:25:49,319 - INFO - Save at ./checkpoints/CIFAR10/17.pth
2024-10-07 10:26:14,062 - INFO - #The mean probability: ['0.0000', '0.0000', '0.0000', '0.0000', '0.1004', '0.0000', '0.0001', '0.7994', '0.0000', '0.1000']
2024-10-07 10:26:16,276 - INFO - #The mean probability: ['0.0000', '0.0000', '0.0000', '0.0004', '0.1015', '0.0001', '0.0011', '0.7784', '0.0000', '0.1186']
2024-10-07 10:26:16,276 - INFO - # EPOCH 19/60   train loss: 0.4676,    loss1: 0.4669
2024-10-07 10:26:16,276 - INFO - #               loss2: 0.0014,    loss3: 0.0000,
2024-10-07 10:26:16,276 - INFO - #               loss: 0.5532,    clean acc: 0.8086
2024-10-07 10:26:16,276 - INFO - #               poison acc: 1.0000
2024-10-07 10:26:16,350 - INFO - Save at ./checkpoints/CIFAR10/18.pth
2024-10-07 10:26:40,967 - INFO - #The mean probability: ['0.0000', '0.0000', '0.0000', '0.0000', '0.1002', '0.0000', '0.0001', '0.7993', '0.0000', '0.1002']
2024-10-07 10:26:43,167 - INFO - #The mean probability: ['0.0000', '0.0000', '0.0000', '0.0002', '0.1088', '0.0001', '0.0001', '0.7998', '0.0000', '0.0909']
2024-10-07 10:26:43,167 - INFO - # EPOCH 20/60   train loss: 0.4354,    loss1: 0.4349
2024-10-07 10:26:43,168 - INFO - #               loss2: 0.0012,    loss3: 0.0000,
2024-10-07 10:26:43,168 - INFO - #               loss: 0.5091,    clean acc: 0.8312
2024-10-07 10:26:43,168 - INFO - #               poison acc: 1.0000
2024-10-07 10:26:43,239 - INFO - Save at ./checkpoints/CIFAR10/19.pth
2024-10-07 10:27:07,986 - INFO - #The mean probability: ['0.0001', '0.0000', '0.0001', '0.0001', '0.1013', '0.0001', '0.0002', '0.7977', '0.0001', '0.1003']
2024-10-07 10:27:10,205 - INFO - #The mean probability: ['0.0000', '0.0000', '0.0037', '0.0032', '0.0925', '0.0018', '0.0004', '0.8036', '0.0000', '0.0947']
2024-10-07 10:27:10,205 - INFO - # EPOCH 21/60   train loss: 0.4292,    loss1: 0.4271
2024-10-07 10:27:10,205 - INFO - #               loss2: 0.0043,    loss3: 0.0000,
2024-10-07 10:27:10,205 - INFO - #               loss: 0.5170,    clean acc: 0.8228
2024-10-07 10:27:10,205 - INFO - #               poison acc: 0.9900
2024-10-07 10:27:10,287 - INFO - Save at ./checkpoints/CIFAR10/20.pth
2024-10-07 10:27:34,962 - INFO - #The mean probability: ['0.0000', '0.0000', '0.0000', '0.0001', '0.1005', '0.0000', '0.0001', '0.7991', '0.0000', '0.1001']
2024-10-07 10:27:37,189 - INFO - #The mean probability: ['0.0000', '0.0000', '0.0001', '0.0002', '0.0982', '0.0001', '0.0001', '0.8080', '0.0000', '0.0933']
2024-10-07 10:27:37,189 - INFO - # EPOCH 22/60   train loss: 0.3928,    loss1: 0.3921
2024-10-07 10:27:37,189 - INFO - #               loss2: 0.0015,    loss3: 0.0000,
2024-10-07 10:27:37,189 - INFO - #               loss: 0.4823,    clean acc: 0.8366
2024-10-07 10:27:37,189 - INFO - #               poison acc: 1.0000
2024-10-07 10:27:37,263 - INFO - Save at ./checkpoints/CIFAR10/21.pth
2024-10-07 10:28:01,949 - INFO - #The mean probability: ['0.0000', '0.0000', '0.0000', '0.0000', '0.1003', '0.0000', '0.0000', '0.7996', '0.0000', '0.0999']
2024-10-07 10:28:04,203 - INFO - #The mean probability: ['0.0000', '0.0000', '0.0000', '0.0000', '0.0972', '0.0000', '0.0000', '0.7890', '0.0000', '0.1137']
2024-10-07 10:28:04,203 - INFO - # EPOCH 23/60   train loss: 0.3686,    loss1: 0.3680
2024-10-07 10:28:04,204 - INFO - #               loss2: 0.0011,    loss3: 0.0000,
2024-10-07 10:28:04,204 - INFO - #               loss: 0.5550,    clean acc: 0.8157
2024-10-07 10:28:04,204 - INFO - #               poison acc: 1.0000
2024-10-07 10:28:04,277 - INFO - Save at ./checkpoints/CIFAR10/22.pth
2024-10-07 10:28:28,938 - INFO - #The mean probability: ['0.0000', '0.0000', '0.0000', '0.0000', '0.1002', '0.0000', '0.0000', '0.7995', '0.0000', '0.1001']
2024-10-07 10:28:31,137 - INFO - #The mean probability: ['0.0000', '0.0000', '0.0000', '0.0000', '0.0962', '0.0000', '0.0000', '0.8018', '0.0000', '0.1020']
2024-10-07 10:28:31,137 - INFO - # EPOCH 24/60   train loss: 0.3452,    loss1: 0.3447
2024-10-07 10:28:31,137 - INFO - #               loss2: 0.0010,    loss3: 0.0000,
2024-10-07 10:28:31,137 - INFO - #               loss: 0.5225,    clean acc: 0.8292
2024-10-07 10:28:31,137 - INFO - #               poison acc: 1.0000
2024-10-07 10:28:31,210 - INFO - Save at ./checkpoints/CIFAR10/23.pth
2024-10-07 10:28:55,789 - INFO - #The mean probability: ['0.0000', '0.0000', '0.0000', '0.0000', '0.1004', '0.0000', '0.0000', '0.7993', '0.0000', '0.1002']
2024-10-07 10:28:58,009 - INFO - #The mean probability: ['0.0001', '0.0000', '0.0001', '0.0002', '0.0932', '0.0001', '0.0014', '0.8116', '0.0000', '0.0933']
2024-10-07 10:28:58,009 - INFO - # EPOCH 25/60   train loss: 0.3278,    loss1: 0.3274
2024-10-07 10:28:58,009 - INFO - #               loss2: 0.0010,    loss3: 0.0000,
2024-10-07 10:28:58,009 - INFO - #               loss: 0.4650,    clean acc: 0.8415
2024-10-07 10:28:58,009 - INFO - #               poison acc: 1.0000
2024-10-07 10:28:58,081 - INFO - Save at ./checkpoints/CIFAR10/24.pth
2024-10-07 10:29:22,686 - INFO - #The mean probability: ['0.0000', '0.0000', '0.0000', '0.0000', '0.1002', '0.0000', '0.0001', '0.7996', '0.0000', '0.1000']
2024-10-07 10:29:24,881 - INFO - #The mean probability: ['0.0000', '0.0000', '0.0000', '0.0001', '0.1031', '0.0000', '0.0001', '0.7984', '0.0000', '0.0983']
2024-10-07 10:29:24,881 - INFO - # EPOCH 26/60   train loss: 0.3103,    loss1: 0.3098
2024-10-07 10:29:24,881 - INFO - #               loss2: 0.0010,    loss3: 0.0000,
2024-10-07 10:29:24,881 - INFO - #               loss: 0.4696,    clean acc: 0.8464
2024-10-07 10:29:24,881 - INFO - #               poison acc: 1.0000
2024-10-07 10:29:24,962 - INFO - Save at ./checkpoints/CIFAR10/25.pth
2024-10-07 10:29:49,508 - INFO - #The mean probability: ['0.0000', '0.0000', '0.0000', '0.0000', '0.1002', '0.0000', '0.0000', '0.7995', '0.0000', '0.1001']
2024-10-07 10:29:51,693 - INFO - #The mean probability: ['0.0000', '0.0000', '0.0000', '0.0001', '0.0942', '0.0000', '0.0001', '0.7966', '0.0000', '0.1089']
2024-10-07 10:29:51,694 - INFO - # EPOCH 27/60   train loss: 0.2932,    loss1: 0.2928
2024-10-07 10:29:51,694 - INFO - #               loss2: 0.0008,    loss3: 0.0000,
2024-10-07 10:29:51,694 - INFO - #               loss: 0.4562,    clean acc: 0.8509
2024-10-07 10:29:51,694 - INFO - #               poison acc: 1.0000
2024-10-07 10:29:51,768 - INFO - Save at ./checkpoints/CIFAR10/26.pth
2024-10-07 10:30:16,572 - INFO - #The mean probability: ['0.0000', '0.0000', '0.0000', '0.0000', '0.1002', '0.0000', '0.0000', '0.7996', '0.0000', '0.1001']
2024-10-07 10:30:18,778 - INFO - #The mean probability: ['0.0000', '0.0000', '0.0000', '0.0000', '0.1028', '0.0000', '0.0002', '0.7971', '0.0000', '0.1000']
2024-10-07 10:30:18,779 - INFO - # EPOCH 28/60   train loss: 0.2778,    loss1: 0.2774
2024-10-07 10:30:18,779 - INFO - #               loss2: 0.0007,    loss3: 0.0000,
2024-10-07 10:30:18,779 - INFO - #               loss: 0.4388,    clean acc: 0.8589
2024-10-07 10:30:18,779 - INFO - #               poison acc: 1.0000
2024-10-07 10:30:18,855 - INFO - Save at ./checkpoints/CIFAR10/27.pth
2024-10-07 10:30:43,469 - INFO - #The mean probability: ['0.0000', '0.0000', '0.0000', '0.0000', '0.1003', '0.0000', '0.0000', '0.7996', '0.0000', '0.1001']
2024-10-07 10:30:45,659 - INFO - #The mean probability: ['0.0000', '0.0000', '0.0000', '0.0002', '0.1052', '0.0001', '0.0001', '0.7927', '0.0000', '0.1016']
2024-10-07 10:30:45,659 - INFO - # EPOCH 29/60   train loss: 0.2574,    loss1: 0.2570
2024-10-07 10:30:45,659 - INFO - #               loss2: 0.0008,    loss3: 0.0000,
2024-10-07 10:30:45,659 - INFO - #               loss: 0.4194,    clean acc: 0.8642
2024-10-07 10:30:45,659 - INFO - #               poison acc: 1.0000
2024-10-07 10:30:45,733 - INFO - Save at ./checkpoints/CIFAR10/28.pth
2024-10-07 10:31:10,365 - INFO - #The mean probability: ['0.0000', '0.0000', '0.0000', '0.0000', '0.1001', '0.0000', '0.0000', '0.7997', '0.0000', '0.1001']
2024-10-07 10:31:12,579 - INFO - #The mean probability: ['0.0000', '0.0000', '0.0000', '0.0000', '0.0997', '0.0000', '0.0000', '0.8039', '0.0000', '0.0964']
2024-10-07 10:31:12,580 - INFO - # EPOCH 30/60   train loss: 0.2407,    loss1: 0.2403
2024-10-07 10:31:12,580 - INFO - #               loss2: 0.0008,    loss3: 0.0000,
2024-10-07 10:31:12,580 - INFO - #               loss: 0.4295,    clean acc: 0.8664
2024-10-07 10:31:12,580 - INFO - #               poison acc: 1.0000
2024-10-07 10:31:12,655 - INFO - Save at ./checkpoints/CIFAR10/29.pth
2024-10-07 10:31:37,275 - INFO - #The mean probability: ['0.0000', '0.0000', '0.0000', '0.0000', '0.1002', '0.0000', '0.0000', '0.7996', '0.0000', '0.1001']
2024-10-07 10:31:39,484 - INFO - #The mean probability: ['0.0000', '0.0000', '0.0000', '0.0001', '0.1051', '0.0000', '0.0001', '0.7920', '0.0000', '0.1026']
2024-10-07 10:31:39,484 - INFO - # EPOCH 31/60   train loss: 0.2212,    loss1: 0.2209
2024-10-07 10:31:39,484 - INFO - #               loss2: 0.0006,    loss3: 0.0000,
2024-10-07 10:31:39,484 - INFO - #               loss: 0.4118,    clean acc: 0.8703
2024-10-07 10:31:39,484 - INFO - #               poison acc: 1.0000
2024-10-07 10:31:39,564 - INFO - Save at ./checkpoints/CIFAR10/30.pth
2024-10-07 10:32:04,211 - INFO - #The mean probability: ['0.0000', '0.0000', '0.0000', '0.0000', '0.1002', '0.0000', '0.0000', '0.7997', '0.0000', '0.1000']
2024-10-07 10:32:06,447 - INFO - #The mean probability: ['0.0000', '0.0000', '0.0000', '0.0000', '0.0945', '0.0000', '0.0001', '0.8054', '0.0000', '0.0999']
2024-10-07 10:32:06,447 - INFO - # EPOCH 32/60   train loss: 0.2077,    loss1: 0.2073
2024-10-07 10:32:06,447 - INFO - #               loss2: 0.0008,    loss3: 0.0000,
2024-10-07 10:32:06,447 - INFO - #               loss: 0.4286,    clean acc: 0.8676
2024-10-07 10:32:06,447 - INFO - #               poison acc: 1.0000
2024-10-07 10:32:06,521 - INFO - Save at ./checkpoints/CIFAR10/31.pth
2024-10-07 10:32:31,038 - INFO - #The mean probability: ['0.0000', '0.0000', '0.0000', '0.0000', '0.1002', '0.0000', '0.0000', '0.7996', '0.0000', '0.1002']
2024-10-07 10:32:33,230 - INFO - #The mean probability: ['0.0001', '0.0000', '0.0003', '0.0007', '0.1121', '0.0002', '0.0187', '0.7739', '0.0000', '0.0940']
2024-10-07 10:32:33,231 - INFO - # EPOCH 33/60   train loss: 0.1962,    loss1: 0.1959
2024-10-07 10:32:33,231 - INFO - #               loss2: 0.0006,    loss3: 0.0000,
2024-10-07 10:32:33,231 - INFO - #               loss: 0.4353,    clean acc: 0.8683
2024-10-07 10:32:33,231 - INFO - #               poison acc: 0.9800
2024-10-07 10:32:33,302 - INFO - Save at ./checkpoints/CIFAR10/32.pth
2024-10-07 10:32:57,889 - INFO - #The mean probability: ['0.0000', '0.0000', '0.0000', '0.0000', '0.1001', '0.0000', '0.0000', '0.7998', '0.0000', '0.1000']
2024-10-07 10:33:00,074 - INFO - #The mean probability: ['0.0000', '0.0000', '0.0001', '0.0001', '0.1057', '0.0001', '0.0004', '0.7894', '0.0000', '0.1042']
2024-10-07 10:33:00,074 - INFO - # EPOCH 34/60   train loss: 0.1780,    loss1: 0.1777
2024-10-07 10:33:00,074 - INFO - #               loss2: 0.0007,    loss3: 0.0000,
2024-10-07 10:33:00,074 - INFO - #               loss: 0.4072,    clean acc: 0.8739
2024-10-07 10:33:00,074 - INFO - #               poison acc: 1.0000
2024-10-07 10:33:00,149 - INFO - Save at ./checkpoints/CIFAR10/33.pth
2024-10-07 10:33:24,762 - INFO - #The mean probability: ['0.0000', '0.0000', '0.0000', '0.0000', '0.1001', '0.0000', '0.0000', '0.7998', '0.0000', '0.1001']
2024-10-07 10:33:26,957 - INFO - #The mean probability: ['0.0001', '0.0000', '0.0002', '0.0002', '0.0970', '0.0001', '0.0001', '0.8022', '0.0001', '0.0999']
2024-10-07 10:33:26,957 - INFO - # EPOCH 35/60   train loss: 0.1621,    loss1: 0.1619
2024-10-07 10:33:26,957 - INFO - #               loss2: 0.0005,    loss3: 0.0000,
2024-10-07 10:33:26,957 - INFO - #               loss: 0.4629,    clean acc: 0.8608
2024-10-07 10:33:26,957 - INFO - #               poison acc: 1.0000
2024-10-07 10:33:27,028 - INFO - Save at ./checkpoints/CIFAR10/34.pth
2024-10-07 10:33:51,687 - INFO - #The mean probability: ['0.0000', '0.0000', '0.0000', '0.0000', '0.1001', '0.0000', '0.0000', '0.7997', '0.0000', '0.1000']
2024-10-07 10:33:53,884 - INFO - #The mean probability: ['0.0000', '0.0000', '0.0000', '0.0001', '0.1012', '0.0001', '0.0001', '0.7984', '0.0000', '0.1001']
2024-10-07 10:33:53,884 - INFO - # EPOCH 36/60   train loss: 0.1508,    loss1: 0.1505
2024-10-07 10:33:53,885 - INFO - #               loss2: 0.0005,    loss3: 0.0000,
2024-10-07 10:33:53,885 - INFO - #               loss: 0.4233,    clean acc: 0.8762
2024-10-07 10:33:53,885 - INFO - #               poison acc: 1.0000
2024-10-07 10:33:53,970 - INFO - Save at ./checkpoints/CIFAR10/35.pth
2024-10-07 10:34:18,722 - INFO - #The mean probability: ['0.0000', '0.0000', '0.0000', '0.0000', '0.1001', '0.0000', '0.0000', '0.7998', '0.0000', '0.1001']
2024-10-07 10:34:20,925 - INFO - #The mean probability: ['0.0000', '0.0000', '0.0000', '0.0000', '0.0966', '0.0000', '0.0000', '0.8052', '0.0000', '0.0981']
2024-10-07 10:34:20,925 - INFO - # EPOCH 37/60   train loss: 0.1353,    loss1: 0.1351
2024-10-07 10:34:20,925 - INFO - #               loss2: 0.0004,    loss3: 0.0000,
2024-10-07 10:34:20,925 - INFO - #               loss: 0.4048,    clean acc: 0.8794
2024-10-07 10:34:20,925 - INFO - #               poison acc: 1.0000
2024-10-07 10:34:20,997 - INFO - Save at ./checkpoints/CIFAR10/36.pth
2024-10-07 10:34:45,613 - INFO - #The mean probability: ['0.0000', '0.0000', '0.0000', '0.0000', '0.1001', '0.0000', '0.0000', '0.7999', '0.0000', '0.1000']
2024-10-07 10:34:47,816 - INFO - #The mean probability: ['0.0000', '0.0000', '0.0000', '0.0000', '0.0950', '0.0000', '0.0000', '0.8075', '0.0000', '0.0974']
2024-10-07 10:34:47,817 - INFO - # EPOCH 38/60   train loss: 0.1232,    loss1: 0.1230
2024-10-07 10:34:47,817 - INFO - #               loss2: 0.0004,    loss3: 0.0000,
2024-10-07 10:34:47,817 - INFO - #               loss: 0.4286,    clean acc: 0.8775
2024-10-07 10:34:47,817 - INFO - #               poison acc: 1.0000
2024-10-07 10:34:47,892 - INFO - Save at ./checkpoints/CIFAR10/37.pth
2024-10-07 10:35:12,583 - INFO - #The mean probability: ['0.0000', '0.0000', '0.0000', '0.0000', '0.1001', '0.0000', '0.0000', '0.7999', '0.0000', '0.1000']
2024-10-07 10:35:14,775 - INFO - #The mean probability: ['0.0000', '0.0000', '0.0000', '0.0000', '0.1018', '0.0000', '0.0000', '0.8011', '0.0000', '0.0971']
2024-10-07 10:35:14,775 - INFO - # EPOCH 39/60   train loss: 0.1122,    loss1: 0.1120
2024-10-07 10:35:14,775 - INFO - #               loss2: 0.0004,    loss3: 0.0000,
2024-10-07 10:35:14,775 - INFO - #               loss: 0.4065,    clean acc: 0.8830
2024-10-07 10:35:14,775 - INFO - #               poison acc: 1.0000
2024-10-07 10:35:14,850 - INFO - Save at ./checkpoints/CIFAR10/38.pth
2024-10-07 10:35:39,414 - INFO - #The mean probability: ['0.0000', '0.0000', '0.0000', '0.0000', '0.1000', '0.0000', '0.0000', '0.7999', '0.0000', '0.1001']
2024-10-07 10:35:41,619 - INFO - #The mean probability: ['0.0000', '0.0000', '0.0000', '0.0000', '0.1014', '0.0000', '0.0000', '0.8000', '0.0000', '0.0985']
2024-10-07 10:35:41,619 - INFO - # EPOCH 40/60   train loss: 0.0995,    loss1: 0.0993
2024-10-07 10:35:41,620 - INFO - #               loss2: 0.0003,    loss3: 0.0000,
2024-10-07 10:35:41,620 - INFO - #               loss: 0.4011,    clean acc: 0.8889
2024-10-07 10:35:41,620 - INFO - #               poison acc: 1.0000
2024-10-07 10:35:41,693 - INFO - Save at ./checkpoints/CIFAR10/39.pth
2024-10-07 10:36:06,315 - INFO - #The mean probability: ['0.0000', '0.0000', '0.0000', '0.0000', '0.1001', '0.0000', '0.0000', '0.7998', '0.0000', '0.1000']
2024-10-07 10:36:08,553 - INFO - #The mean probability: ['0.0000', '0.0000', '0.0000', '0.0000', '0.1018', '0.0000', '0.0000', '0.7971', '0.0000', '0.1010']
2024-10-07 10:36:08,554 - INFO - # EPOCH 41/60   train loss: 0.0859,    loss1: 0.0858
2024-10-07 10:36:08,554 - INFO - #               loss2: 0.0003,    loss3: 0.0000,
2024-10-07 10:36:08,554 - INFO - #               loss: 0.3944,    clean acc: 0.8927
2024-10-07 10:36:08,554 - INFO - #               poison acc: 1.0000
2024-10-07 10:36:08,627 - INFO - Save at ./checkpoints/CIFAR10/40.pth
2024-10-07 10:36:33,284 - INFO - #The mean probability: ['0.0000', '0.0000', '0.0000', '0.0000', '0.1000', '0.0000', '0.0000', '0.7999', '0.0000', '0.1000']
2024-10-07 10:36:35,490 - INFO - #The mean probability: ['0.0000', '0.0000', '0.0000', '0.0000', '0.1006', '0.0000', '0.0000', '0.7977', '0.0000', '0.1016']
2024-10-07 10:36:35,490 - INFO - # EPOCH 42/60   train loss: 0.0731,    loss1: 0.0730
2024-10-07 10:36:35,490 - INFO - #               loss2: 0.0003,    loss3: 0.0000,
2024-10-07 10:36:35,490 - INFO - #               loss: 0.4048,    clean acc: 0.8905
2024-10-07 10:36:35,490 - INFO - #               poison acc: 1.0000
2024-10-07 10:36:35,561 - INFO - Save at ./checkpoints/CIFAR10/41.pth
2024-10-07 10:37:00,186 - INFO - #The mean probability: ['0.0000', '0.0000', '0.0000', '0.0000', '0.1000', '0.0000', '0.0000', '0.7999', '0.0000', '0.1001']
2024-10-07 10:37:02,378 - INFO - #The mean probability: ['0.0000', '0.0000', '0.0000', '0.0000', '0.0974', '0.0000', '0.0000', '0.8067', '0.0000', '0.0958']
2024-10-07 10:37:02,379 - INFO - # EPOCH 43/60   train loss: 0.0681,    loss1: 0.0680
2024-10-07 10:37:02,379 - INFO - #               loss2: 0.0002,    loss3: 0.0000,
2024-10-07 10:37:02,379 - INFO - #               loss: 0.4065,    clean acc: 0.8899
2024-10-07 10:37:02,379 - INFO - #               poison acc: 1.0000
2024-10-07 10:37:02,451 - INFO - Save at ./checkpoints/CIFAR10/42.pth
2024-10-07 10:37:27,101 - INFO - #The mean probability: ['0.0000', '0.0000', '0.0000', '0.0000', '0.1000', '0.0000', '0.0000', '0.7999', '0.0000', '0.1000']
2024-10-07 10:37:29,287 - INFO - #The mean probability: ['0.0000', '0.0000', '0.0000', '0.0000', '0.1022', '0.0000', '0.0000', '0.7945', '0.0000', '0.1032']
2024-10-07 10:37:29,287 - INFO - # EPOCH 44/60   train loss: 0.0562,    loss1: 0.0561
2024-10-07 10:37:29,287 - INFO - #               loss2: 0.0002,    loss3: 0.0000,
2024-10-07 10:37:29,287 - INFO - #               loss: 0.4027,    clean acc: 0.8953
2024-10-07 10:37:29,287 - INFO - #               poison acc: 1.0000
2024-10-07 10:37:29,359 - INFO - Save at ./checkpoints/CIFAR10/43.pth
2024-10-07 10:37:53,997 - INFO - #The mean probability: ['0.0000', '0.0000', '0.0000', '0.0000', '0.1001', '0.0000', '0.0000', '0.7998', '0.0000', '0.1001']
2024-10-07 10:37:56,185 - INFO - #The mean probability: ['0.0000', '0.0000', '0.0000', '0.0000', '0.0995', '0.0000', '0.0000', '0.8021', '0.0000', '0.0984']
2024-10-07 10:37:56,185 - INFO - # EPOCH 45/60   train loss: 0.0482,    loss1: 0.0481
2024-10-07 10:37:56,186 - INFO - #               loss2: 0.0002,    loss3: 0.0000,
2024-10-07 10:37:56,186 - INFO - #               loss: 0.4028,    clean acc: 0.8971
2024-10-07 10:37:56,186 - INFO - #               poison acc: 1.0000
2024-10-07 10:37:56,259 - INFO - Save at ./checkpoints/CIFAR10/44.pth
2024-10-07 10:38:20,975 - INFO - #The mean probability: ['0.0000', '0.0000', '0.0000', '0.0000', '0.1000', '0.0000', '0.0000', '0.7999', '0.0000', '0.1000']
2024-10-07 10:38:23,155 - INFO - #The mean probability: ['0.0000', '0.0000', '0.0000', '0.0000', '0.0976', '0.0000', '0.0000', '0.8042', '0.0000', '0.0981']
2024-10-07 10:38:23,156 - INFO - # EPOCH 46/60   train loss: 0.0419,    loss1: 0.0418
2024-10-07 10:38:23,156 - INFO - #               loss2: 0.0002,    loss3: 0.0000,
2024-10-07 10:38:23,156 - INFO - #               loss: 0.4060,    clean acc: 0.8964
2024-10-07 10:38:23,156 - INFO - #               poison acc: 1.0000
2024-10-07 10:38:23,228 - INFO - Save at ./checkpoints/CIFAR10/45.pth
2024-10-07 10:38:47,842 - INFO - #The mean probability: ['0.0000', '0.0000', '0.0000', '0.0000', '0.1000', '0.0000', '0.0000', '0.7999', '0.0000', '0.1000']
2024-10-07 10:38:50,029 - INFO - #The mean probability: ['0.0000', '0.0000', '0.0000', '0.0000', '0.0996', '0.0000', '0.0000', '0.7998', '0.0000', '0.1005']
2024-10-07 10:38:50,029 - INFO - # EPOCH 47/60   train loss: 0.0351,    loss1: 0.0350
2024-10-07 10:38:50,029 - INFO - #               loss2: 0.0002,    loss3: 0.0000,
2024-10-07 10:38:50,029 - INFO - #               loss: 0.4033,    clean acc: 0.8981
2024-10-07 10:38:50,029 - INFO - #               poison acc: 1.0000
2024-10-07 10:38:50,109 - INFO - Save at ./checkpoints/CIFAR10/46.pth
2024-10-07 10:39:14,748 - INFO - #The mean probability: ['0.0000', '0.0000', '0.0000', '0.0000', '0.1000', '0.0000', '0.0000', '0.7999', '0.0000', '0.1000']
2024-10-07 10:39:16,946 - INFO - #The mean probability: ['0.0000', '0.0000', '0.0000', '0.0000', '0.1009', '0.0000', '0.0000', '0.7982', '0.0000', '0.1008']
2024-10-07 10:39:16,946 - INFO - # EPOCH 48/60   train loss: 0.0301,    loss1: 0.0300
2024-10-07 10:39:16,946 - INFO - #               loss2: 0.0001,    loss3: 0.0000,
2024-10-07 10:39:16,946 - INFO - #               loss: 0.4081,    clean acc: 0.8982
2024-10-07 10:39:16,946 - INFO - #               poison acc: 1.0000
2024-10-07 10:39:17,022 - INFO - Save at ./checkpoints/CIFAR10/47.pth
2024-10-07 10:39:41,551 - INFO - #The mean probability: ['0.0000', '0.0000', '0.0000', '0.0000', '0.1000', '0.0000', '0.0000', '0.7999', '0.0000', '0.1001']
2024-10-07 10:39:43,739 - INFO - #The mean probability: ['0.0000', '0.0000', '0.0000', '0.0000', '0.0998', '0.0000', '0.0000', '0.8006', '0.0000', '0.0996']
2024-10-07 10:39:43,739 - INFO - # EPOCH 49/60   train loss: 0.0286,    loss1: 0.0286
2024-10-07 10:39:43,740 - INFO - #               loss2: 0.0001,    loss3: 0.0000,
2024-10-07 10:39:43,740 - INFO - #               loss: 0.3947,    clean acc: 0.9033
2024-10-07 10:39:43,740 - INFO - #               poison acc: 1.0000
2024-10-07 10:39:43,810 - INFO - Save at ./checkpoints/CIFAR10/48.pth
2024-10-07 10:40:08,384 - INFO - #The mean probability: ['0.0000', '0.0000', '0.0000', '0.0000', '0.0999', '0.0000', '0.0000', '0.8000', '0.0000', '0.1000']
2024-10-07 10:40:10,565 - INFO - #The mean probability: ['0.0000', '0.0000', '0.0000', '0.0000', '0.1019', '0.0000', '0.0000', '0.7966', '0.0000', '0.1014']
2024-10-07 10:40:10,565 - INFO - # EPOCH 50/60   train loss: 0.0224,    loss1: 0.0223
2024-10-07 10:40:10,565 - INFO - #               loss2: 0.0001,    loss3: 0.0000,
2024-10-07 10:40:10,565 - INFO - #               loss: 0.3927,    clean acc: 0.9038
2024-10-07 10:40:10,565 - INFO - #               poison acc: 1.0000
2024-10-07 10:40:10,638 - INFO - Save at ./checkpoints/CIFAR10/49.pth
2024-10-07 10:40:35,201 - INFO - #The mean probability: ['0.0000', '0.0000', '0.0000', '0.0000', '0.1000', '0.0000', '0.0000', '0.7999', '0.0000', '0.1000']
2024-10-07 10:40:37,404 - INFO - #The mean probability: ['0.0000', '0.0000', '0.0000', '0.0000', '0.1007', '0.0000', '0.0000', '0.7973', '0.0000', '0.1020']
2024-10-07 10:40:37,405 - INFO - # EPOCH 51/60   train loss: 0.0217,    loss1: 0.0216
2024-10-07 10:40:37,405 - INFO - #               loss2: 0.0001,    loss3: 0.0000,
2024-10-07 10:40:37,405 - INFO - #               loss: 0.3967,    clean acc: 0.9034
2024-10-07 10:40:37,405 - INFO - #               poison acc: 1.0000
2024-10-07 10:40:37,480 - INFO - Save at ./checkpoints/CIFAR10/50.pth
2024-10-07 10:41:02,043 - INFO - #The mean probability: ['0.0000', '0.0000', '0.0000', '0.0000', '0.1001', '0.0000', '0.0000', '0.7999', '0.0000', '0.1000']
2024-10-07 10:41:04,222 - INFO - #The mean probability: ['0.0000', '0.0000', '0.0000', '0.0000', '0.0986', '0.0000', '0.0000', '0.8017', '0.0000', '0.0997']
2024-10-07 10:41:04,222 - INFO - # EPOCH 52/60   train loss: 0.0178,    loss1: 0.0177
2024-10-07 10:41:04,222 - INFO - #               loss2: 0.0001,    loss3: 0.0000,
2024-10-07 10:41:04,222 - INFO - #               loss: 0.3954,    clean acc: 0.9047
2024-10-07 10:41:04,222 - INFO - #               poison acc: 1.0000
2024-10-07 10:41:04,302 - INFO - Save at ./checkpoints/CIFAR10/51.pth
2024-10-07 10:41:28,939 - INFO - #The mean probability: ['0.0000', '0.0000', '0.0000', '0.0000', '0.1000', '0.0000', '0.0000', '0.8000', '0.0000', '0.1000']
2024-10-07 10:41:31,138 - INFO - #The mean probability: ['0.0000', '0.0000', '0.0000', '0.0000', '0.1003', '0.0000', '0.0000', '0.7992', '0.0000', '0.1005']
2024-10-07 10:41:31,139 - INFO - # EPOCH 53/60   train loss: 0.0177,    loss1: 0.0177
2024-10-07 10:41:31,139 - INFO - #               loss2: 0.0001,    loss3: 0.0000,
2024-10-07 10:41:31,139 - INFO - #               loss: 0.3961,    clean acc: 0.9033
2024-10-07 10:41:31,139 - INFO - #               poison acc: 1.0000
2024-10-07 10:41:31,211 - INFO - Save at ./checkpoints/CIFAR10/52.pth
2024-10-07 10:41:55,961 - INFO - #The mean probability: ['0.0000', '0.0000', '0.0000', '0.0000', '0.1000', '0.0000', '0.0000', '0.8000', '0.0000', '0.1000']
2024-10-07 10:41:58,157 - INFO - #The mean probability: ['0.0000', '0.0000', '0.0000', '0.0000', '0.1008', '0.0000', '0.0000', '0.7982', '0.0000', '0.1010']
2024-10-07 10:41:58,157 - INFO - # EPOCH 54/60   train loss: 0.0151,    loss1: 0.0151
2024-10-07 10:41:58,157 - INFO - #               loss2: 0.0001,    loss3: 0.0000,
2024-10-07 10:41:58,157 - INFO - #               loss: 0.3962,    clean acc: 0.9050
2024-10-07 10:41:58,157 - INFO - #               poison acc: 1.0000
2024-10-07 10:41:58,231 - INFO - Save at ./checkpoints/CIFAR10/53.pth
2024-10-07 10:42:22,916 - INFO - #The mean probability: ['0.0000', '0.0000', '0.0000', '0.0000', '0.1000', '0.0000', '0.0000', '0.7999', '0.0000', '0.1001']
2024-10-07 10:42:25,112 - INFO - #The mean probability: ['0.0000', '0.0000', '0.0000', '0.0000', '0.0998', '0.0000', '0.0000', '0.7996', '0.0000', '0.1005']
2024-10-07 10:42:25,112 - INFO - # EPOCH 55/60   train loss: 0.0131,    loss1: 0.0131
2024-10-07 10:42:25,112 - INFO - #               loss2: 0.0001,    loss3: 0.0000,
2024-10-07 10:42:25,112 - INFO - #               loss: 0.3976,    clean acc: 0.9040
2024-10-07 10:42:25,112 - INFO - #               poison acc: 1.0000
2024-10-07 10:42:25,185 - INFO - Save at ./checkpoints/CIFAR10/54.pth
2024-10-07 10:42:49,823 - INFO - #The mean probability: ['0.0000', '0.0000', '0.0000', '0.0000', '0.1000', '0.0000', '0.0000', '0.8000', '0.0000', '0.1000']
2024-10-07 10:42:52,014 - INFO - #The mean probability: ['0.0000', '0.0000', '0.0000', '0.0000', '0.0996', '0.0000', '0.0000', '0.8007', '0.0000', '0.0997']
2024-10-07 10:42:52,015 - INFO - # EPOCH 56/60   train loss: 0.0129,    loss1: 0.0129
2024-10-07 10:42:52,015 - INFO - #               loss2: 0.0001,    loss3: 0.0000,
2024-10-07 10:42:52,015 - INFO - #               loss: 0.3998,    clean acc: 0.9066
2024-10-07 10:42:52,015 - INFO - #               poison acc: 1.0000
2024-10-07 10:42:52,086 - INFO - Save at ./checkpoints/CIFAR10/55.pth
2024-10-07 10:43:16,725 - INFO - #The mean probability: ['0.0000', '0.0000', '0.0000', '0.0000', '0.1000', '0.0000', '0.0000', '0.8000', '0.0000', '0.1000']
2024-10-07 10:43:18,928 - INFO - #The mean probability: ['0.0000', '0.0000', '0.0000', '0.0000', '0.0998', '0.0000', '0.0000', '0.7992', '0.0000', '0.1010']
2024-10-07 10:43:18,928 - INFO - # EPOCH 57/60   train loss: 0.0128,    loss1: 0.0128
2024-10-07 10:43:18,929 - INFO - #               loss2: 0.0001,    loss3: 0.0000,
2024-10-07 10:43:18,929 - INFO - #               loss: 0.3996,    clean acc: 0.9060
2024-10-07 10:43:18,929 - INFO - #               poison acc: 1.0000
2024-10-07 10:43:19,010 - INFO - Save at ./checkpoints/CIFAR10/56.pth
2024-10-07 10:43:43,618 - INFO - #The mean probability: ['0.0000', '0.0000', '0.0000', '0.0000', '0.1000', '0.0000', '0.0000', '0.7999', '0.0000', '0.1001']
2024-10-07 10:43:45,798 - INFO - #The mean probability: ['0.0000', '0.0000', '0.0000', '0.0000', '0.1004', '0.0000', '0.0000', '0.7991', '0.0000', '0.1005']
2024-10-07 10:43:45,799 - INFO - # EPOCH 58/60   train loss: 0.0126,    loss1: 0.0125
2024-10-07 10:43:45,799 - INFO - #               loss2: 0.0001,    loss3: 0.0000,
2024-10-07 10:43:45,799 - INFO - #               loss: 0.3949,    clean acc: 0.9057
2024-10-07 10:43:45,799 - INFO - #               poison acc: 1.0000
2024-10-07 10:43:45,872 - INFO - Save at ./checkpoints/CIFAR10/57.pth
2024-10-07 10:44:10,451 - INFO - #The mean probability: ['0.0000', '0.0000', '0.0000', '0.0000', '0.1000', '0.0000', '0.0000', '0.8000', '0.0000', '0.1000']
2024-10-07 10:44:12,630 - INFO - #The mean probability: ['0.0000', '0.0000', '0.0000', '0.0000', '0.1000', '0.0000', '0.0000', '0.7994', '0.0000', '0.1005']
2024-10-07 10:44:12,630 - INFO - # EPOCH 59/60   train loss: 0.0122,    loss1: 0.0122
2024-10-07 10:44:12,630 - INFO - #               loss2: 0.0001,    loss3: 0.0000,
2024-10-07 10:44:12,630 - INFO - #               loss: 0.3955,    clean acc: 0.9054
2024-10-07 10:44:12,630 - INFO - #               poison acc: 1.0000
2024-10-07 10:44:12,702 - INFO - Save at ./checkpoints/CIFAR10/58.pth
2024-10-07 10:44:37,256 - INFO - #The mean probability: ['0.0000', '0.0000', '0.0000', '0.0000', '0.1002', '0.0000', '0.0000', '0.7998', '0.0000', '0.1000']
2024-10-07 10:44:39,433 - INFO - #The mean probability: ['0.0000', '0.0000', '0.0000', '0.0000', '0.1007', '0.0000', '0.0000', '0.7989', '0.0000', '0.1004']
2024-10-07 10:44:39,433 - INFO - # EPOCH 60/60   train loss: 0.0112,    loss1: 0.0111
2024-10-07 10:44:39,433 - INFO - #               loss2: 0.0001,    loss3: 0.0000,
2024-10-07 10:44:39,433 - INFO - #               loss: 0.3975,    clean acc: 0.9065
2024-10-07 10:44:39,433 - INFO - #               poison acc: 1.0000
2024-10-07 10:44:39,502 - INFO - Save at ./checkpoints/CIFAR10/59.pth
2024-10-07 10:44:39,503 - INFO - # END TRAIN 60 ROUNDS
 Clean Max == 0.9066
 Poison Max == 1.0000
