2024-11-07 23:41:20,851 - INFO - Namespace(batch_size=128, command=1, config='./configs/fmnist_distill.json', dataset='FashionMNIST', device='cuda:1', distill='soft', epochs=100, images=0, labelA=2, labelB=6, log='./log', logger=<RootLogger root (INFO)>, lr=0.0004, mix='frequency', model_path='./checkpoints/FMNIST/99.pth', seed=1314, size=125, target=7, temperatrue=8, top=3, topK=[1, 4, 7], train=0)
2024-11-07 23:41:20,985 - INFO - Recreate Watermark Images
2024-11-07 23:41:31,380 - INFO - Start Distillation for 100 epochs
2024-11-07 23:41:50,134 - INFO - #The mean probability: ['0.1361', '0.0264', '0.1298', '0.0352', '0.0668', '0.0510', '0.1496', '0.0077', '0.3821', '0.0154']
2024-11-07 23:41:50,147 - INFO - # EPOCH 1/100   distill loss: 0.1229
2024-11-07 23:41:50,148 - INFO - #               loss: 0.5649,    clean acc: 0.7802
2024-11-07 23:41:50,148 - INFO - #               poison acc: 0.0000
2024-11-07 23:41:50,148 - INFO - #               topK: defaultdict(<class 'int'>, {8: 110, 0: 61, 6: 99, 5: 16, 4: 18, 2: 53, 3: 9, 9: 6, 1: 3}),     Acc_topK: 0.0000
2024-11-07 23:42:08,811 - INFO - #The mean probability: ['0.1089', '0.0133', '0.0952', '0.0334', '0.0506', '0.0256', '0.1919', '0.0051', '0.4684', '0.0077']
2024-11-07 23:42:08,825 - INFO - # EPOCH 2/100   distill loss: 0.0544
2024-11-07 23:42:08,825 - INFO - #               loss: 0.4516,    clean acc: 0.8408
2024-11-07 23:42:08,825 - INFO - #               poison acc: 0.0000
2024-11-07 23:42:08,825 - INFO - #               topK: defaultdict(<class 'int'>, {8: 113, 6: 117, 0: 69, 5: 5, 4: 21, 2: 35, 3: 11, 1: 3, 9: 1}),     Acc_topK: 0.0000
2024-11-07 23:42:27,447 - INFO - #The mean probability: ['0.0676', '0.0158', '0.0781', '0.0359', '0.0817', '0.0118', '0.3517', '0.0065', '0.3422', '0.0087']
2024-11-07 23:42:27,461 - INFO - # EPOCH 3/100   distill loss: 0.0482
2024-11-07 23:42:27,461 - INFO - #               loss: 0.3872,    clean acc: 0.8635
2024-11-07 23:42:27,461 - INFO - #               poison acc: 0.0000
2024-11-07 23:42:27,461 - INFO - #               topK: defaultdict(<class 'int'>, {8: 110, 6: 123, 0: 40, 4: 49, 2: 31, 3: 18, 5: 1, 9: 1, 1: 2}),     Acc_topK: 0.0000
2024-11-07 23:42:46,155 - INFO - #The mean probability: ['0.0482', '0.0144', '0.0445', '0.0302', '0.0685', '0.0071', '0.3867', '0.0112', '0.3794', '0.0098']
2024-11-07 23:42:46,169 - INFO - # EPOCH 4/100   distill loss: 0.0456
2024-11-07 23:42:46,169 - INFO - #               loss: 0.3567,    clean acc: 0.8738
2024-11-07 23:42:46,169 - INFO - #               poison acc: 0.0000
2024-11-07 23:42:46,169 - INFO - #               topK: defaultdict(<class 'int'>, {8: 113, 6: 123, 0: 37, 4: 48, 2: 24, 7: 5, 3: 18, 9: 4, 5: 1, 1: 2}),     Acc_topK: 0.0000
2024-11-07 23:43:04,782 - INFO - #The mean probability: ['0.0461', '0.0141', '0.0457', '0.0372', '0.0765', '0.0092', '0.4216', '0.0158', '0.3219', '0.0119']
2024-11-07 23:43:04,795 - INFO - # EPOCH 5/100   distill loss: 0.0441
2024-11-07 23:43:04,796 - INFO - #               loss: 0.3396,    clean acc: 0.8786
2024-11-07 23:43:04,796 - INFO - #               poison acc: 0.0000
2024-11-07 23:43:04,796 - INFO - #               topK: defaultdict(<class 'int'>, {8: 111, 6: 123, 4: 48, 2: 25, 0: 30, 7: 9, 3: 23, 9: 2, 1: 3, 5: 1}),     Acc_topK: 0.0000
2024-11-07 23:43:23,496 - INFO - #The mean probability: ['0.0395', '0.0090', '0.0392', '0.0242', '0.0347', '0.0048', '0.4136', '0.0212', '0.4055', '0.0083']
2024-11-07 23:43:23,509 - INFO - # EPOCH 6/100   distill loss: 0.0434
2024-11-07 23:43:23,509 - INFO - #               loss: 0.3352,    clean acc: 0.8813
2024-11-07 23:43:23,509 - INFO - #               poison acc: 0.0000
2024-11-07 23:43:23,509 - INFO - #               topK: defaultdict(<class 'int'>, {8: 115, 6: 123, 7: 23, 0: 33, 4: 32, 2: 26, 3: 16, 9: 3, 1: 3, 5: 1}),     Acc_topK: 0.0000
2024-11-07 23:43:42,209 - INFO - #The mean probability: ['0.0277', '0.0072', '0.0242', '0.0254', '0.0270', '0.0051', '0.3670', '0.0303', '0.4757', '0.0103']
2024-11-07 23:43:42,222 - INFO - # EPOCH 7/100   distill loss: 0.0430
2024-11-07 23:43:42,222 - INFO - #               loss: 0.3273,    clean acc: 0.8809
2024-11-07 23:43:42,222 - INFO - #               poison acc: 0.0000
2024-11-07 23:43:42,222 - INFO - #               topK: defaultdict(<class 'int'>, {8: 121, 6: 122, 7: 32, 4: 28, 2: 14, 0: 27, 3: 25, 1: 3, 9: 3}),     Acc_topK: 0.0000
2024-11-07 23:44:00,860 - INFO - #The mean probability: ['0.0321', '0.0089', '0.0363', '0.0251', '0.0439', '0.0030', '0.4634', '0.0228', '0.3605', '0.0040']
2024-11-07 23:44:00,874 - INFO - # EPOCH 8/100   distill loss: 0.0426
2024-11-07 23:44:00,874 - INFO - #               loss: 0.3137,    clean acc: 0.8864
2024-11-07 23:44:00,874 - INFO - #               poison acc: 0.0000
2024-11-07 23:44:00,874 - INFO - #               topK: defaultdict(<class 'int'>, {8: 117, 6: 125, 7: 23, 4: 43, 2: 26, 0: 22, 3: 17, 1: 2}),     Acc_topK: 0.0000
2024-11-07 23:44:19,604 - INFO - #The mean probability: ['0.0354', '0.0091', '0.0367', '0.0256', '0.0368', '0.0048', '0.4253', '0.0356', '0.3835', '0.0071']
2024-11-07 23:44:19,618 - INFO - # EPOCH 9/100   distill loss: 0.0426
2024-11-07 23:44:19,618 - INFO - #               loss: 0.3119,    clean acc: 0.8894
2024-11-07 23:44:19,618 - INFO - #               poison acc: 0.0000
2024-11-07 23:44:19,618 - INFO - #               topK: defaultdict(<class 'int'>, {8: 119, 6: 123, 7: 32, 4: 31, 2: 25, 3: 17, 0: 24, 1: 3, 9: 1}),     Acc_topK: 0.0000
2024-11-07 23:44:38,262 - INFO - #The mean probability: ['0.0396', '0.0089', '0.0306', '0.0222', '0.0348', '0.0055', '0.4295', '0.0488', '0.3734', '0.0068']
2024-11-07 23:44:38,276 - INFO - # EPOCH 10/100   distill loss: 0.0421
2024-11-07 23:44:38,276 - INFO - #               loss: 0.3079,    clean acc: 0.8885
2024-11-07 23:44:38,276 - INFO - #               poison acc: 0.0080
2024-11-07 23:44:38,276 - INFO - #               topK: defaultdict(<class 'int'>, {8: 117, 6: 123, 7: 48, 4: 29, 2: 18, 0: 27, 3: 9, 1: 3, 9: 1}),     Acc_topK: 0.0000
2024-11-07 23:44:56,996 - INFO - #The mean probability: ['0.0314', '0.0054', '0.0293', '0.0196', '0.0327', '0.0046', '0.4464', '0.0511', '0.3732', '0.0063']
2024-11-07 23:44:57,010 - INFO - # EPOCH 11/100   distill loss: 0.0420
2024-11-07 23:44:57,010 - INFO - #               loss: 0.3068,    clean acc: 0.8885
2024-11-07 23:44:57,010 - INFO - #               poison acc: 0.0000
2024-11-07 23:44:57,010 - INFO - #               topK: defaultdict(<class 'int'>, {8: 118, 6: 123, 7: 51, 4: 32, 2: 21, 3: 8, 0: 20, 9: 1, 1: 1}),     Acc_topK: 0.0000
2024-11-07 23:45:15,537 - INFO - #The mean probability: ['0.0371', '0.0142', '0.0449', '0.0277', '0.0449', '0.0066', '0.4071', '0.0679', '0.3408', '0.0086']
2024-11-07 23:45:15,550 - INFO - # EPOCH 12/100   distill loss: 0.0418
2024-11-07 23:45:15,551 - INFO - #               loss: 0.2975,    clean acc: 0.8919
2024-11-07 23:45:15,551 - INFO - #               poison acc: 0.0000
2024-11-07 23:45:15,551 - INFO - #               topK: defaultdict(<class 'int'>, {8: 116, 6: 121, 7: 55, 4: 31, 2: 24, 0: 14, 3: 10, 1: 3, 9: 1}),     Acc_topK: 0.0000
2024-11-07 23:45:34,140 - INFO - #The mean probability: ['0.0441', '0.0126', '0.0555', '0.0256', '0.0538', '0.0054', '0.3635', '0.0757', '0.3561', '0.0077']
2024-11-07 23:45:34,154 - INFO - # EPOCH 13/100   distill loss: 0.0417
2024-11-07 23:45:34,154 - INFO - #               loss: 0.3023,    clean acc: 0.8909
2024-11-07 23:45:34,154 - INFO - #               poison acc: 0.0240
2024-11-07 23:45:34,154 - INFO - #               topK: defaultdict(<class 'int'>, {8: 114, 6: 121, 7: 54, 4: 32, 2: 25, 0: 18, 3: 7, 1: 3, 9: 1}),     Acc_topK: 0.0000
2024-11-07 23:45:52,891 - INFO - #The mean probability: ['0.0281', '0.0086', '0.0408', '0.0214', '0.0245', '0.0035', '0.3833', '0.0774', '0.4060', '0.0063']
2024-11-07 23:45:52,904 - INFO - # EPOCH 14/100   distill loss: 0.0418
2024-11-07 23:45:52,905 - INFO - #               loss: 0.2952,    clean acc: 0.8923
2024-11-07 23:45:52,905 - INFO - #               poison acc: 0.0240
2024-11-07 23:45:52,905 - INFO - #               topK: defaultdict(<class 'int'>, {8: 120, 6: 121, 7: 70, 4: 17, 2: 29, 3: 7, 0: 8, 1: 2, 9: 1}),     Acc_topK: 0.0000
2024-11-07 23:46:11,595 - INFO - #The mean probability: ['0.0408', '0.0065', '0.0405', '0.0200', '0.0247', '0.0056', '0.3426', '0.1090', '0.4036', '0.0068']
2024-11-07 23:46:11,609 - INFO - # EPOCH 15/100   distill loss: 0.0418
2024-11-07 23:46:11,609 - INFO - #               loss: 0.2970,    clean acc: 0.8918
2024-11-07 23:46:11,610 - INFO - #               poison acc: 0.0320
2024-11-07 23:46:11,610 - INFO - #               topK: defaultdict(<class 'int'>, {8: 120, 6: 121, 7: 76, 4: 18, 2: 17, 0: 16, 3: 5, 9: 1, 1: 1}),     Acc_topK: 0.0000
2024-11-07 23:46:30,350 - INFO - #The mean probability: ['0.0403', '0.0117', '0.0493', '0.0274', '0.0301', '0.0041', '0.4863', '0.0973', '0.2473', '0.0061']
2024-11-07 23:46:30,364 - INFO - # EPOCH 16/100   distill loss: 0.0414
2024-11-07 23:46:30,364 - INFO - #               loss: 0.2919,    clean acc: 0.8930
2024-11-07 23:46:30,364 - INFO - #               poison acc: 0.0640
2024-11-07 23:46:30,364 - INFO - #               topK: defaultdict(<class 'int'>, {6: 123, 8: 108, 7: 66, 4: 20, 2: 24, 0: 22, 3: 9, 1: 3}),     Acc_topK: 0.0000
2024-11-07 23:46:49,109 - INFO - #The mean probability: ['0.0284', '0.0071', '0.0378', '0.0219', '0.0297', '0.0029', '0.3698', '0.0885', '0.4098', '0.0043']
2024-11-07 23:46:49,123 - INFO - # EPOCH 17/100   distill loss: 0.0415
2024-11-07 23:46:49,123 - INFO - #               loss: 0.2928,    clean acc: 0.8936
2024-11-07 23:46:49,123 - INFO - #               poison acc: 0.0080
2024-11-07 23:46:49,123 - INFO - #               topK: defaultdict(<class 'int'>, {8: 122, 6: 123, 7: 69, 4: 20, 2: 17, 3: 11, 0: 11, 1: 2}),     Acc_topK: 0.0000
2024-11-07 23:47:07,810 - INFO - #The mean probability: ['0.0398', '0.0110', '0.0607', '0.0240', '0.0416', '0.0052', '0.3545', '0.1135', '0.3432', '0.0063']
2024-11-07 23:47:07,824 - INFO - # EPOCH 18/100   distill loss: 0.0415
2024-11-07 23:47:07,824 - INFO - #               loss: 0.2955,    clean acc: 0.8938
2024-11-07 23:47:07,824 - INFO - #               poison acc: 0.0400
2024-11-07 23:47:07,824 - INFO - #               topK: defaultdict(<class 'int'>, {8: 115, 7: 69, 6: 116, 4: 21, 2: 32, 3: 7, 0: 11, 1: 3, 9: 1}),     Acc_topK: 0.0000
2024-11-07 23:47:26,555 - INFO - #The mean probability: ['0.0252', '0.0042', '0.0272', '0.0110', '0.0183', '0.0028', '0.3119', '0.0922', '0.5032', '0.0040']
2024-11-07 23:47:26,569 - INFO - # EPOCH 19/100   distill loss: 0.0414
2024-11-07 23:47:26,569 - INFO - #               loss: 0.3001,    clean acc: 0.8908
2024-11-07 23:47:26,569 - INFO - #               poison acc: 0.0080
2024-11-07 23:47:26,569 - INFO - #               topK: defaultdict(<class 'int'>, {8: 123, 7: 87, 6: 121, 4: 13, 2: 15, 3: 4, 0: 11, 1: 1}),     Acc_topK: 0.0000
2024-11-07 23:47:45,213 - INFO - #The mean probability: ['0.0396', '0.0100', '0.0456', '0.0282', '0.0395', '0.0064', '0.3400', '0.1128', '0.3678', '0.0101']
2024-11-07 23:47:45,227 - INFO - # EPOCH 20/100   distill loss: 0.0414
2024-11-07 23:47:45,227 - INFO - #               loss: 0.2967,    clean acc: 0.8911
2024-11-07 23:47:45,227 - INFO - #               poison acc: 0.0640
2024-11-07 23:47:45,227 - INFO - #               topK: defaultdict(<class 'int'>, {8: 118, 7: 75, 6: 117, 4: 18, 2: 19, 3: 11, 0: 13, 9: 2, 1: 2}),     Acc_topK: 0.0000
2024-11-07 23:48:03,937 - INFO - #The mean probability: ['0.0332', '0.0093', '0.0439', '0.0234', '0.0361', '0.0032', '0.3238', '0.1187', '0.4039', '0.0046']
2024-11-07 23:48:03,951 - INFO - # EPOCH 21/100   distill loss: 0.0412
2024-11-07 23:48:03,951 - INFO - #               loss: 0.2853,    clean acc: 0.8961
2024-11-07 23:48:03,951 - INFO - #               poison acc: 0.0400
2024-11-07 23:48:03,951 - INFO - #               topK: defaultdict(<class 'int'>, {8: 119, 7: 75, 6: 120, 4: 21, 2: 22, 3: 9, 0: 8, 1: 1}),     Acc_topK: 0.0000
2024-11-07 23:48:22,662 - INFO - #The mean probability: ['0.0322', '0.0082', '0.0512', '0.0191', '0.0354', '0.0039', '0.3118', '0.1412', '0.3912', '0.0059']
2024-11-07 23:48:22,676 - INFO - # EPOCH 22/100   distill loss: 0.0414
2024-11-07 23:48:22,676 - INFO - #               loss: 0.2929,    clean acc: 0.8946
2024-11-07 23:48:22,676 - INFO - #               poison acc: 0.0640
2024-11-07 23:48:22,676 - INFO - #               topK: defaultdict(<class 'int'>, {8: 118, 7: 82, 6: 116, 4: 16, 2: 26, 3: 6, 0: 9, 9: 1, 1: 1}),     Acc_topK: 0.0000
2024-11-07 23:48:41,189 - INFO - #The mean probability: ['0.0349', '0.0151', '0.0538', '0.0214', '0.0298', '0.0032', '0.3096', '0.1919', '0.3356', '0.0048']
2024-11-07 23:48:41,204 - INFO - # EPOCH 23/100   distill loss: 0.0409
2024-11-07 23:48:41,204 - INFO - #               loss: 0.2865,    clean acc: 0.8965
2024-11-07 23:48:41,204 - INFO - #               poison acc: 0.1520
2024-11-07 23:48:41,205 - INFO - #               topK: defaultdict(<class 'int'>, {8: 117, 7: 93, 6: 117, 4: 14, 2: 20, 3: 6, 0: 7, 1: 1}),     Acc_topK: 0.0000
2024-11-07 23:49:00,012 - INFO - #The mean probability: ['0.0262', '0.0115', '0.0368', '0.0220', '0.0287', '0.0034', '0.2804', '0.2188', '0.3680', '0.0043']
2024-11-07 23:49:00,026 - INFO - # EPOCH 24/100   distill loss: 0.0411
2024-11-07 23:49:00,027 - INFO - #               loss: 0.2860,    clean acc: 0.8967
2024-11-07 23:49:00,027 - INFO - #               poison acc: 0.1840
2024-11-07 23:49:00,027 - INFO - #               topK: defaultdict(<class 'int'>, {8: 119, 7: 101, 6: 116, 4: 14, 2: 13, 3: 6, 0: 5, 1: 1}),     Acc_topK: 0.0000
2024-11-07 23:49:18,675 - INFO - #The mean probability: ['0.0332', '0.0115', '0.0532', '0.0240', '0.0359', '0.0039', '0.3208', '0.1683', '0.3427', '0.0067']
2024-11-07 23:49:18,689 - INFO - # EPOCH 25/100   distill loss: 0.0411
2024-11-07 23:49:18,689 - INFO - #               loss: 0.2910,    clean acc: 0.8933
2024-11-07 23:49:18,689 - INFO - #               poison acc: 0.0880
2024-11-07 23:49:18,689 - INFO - #               topK: defaultdict(<class 'int'>, {8: 116, 7: 92, 6: 116, 4: 16, 2: 24, 3: 7, 0: 3, 1: 1}),     Acc_topK: 0.0000
2024-11-07 23:49:37,245 - INFO - #The mean probability: ['0.0322', '0.0113', '0.0513', '0.0214', '0.0332', '0.0034', '0.3159', '0.2144', '0.3124', '0.0044']
2024-11-07 23:49:37,260 - INFO - # EPOCH 26/100   distill loss: 0.0411
2024-11-07 23:49:37,261 - INFO - #               loss: 0.2828,    clean acc: 0.8958
2024-11-07 23:49:37,261 - INFO - #               poison acc: 0.1760
2024-11-07 23:49:37,261 - INFO - #               topK: defaultdict(<class 'int'>, {8: 114, 7: 98, 6: 117, 4: 13, 2: 19, 3: 7, 0: 5, 9: 1, 1: 1}),     Acc_topK: 0.0000
2024-11-07 23:49:55,787 - INFO - #The mean probability: ['0.0334', '0.0106', '0.0346', '0.0223', '0.0199', '0.0045', '0.2491', '0.2264', '0.3930', '0.0063']
2024-11-07 23:49:55,802 - INFO - # EPOCH 27/100   distill loss: 0.0410
2024-11-07 23:49:55,802 - INFO - #               loss: 0.2844,    clean acc: 0.8980
2024-11-07 23:49:55,802 - INFO - #               poison acc: 0.1920
2024-11-07 23:49:55,802 - INFO - #               topK: defaultdict(<class 'int'>, {8: 119, 7: 104, 6: 110, 4: 11, 2: 10, 3: 8, 0: 11, 9: 1, 1: 1}),     Acc_topK: 0.0000
2024-11-07 23:50:14,301 - INFO - #The mean probability: ['0.0235', '0.0076', '0.0400', '0.0173', '0.0264', '0.0036', '0.2846', '0.2013', '0.3919', '0.0039']
2024-11-07 23:50:14,316 - INFO - # EPOCH 28/100   distill loss: 0.0411
2024-11-07 23:50:14,316 - INFO - #               loss: 0.2873,    clean acc: 0.8969
2024-11-07 23:50:14,316 - INFO - #               poison acc: 0.1680
2024-11-07 23:50:14,316 - INFO - #               topK: defaultdict(<class 'int'>, {8: 119, 7: 97, 6: 117, 4: 15, 2: 15, 3: 7, 0: 4, 1: 1}),     Acc_topK: 0.0000
2024-11-07 23:50:32,600 - INFO - #The mean probability: ['0.0276', '0.0068', '0.0489', '0.0184', '0.0270', '0.0026', '0.3496', '0.1264', '0.3891', '0.0036']
2024-11-07 23:50:32,614 - INFO - # EPOCH 29/100   distill loss: 0.0412
2024-11-07 23:50:32,614 - INFO - #               loss: 0.2888,    clean acc: 0.8947
2024-11-07 23:50:32,614 - INFO - #               poison acc: 0.0480
2024-11-07 23:50:32,614 - INFO - #               topK: defaultdict(<class 'int'>, {8: 119, 7: 83, 6: 119, 4: 15, 2: 26, 3: 7, 0: 5, 1: 1}),     Acc_topK: 0.0000
2024-11-07 23:50:51,061 - INFO - #The mean probability: ['0.0270', '0.0092', '0.0400', '0.0220', '0.0322', '0.0034', '0.2764', '0.1881', '0.3967', '0.0049']
2024-11-07 23:50:51,075 - INFO - # EPOCH 30/100   distill loss: 0.0411
2024-11-07 23:50:51,076 - INFO - #               loss: 0.2817,    clean acc: 0.8973
2024-11-07 23:50:51,076 - INFO - #               poison acc: 0.1120
2024-11-07 23:50:51,076 - INFO - #               topK: defaultdict(<class 'int'>, {8: 121, 7: 97, 6: 115, 4: 14, 2: 12, 3: 7, 0: 7, 9: 1, 1: 1}),     Acc_topK: 0.0000
2024-11-07 23:51:09,367 - INFO - #The mean probability: ['0.0270', '0.0116', '0.0434', '0.0241', '0.0395', '0.0043', '0.2757', '0.2109', '0.3565', '0.0070']
2024-11-07 23:51:09,382 - INFO - # EPOCH 31/100   distill loss: 0.0409
2024-11-07 23:51:09,382 - INFO - #               loss: 0.2796,    clean acc: 0.8980
2024-11-07 23:51:09,382 - INFO - #               poison acc: 0.1600
2024-11-07 23:51:09,382 - INFO - #               topK: defaultdict(<class 'int'>, {8: 116, 7: 101, 6: 116, 4: 15, 2: 16, 3: 7, 0: 2, 9: 1, 1: 1}),     Acc_topK: 0.0000
2024-11-07 23:51:27,717 - INFO - #The mean probability: ['0.0331', '0.0100', '0.0552', '0.0283', '0.0441', '0.0045', '0.3393', '0.1569', '0.3234', '0.0053']
2024-11-07 23:51:27,731 - INFO - # EPOCH 32/100   distill loss: 0.0410
2024-11-07 23:51:27,732 - INFO - #               loss: 0.2822,    clean acc: 0.8976
2024-11-07 23:51:27,732 - INFO - #               poison acc: 0.1120
2024-11-07 23:51:27,732 - INFO - #               topK: defaultdict(<class 'int'>, {8: 115, 7: 85, 6: 113, 4: 17, 2: 25, 0: 6, 3: 12, 9: 1, 1: 1}),     Acc_topK: 0.0000
2024-11-07 23:51:46,058 - INFO - #The mean probability: ['0.0281', '0.0084', '0.0360', '0.0175', '0.0271', '0.0028', '0.2252', '0.2447', '0.4050', '0.0050']
2024-11-07 23:51:46,073 - INFO - # EPOCH 33/100   distill loss: 0.0410
2024-11-07 23:51:46,073 - INFO - #               loss: 0.2873,    clean acc: 0.8978
2024-11-07 23:51:46,073 - INFO - #               poison acc: 0.2160
2024-11-07 23:51:46,073 - INFO - #               topK: defaultdict(<class 'int'>, {8: 119, 7: 106, 6: 107, 4: 12, 2: 9, 3: 9, 0: 9, 9: 2, 1: 2}),     Acc_topK: 0.0000
2024-11-07 23:52:04,333 - INFO - #The mean probability: ['0.0377', '0.0088', '0.0465', '0.0167', '0.0303', '0.0027', '0.3167', '0.2183', '0.3183', '0.0040']
2024-11-07 23:52:04,347 - INFO - # EPOCH 34/100   distill loss: 0.0409
2024-11-07 23:52:04,348 - INFO - #               loss: 0.2857,    clean acc: 0.8994
2024-11-07 23:52:04,348 - INFO - #               poison acc: 0.1760
2024-11-07 23:52:04,348 - INFO - #               topK: defaultdict(<class 'int'>, {8: 111, 7: 98, 6: 114, 4: 12, 2: 18, 0: 15, 3: 6, 1: 1}),     Acc_topK: 0.0000
2024-11-07 23:52:22,692 - INFO - #The mean probability: ['0.0306', '0.0087', '0.0467', '0.0167', '0.0268', '0.0023', '0.3071', '0.2243', '0.3330', '0.0039']
2024-11-07 23:52:22,707 - INFO - # EPOCH 35/100   distill loss: 0.0411
2024-11-07 23:52:22,707 - INFO - #               loss: 0.2869,    clean acc: 0.8971
2024-11-07 23:52:22,707 - INFO - #               poison acc: 0.2080
2024-11-07 23:52:22,707 - INFO - #               topK: defaultdict(<class 'int'>, {8: 115, 7: 102, 6: 112, 4: 13, 2: 17, 3: 7, 0: 6, 9: 1, 1: 2}),     Acc_topK: 0.0000
2024-11-07 23:52:40,988 - INFO - #The mean probability: ['0.0297', '0.0073', '0.0364', '0.0198', '0.0281', '0.0028', '0.3446', '0.1685', '0.3578', '0.0050']
2024-11-07 23:52:41,002 - INFO - # EPOCH 36/100   distill loss: 0.0411
2024-11-07 23:52:41,002 - INFO - #               loss: 0.2841,    clean acc: 0.8949
2024-11-07 23:52:41,002 - INFO - #               poison acc: 0.0960
2024-11-07 23:52:41,003 - INFO - #               topK: defaultdict(<class 'int'>, {8: 120, 7: 91, 6: 118, 4: 15, 2: 13, 0: 8, 3: 8, 9: 1, 1: 1}),     Acc_topK: 0.0000
2024-11-07 23:52:59,341 - INFO - #The mean probability: ['0.0299', '0.0076', '0.0443', '0.0200', '0.0323', '0.0032', '0.2865', '0.2184', '0.3537', '0.0041']
2024-11-07 23:52:59,355 - INFO - # EPOCH 37/100   distill loss: 0.0409
2024-11-07 23:52:59,356 - INFO - #               loss: 0.2787,    clean acc: 0.8994
2024-11-07 23:52:59,356 - INFO - #               poison acc: 0.1680
2024-11-07 23:52:59,356 - INFO - #               topK: defaultdict(<class 'int'>, {8: 116, 7: 100, 6: 115, 4: 16, 2: 13, 3: 7, 0: 7, 1: 1}),     Acc_topK: 0.0000
2024-11-07 23:53:17,687 - INFO - #The mean probability: ['0.0348', '0.0118', '0.0505', '0.0239', '0.0350', '0.0040', '0.2829', '0.2077', '0.3443', '0.0051']
2024-11-07 23:53:17,702 - INFO - # EPOCH 38/100   distill loss: 0.0408
2024-11-07 23:53:17,702 - INFO - #               loss: 0.2786,    clean acc: 0.8997
2024-11-07 23:53:17,702 - INFO - #               poison acc: 0.2160
2024-11-07 23:53:17,702 - INFO - #               topK: defaultdict(<class 'int'>, {7: 93, 8: 114, 6: 116, 4: 15, 2: 19, 0: 7, 3: 8, 9: 1, 1: 2}),     Acc_topK: 0.0000
2024-11-07 23:53:35,950 - INFO - #The mean probability: ['0.0287', '0.0094', '0.0367', '0.0173', '0.0257', '0.0026', '0.2973', '0.1842', '0.3940', '0.0042']
2024-11-07 23:53:35,965 - INFO - # EPOCH 39/100   distill loss: 0.0408
2024-11-07 23:53:35,965 - INFO - #               loss: 0.2885,    clean acc: 0.8966
2024-11-07 23:53:35,965 - INFO - #               poison acc: 0.0880
2024-11-07 23:53:35,965 - INFO - #               topK: defaultdict(<class 'int'>, {8: 119, 7: 96, 6: 115, 4: 15, 2: 12, 0: 8, 3: 7, 9: 1, 1: 2}),     Acc_topK: 0.0000
2024-11-07 23:53:54,316 - INFO - #The mean probability: ['0.0253', '0.0119', '0.0423', '0.0182', '0.0277', '0.0021', '0.2611', '0.2130', '0.3945', '0.0038']
2024-11-07 23:53:54,330 - INFO - # EPOCH 40/100   distill loss: 0.0407
2024-11-07 23:53:54,330 - INFO - #               loss: 0.2797,    clean acc: 0.8989
2024-11-07 23:53:54,330 - INFO - #               poison acc: 0.1200
2024-11-07 23:53:54,330 - INFO - #               topK: defaultdict(<class 'int'>, {8: 119, 7: 101, 6: 113, 4: 12, 2: 18, 3: 6, 0: 3, 1: 3}),     Acc_topK: 0.0000
2024-11-07 23:54:12,621 - INFO - #The mean probability: ['0.0279', '0.0131', '0.0386', '0.0252', '0.0293', '0.0025', '0.2789', '0.1700', '0.4102', '0.0043']
2024-11-07 23:54:12,636 - INFO - # EPOCH 41/100   distill loss: 0.0407
2024-11-07 23:54:12,636 - INFO - #               loss: 0.2837,    clean acc: 0.8972
2024-11-07 23:54:12,636 - INFO - #               poison acc: 0.1040
2024-11-07 23:54:12,636 - INFO - #               topK: defaultdict(<class 'int'>, {8: 120, 7: 91, 6: 112, 4: 13, 2: 14, 0: 9, 3: 11, 1: 4, 9: 1}),     Acc_topK: 0.0000
2024-11-07 23:54:30,989 - INFO - #The mean probability: ['0.0295', '0.0098', '0.0340', '0.0148', '0.0264', '0.0023', '0.2578', '0.2131', '0.4088', '0.0036']
2024-11-07 23:54:31,003 - INFO - # EPOCH 42/100   distill loss: 0.0407
2024-11-07 23:54:31,003 - INFO - #               loss: 0.2836,    clean acc: 0.8990
2024-11-07 23:54:31,003 - INFO - #               poison acc: 0.1280
2024-11-07 23:54:31,003 - INFO - #               topK: defaultdict(<class 'int'>, {8: 121, 7: 102, 6: 109, 4: 13, 2: 10, 3: 6, 0: 10, 9: 1, 1: 3}),     Acc_topK: 0.0000
2024-11-07 23:54:49,502 - INFO - #The mean probability: ['0.0206', '0.0055', '0.0274', '0.0122', '0.0199', '0.0019', '0.2202', '0.3391', '0.3508', '0.0023']
2024-11-07 23:54:49,519 - INFO - # EPOCH 43/100   distill loss: 0.0410
2024-11-07 23:54:49,519 - INFO - #               loss: 0.2858,    clean acc: 0.8968
2024-11-07 23:54:49,519 - INFO - #               poison acc: 0.4000
2024-11-07 23:54:49,519 - INFO - #               topK: defaultdict(<class 'int'>, {7: 114, 8: 118, 6: 109, 4: 10, 2: 9, 3: 6, 0: 7, 1: 2}),     Acc_topK: 0.0000
2024-11-07 23:55:07,980 - INFO - #The mean probability: ['0.0231', '0.0105', '0.0318', '0.0205', '0.0270', '0.0031', '0.2042', '0.2644', '0.4102', '0.0052']
2024-11-07 23:55:07,995 - INFO - # EPOCH 44/100   distill loss: 0.0408
2024-11-07 23:55:07,996 - INFO - #               loss: 0.2809,    clean acc: 0.9005
2024-11-07 23:55:07,996 - INFO - #               poison acc: 0.2800
2024-11-07 23:55:07,996 - INFO - #               topK: defaultdict(<class 'int'>, {7: 109, 8: 121, 6: 103, 4: 11, 2: 10, 3: 9, 0: 7, 9: 2, 1: 3}),     Acc_topK: 0.0000
2024-11-07 23:55:26,742 - INFO - #The mean probability: ['0.0254', '0.0119', '0.0479', '0.0227', '0.0351', '0.0030', '0.2913', '0.2051', '0.3528', '0.0047']
2024-11-07 23:55:26,757 - INFO - # EPOCH 45/100   distill loss: 0.0408
2024-11-07 23:55:26,757 - INFO - #               loss: 0.2869,    clean acc: 0.8970
2024-11-07 23:55:26,757 - INFO - #               poison acc: 0.2080
2024-11-07 23:55:26,758 - INFO - #               topK: defaultdict(<class 'int'>, {8: 116, 7: 97, 6: 112, 4: 16, 2: 21, 3: 7, 0: 3, 1: 3}),     Acc_topK: 0.0000
2024-11-07 23:55:45,415 - INFO - #The mean probability: ['0.0271', '0.0102', '0.0417', '0.0228', '0.0271', '0.0041', '0.2382', '0.2394', '0.3835', '0.0059']
2024-11-07 23:55:45,430 - INFO - # EPOCH 46/100   distill loss: 0.0409
2024-11-07 23:55:45,431 - INFO - #               loss: 0.2791,    clean acc: 0.8995
2024-11-07 23:55:45,431 - INFO - #               poison acc: 0.2160
2024-11-07 23:55:45,431 - INFO - #               topK: defaultdict(<class 'int'>, {7: 101, 8: 119, 6: 110, 4: 13, 2: 14, 3: 7, 0: 7, 9: 1, 1: 3}),     Acc_topK: 0.0000
2024-11-07 23:56:04,150 - INFO - #The mean probability: ['0.0263', '0.0119', '0.0435', '0.0228', '0.0320', '0.0026', '0.2682', '0.2519', '0.3369', '0.0040']
2024-11-07 23:56:04,166 - INFO - # EPOCH 47/100   distill loss: 0.0408
2024-11-07 23:56:04,166 - INFO - #               loss: 0.2787,    clean acc: 0.8984
2024-11-07 23:56:04,166 - INFO - #               poison acc: 0.2640
2024-11-07 23:56:04,167 - INFO - #               topK: defaultdict(<class 'int'>, {7: 103, 8: 114, 6: 113, 4: 14, 2: 17, 3: 7, 0: 4, 1: 3}),     Acc_topK: 0.0000
2024-11-07 23:56:22,878 - INFO - #The mean probability: ['0.0183', '0.0083', '0.0294', '0.0163', '0.0223', '0.0024', '0.1818', '0.2876', '0.4282', '0.0054']
2024-11-07 23:56:22,894 - INFO - # EPOCH 48/100   distill loss: 0.0407
2024-11-07 23:56:22,894 - INFO - #               loss: 0.2808,    clean acc: 0.9011
2024-11-07 23:56:22,894 - INFO - #               poison acc: 0.2800
2024-11-07 23:56:22,894 - INFO - #               topK: defaultdict(<class 'int'>, {7: 112, 8: 120, 6: 108, 4: 9, 2: 13, 3: 5, 0: 4, 9: 1, 1: 3}),     Acc_topK: 0.0000
2024-11-07 23:56:41,166 - INFO - #The mean probability: ['0.0296', '0.0107', '0.0544', '0.0262', '0.0328', '0.0030', '0.2650', '0.2601', '0.3123', '0.0060']
2024-11-07 23:56:41,181 - INFO - # EPOCH 49/100   distill loss: 0.0406
2024-11-07 23:56:41,182 - INFO - #               loss: 0.2809,    clean acc: 0.8985
2024-11-07 23:56:41,182 - INFO - #               poison acc: 0.2960
2024-11-07 23:56:41,182 - INFO - #               topK: defaultdict(<class 'int'>, {7: 106, 8: 112, 6: 108, 4: 12, 2: 21, 3: 9, 0: 5, 1: 2}),     Acc_topK: 0.0000
2024-11-07 23:56:59,532 - INFO - #The mean probability: ['0.0200', '0.0117', '0.0413', '0.0164', '0.0317', '0.0026', '0.2878', '0.2681', '0.3166', '0.0038']
2024-11-07 23:56:59,548 - INFO - # EPOCH 50/100   distill loss: 0.0409
2024-11-07 23:56:59,548 - INFO - #               loss: 0.2840,    clean acc: 0.8968
2024-11-07 23:56:59,548 - INFO - #               poison acc: 0.2880
2024-11-07 23:56:59,548 - INFO - #               topK: defaultdict(<class 'int'>, {7: 105, 8: 116, 6: 115, 4: 12, 2: 18, 3: 4, 0: 1, 1: 4}),     Acc_topK: 0.0000
2024-11-07 23:57:17,822 - INFO - #The mean probability: ['0.0254', '0.0060', '0.0344', '0.0186', '0.0186', '0.0019', '0.3259', '0.1845', '0.3818', '0.0030']
2024-11-07 23:57:17,836 - INFO - # EPOCH 51/100   distill loss: 0.0410
2024-11-07 23:57:17,836 - INFO - #               loss: 0.2791,    clean acc: 0.8989
2024-11-07 23:57:17,836 - INFO - #               poison acc: 0.1120
2024-11-07 23:57:17,836 - INFO - #               topK: defaultdict(<class 'int'>, {8: 120, 7: 98, 6: 117, 4: 12, 2: 12, 3: 8, 0: 7, 1: 1}),     Acc_topK: 0.0000
2024-11-07 23:57:36,193 - INFO - #The mean probability: ['0.0240', '0.0074', '0.0439', '0.0208', '0.0227', '0.0024', '0.2989', '0.2337', '0.3424', '0.0037']
2024-11-07 23:57:36,208 - INFO - # EPOCH 52/100   distill loss: 0.0406
2024-11-07 23:57:36,208 - INFO - #               loss: 0.2797,    clean acc: 0.8996
2024-11-07 23:57:36,208 - INFO - #               poison acc: 0.2000
2024-11-07 23:57:36,208 - INFO - #               topK: defaultdict(<class 'int'>, {8: 115, 7: 104, 6: 113, 4: 12, 2: 19, 3: 7, 0: 3, 1: 2}),     Acc_topK: 0.0000
2024-11-07 23:57:54,549 - INFO - #The mean probability: ['0.0282', '0.0123', '0.0425', '0.0270', '0.0264', '0.0037', '0.2836', '0.2640', '0.3075', '0.0049']
2024-11-07 23:57:54,565 - INFO - # EPOCH 53/100   distill loss: 0.0406
2024-11-07 23:57:54,566 - INFO - #               loss: 0.2805,    clean acc: 0.8997
2024-11-07 23:57:54,566 - INFO - #               poison acc: 0.3040
2024-11-07 23:57:54,566 - INFO - #               topK: defaultdict(<class 'int'>, {7: 106, 8: 112, 6: 113, 4: 13, 2: 15, 3: 9, 0: 4, 1: 3}),     Acc_topK: 0.0000
2024-11-07 23:58:12,918 - INFO - #The mean probability: ['0.0257', '0.0093', '0.0383', '0.0173', '0.0209', '0.0014', '0.3555', '0.2064', '0.3223', '0.0029']
2024-11-07 23:58:12,933 - INFO - # EPOCH 54/100   distill loss: 0.0409
2024-11-07 23:58:12,934 - INFO - #               loss: 0.2818,    clean acc: 0.8981
2024-11-07 23:58:12,934 - INFO - #               poison acc: 0.1760
2024-11-07 23:58:12,934 - INFO - #               topK: defaultdict(<class 'int'>, {8: 113, 7: 98, 6: 119, 4: 13, 2: 17, 0: 8, 3: 5, 1: 2}),     Acc_topK: 0.0000
2024-11-07 23:58:31,611 - INFO - #The mean probability: ['0.0255', '0.0065', '0.0298', '0.0172', '0.0150', '0.0021', '0.2200', '0.2996', '0.3809', '0.0034']
2024-11-07 23:58:31,627 - INFO - # EPOCH 55/100   distill loss: 0.0405
2024-11-07 23:58:31,627 - INFO - #               loss: 0.2749,    clean acc: 0.9003
2024-11-07 23:58:31,628 - INFO - #               poison acc: 0.3040
2024-11-07 23:58:31,628 - INFO - #               topK: defaultdict(<class 'int'>, {7: 114, 8: 120, 6: 108, 4: 6, 2: 9, 3: 8, 0: 8, 1: 2}),     Acc_topK: 0.0000
2024-11-07 23:58:50,262 - INFO - #The mean probability: ['0.0238', '0.0075', '0.0297', '0.0220', '0.0225', '0.0020', '0.2350', '0.3073', '0.3467', '0.0034']
2024-11-07 23:58:50,279 - INFO - # EPOCH 56/100   distill loss: 0.0406
2024-11-07 23:58:50,279 - INFO - #               loss: 0.2771,    clean acc: 0.9009
2024-11-07 23:58:50,279 - INFO - #               poison acc: 0.3840
2024-11-07 23:58:50,279 - INFO - #               topK: defaultdict(<class 'int'>, {7: 111, 8: 117, 6: 111, 4: 11, 2: 9, 3: 9, 0: 5, 1: 2}),     Acc_topK: 0.0000
2024-11-07 23:59:08,980 - INFO - #The mean probability: ['0.0192', '0.0067', '0.0362', '0.0212', '0.0234', '0.0015', '0.2949', '0.2235', '0.3709', '0.0025']
2024-11-07 23:59:08,995 - INFO - # EPOCH 57/100   distill loss: 0.0406
2024-11-07 23:59:08,996 - INFO - #               loss: 0.2807,    clean acc: 0.8988
2024-11-07 23:59:08,996 - INFO - #               poison acc: 0.1760
2024-11-07 23:59:08,996 - INFO - #               topK: defaultdict(<class 'int'>, {7: 101, 8: 119, 6: 115, 4: 13, 2: 14, 3: 9, 0: 2, 1: 2}),     Acc_topK: 0.0000
2024-11-07 23:59:27,679 - INFO - #The mean probability: ['0.0257', '0.0143', '0.0395', '0.0212', '0.0231', '0.0026', '0.2393', '0.2996', '0.3292', '0.0054']
2024-11-07 23:59:27,695 - INFO - # EPOCH 58/100   distill loss: 0.0407
2024-11-07 23:59:27,696 - INFO - #               loss: 0.2775,    clean acc: 0.9004
2024-11-07 23:59:27,696 - INFO - #               poison acc: 0.3520
2024-11-07 23:59:27,696 - INFO - #               topK: defaultdict(<class 'int'>, {7: 106, 8: 115, 6: 108, 4: 13, 2: 14, 3: 10, 0: 5, 9: 1, 1: 3}),     Acc_topK: 0.0000
2024-11-07 23:59:46,309 - INFO - #The mean probability: ['0.0255', '0.0086', '0.0394', '0.0149', '0.0286', '0.0020', '0.2846', '0.2460', '0.3473', '0.0031']
2024-11-07 23:59:46,325 - INFO - # EPOCH 59/100   distill loss: 0.0405
2024-11-07 23:59:46,325 - INFO - #               loss: 0.2768,    clean acc: 0.8999
2024-11-07 23:59:46,325 - INFO - #               poison acc: 0.2560
2024-11-07 23:59:46,326 - INFO - #               topK: defaultdict(<class 'int'>, {7: 101, 8: 119, 6: 116, 4: 12, 2: 13, 0: 6, 3: 6, 1: 2}),     Acc_topK: 0.0000
2024-11-08 00:00:05,026 - INFO - #The mean probability: ['0.0243', '0.0096', '0.0396', '0.0190', '0.0211', '0.0025', '0.2530', '0.2798', '0.3469', '0.0041']
2024-11-08 00:00:05,042 - INFO - # EPOCH 60/100   distill loss: 0.0406
2024-11-08 00:00:05,042 - INFO - #               loss: 0.2750,    clean acc: 0.8991
2024-11-08 00:00:05,042 - INFO - #               poison acc: 0.3040
2024-11-08 00:00:05,042 - INFO - #               topK: defaultdict(<class 'int'>, {7: 106, 8: 118, 6: 110, 4: 12, 2: 12, 3: 8, 0: 6, 9: 1, 1: 2}),     Acc_topK: 0.0000
2024-11-08 00:00:23,687 - INFO - #The mean probability: ['0.0270', '0.0106', '0.0423', '0.0182', '0.0217', '0.0026', '0.2495', '0.2706', '0.3532', '0.0044']
2024-11-08 00:00:23,703 - INFO - # EPOCH 61/100   distill loss: 0.0406
2024-11-08 00:00:23,703 - INFO - #               loss: 0.2749,    clean acc: 0.9027
2024-11-08 00:00:23,703 - INFO - #               poison acc: 0.2960
2024-11-08 00:00:23,703 - INFO - #               topK: defaultdict(<class 'int'>, {7: 104, 8: 117, 6: 107, 4: 12, 2: 13, 0: 11, 3: 7, 9: 1, 1: 3}),     Acc_topK: 0.0000
2024-11-08 00:00:42,381 - INFO - #The mean probability: ['0.0193', '0.0063', '0.0317', '0.0138', '0.0119', '0.0022', '0.2256', '0.3290', '0.3575', '0.0027']
2024-11-08 00:00:42,398 - INFO - # EPOCH 62/100   distill loss: 0.0404
2024-11-08 00:00:42,398 - INFO - #               loss: 0.2788,    clean acc: 0.9003
2024-11-08 00:00:42,398 - INFO - #               poison acc: 0.3840
2024-11-08 00:00:42,398 - INFO - #               topK: defaultdict(<class 'int'>, {7: 115, 8: 118, 6: 111, 4: 7, 2: 9, 3: 9, 0: 4, 1: 2}),     Acc_topK: 0.0000
2024-11-08 00:01:01,091 - INFO - #The mean probability: ['0.0227', '0.0116', '0.0389', '0.0172', '0.0296', '0.0018', '0.2688', '0.2517', '0.3531', '0.0047']
2024-11-08 00:01:01,107 - INFO - # EPOCH 63/100   distill loss: 0.0407
2024-11-08 00:01:01,107 - INFO - #               loss: 0.2824,    clean acc: 0.8963
2024-11-08 00:01:01,107 - INFO - #               poison acc: 0.2480
2024-11-08 00:01:01,107 - INFO - #               topK: defaultdict(<class 'int'>, {7: 105, 8: 115, 6: 113, 4: 13, 2: 15, 3: 7, 0: 4, 9: 1, 1: 2}),     Acc_topK: 0.0000
2024-11-08 00:01:19,729 - INFO - #The mean probability: ['0.0250', '0.0105', '0.0330', '0.0205', '0.0178', '0.0025', '0.2622', '0.3281', '0.2968', '0.0036']
2024-11-08 00:01:19,745 - INFO - # EPOCH 64/100   distill loss: 0.0407
2024-11-08 00:01:19,746 - INFO - #               loss: 0.2772,    clean acc: 0.8988
2024-11-08 00:01:19,746 - INFO - #               poison acc: 0.3840
2024-11-08 00:01:19,746 - INFO - #               topK: defaultdict(<class 'int'>, {7: 111, 8: 115, 6: 113, 4: 10, 2: 10, 3: 8, 0: 4, 1: 4}),     Acc_topK: 0.0000
2024-11-08 00:01:38,438 - INFO - #The mean probability: ['0.0222', '0.0101', '0.0318', '0.0184', '0.0226', '0.0017', '0.2690', '0.3068', '0.3146', '0.0027']
2024-11-08 00:01:38,455 - INFO - # EPOCH 65/100   distill loss: 0.0405
2024-11-08 00:01:38,455 - INFO - #               loss: 0.2772,    clean acc: 0.9011
2024-11-08 00:01:38,455 - INFO - #               poison acc: 0.3360
2024-11-08 00:01:38,455 - INFO - #               topK: defaultdict(<class 'int'>, {7: 108, 8: 115, 6: 113, 4: 12, 2: 10, 3: 9, 0: 4, 9: 1, 1: 3}),     Acc_topK: 0.0000
2024-11-08 00:01:57,068 - INFO - #The mean probability: ['0.0226', '0.0065', '0.0366', '0.0178', '0.0233', '0.0017', '0.2610', '0.2536', '0.3741', '0.0027']
2024-11-08 00:01:57,084 - INFO - # EPOCH 66/100   distill loss: 0.0405
2024-11-08 00:01:57,084 - INFO - #               loss: 0.2797,    clean acc: 0.8988
2024-11-08 00:01:57,084 - INFO - #               poison acc: 0.2400
2024-11-08 00:01:57,084 - INFO - #               topK: defaultdict(<class 'int'>, {7: 103, 8: 117, 6: 114, 4: 12, 2: 15, 0: 5, 3: 7, 1: 2}),     Acc_topK: 0.0000
2024-11-08 00:02:15,799 - INFO - #The mean probability: ['0.0228', '0.0108', '0.0408', '0.0186', '0.0267', '0.0019', '0.2271', '0.2590', '0.3881', '0.0042']
2024-11-08 00:02:15,814 - INFO - # EPOCH 67/100   distill loss: 0.0405
2024-11-08 00:02:15,815 - INFO - #               loss: 0.2773,    clean acc: 0.9005
2024-11-08 00:02:15,815 - INFO - #               poison acc: 0.2400
2024-11-08 00:02:15,815 - INFO - #               topK: defaultdict(<class 'int'>, {8: 118, 7: 103, 6: 109, 4: 12, 2: 16, 3: 9, 0: 4, 9: 1, 1: 3}),     Acc_topK: 0.0000
2024-11-08 00:02:34,541 - INFO - #The mean probability: ['0.0240', '0.0113', '0.0475', '0.0189', '0.0282', '0.0029', '0.2012', '0.3396', '0.3227', '0.0038']
2024-11-08 00:02:34,558 - INFO - # EPOCH 68/100   distill loss: 0.0407
2024-11-08 00:02:34,558 - INFO - #               loss: 0.2700,    clean acc: 0.9021
2024-11-08 00:02:34,559 - INFO - #               poison acc: 0.4400
2024-11-08 00:02:34,559 - INFO - #               topK: defaultdict(<class 'int'>, {7: 111, 8: 112, 6: 107, 4: 12, 2: 16, 3: 9, 0: 4, 9: 1, 1: 3}),     Acc_topK: 0.0000
2024-11-08 00:02:53,185 - INFO - #The mean probability: ['0.0212', '0.0106', '0.0361', '0.0155', '0.0281', '0.0021', '0.2536', '0.3274', '0.3019', '0.0034']
2024-11-08 00:02:53,202 - INFO - # EPOCH 69/100   distill loss: 0.0406
2024-11-08 00:02:53,202 - INFO - #               loss: 0.2792,    clean acc: 0.8985
2024-11-08 00:02:53,202 - INFO - #               poison acc: 0.3840
2024-11-08 00:02:53,202 - INFO - #               topK: defaultdict(<class 'int'>, {7: 108, 8: 113, 6: 112, 4: 14, 2: 12, 3: 8, 0: 4, 9: 1, 1: 3}),     Acc_topK: 0.0000
2024-11-08 00:03:11,863 - INFO - #The mean probability: ['0.0216', '0.0070', '0.0305', '0.0151', '0.0201', '0.0025', '0.2114', '0.3746', '0.3140', '0.0033']
2024-11-08 00:03:11,881 - INFO - # EPOCH 70/100   distill loss: 0.0405
2024-11-08 00:03:11,881 - INFO - #               loss: 0.2731,    clean acc: 0.9021
2024-11-08 00:03:11,881 - INFO - #               poison acc: 0.4640
2024-11-08 00:03:11,881 - INFO - #               topK: defaultdict(<class 'int'>, {7: 117, 8: 116, 6: 112, 4: 9, 2: 7, 3: 7, 0: 5, 1: 2}),     Acc_topK: 0.0000
2024-11-08 00:03:30,465 - INFO - #The mean probability: ['0.0182', '0.0083', '0.0347', '0.0125', '0.0239', '0.0021', '0.1877', '0.3595', '0.3499', '0.0030']
2024-11-08 00:03:30,482 - INFO - # EPOCH 71/100   distill loss: 0.0405
2024-11-08 00:03:30,482 - INFO - #               loss: 0.2776,    clean acc: 0.9013
2024-11-08 00:03:30,482 - INFO - #               poison acc: 0.4320
2024-11-08 00:03:30,482 - INFO - #               topK: defaultdict(<class 'int'>, {7: 112, 8: 117, 6: 107, 4: 12, 2: 12, 3: 7, 0: 3, 9: 2, 1: 3}),     Acc_topK: 0.0000
2024-11-08 00:03:48,915 - INFO - #The mean probability: ['0.0239', '0.0095', '0.0405', '0.0180', '0.0285', '0.0023', '0.2395', '0.2891', '0.3462', '0.0025']
2024-11-08 00:03:48,931 - INFO - # EPOCH 72/100   distill loss: 0.0405
2024-11-08 00:03:48,931 - INFO - #               loss: 0.2791,    clean acc: 0.8995
2024-11-08 00:03:48,931 - INFO - #               poison acc: 0.3200
2024-11-08 00:03:48,931 - INFO - #               topK: defaultdict(<class 'int'>, {7: 104, 8: 115, 6: 112, 4: 13, 2: 17, 3: 8, 0: 4, 1: 2}),     Acc_topK: 0.0000
2024-11-08 00:04:07,663 - INFO - #The mean probability: ['0.0244', '0.0072', '0.0298', '0.0151', '0.0199', '0.0022', '0.2604', '0.3638', '0.2743', '0.0028']
2024-11-08 00:04:07,680 - INFO - # EPOCH 73/100   distill loss: 0.0403
2024-11-08 00:04:07,681 - INFO - #               loss: 0.2759,    clean acc: 0.9008
2024-11-08 00:04:07,681 - INFO - #               poison acc: 0.4720
2024-11-08 00:04:07,681 - INFO - #               topK: defaultdict(<class 'int'>, {7: 111, 8: 115, 6: 116, 2: 10, 4: 10, 3: 7, 0: 4, 1: 2}),     Acc_topK: 0.0000
2024-11-08 00:04:26,316 - INFO - #The mean probability: ['0.0221', '0.0088', '0.0338', '0.0154', '0.0173', '0.0025', '0.2169', '0.3599', '0.3198', '0.0035']
2024-11-08 00:04:26,333 - INFO - # EPOCH 74/100   distill loss: 0.0407
2024-11-08 00:04:26,333 - INFO - #               loss: 0.2769,    clean acc: 0.9012
2024-11-08 00:04:26,333 - INFO - #               poison acc: 0.4640
2024-11-08 00:04:26,333 - INFO - #               topK: defaultdict(<class 'int'>, {7: 112, 8: 115, 6: 111, 4: 9, 2: 12, 3: 9, 0: 4, 1: 3}),     Acc_topK: 0.0000
2024-11-08 00:04:45,026 - INFO - #The mean probability: ['0.0204', '0.0083', '0.0215', '0.0145', '0.0125', '0.0028', '0.1741', '0.3749', '0.3666', '0.0044']
2024-11-08 00:04:45,043 - INFO - # EPOCH 75/100   distill loss: 0.0405
2024-11-08 00:04:45,043 - INFO - #               loss: 0.2726,    clean acc: 0.9022
2024-11-08 00:04:45,043 - INFO - #               poison acc: 0.4480
2024-11-08 00:04:45,044 - INFO - #               topK: defaultdict(<class 'int'>, {7: 120, 8: 120, 6: 106, 4: 6, 3: 6, 2: 5, 0: 8, 9: 1, 1: 3}),     Acc_topK: 0.0000
2024-11-08 00:05:03,653 - INFO - #The mean probability: ['0.0218', '0.0069', '0.0349', '0.0149', '0.0160', '0.0023', '0.1746', '0.3988', '0.3269', '0.0029']
2024-11-08 00:05:03,670 - INFO - # EPOCH 76/100   distill loss: 0.0404
2024-11-08 00:05:03,671 - INFO - #               loss: 0.2761,    clean acc: 0.9008
2024-11-08 00:05:03,671 - INFO - #               poison acc: 0.4960
2024-11-08 00:05:03,671 - INFO - #               topK: defaultdict(<class 'int'>, {7: 116, 8: 116, 6: 105, 2: 11, 4: 7, 3: 10, 0: 7, 9: 1, 1: 2}),     Acc_topK: 0.0000
2024-11-08 00:05:22,369 - INFO - #The mean probability: ['0.0223', '0.0080', '0.0324', '0.0167', '0.0229', '0.0019', '0.2222', '0.3184', '0.3522', '0.0031']
2024-11-08 00:05:22,386 - INFO - # EPOCH 77/100   distill loss: 0.0404
2024-11-08 00:05:22,386 - INFO - #               loss: 0.2767,    clean acc: 0.9000
2024-11-08 00:05:22,386 - INFO - #               poison acc: 0.3920
2024-11-08 00:05:22,386 - INFO - #               topK: defaultdict(<class 'int'>, {7: 108, 8: 117, 6: 112, 4: 11, 2: 11, 3: 9, 0: 4, 9: 1, 1: 2}),     Acc_topK: 0.0000
2024-11-08 00:05:41,067 - INFO - #The mean probability: ['0.0279', '0.0087', '0.0334', '0.0159', '0.0264', '0.0018', '0.2501', '0.2850', '0.3477', '0.0032']
2024-11-08 00:05:41,083 - INFO - # EPOCH 78/100   distill loss: 0.0404
2024-11-08 00:05:41,083 - INFO - #               loss: 0.2737,    clean acc: 0.9002
2024-11-08 00:05:41,083 - INFO - #               poison acc: 0.3040
2024-11-08 00:05:41,083 - INFO - #               topK: defaultdict(<class 'int'>, {7: 105, 8: 113, 6: 111, 4: 13, 2: 13, 0: 9, 3: 8, 9: 1, 1: 2}),     Acc_topK: 0.0000
2024-11-08 00:05:59,689 - INFO - #The mean probability: ['0.0206', '0.0085', '0.0306', '0.0112', '0.0196', '0.0021', '0.1880', '0.3187', '0.3975', '0.0032']
2024-11-08 00:05:59,705 - INFO - # EPOCH 79/100   distill loss: 0.0404
2024-11-08 00:05:59,705 - INFO - #               loss: 0.2753,    clean acc: 0.9006
2024-11-08 00:05:59,706 - INFO - #               poison acc: 0.3680
2024-11-08 00:05:59,706 - INFO - #               topK: defaultdict(<class 'int'>, {7: 112, 8: 121, 6: 106, 4: 9, 2: 11, 3: 7, 0: 5, 9: 1, 1: 3}),     Acc_topK: 0.0000
2024-11-08 00:06:18,409 - INFO - #The mean probability: ['0.0228', '0.0063', '0.0270', '0.0112', '0.0190', '0.0018', '0.2056', '0.3659', '0.3381', '0.0024']
2024-11-08 00:06:18,425 - INFO - # EPOCH 80/100   distill loss: 0.0404
2024-11-08 00:06:18,426 - INFO - #               loss: 0.2730,    clean acc: 0.9023
2024-11-08 00:06:18,426 - INFO - #               poison acc: 0.4240
2024-11-08 00:06:18,426 - INFO - #               topK: defaultdict(<class 'int'>, {7: 117, 8: 117, 6: 114, 4: 9, 2: 7, 3: 5, 0: 5, 1: 1}),     Acc_topK: 0.0000
2024-11-08 00:06:37,067 - INFO - #The mean probability: ['0.0213', '0.0041', '0.0223', '0.0094', '0.0146', '0.0015', '0.1867', '0.3356', '0.4021', '0.0024']
2024-11-08 00:06:37,084 - INFO - # EPOCH 81/100   distill loss: 0.0406
2024-11-08 00:06:37,084 - INFO - #               loss: 0.2744,    clean acc: 0.9020
2024-11-08 00:06:37,084 - INFO - #               poison acc: 0.3680
2024-11-08 00:06:37,084 - INFO - #               topK: defaultdict(<class 'int'>, {7: 116, 8: 121, 6: 111, 4: 7, 0: 7, 3: 5, 2: 6, 9: 1, 1: 1}),     Acc_topK: 0.0000
2024-11-08 00:06:55,784 - INFO - #The mean probability: ['0.0281', '0.0073', '0.0348', '0.0180', '0.0197', '0.0024', '0.2553', '0.3334', '0.2985', '0.0026']
2024-11-08 00:06:55,801 - INFO - # EPOCH 82/100   distill loss: 0.0405
2024-11-08 00:06:55,801 - INFO - #               loss: 0.2730,    clean acc: 0.9033
2024-11-08 00:06:55,801 - INFO - #               poison acc: 0.3760
2024-11-08 00:06:55,801 - INFO - #               topK: defaultdict(<class 'int'>, {7: 109, 8: 113, 6: 111, 4: 12, 2: 12, 0: 8, 3: 9, 1: 1}),     Acc_topK: 0.0000
2024-11-08 00:07:14,471 - INFO - #The mean probability: ['0.0224', '0.0071', '0.0272', '0.0160', '0.0177', '0.0022', '0.1978', '0.4274', '0.2789', '0.0032']
2024-11-08 00:07:14,489 - INFO - # EPOCH 83/100   distill loss: 0.0404
2024-11-08 00:07:14,490 - INFO - #               loss: 0.2717,    clean acc: 0.9017
2024-11-08 00:07:14,490 - INFO - #               poison acc: 0.5920
2024-11-08 00:07:14,490 - INFO - #               topK: defaultdict(<class 'int'>, {7: 117, 8: 114, 6: 109, 2: 8, 4: 8, 3: 9, 0: 8, 1: 2}),     Acc_topK: 0.0000
2024-11-08 00:07:33,098 - INFO - #The mean probability: ['0.0232', '0.0085', '0.0326', '0.0129', '0.0189', '0.0023', '0.1835', '0.3869', '0.3278', '0.0033']
2024-11-08 00:07:33,115 - INFO - # EPOCH 84/100   distill loss: 0.0407
2024-11-08 00:07:33,116 - INFO - #               loss: 0.2740,    clean acc: 0.9004
2024-11-08 00:07:33,116 - INFO - #               poison acc: 0.4720
2024-11-08 00:07:33,116 - INFO - #               topK: defaultdict(<class 'int'>, {7: 116, 8: 118, 6: 108, 4: 9, 2: 8, 3: 8, 0: 6, 9: 1, 1: 1}),     Acc_topK: 0.0000
2024-11-08 00:07:51,793 - INFO - #The mean probability: ['0.0205', '0.0087', '0.0306', '0.0152', '0.0196', '0.0022', '0.1851', '0.3796', '0.3354', '0.0029']
2024-11-08 00:07:51,810 - INFO - # EPOCH 85/100   distill loss: 0.0404
2024-11-08 00:07:51,811 - INFO - #               loss: 0.2718,    clean acc: 0.9020
2024-11-08 00:07:51,811 - INFO - #               poison acc: 0.4560
2024-11-08 00:07:51,811 - INFO - #               topK: defaultdict(<class 'int'>, {7: 117, 8: 118, 6: 105, 4: 7, 2: 8, 3: 11, 0: 5, 9: 1, 1: 3}),     Acc_topK: 0.0000
2024-11-08 00:08:10,417 - INFO - #The mean probability: ['0.0215', '0.0087', '0.0320', '0.0145', '0.0254', '0.0024', '0.1751', '0.3605', '0.3558', '0.0042']
2024-11-08 00:08:10,434 - INFO - # EPOCH 86/100   distill loss: 0.0406
2024-11-08 00:08:10,434 - INFO - #               loss: 0.2752,    clean acc: 0.9016
2024-11-08 00:08:10,434 - INFO - #               poison acc: 0.4160
2024-11-08 00:08:10,434 - INFO - #               topK: defaultdict(<class 'int'>, {7: 113, 8: 117, 6: 103, 4: 12, 2: 9, 3: 7, 0: 6, 9: 5, 1: 3}),     Acc_topK: 0.0000
2024-11-08 00:08:29,132 - INFO - #The mean probability: ['0.0182', '0.0076', '0.0279', '0.0118', '0.0160', '0.0019', '0.1750', '0.4129', '0.3260', '0.0026']
2024-11-08 00:08:29,150 - INFO - # EPOCH 87/100   distill loss: 0.0405
2024-11-08 00:08:29,150 - INFO - #               loss: 0.2728,    clean acc: 0.9030
2024-11-08 00:08:29,150 - INFO - #               poison acc: 0.5280
2024-11-08 00:08:29,150 - INFO - #               topK: defaultdict(<class 'int'>, {7: 117, 8: 118, 6: 109, 4: 6, 2: 10, 3: 7, 0: 5, 9: 2, 1: 1}),     Acc_topK: 0.0000
2024-11-08 00:08:47,847 - INFO - #The mean probability: ['0.0169', '0.0081', '0.0256', '0.0129', '0.0154', '0.0019', '0.1752', '0.4174', '0.3243', '0.0024']
2024-11-08 00:08:47,864 - INFO - # EPOCH 88/100   distill loss: 0.0407
2024-11-08 00:08:47,865 - INFO - #               loss: 0.2742,    clean acc: 0.9020
2024-11-08 00:08:47,865 - INFO - #               poison acc: 0.5120
2024-11-08 00:08:47,865 - INFO - #               topK: defaultdict(<class 'int'>, {7: 119, 8: 117, 6: 106, 4: 7, 2: 8, 3: 10, 0: 5, 1: 3}),     Acc_topK: 0.0000
2024-11-08 00:09:06,499 - INFO - #The mean probability: ['0.0216', '0.0077', '0.0295', '0.0164', '0.0241', '0.0020', '0.2204', '0.3394', '0.3356', '0.0033']
2024-11-08 00:09:06,516 - INFO - # EPOCH 89/100   distill loss: 0.0404
2024-11-08 00:09:06,516 - INFO - #               loss: 0.2766,    clean acc: 0.9017
2024-11-08 00:09:06,516 - INFO - #               poison acc: 0.4240
2024-11-08 00:09:06,516 - INFO - #               topK: defaultdict(<class 'int'>, {7: 110, 8: 115, 6: 109, 4: 13, 2: 9, 3: 10, 0: 6, 9: 1, 1: 2}),     Acc_topK: 0.0000
2024-11-08 00:09:25,203 - INFO - #The mean probability: ['0.0224', '0.0074', '0.0308', '0.0133', '0.0196', '0.0021', '0.2173', '0.4103', '0.2743', '0.0025']
2024-11-08 00:09:25,221 - INFO - # EPOCH 90/100   distill loss: 0.0406
2024-11-08 00:09:25,221 - INFO - #               loss: 0.2721,    clean acc: 0.9023
2024-11-08 00:09:25,221 - INFO - #               poison acc: 0.5520
2024-11-08 00:09:25,221 - INFO - #               topK: defaultdict(<class 'int'>, {7: 116, 8: 112, 6: 111, 4: 11, 2: 8, 3: 9, 0: 6, 9: 1, 1: 1}),     Acc_topK: 0.0000
2024-11-08 00:09:43,845 - INFO - #The mean probability: ['0.0199', '0.0098', '0.0322', '0.0145', '0.0201', '0.0018', '0.1576', '0.4131', '0.3287', '0.0024']
2024-11-08 00:09:43,863 - INFO - # EPOCH 91/100   distill loss: 0.0404
2024-11-08 00:09:43,863 - INFO - #               loss: 0.2734,    clean acc: 0.9001
2024-11-08 00:09:43,863 - INFO - #               poison acc: 0.5280
2024-11-08 00:09:43,863 - INFO - #               topK: defaultdict(<class 'int'>, {7: 117, 8: 115, 6: 100, 4: 10, 2: 10, 3: 10, 0: 9, 9: 1, 1: 3}),     Acc_topK: 0.0000
2024-11-08 00:10:02,552 - INFO - #The mean probability: ['0.0219', '0.0077', '0.0259', '0.0109', '0.0183', '0.0020', '0.1660', '0.4077', '0.3364', '0.0033']
2024-11-08 00:10:02,569 - INFO - # EPOCH 92/100   distill loss: 0.0405
2024-11-08 00:10:02,569 - INFO - #               loss: 0.2747,    clean acc: 0.9021
2024-11-08 00:10:02,570 - INFO - #               poison acc: 0.5040
2024-11-08 00:10:02,570 - INFO - #               topK: defaultdict(<class 'int'>, {7: 117, 8: 118, 6: 108, 4: 7, 2: 10, 3: 6, 0: 7, 9: 1, 1: 1}),     Acc_topK: 0.0000
2024-11-08 00:10:21,244 - INFO - #The mean probability: ['0.0218', '0.0065', '0.0284', '0.0139', '0.0166', '0.0016', '0.2128', '0.3699', '0.3260', '0.0024']
2024-11-08 00:10:21,261 - INFO - # EPOCH 93/100   distill loss: 0.0402
2024-11-08 00:10:21,261 - INFO - #               loss: 0.2719,    clean acc: 0.8993
2024-11-08 00:10:21,261 - INFO - #               poison acc: 0.4480
2024-11-08 00:10:21,261 - INFO - #               topK: defaultdict(<class 'int'>, {7: 118, 8: 116, 6: 110, 2: 9, 4: 6, 3: 8, 0: 7, 1: 1}),     Acc_topK: 0.0000
2024-11-08 00:10:39,880 - INFO - #The mean probability: ['0.0220', '0.0085', '0.0245', '0.0162', '0.0139', '0.0021', '0.1923', '0.4200', '0.2975', '0.0030']
2024-11-08 00:10:39,898 - INFO - # EPOCH 94/100   distill loss: 0.0402
2024-11-08 00:10:39,899 - INFO - #               loss: 0.2720,    clean acc: 0.9018
2024-11-08 00:10:39,899 - INFO - #               poison acc: 0.5680
2024-11-08 00:10:39,899 - INFO - #               topK: defaultdict(<class 'int'>, {7: 118, 8: 115, 6: 110, 2: 6, 4: 6, 3: 9, 0: 7, 1: 4}),     Acc_topK: 0.0000
2024-11-08 00:10:58,583 - INFO - #The mean probability: ['0.0212', '0.0075', '0.0275', '0.0150', '0.0136', '0.0016', '0.2134', '0.3491', '0.3486', '0.0025']
2024-11-08 00:10:58,600 - INFO - # EPOCH 95/100   distill loss: 0.0404
2024-11-08 00:10:58,600 - INFO - #               loss: 0.2733,    clean acc: 0.9019
2024-11-08 00:10:58,600 - INFO - #               poison acc: 0.4000
2024-11-08 00:10:58,600 - INFO - #               topK: defaultdict(<class 'int'>, {7: 117, 8: 118, 6: 114, 2: 7, 4: 6, 3: 8, 0: 4, 1: 1}),     Acc_topK: 0.0000
2024-11-08 00:11:17,222 - INFO - #The mean probability: ['0.0265', '0.0096', '0.0268', '0.0162', '0.0237', '0.0022', '0.2051', '0.3614', '0.3254', '0.0031']
2024-11-08 00:11:17,239 - INFO - # EPOCH 96/100   distill loss: 0.0403
2024-11-08 00:11:17,239 - INFO - #               loss: 0.2731,    clean acc: 0.9012
2024-11-08 00:11:17,239 - INFO - #               poison acc: 0.4400
2024-11-08 00:11:17,239 - INFO - #               topK: defaultdict(<class 'int'>, {7: 114, 8: 114, 6: 105, 4: 11, 2: 8, 3: 10, 0: 9, 9: 1, 1: 3}),     Acc_topK: 0.0000
2024-11-08 00:11:35,945 - INFO - #The mean probability: ['0.0266', '0.0109', '0.0372', '0.0189', '0.0223', '0.0025', '0.2104', '0.3953', '0.2727', '0.0032']
2024-11-08 00:11:35,963 - INFO - # EPOCH 97/100   distill loss: 0.0404
2024-11-08 00:11:35,963 - INFO - #               loss: 0.2742,    clean acc: 0.9015
2024-11-08 00:11:35,963 - INFO - #               poison acc: 0.5440
2024-11-08 00:11:35,963 - INFO - #               topK: defaultdict(<class 'int'>, {7: 113, 8: 112, 6: 104, 4: 12, 2: 12, 3: 11, 0: 9, 1: 2}),     Acc_topK: 0.0000
2024-11-08 00:11:54,654 - INFO - #The mean probability: ['0.0279', '0.0105', '0.0377', '0.0145', '0.0287', '0.0021', '0.2180', '0.3515', '0.3064', '0.0027']
2024-11-08 00:11:54,671 - INFO - # EPOCH 98/100   distill loss: 0.0405
2024-11-08 00:11:54,671 - INFO - #               loss: 0.2726,    clean acc: 0.9025
2024-11-08 00:11:54,671 - INFO - #               poison acc: 0.4640
2024-11-08 00:11:54,671 - INFO - #               topK: defaultdict(<class 'int'>, {7: 112, 8: 111, 6: 106, 4: 14, 2: 12, 0: 8, 3: 7, 1: 4, 9: 1}),     Acc_topK: 0.0000
2024-11-08 00:12:13,293 - INFO - #The mean probability: ['0.0207', '0.0091', '0.0316', '0.0164', '0.0226', '0.0014', '0.2260', '0.3947', '0.2755', '0.0020']
2024-11-08 00:12:13,311 - INFO - # EPOCH 99/100   distill loss: 0.0403
2024-11-08 00:12:13,311 - INFO - #               loss: 0.2726,    clean acc: 0.9016
2024-11-08 00:12:13,311 - INFO - #               poison acc: 0.5680
2024-11-08 00:12:13,311 - INFO - #               topK: defaultdict(<class 'int'>, {7: 113, 8: 113, 6: 111, 4: 13, 2: 8, 3: 9, 0: 6, 1: 2}),     Acc_topK: 0.0000
2024-11-08 00:12:31,989 - INFO - #The mean probability: ['0.0233', '0.0070', '0.0314', '0.0130', '0.0183', '0.0022', '0.2215', '0.3706', '0.3098', '0.0029']
2024-11-08 00:12:32,006 - INFO - # EPOCH 100/100   distill loss: 0.0404
2024-11-08 00:12:32,006 - INFO - #               loss: 0.2718,    clean acc: 0.9012
2024-11-08 00:12:32,006 - INFO - #               poison acc: 0.4720
2024-11-08 00:12:32,006 - INFO - #               topK: defaultdict(<class 'int'>, {7: 114, 8: 114, 6: 107, 4: 11, 2: 10, 3: 8, 0: 8, 9: 1, 1: 2}),     Acc_topK: 0.0000
2024-11-08 00:12:32,006 - INFO - # END TRAIN 100 ROUNDS
 Clean Max == 0.9018
 Poison Max == 0.5680
