2024-11-09 21:02:45,398 - INFO - Namespace(batch_size=128, command=1, config='./configs/fmnist_distill.json', dataset='FashionMNIST', device='cuda:1', distill='soft', epochs=100, images=0, labelA=2, labelB=6, log='./log', logger=<RootLogger root (INFO)>, lr=0.0004, mix='frequency', model_path='./checkpoints/FMNIST/69.pth', seed=1314, size=125, target=7, temperatrue=8, top=3, topK=[1, 4, 7], train=0)
2024-11-09 21:02:45,525 - INFO - Recreate Watermark Images
2024-11-09 21:02:55,963 - INFO - Start Distillation for 100 epochs
2024-11-09 21:03:14,809 - INFO - #The mean probability: ['0.1647', '0.0482', '0.1205', '0.0404', '0.0718', '0.0532', '0.1334', '0.0145', '0.3296', '0.0239']
2024-11-09 21:03:14,823 - INFO - # EPOCH 1/100   distill loss: 0.1001
2024-11-09 21:03:14,823 - INFO - #               loss: 0.5469,    clean acc: 0.7803
2024-11-09 21:03:14,823 - INFO - #               poison acc: 0.0000
2024-11-09 21:03:14,823 - INFO - #               topK: defaultdict(<class 'int'>, {8: 104, 0: 88, 6: 82, 5: 17, 4: 19, 2: 38, 9: 9, 3: 4, 1: 12, 7: 2}),     Acc_topK: 0.0000
2024-11-09 21:03:33,478 - INFO - #The mean probability: ['0.1487', '0.0283', '0.1033', '0.0456', '0.0644', '0.0447', '0.1793', '0.0130', '0.3584', '0.0141']
2024-11-09 21:03:33,492 - INFO - # EPOCH 2/100   distill loss: 0.0438
2024-11-09 21:03:33,492 - INFO - #               loss: 0.4426,    clean acc: 0.8384
2024-11-09 21:03:33,492 - INFO - #               poison acc: 0.0000
2024-11-09 21:03:33,492 - INFO - #               topK: defaultdict(<class 'int'>, {8: 108, 6: 111, 0: 85, 5: 11, 4: 22, 2: 24, 7: 3, 3: 7, 9: 2, 1: 2}),     Acc_topK: 0.0000
2024-11-09 21:03:52,034 - INFO - #The mean probability: ['0.1030', '0.0288', '0.0861', '0.0485', '0.1036', '0.0218', '0.2979', '0.0136', '0.2856', '0.0110']
2024-11-09 21:03:52,048 - INFO - # EPOCH 3/100   distill loss: 0.0396
2024-11-09 21:03:52,048 - INFO - #               loss: 0.3915,    clean acc: 0.8569
2024-11-09 21:03:52,048 - INFO - #               poison acc: 0.0000
2024-11-09 21:03:52,048 - INFO - #               topK: defaultdict(<class 'int'>, {8: 106, 6: 119, 0: 56, 4: 47, 2: 27, 5: 2, 7: 4, 3: 11, 9: 1, 1: 2}),     Acc_topK: 0.0000
2024-11-09 21:04:10,895 - INFO - #The mean probability: ['0.0778', '0.0282', '0.0486', '0.0380', '0.1026', '0.0128', '0.3221', '0.0284', '0.3307', '0.0107']
2024-11-09 21:04:10,908 - INFO - # EPOCH 4/100   distill loss: 0.0379
2024-11-09 21:04:10,909 - INFO - #               loss: 0.3551,    clean acc: 0.8706
2024-11-09 21:04:10,909 - INFO - #               poison acc: 0.0000
2024-11-09 21:04:10,909 - INFO - #               topK: defaultdict(<class 'int'>, {8: 110, 6: 118, 0: 48, 4: 56, 2: 14, 7: 15, 9: 2, 3: 8, 5: 2, 1: 2}),     Acc_topK: 0.0000
2024-11-09 21:05:17,837 - INFO - #The mean probability: ['0.0673', '0.0316', '0.0451', '0.0470', '0.1108', '0.0182', '0.3464', '0.0347', '0.2858', '0.0132']
2024-11-09 21:05:17,851 - INFO - # EPOCH 5/100   distill loss: 0.0367
2024-11-09 21:05:17,851 - INFO - #               loss: 0.3424,    clean acc: 0.8725
2024-11-09 21:05:17,851 - INFO - #               poison acc: 0.0000
2024-11-09 21:05:17,851 - INFO - #               topK: defaultdict(<class 'int'>, {8: 109, 6: 122, 0: 28, 4: 62, 2: 13, 1: 5, 7: 17, 3: 15, 5: 3, 9: 1}),     Acc_topK: 0.0000
2024-11-09 21:05:42,483 - INFO - #The mean probability: ['0.0661', '0.0227', '0.0398', '0.0351', '0.0649', '0.0140', '0.3139', '0.0564', '0.3751', '0.0121']
2024-11-09 21:05:42,496 - INFO - # EPOCH 6/100   distill loss: 0.0363
2024-11-09 21:05:42,497 - INFO - #               loss: 0.3416,    clean acc: 0.8756
2024-11-09 21:05:42,497 - INFO - #               poison acc: 0.0080
2024-11-09 21:05:42,497 - INFO - #               topK: defaultdict(<class 'int'>, {8: 111, 6: 120, 7: 34, 0: 37, 2: 17, 4: 40, 3: 10, 5: 2, 1: 3, 9: 1}),     Acc_topK: 0.0000
2024-11-09 21:06:01,324 - INFO - #The mean probability: ['0.0369', '0.0144', '0.0217', '0.0330', '0.0481', '0.0126', '0.2508', '0.0702', '0.5002', '0.0121']
2024-11-09 21:06:01,338 - INFO - # EPOCH 7/100   distill loss: 0.0361
2024-11-09 21:06:01,338 - INFO - #               loss: 0.3263,    clean acc: 0.8796
2024-11-09 21:06:01,338 - INFO - #               poison acc: 0.0080
2024-11-09 21:06:01,338 - INFO - #               topK: defaultdict(<class 'int'>, {8: 123, 6: 116, 7: 54, 0: 20, 4: 34, 9: 3, 3: 16, 5: 2, 2: 4, 1: 3}),     Acc_topK: 0.0000
2024-11-09 21:06:20,184 - INFO - #The mean probability: ['0.0503', '0.0245', '0.0406', '0.0418', '0.0875', '0.0088', '0.3540', '0.0587', '0.3265', '0.0072']
2024-11-09 21:06:20,197 - INFO - # EPOCH 8/100   distill loss: 0.0357
2024-11-09 21:06:20,197 - INFO - #               loss: 0.3181,    clean acc: 0.8833
2024-11-09 21:06:20,197 - INFO - #               poison acc: 0.0080
2024-11-09 21:06:20,198 - INFO - #               topK: defaultdict(<class 'int'>, {8: 115, 6: 124, 7: 32, 4: 59, 0: 18, 2: 14, 3: 11, 1: 2}),     Acc_topK: 0.0000
2024-11-09 21:06:39,037 - INFO - #The mean probability: ['0.0546', '0.0169', '0.0332', '0.0332', '0.0592', '0.0126', '0.3253', '0.0907', '0.3659', '0.0084']
2024-11-09 21:06:39,051 - INFO - # EPOCH 9/100   distill loss: 0.0358
2024-11-09 21:06:39,051 - INFO - #               loss: 0.3165,    clean acc: 0.8843
2024-11-09 21:06:39,051 - INFO - #               poison acc: 0.0480
2024-11-09 21:06:39,051 - INFO - #               topK: defaultdict(<class 'int'>, {8: 118, 6: 120, 7: 49, 0: 26, 2: 14, 4: 34, 3: 8, 5: 2, 1: 3, 9: 1}),     Acc_topK: 0.0000
2024-11-09 21:06:57,819 - INFO - #The mean probability: ['0.0693', '0.0185', '0.0316', '0.0276', '0.0538', '0.0134', '0.3503', '0.1063', '0.3195', '0.0098']
2024-11-09 21:06:57,833 - INFO - # EPOCH 10/100   distill loss: 0.0355
2024-11-09 21:06:57,833 - INFO - #               loss: 0.3187,    clean acc: 0.8825
2024-11-09 21:06:57,833 - INFO - #               poison acc: 0.0560
2024-11-09 21:06:57,833 - INFO - #               topK: defaultdict(<class 'int'>, {8: 113, 6: 121, 7: 54, 0: 35, 2: 10, 4: 31, 3: 5, 5: 2, 1: 3, 9: 1}),     Acc_topK: 0.0000
2024-11-09 21:07:16,693 - INFO - #The mean probability: ['0.0530', '0.0160', '0.0335', '0.0265', '0.0537', '0.0100', '0.3070', '0.1033', '0.3869', '0.0102']
2024-11-09 21:07:16,707 - INFO - # EPOCH 11/100   distill loss: 0.0354
2024-11-09 21:07:16,707 - INFO - #               loss: 0.3074,    clean acc: 0.8881
2024-11-09 21:07:16,707 - INFO - #               poison acc: 0.0400
2024-11-09 21:07:16,707 - INFO - #               topK: defaultdict(<class 'int'>, {8: 117, 6: 121, 7: 58, 0: 22, 2: 11, 4: 33, 9: 2, 3: 7, 1: 3, 5: 1}),     Acc_topK: 0.0000
2024-11-09 21:08:23,543 - INFO - #The mean probability: ['0.0621', '0.0240', '0.0417', '0.0317', '0.0629', '0.0140', '0.2742', '0.1324', '0.3459', '0.0113']
2024-11-09 21:08:23,557 - INFO - # EPOCH 12/100   distill loss: 0.0352
2024-11-09 21:08:23,557 - INFO - #               loss: 0.3086,    clean acc: 0.8875
2024-11-09 21:08:23,558 - INFO - #               poison acc: 0.0640
2024-11-09 21:08:23,558 - INFO - #               topK: defaultdict(<class 'int'>, {8: 115, 6: 117, 7: 63, 0: 22, 2: 12, 4: 31, 9: 3, 3: 6, 5: 2, 1: 4}),     Acc_topK: 0.0000
2024-11-09 21:10:19,801 - INFO - #The mean probability: ['0.0656', '0.0184', '0.0368', '0.0262', '0.0533', '0.0109', '0.2598', '0.1325', '0.3868', '0.0097']
2024-11-09 21:10:19,815 - INFO - # EPOCH 13/100   distill loss: 0.0352
2024-11-09 21:10:19,815 - INFO - #               loss: 0.3111,    clean acc: 0.8875
2024-11-09 21:10:19,815 - INFO - #               poison acc: 0.0640
2024-11-09 21:10:19,815 - INFO - #               topK: defaultdict(<class 'int'>, {8: 118, 6: 114, 7: 66, 4: 24, 0: 29, 2: 11, 9: 3, 3: 5, 5: 2, 1: 3}),     Acc_topK: 0.0000
2024-11-09 21:12:15,238 - INFO - #The mean probability: ['0.0493', '0.0174', '0.0374', '0.0238', '0.0363', '0.0082', '0.2889', '0.1341', '0.3963', '0.0084']
2024-11-09 21:12:15,247 - INFO - # EPOCH 14/100   distill loss: 0.0354
2024-11-09 21:12:15,247 - INFO - #               loss: 0.3081,    clean acc: 0.8854
2024-11-09 21:12:15,247 - INFO - #               poison acc: 0.0640
2024-11-09 21:12:15,247 - INFO - #               topK: defaultdict(<class 'int'>, {8: 120, 6: 121, 7: 74, 0: 19, 4: 17, 2: 13, 3: 5, 5: 2, 1: 3, 9: 1}),     Acc_topK: 0.0000
2024-11-09 21:13:22,486 - INFO - #The mean probability: ['0.0569', '0.0113', '0.0360', '0.0200', '0.0321', '0.0107', '0.2783', '0.1565', '0.3909', '0.0073']
2024-11-09 21:13:22,500 - INFO - # EPOCH 15/100   distill loss: 0.0353
2024-11-09 21:13:22,501 - INFO - #               loss: 0.3067,    clean acc: 0.8894
2024-11-09 21:13:22,501 - INFO - #               poison acc: 0.0960
2024-11-09 21:13:22,501 - INFO - #               topK: defaultdict(<class 'int'>, {8: 118, 6: 118, 7: 82, 0: 24, 2: 13, 4: 14, 3: 2, 5: 2, 9: 1, 1: 1}),     Acc_topK: 0.0000
2024-11-09 21:15:18,830 - INFO - #The mean probability: ['0.0642', '0.0226', '0.0470', '0.0319', '0.0471', '0.0087', '0.3683', '0.1508', '0.2517', '0.0077']
2024-11-09 21:15:18,844 - INFO - # EPOCH 16/100   distill loss: 0.0350
2024-11-09 21:15:18,844 - INFO - #               loss: 0.3045,    clean acc: 0.8889
2024-11-09 21:15:18,845 - INFO - #               poison acc: 0.1200
2024-11-09 21:15:18,845 - INFO - #               topK: defaultdict(<class 'int'>, {6: 121, 8: 106, 7: 68, 0: 28, 2: 18, 4: 22, 3: 7, 1: 4, 9: 1}),     Acc_topK: 0.0000
2024-11-09 21:17:15,063 - INFO - #The mean probability: ['0.0484', '0.0117', '0.0292', '0.0242', '0.0362', '0.0068', '0.2934', '0.1578', '0.3866', '0.0057']
2024-11-09 21:17:15,077 - INFO - # EPOCH 17/100   distill loss: 0.0351
2024-11-09 21:17:15,077 - INFO - #               loss: 0.2992,    clean acc: 0.8921
2024-11-09 21:17:15,077 - INFO - #               poison acc: 0.0880
2024-11-09 21:17:15,077 - INFO - #               topK: defaultdict(<class 'int'>, {8: 119, 6: 117, 7: 83, 4: 17, 0: 19, 3: 10, 2: 7, 5: 1, 9: 1, 1: 1}),     Acc_topK: 0.0000
2024-11-09 21:18:22,793 - INFO - #The mean probability: ['0.0565', '0.0206', '0.0466', '0.0306', '0.0463', '0.0097', '0.3225', '0.1607', '0.2998', '0.0067']
2024-11-09 21:18:22,807 - INFO - # EPOCH 18/100   distill loss: 0.0351
2024-11-09 21:18:22,808 - INFO - #               loss: 0.3030,    clean acc: 0.8900
2024-11-09 21:18:22,808 - INFO - #               poison acc: 0.1280
2024-11-09 21:18:22,808 - INFO - #               topK: defaultdict(<class 'int'>, {8: 112, 6: 118, 7: 72, 4: 20, 0: 22, 2: 16, 3: 9, 5: 1, 1: 4, 9: 1}),     Acc_topK: 0.0000
2024-11-09 21:20:19,130 - INFO - #The mean probability: ['0.0521', '0.0099', '0.0279', '0.0152', '0.0258', '0.0068', '0.2640', '0.1737', '0.4196', '0.0051']
2024-11-09 21:20:19,145 - INFO - # EPOCH 19/100   distill loss: 0.0351
2024-11-09 21:20:19,145 - INFO - #               loss: 0.3026,    clean acc: 0.8890
2024-11-09 21:20:19,145 - INFO - #               poison acc: 0.1200
2024-11-09 21:20:19,145 - INFO - #               topK: defaultdict(<class 'int'>, {8: 119, 7: 91, 6: 115, 0: 22, 2: 9, 4: 13, 3: 2, 5: 2, 9: 1, 1: 1}),     Acc_topK: 0.0000
2024-11-09 21:22:15,251 - INFO - #The mean probability: ['0.0609', '0.0140', '0.0363', '0.0264', '0.0399', '0.0119', '0.2721', '0.1723', '0.3555', '0.0106']
2024-11-09 21:22:15,266 - INFO - # EPOCH 20/100   distill loss: 0.0350
2024-11-09 21:22:15,266 - INFO - #               loss: 0.3044,    clean acc: 0.8876
2024-11-09 21:22:15,266 - INFO - #               poison acc: 0.1440
2024-11-09 21:22:15,266 - INFO - #               topK: defaultdict(<class 'int'>, {8: 117, 7: 84, 6: 113, 0: 22, 4: 14, 2: 11, 9: 5, 3: 6, 5: 2, 1: 1}),     Acc_topK: 0.0000
2024-11-09 21:23:22,922 - INFO - #The mean probability: ['0.0545', '0.0162', '0.0368', '0.0291', '0.0431', '0.0079', '0.3000', '0.1770', '0.3290', '0.0063']
2024-11-09 21:23:22,937 - INFO - # EPOCH 21/100   distill loss: 0.0349
2024-11-09 21:23:22,937 - INFO - #               loss: 0.2962,    clean acc: 0.8929
2024-11-09 21:23:22,937 - INFO - #               poison acc: 0.1520
2024-11-09 21:23:22,937 - INFO - #               topK: defaultdict(<class 'int'>, {8: 116, 7: 84, 6: 117, 4: 17, 0: 19, 2: 10, 3: 8, 9: 1, 1: 3}),     Acc_topK: 0.0000
2024-11-09 21:25:19,373 - INFO - #The mean probability: ['0.0533', '0.0137', '0.0403', '0.0234', '0.0356', '0.0078', '0.2825', '0.1919', '0.3437', '0.0078']
2024-11-09 21:25:19,388 - INFO - # EPOCH 22/100   distill loss: 0.0351
2024-11-09 21:25:19,388 - INFO - #               loss: 0.2988,    clean acc: 0.8898
2024-11-09 21:25:19,388 - INFO - #               poison acc: 0.1600
2024-11-09 21:25:19,388 - INFO - #               topK: defaultdict(<class 'int'>, {8: 118, 7: 87, 6: 116, 0: 21, 2: 10, 4: 14, 3: 6, 9: 2, 1: 1}),     Acc_topK: 0.0000
2024-11-09 21:27:15,564 - INFO - #The mean probability: ['0.0581', '0.0224', '0.0467', '0.0300', '0.0318', '0.0070', '0.2790', '0.2333', '0.2854', '0.0063']
2024-11-09 21:27:15,579 - INFO - # EPOCH 23/100   distill loss: 0.0346
2024-11-09 21:27:15,579 - INFO - #               loss: 0.3007,    clean acc: 0.8892
2024-11-09 21:27:15,579 - INFO - #               poison acc: 0.2240
2024-11-09 21:27:15,580 - INFO - #               topK: defaultdict(<class 'int'>, {7: 90, 8: 113, 6: 118, 0: 18, 2: 12, 4: 11, 3: 8, 1: 4, 9: 1}),     Acc_topK: 0.0000
2024-11-09 21:28:23,443 - INFO - #The mean probability: ['0.0455', '0.0189', '0.0320', '0.0280', '0.0310', '0.0069', '0.2486', '0.2290', '0.3545', '0.0055']
2024-11-09 21:28:23,458 - INFO - # EPOCH 24/100   distill loss: 0.0348
2024-11-09 21:28:23,459 - INFO - #               loss: 0.2991,    clean acc: 0.8920
2024-11-09 21:28:23,459 - INFO - #               poison acc: 0.2080
2024-11-09 21:28:23,459 - INFO - #               topK: defaultdict(<class 'int'>, {7: 99, 8: 118, 6: 115, 0: 10, 2: 7, 4: 14, 3: 8, 5: 1, 9: 1, 1: 2}),     Acc_topK: 0.0000
2024-11-09 21:30:19,674 - INFO - #The mean probability: ['0.0520', '0.0166', '0.0399', '0.0283', '0.0343', '0.0079', '0.2770', '0.1823', '0.3542', '0.0075']
2024-11-09 21:30:19,688 - INFO - # EPOCH 25/100   distill loss: 0.0348
2024-11-09 21:30:19,689 - INFO - #               loss: 0.3020,    clean acc: 0.8898
2024-11-09 21:30:19,689 - INFO - #               poison acc: 0.1200
2024-11-09 21:30:19,689 - INFO - #               topK: defaultdict(<class 'int'>, {8: 116, 7: 86, 6: 117, 0: 18, 2: 12, 4: 14, 3: 7, 9: 2, 1: 3}),     Acc_topK: 0.0000
2024-11-09 21:32:16,054 - INFO - #The mean probability: ['0.0506', '0.0165', '0.0362', '0.0262', '0.0310', '0.0078', '0.2847', '0.2537', '0.2877', '0.0057']
2024-11-09 21:32:16,070 - INFO - # EPOCH 26/100   distill loss: 0.0348
2024-11-09 21:32:16,070 - INFO - #               loss: 0.2978,    clean acc: 0.8928
2024-11-09 21:32:16,070 - INFO - #               poison acc: 0.2720
2024-11-09 21:32:16,070 - INFO - #               topK: defaultdict(<class 'int'>, {7: 100, 8: 113, 6: 116, 0: 14, 2: 9, 4: 11, 3: 7, 9: 1, 1: 3, 5: 1}),     Acc_topK: 0.0000
2024-11-09 21:33:23,592 - INFO - #The mean probability: ['0.0503', '0.0136', '0.0230', '0.0227', '0.0149', '0.0071', '0.2310', '0.3042', '0.3265', '0.0067']
2024-11-09 21:33:23,609 - INFO - # EPOCH 27/100   distill loss: 0.0347
2024-11-09 21:33:23,609 - INFO - #               loss: 0.2961,    clean acc: 0.8935
2024-11-09 21:33:23,609 - INFO - #               poison acc: 0.3520
2024-11-09 21:33:23,609 - INFO - #               topK: defaultdict(<class 'int'>, {7: 108, 8: 116, 6: 113, 0: 19, 2: 7, 3: 7, 5: 1, 4: 2, 9: 1, 1: 1}),     Acc_topK: 0.0000
2024-11-09 21:35:19,963 - INFO - #The mean probability: ['0.0398', '0.0136', '0.0317', '0.0215', '0.0227', '0.0078', '0.2462', '0.2644', '0.3469', '0.0053']
2024-11-09 21:35:19,979 - INFO - # EPOCH 28/100   distill loss: 0.0348
2024-11-09 21:35:19,979 - INFO - #               loss: 0.2965,    clean acc: 0.8913
2024-11-09 21:35:19,979 - INFO - #               poison acc: 0.2480
2024-11-09 21:35:19,979 - INFO - #               topK: defaultdict(<class 'int'>, {8: 117, 7: 109, 6: 114, 0: 9, 2: 8, 4: 6, 3: 6, 5: 3, 9: 1, 1: 2}),     Acc_topK: 0.0000
2024-11-09 21:37:16,679 - INFO - #The mean probability: ['0.0461', '0.0152', '0.0395', '0.0221', '0.0276', '0.0064', '0.3013', '0.1974', '0.3392', '0.0051']
2024-11-09 21:37:16,694 - INFO - # EPOCH 29/100   distill loss: 0.0349
2024-11-09 21:37:16,694 - INFO - #               loss: 0.2997,    clean acc: 0.8901
2024-11-09 21:37:16,694 - INFO - #               poison acc: 0.1440
2024-11-09 21:37:16,694 - INFO - #               topK: defaultdict(<class 'int'>, {8: 118, 7: 91, 6: 118, 4: 11, 0: 15, 2: 12, 3: 6, 9: 1, 1: 3}),     Acc_topK: 0.0000
2024-11-09 21:38:23,859 - INFO - #The mean probability: ['0.0458', '0.0170', '0.0343', '0.0277', '0.0255', '0.0075', '0.2462', '0.2872', '0.3028', '0.0060']
2024-11-09 21:38:23,875 - INFO - # EPOCH 30/100   distill loss: 0.0347
2024-11-09 21:38:23,876 - INFO - #               loss: 0.2951,    clean acc: 0.8931
2024-11-09 21:38:23,876 - INFO - #               poison acc: 0.3520
2024-11-09 21:38:23,876 - INFO - #               topK: defaultdict(<class 'int'>, {7: 104, 8: 114, 6: 115, 0: 13, 2: 8, 4: 8, 3: 8, 9: 1, 5: 2, 1: 2}),     Acc_topK: 0.0000
2024-11-09 21:40:20,257 - INFO - #The mean probability: ['0.0471', '0.0183', '0.0383', '0.0303', '0.0289', '0.0094', '0.2359', '0.2973', '0.2868', '0.0077']
2024-11-09 21:40:20,273 - INFO - # EPOCH 31/100   distill loss: 0.0346
2024-11-09 21:40:20,273 - INFO - #               loss: 0.2943,    clean acc: 0.8942
2024-11-09 21:40:20,273 - INFO - #               poison acc: 0.3440
2024-11-09 21:40:20,273 - INFO - #               topK: defaultdict(<class 'int'>, {7: 106, 8: 112, 6: 108, 4: 9, 0: 14, 2: 6, 3: 12, 9: 3, 5: 2, 1: 3}),     Acc_topK: 0.0000
2024-11-09 21:41:17,734 - INFO - #The mean probability: ['0.0481', '0.0177', '0.0421', '0.0340', '0.0377', '0.0092', '0.3082', '0.2418', '0.2554', '0.0057']
2024-11-09 21:41:17,749 - INFO - # EPOCH 32/100   distill loss: 0.0348
2024-11-09 21:41:17,749 - INFO - #               loss: 0.2938,    clean acc: 0.8911
2024-11-09 21:41:17,749 - INFO - #               poison acc: 0.2480
2024-11-09 21:41:17,749 - INFO - #               topK: defaultdict(<class 'int'>, {6: 115, 7: 94, 8: 110, 4: 16, 0: 14, 2: 11, 3: 9, 9: 1, 1: 3, 5: 2}),     Acc_topK: 0.0000
2024-11-09 21:41:36,490 - INFO - #The mean probability: ['0.0412', '0.0130', '0.0286', '0.0205', '0.0219', '0.0063', '0.2033', '0.3492', '0.3101', '0.0057']
2024-11-09 21:41:36,506 - INFO - # EPOCH 33/100   distill loss: 0.0348
2024-11-09 21:41:36,507 - INFO - #               loss: 0.2951,    clean acc: 0.8938
2024-11-09 21:41:36,507 - INFO - #               poison acc: 0.4160
2024-11-09 21:41:36,507 - INFO - #               topK: defaultdict(<class 'int'>, {7: 112, 8: 116, 6: 105, 4: 5, 0: 14, 2: 6, 3: 9, 9: 5, 5: 1, 1: 2}),     Acc_topK: 0.0000
2024-11-09 21:41:55,316 - INFO - #The mean probability: ['0.0548', '0.0126', '0.0337', '0.0191', '0.0220', '0.0058', '0.2956', '0.3014', '0.2502', '0.0047']
2024-11-09 21:41:55,332 - INFO - # EPOCH 34/100   distill loss: 0.0346
2024-11-09 21:41:55,332 - INFO - #               loss: 0.2984,    clean acc: 0.8916
2024-11-09 21:41:55,332 - INFO - #               poison acc: 0.3600
2024-11-09 21:41:55,332 - INFO - #               topK: defaultdict(<class 'int'>, {7: 103, 8: 110, 6: 117, 0: 22, 2: 8, 4: 6, 3: 7, 9: 1, 1: 1}),     Acc_topK: 0.0000
2024-11-09 21:42:13,912 - INFO - #The mean probability: ['0.0453', '0.0121', '0.0365', '0.0190', '0.0222', '0.0054', '0.2708', '0.2989', '0.2850', '0.0047']
2024-11-09 21:42:13,929 - INFO - # EPOCH 35/100   distill loss: 0.0348
2024-11-09 21:42:13,929 - INFO - #               loss: 0.2941,    clean acc: 0.8938
2024-11-09 21:42:13,929 - INFO - #               poison acc: 0.3360
2024-11-09 21:42:13,929 - INFO - #               topK: defaultdict(<class 'int'>, {7: 106, 8: 113, 6: 114, 0: 17, 2: 9, 4: 6, 3: 5, 9: 2, 5: 1, 1: 2}),     Acc_topK: 0.0000
2024-11-09 21:42:32,785 - INFO - #The mean probability: ['0.0422', '0.0112', '0.0274', '0.0227', '0.0230', '0.0062', '0.2743', '0.2672', '0.3196', '0.0062']
2024-11-09 21:42:32,800 - INFO - # EPOCH 36/100   distill loss: 0.0348
2024-11-09 21:42:32,801 - INFO - #               loss: 0.2944,    clean acc: 0.8924
2024-11-09 21:42:32,801 - INFO - #               poison acc: 0.2960
2024-11-09 21:42:32,801 - INFO - #               topK: defaultdict(<class 'int'>, {7: 103, 8: 116, 6: 114, 0: 11, 2: 7, 4: 9, 3: 8, 9: 5, 1: 2}),     Acc_topK: 0.0000
2024-11-09 21:42:51,252 - INFO - #The mean probability: ['0.0518', '0.0125', '0.0380', '0.0235', '0.0247', '0.0075', '0.2570', '0.2950', '0.2846', '0.0054']
2024-11-09 21:42:51,268 - INFO - # EPOCH 37/100   distill loss: 0.0347
2024-11-09 21:42:51,268 - INFO - #               loss: 0.2927,    clean acc: 0.8938
2024-11-09 21:42:51,268 - INFO - #               poison acc: 0.3280
2024-11-09 21:42:51,268 - INFO - #               topK: defaultdict(<class 'int'>, {7: 104, 8: 112, 6: 111, 0: 20, 2: 10, 4: 7, 3: 7, 5: 2, 9: 1, 1: 1}),     Acc_topK: 0.0000
2024-11-09 21:43:09,969 - INFO - #The mean probability: ['0.0502', '0.0173', '0.0370', '0.0271', '0.0250', '0.0074', '0.2519', '0.3156', '0.2636', '0.0050']
2024-11-09 21:43:09,986 - INFO - # EPOCH 38/100   distill loss: 0.0346
2024-11-09 21:43:09,986 - INFO - #               loss: 0.2929,    clean acc: 0.8948
2024-11-09 21:43:09,986 - INFO - #               poison acc: 0.4000
2024-11-09 21:43:09,986 - INFO - #               topK: defaultdict(<class 'int'>, {7: 106, 8: 111, 6: 113, 0: 15, 2: 8, 4: 8, 3: 8, 5: 2, 9: 1, 1: 3}),     Acc_topK: 0.0000
2024-11-09 21:43:28,825 - INFO - #The mean probability: ['0.0501', '0.0159', '0.0347', '0.0241', '0.0297', '0.0070', '0.2760', '0.2857', '0.2712', '0.0056']
2024-11-09 21:43:28,841 - INFO - # EPOCH 39/100   distill loss: 0.0346
2024-11-09 21:43:28,841 - INFO - #               loss: 0.2944,    clean acc: 0.8940
2024-11-09 21:43:28,841 - INFO - #               poison acc: 0.3600
2024-11-09 21:43:28,841 - INFO - #               topK: defaultdict(<class 'int'>, {7: 98, 8: 112, 6: 109, 4: 13, 0: 21, 2: 8, 3: 7, 9: 3, 1: 3, 5: 1}),     Acc_topK: 0.0000
2024-11-09 21:43:47,603 - INFO - #The mean probability: ['0.0418', '0.0182', '0.0404', '0.0264', '0.0313', '0.0059', '0.2640', '0.2903', '0.2761', '0.0056']
2024-11-09 21:43:47,619 - INFO - # EPOCH 40/100   distill loss: 0.0345
2024-11-09 21:43:47,619 - INFO - #               loss: 0.2931,    clean acc: 0.8943
2024-11-09 21:43:47,619 - INFO - #               poison acc: 0.3200
2024-11-09 21:43:47,619 - INFO - #               topK: defaultdict(<class 'int'>, {7: 103, 8: 111, 6: 114, 0: 9, 2: 13, 4: 11, 3: 7, 9: 4, 1: 3}),     Acc_topK: 0.0000
2024-11-09 21:44:06,450 - INFO - #The mean probability: ['0.0391', '0.0168', '0.0284', '0.0267', '0.0275', '0.0052', '0.2546', '0.2925', '0.3034', '0.0057']
2024-11-09 21:44:06,466 - INFO - # EPOCH 41/100   distill loss: 0.0346
2024-11-09 21:44:06,466 - INFO - #               loss: 0.2927,    clean acc: 0.8920
2024-11-09 21:44:06,466 - INFO - #               poison acc: 0.3360
2024-11-09 21:44:06,466 - INFO - #               topK: defaultdict(<class 'int'>, {7: 103, 8: 116, 6: 113, 0: 12, 2: 6, 4: 10, 3: 9, 9: 4, 1: 2}),     Acc_topK: 0.0000
2024-11-09 21:44:25,250 - INFO - #The mean probability: ['0.0412', '0.0136', '0.0242', '0.0175', '0.0210', '0.0049', '0.2011', '0.3594', '0.3126', '0.0046']
2024-11-09 21:44:25,267 - INFO - # EPOCH 42/100   distill loss: 0.0345
2024-11-09 21:44:25,267 - INFO - #               loss: 0.2937,    clean acc: 0.8928
2024-11-09 21:44:25,267 - INFO - #               poison acc: 0.4400
2024-11-09 21:44:25,267 - INFO - #               topK: defaultdict(<class 'int'>, {7: 112, 8: 116, 6: 107, 4: 5, 0: 14, 2: 7, 3: 5, 9: 5, 1: 4}),     Acc_topK: 0.0000
2024-11-09 21:44:44,096 - INFO - #The mean probability: ['0.0293', '0.0079', '0.0221', '0.0157', '0.0157', '0.0041', '0.2089', '0.4642', '0.2289', '0.0033']
2024-11-09 21:44:44,114 - INFO - # EPOCH 43/100   distill loss: 0.0347
2024-11-09 21:44:44,115 - INFO - #               loss: 0.2916,    clean acc: 0.8956
2024-11-09 21:44:44,115 - INFO - #               poison acc: 0.6720
2024-11-09 21:44:44,115 - INFO - #               topK: defaultdict(<class 'int'>, {7: 121, 8: 116, 6: 112, 0: 5, 4: 3, 3: 7, 9: 4, 2: 5, 5: 1, 1: 1}),     Acc_topK: 0.0000
2024-11-09 21:45:02,935 - INFO - #The mean probability: ['0.0362', '0.0170', '0.0295', '0.0258', '0.0242', '0.0068', '0.1907', '0.3762', '0.2877', '0.0060']
2024-11-09 21:45:02,952 - INFO - # EPOCH 44/100   distill loss: 0.0346
2024-11-09 21:45:02,952 - INFO - #               loss: 0.2911,    clean acc: 0.8934
2024-11-09 21:45:02,952 - INFO - #               poison acc: 0.4880
2024-11-09 21:45:02,952 - INFO - #               topK: defaultdict(<class 'int'>, {7: 114, 8: 115, 6: 105, 4: 6, 0: 10, 2: 6, 3: 9, 9: 5, 1: 4, 5: 1}),     Acc_topK: 0.0000
2024-11-09 21:45:21,725 - INFO - #The mean probability: ['0.0405', '0.0180', '0.0408', '0.0256', '0.0282', '0.0074', '0.2605', '0.3465', '0.2250', '0.0075']
2024-11-09 21:45:21,742 - INFO - # EPOCH 45/100   distill loss: 0.0346
2024-11-09 21:45:21,742 - INFO - #               loss: 0.2929,    clean acc: 0.8919
2024-11-09 21:45:21,742 - INFO - #               poison acc: 0.4800
2024-11-09 21:45:21,743 - INFO - #               topK: defaultdict(<class 'int'>, {7: 106, 8: 107, 6: 111, 0: 11, 2: 12, 4: 10, 3: 9, 9: 5, 1: 4}),     Acc_topK: 0.0000
2024-11-09 21:45:40,588 - INFO - #The mean probability: ['0.0378', '0.0131', '0.0354', '0.0240', '0.0244', '0.0080', '0.2193', '0.3713', '0.2598', '0.0069']
2024-11-09 21:45:40,606 - INFO - # EPOCH 46/100   distill loss: 0.0346
2024-11-09 21:45:40,606 - INFO - #               loss: 0.2912,    clean acc: 0.8945
2024-11-09 21:45:40,606 - INFO - #               poison acc: 0.5120
2024-11-09 21:45:40,606 - INFO - #               topK: defaultdict(<class 'int'>, {7: 113, 8: 114, 6: 110, 4: 6, 0: 8, 2: 8, 3: 9, 9: 4, 5: 1, 1: 2}),     Acc_topK: 0.0000
2024-11-09 21:45:59,331 - INFO - #The mean probability: ['0.0358', '0.0160', '0.0346', '0.0239', '0.0261', '0.0049', '0.2597', '0.3483', '0.2458', '0.0047']
2024-11-09 21:45:59,349 - INFO - # EPOCH 47/100   distill loss: 0.0346
2024-11-09 21:45:59,349 - INFO - #               loss: 0.2936,    clean acc: 0.8929
2024-11-09 21:45:59,349 - INFO - #               poison acc: 0.4720
2024-11-09 21:45:59,349 - INFO - #               topK: defaultdict(<class 'int'>, {7: 110, 8: 112, 6: 118, 0: 6, 2: 8, 4: 9, 3: 9, 1: 3}),     Acc_topK: 0.0000
2024-11-09 21:46:17,832 - INFO - #The mean probability: ['0.0337', '0.0129', '0.0273', '0.0179', '0.0210', '0.0053', '0.1814', '0.3931', '0.3004', '0.0069']
2024-11-09 21:46:17,850 - INFO - # EPOCH 48/100   distill loss: 0.0345
2024-11-09 21:46:17,850 - INFO - #               loss: 0.2944,    clean acc: 0.8933
2024-11-09 21:46:17,850 - INFO - #               poison acc: 0.5200
2024-11-09 21:46:17,850 - INFO - #               topK: defaultdict(<class 'int'>, {7: 117, 8: 116, 6: 106, 0: 10, 2: 6, 4: 4, 3: 7, 9: 6, 1: 3}),     Acc_topK: 0.0000
2024-11-09 21:46:36,328 - INFO - #The mean probability: ['0.0415', '0.0150', '0.0424', '0.0276', '0.0273', '0.0061', '0.2396', '0.3499', '0.2431', '0.0076']
2024-11-09 21:46:36,345 - INFO - # EPOCH 49/100   distill loss: 0.0345
2024-11-09 21:46:36,345 - INFO - #               loss: 0.2929,    clean acc: 0.8933
2024-11-09 21:46:36,345 - INFO - #               poison acc: 0.4560
2024-11-09 21:46:36,345 - INFO - #               topK: defaultdict(<class 'int'>, {7: 110, 8: 110, 6: 111, 4: 7, 0: 14, 2: 9, 3: 9, 9: 2, 1: 3}),     Acc_topK: 0.0000
2024-11-09 21:46:54,940 - INFO - #The mean probability: ['0.0295', '0.0148', '0.0295', '0.0190', '0.0229', '0.0044', '0.2630', '0.3955', '0.2169', '0.0046']
2024-11-09 21:46:54,958 - INFO - # EPOCH 50/100   distill loss: 0.0346
2024-11-09 21:46:54,958 - INFO - #               loss: 0.2924,    clean acc: 0.8928
2024-11-09 21:46:54,958 - INFO - #               poison acc: 0.5520
2024-11-09 21:46:54,958 - INFO - #               topK: defaultdict(<class 'int'>, {7: 113, 8: 112, 6: 115, 0: 5, 2: 9, 4: 8, 3: 7, 9: 3, 1: 3}),     Acc_topK: 0.0000
2024-11-09 21:47:13,631 - INFO - #The mean probability: ['0.0378', '0.0116', '0.0289', '0.0222', '0.0191', '0.0044', '0.2820', '0.3136', '0.2762', '0.0042']
2024-11-09 21:47:13,647 - INFO - # EPOCH 51/100   distill loss: 0.0347
2024-11-09 21:47:13,647 - INFO - #               loss: 0.2903,    clean acc: 0.8934
2024-11-09 21:47:13,647 - INFO - #               poison acc: 0.3520
2024-11-09 21:47:13,647 - INFO - #               topK: defaultdict(<class 'int'>, {7: 109, 8: 112, 6: 117, 0: 12, 2: 9, 4: 4, 3: 9, 9: 1, 1: 2}),     Acc_topK: 0.0000
2024-11-09 21:47:32,420 - INFO - #The mean probability: ['0.0315', '0.0143', '0.0339', '0.0246', '0.0197', '0.0058', '0.2432', '0.3646', '0.2572', '0.0052']
2024-11-09 21:47:32,437 - INFO - # EPOCH 52/100   distill loss: 0.0344
2024-11-09 21:47:32,438 - INFO - #               loss: 0.2917,    clean acc: 0.8932
2024-11-09 21:47:32,438 - INFO - #               poison acc: 0.4880
2024-11-09 21:47:32,438 - INFO - #               topK: defaultdict(<class 'int'>, {7: 112, 8: 116, 6: 111, 0: 7, 2: 9, 4: 4, 3: 9, 9: 3, 1: 3, 5: 1}),     Acc_topK: 0.0000
2024-11-09 21:47:51,273 - INFO - #The mean probability: ['0.0357', '0.0157', '0.0333', '0.0288', '0.0199', '0.0064', '0.2514', '0.3883', '0.2150', '0.0053']
2024-11-09 21:47:51,291 - INFO - # EPOCH 53/100   distill loss: 0.0344
2024-11-09 21:47:51,292 - INFO - #               loss: 0.2919,    clean acc: 0.8939
2024-11-09 21:47:51,292 - INFO - #               poison acc: 0.5680
2024-11-09 21:47:51,292 - INFO - #               topK: defaultdict(<class 'int'>, {7: 114, 8: 111, 6: 115, 0: 8, 2: 8, 4: 4, 3: 10, 9: 1, 1: 3, 5: 1}),     Acc_topK: 0.0000
2024-11-09 21:48:10,126 - INFO - #The mean probability: ['0.0337', '0.0182', '0.0311', '0.0198', '0.0182', '0.0033', '0.2958', '0.3431', '0.2323', '0.0044']
2024-11-09 21:48:10,143 - INFO - # EPOCH 54/100   distill loss: 0.0347
2024-11-09 21:48:10,143 - INFO - #               loss: 0.2901,    clean acc: 0.8950
2024-11-09 21:48:10,143 - INFO - #               poison acc: 0.4640
2024-11-09 21:48:10,143 - INFO - #               topK: defaultdict(<class 'int'>, {7: 109, 8: 111, 6: 117, 0: 13, 2: 9, 4: 5, 3: 7, 9: 1, 1: 3}),     Acc_topK: 0.0000
2024-11-09 21:48:28,921 - INFO - #The mean probability: ['0.0360', '0.0091', '0.0239', '0.0174', '0.0126', '0.0043', '0.1858', '0.4643', '0.2419', '0.0048']
2024-11-09 21:48:28,940 - INFO - # EPOCH 55/100   distill loss: 0.0344
2024-11-09 21:48:28,941 - INFO - #               loss: 0.2920,    clean acc: 0.8936
2024-11-09 21:48:28,941 - INFO - #               poison acc: 0.6720
2024-11-09 21:48:28,941 - INFO - #               topK: defaultdict(<class 'int'>, {7: 122, 8: 116, 6: 106, 0: 11, 3: 7, 9: 5, 2: 5, 4: 2, 1: 1}),     Acc_topK: 0.0000
2024-11-09 21:48:47,791 - INFO - #The mean probability: ['0.0302', '0.0125', '0.0217', '0.0218', '0.0142', '0.0039', '0.1835', '0.4630', '0.2446', '0.0045']
2024-11-09 21:48:47,810 - INFO - # EPOCH 56/100   distill loss: 0.0344
2024-11-09 21:48:47,810 - INFO - #               loss: 0.2925,    clean acc: 0.8953
2024-11-09 21:48:47,810 - INFO - #               poison acc: 0.6640
2024-11-09 21:48:47,810 - INFO - #               topK: defaultdict(<class 'int'>, {7: 119, 8: 116, 6: 106, 0: 7, 3: 11, 9: 6, 2: 5, 4: 2, 1: 3}),     Acc_topK: 0.0000
2024-11-09 21:49:06,551 - INFO - #The mean probability: ['0.0259', '0.0131', '0.0277', '0.0241', '0.0194', '0.0033', '0.2594', '0.3412', '0.2820', '0.0039']
2024-11-09 21:49:06,567 - INFO - # EPOCH 57/100   distill loss: 0.0344
2024-11-09 21:49:06,567 - INFO - #               loss: 0.2896,    clean acc: 0.8941
2024-11-09 21:49:06,567 - INFO - #               poison acc: 0.3920
2024-11-09 21:49:06,567 - INFO - #               topK: defaultdict(<class 'int'>, {7: 112, 8: 115, 6: 116, 0: 5, 2: 8, 4: 4, 3: 11, 9: 1, 1: 3}),     Acc_topK: 0.0000
2024-11-09 21:49:25,053 - INFO - #The mean probability: ['0.0320', '0.0202', '0.0354', '0.0260', '0.0215', '0.0056', '0.2043', '0.4351', '0.2127', '0.0071']
2024-11-09 21:49:25,072 - INFO - # EPOCH 58/100   distill loss: 0.0345
2024-11-09 21:49:25,072 - INFO - #               loss: 0.2927,    clean acc: 0.8927
2024-11-09 21:49:25,072 - INFO - #               poison acc: 0.6800
2024-11-09 21:49:25,072 - INFO - #               topK: defaultdict(<class 'int'>, {7: 117, 8: 108, 6: 103, 4: 6, 0: 7, 2: 10, 3: 11, 9: 9, 1: 4}),     Acc_topK: 0.0000
2024-11-09 21:49:43,580 - INFO - #The mean probability: ['0.0311', '0.0126', '0.0312', '0.0180', '0.0182', '0.0040', '0.2418', '0.3816', '0.2566', '0.0050']
2024-11-09 21:49:43,597 - INFO - # EPOCH 59/100   distill loss: 0.0344
2024-11-09 21:49:43,597 - INFO - #               loss: 0.2883,    clean acc: 0.8944
2024-11-09 21:49:43,597 - INFO - #               poison acc: 0.5120
2024-11-09 21:49:43,597 - INFO - #               topK: defaultdict(<class 'int'>, {7: 112, 8: 117, 6: 113, 0: 7, 2: 10, 4: 4, 3: 6, 9: 4, 1: 2}),     Acc_topK: 0.0000
2024-11-09 21:50:02,376 - INFO - #The mean probability: ['0.0319', '0.0155', '0.0310', '0.0203', '0.0160', '0.0049', '0.2274', '0.4442', '0.2032', '0.0056']
2024-11-09 21:50:02,395 - INFO - # EPOCH 60/100   distill loss: 0.0344
2024-11-09 21:50:02,395 - INFO - #               loss: 0.2876,    clean acc: 0.8957
2024-11-09 21:50:02,395 - INFO - #               poison acc: 0.6800
2024-11-09 21:50:02,395 - INFO - #               topK: defaultdict(<class 'int'>, {7: 116, 8: 112, 6: 108, 0: 10, 2: 9, 4: 4, 3: 6, 9: 7, 1: 3}),     Acc_topK: 0.0000
2024-11-09 21:50:21,269 - INFO - #The mean probability: ['0.0316', '0.0152', '0.0353', '0.0205', '0.0164', '0.0047', '0.2291', '0.4164', '0.2254', '0.0053']
2024-11-09 21:50:21,287 - INFO - # EPOCH 61/100   distill loss: 0.0345
2024-11-09 21:50:21,287 - INFO - #               loss: 0.2891,    clean acc: 0.8954
2024-11-09 21:50:21,287 - INFO - #               poison acc: 0.5760
2024-11-09 21:50:21,287 - INFO - #               topK: defaultdict(<class 'int'>, {7: 114, 8: 113, 6: 107, 0: 11, 2: 9, 4: 4, 3: 7, 9: 7, 1: 3}),     Acc_topK: 0.0000
2024-11-09 21:50:39,752 - INFO - #The mean probability: ['0.0236', '0.0093', '0.0209', '0.0126', '0.0100', '0.0041', '0.1715', '0.5390', '0.2054', '0.0036']
2024-11-09 21:50:39,771 - INFO - # EPOCH 62/100   distill loss: 0.0343
2024-11-09 21:50:39,771 - INFO - #               loss: 0.2897,    clean acc: 0.8939
2024-11-09 21:50:39,772 - INFO - #               poison acc: 0.7680
2024-11-09 21:50:39,772 - INFO - #               topK: defaultdict(<class 'int'>, {7: 122, 8: 115, 6: 105, 0: 6, 4: 3, 5: 3, 2: 7, 3: 5, 9: 8, 1: 1}),     Acc_topK: 0.0000
2024-11-09 21:50:58,274 - INFO - #The mean probability: ['0.0313', '0.0202', '0.0342', '0.0240', '0.0270', '0.0043', '0.2470', '0.3718', '0.2334', '0.0068']
2024-11-09 21:50:58,292 - INFO - # EPOCH 63/100   distill loss: 0.0345
2024-11-09 21:50:58,292 - INFO - #               loss: 0.2931,    clean acc: 0.8926
2024-11-09 21:50:58,292 - INFO - #               poison acc: 0.4720
2024-11-09 21:50:58,292 - INFO - #               topK: defaultdict(<class 'int'>, {7: 108, 8: 110, 6: 107, 4: 15, 0: 4, 2: 10, 3: 9, 9: 9, 1: 3}),     Acc_topK: 0.0000
2024-11-09 21:51:17,054 - INFO - #The mean probability: ['0.0346', '0.0148', '0.0230', '0.0193', '0.0138', '0.0056', '0.1919', '0.4943', '0.1974', '0.0053']
2024-11-09 21:51:17,074 - INFO - # EPOCH 64/100   distill loss: 0.0346
2024-11-09 21:51:17,074 - INFO - #               loss: 0.2930,    clean acc: 0.8935
2024-11-09 21:51:17,074 - INFO - #               poison acc: 0.7360
2024-11-09 21:51:17,074 - INFO - #               topK: defaultdict(<class 'int'>, {7: 120, 8: 111, 6: 104, 0: 15, 3: 9, 9: 6, 2: 4, 4: 2, 1: 3, 5: 1}),     Acc_topK: 0.0000
2024-11-09 21:51:35,875 - INFO - #The mean probability: ['0.0296', '0.0162', '0.0257', '0.0205', '0.0174', '0.0036', '0.2063', '0.4747', '0.2016', '0.0044']
2024-11-09 21:51:35,894 - INFO - # EPOCH 65/100   distill loss: 0.0344
2024-11-09 21:51:35,894 - INFO - #               loss: 0.2883,    clean acc: 0.8963
2024-11-09 21:51:35,894 - INFO - #               poison acc: 0.6960
2024-11-09 21:51:35,894 - INFO - #               topK: defaultdict(<class 'int'>, {7: 120, 8: 110, 6: 105, 0: 10, 4: 4, 3: 9, 9: 7, 2: 6, 1: 3, 5: 1}),     Acc_topK: 0.0000
2024-11-09 21:51:54,756 - INFO - #The mean probability: ['0.0291', '0.0111', '0.0301', '0.0180', '0.0193', '0.0036', '0.2120', '0.4292', '0.2436', '0.0040']
2024-11-09 21:51:54,774 - INFO - # EPOCH 66/100   distill loss: 0.0344
2024-11-09 21:51:54,774 - INFO - #               loss: 0.2891,    clean acc: 0.8957
2024-11-09 21:51:54,774 - INFO - #               poison acc: 0.6000
2024-11-09 21:51:54,774 - INFO - #               topK: defaultdict(<class 'int'>, {7: 115, 8: 117, 6: 110, 0: 7, 2: 8, 4: 5, 3: 6, 9: 5, 1: 2}),     Acc_topK: 0.0000
2024-11-09 21:52:13,538 - INFO - #The mean probability: ['0.0291', '0.0167', '0.0301', '0.0223', '0.0204', '0.0041', '0.2148', '0.4380', '0.2194', '0.0051']
2024-11-09 21:52:13,557 - INFO - # EPOCH 67/100   distill loss: 0.0344
2024-11-09 21:52:13,557 - INFO - #               loss: 0.2882,    clean acc: 0.8947
2024-11-09 21:52:13,557 - INFO - #               poison acc: 0.6560
2024-11-09 21:52:13,557 - INFO - #               topK: defaultdict(<class 'int'>, {7: 117, 8: 115, 6: 108, 0: 5, 2: 7, 4: 5, 3: 9, 9: 6, 1: 3}),     Acc_topK: 0.0000
2024-11-09 21:52:32,427 - INFO - #The mean probability: ['0.0313', '0.0162', '0.0351', '0.0222', '0.0231', '0.0054', '0.1880', '0.4670', '0.2064', '0.0052']
2024-11-09 21:52:32,447 - INFO - # EPOCH 68/100   distill loss: 0.0346
2024-11-09 21:52:32,447 - INFO - #               loss: 0.2870,    clean acc: 0.8952
2024-11-09 21:52:32,447 - INFO - #               poison acc: 0.7120
2024-11-09 21:52:32,447 - INFO - #               topK: defaultdict(<class 'int'>, {7: 119, 8: 108, 6: 107, 4: 7, 0: 9, 2: 7, 3: 9, 9: 5, 1: 3, 5: 1}),     Acc_topK: 0.0000
2024-11-09 21:52:51,307 - INFO - #The mean probability: ['0.0259', '0.0137', '0.0249', '0.0172', '0.0194', '0.0029', '0.2267', '0.5053', '0.1605', '0.0035']
2024-11-09 21:52:51,327 - INFO - # EPOCH 69/100   distill loss: 0.0345
2024-11-09 21:52:51,327 - INFO - #               loss: 0.2887,    clean acc: 0.8956
2024-11-09 21:52:51,327 - INFO - #               poison acc: 0.7440
2024-11-09 21:52:51,327 - INFO - #               topK: defaultdict(<class 'int'>, {7: 121, 6: 112, 8: 108, 0: 6, 4: 7, 3: 8, 9: 4, 2: 6, 1: 3}),     Acc_topK: 0.0000
2024-11-09 21:53:10,111 - INFO - #The mean probability: ['0.0244', '0.0094', '0.0235', '0.0195', '0.0152', '0.0046', '0.1743', '0.5456', '0.1793', '0.0041']
2024-11-09 21:53:10,130 - INFO - # EPOCH 70/100   distill loss: 0.0344
2024-11-09 21:53:10,131 - INFO - #               loss: 0.2874,    clean acc: 0.8955
2024-11-09 21:53:10,131 - INFO - #               poison acc: 0.7840
2024-11-09 21:53:10,131 - INFO - #               topK: defaultdict(<class 'int'>, {7: 122, 8: 112, 6: 107, 0: 7, 4: 5, 3: 9, 9: 5, 2: 6, 5: 1, 1: 1}),     Acc_topK: 0.0000
2024-11-09 21:53:29,006 - INFO - #The mean probability: ['0.0231', '0.0112', '0.0234', '0.0153', '0.0160', '0.0033', '0.1682', '0.5359', '0.2000', '0.0035']
2024-11-09 21:53:29,025 - INFO - # EPOCH 71/100   distill loss: 0.0344
2024-11-09 21:53:29,025 - INFO - #               loss: 0.2895,    clean acc: 0.8944
2024-11-09 21:53:29,026 - INFO - #               poison acc: 0.7760
2024-11-09 21:53:29,026 - INFO - #               topK: defaultdict(<class 'int'>, {7: 121, 8: 116, 6: 106, 0: 5, 4: 4, 3: 7, 9: 7, 2: 6, 1: 3}),     Acc_topK: 0.0000
2024-11-09 21:53:47,797 - INFO - #The mean probability: ['0.0255', '0.0134', '0.0277', '0.0197', '0.0189', '0.0032', '0.2147', '0.4777', '0.1957', '0.0035']
2024-11-09 21:53:47,817 - INFO - # EPOCH 72/100   distill loss: 0.0344
2024-11-09 21:53:47,817 - INFO - #               loss: 0.2900,    clean acc: 0.8946
2024-11-09 21:53:47,817 - INFO - #               poison acc: 0.7200
2024-11-09 21:53:47,817 - INFO - #               topK: defaultdict(<class 'int'>, {7: 118, 8: 113, 6: 113, 0: 4, 4: 5, 3: 9, 2: 7, 9: 3, 1: 3}),     Acc_topK: 0.0000
2024-11-09 21:54:06,660 - INFO - #The mean probability: ['0.0284', '0.0096', '0.0228', '0.0195', '0.0143', '0.0035', '0.2182', '0.5166', '0.1631', '0.0039']
2024-11-09 21:54:06,679 - INFO - # EPOCH 73/100   distill loss: 0.0342
2024-11-09 21:54:06,679 - INFO - #               loss: 0.2886,    clean acc: 0.8955
2024-11-09 21:54:06,679 - INFO - #               poison acc: 0.7520
2024-11-09 21:54:06,679 - INFO - #               topK: defaultdict(<class 'int'>, {7: 121, 8: 109, 6: 115, 0: 9, 3: 10, 2: 5, 4: 3, 9: 2, 1: 1}),     Acc_topK: 0.0000
2024-11-09 21:54:25,498 - INFO - #The mean probability: ['0.0254', '0.0107', '0.0249', '0.0178', '0.0150', '0.0042', '0.2026', '0.5190', '0.1761', '0.0043']
2024-11-09 21:54:25,517 - INFO - # EPOCH 74/100   distill loss: 0.0346
2024-11-09 21:54:25,518 - INFO - #               loss: 0.2892,    clean acc: 0.8955
2024-11-09 21:54:25,518 - INFO - #               poison acc: 0.7680
2024-11-09 21:54:25,518 - INFO - #               topK: defaultdict(<class 'int'>, {7: 122, 8: 113, 6: 110, 0: 6, 4: 4, 3: 8, 9: 4, 2: 6, 1: 2}),     Acc_topK: 0.0000
2024-11-09 21:54:44,304 - INFO - #The mean probability: ['0.0215', '0.0086', '0.0136', '0.0128', '0.0067', '0.0037', '0.1294', '0.6284', '0.1713', '0.0040']
2024-11-09 21:54:44,325 - INFO - # EPOCH 75/100   distill loss: 0.0343
2024-11-09 21:54:44,325 - INFO - #               loss: 0.2877,    clean acc: 0.8958
2024-11-09 21:54:44,325 - INFO - #               poison acc: 0.8400
2024-11-09 21:54:44,325 - INFO - #               topK: defaultdict(<class 'int'>, {7: 122, 8: 116, 6: 103, 0: 9, 3: 8, 9: 9, 2: 4, 4: 2, 1: 2}),     Acc_topK: 0.0000
2024-11-09 21:55:03,092 - INFO - #The mean probability: ['0.0213', '0.0084', '0.0189', '0.0136', '0.0095', '0.0035', '0.1376', '0.6349', '0.1491', '0.0033']
2024-11-09 21:55:03,112 - INFO - # EPOCH 76/100   distill loss: 0.0343
2024-11-09 21:55:03,112 - INFO - #               loss: 0.2926,    clean acc: 0.8954
2024-11-09 21:55:03,112 - INFO - #               poison acc: 0.8400
2024-11-09 21:55:03,112 - INFO - #               topK: defaultdict(<class 'int'>, {7: 122, 8: 115, 6: 102, 0: 8, 3: 9, 9: 10, 2: 5, 4: 2, 1: 2}),     Acc_topK: 0.0000
2024-11-09 21:55:21,532 - INFO - #The mean probability: ['0.0259', '0.0138', '0.0247', '0.0181', '0.0159', '0.0033', '0.1957', '0.5128', '0.1854', '0.0043']
2024-11-09 21:55:21,552 - INFO - # EPOCH 77/100   distill loss: 0.0342
2024-11-09 21:55:21,552 - INFO - #               loss: 0.2896,    clean acc: 0.8942
2024-11-09 21:55:21,552 - INFO - #               poison acc: 0.7600
2024-11-09 21:55:21,552 - INFO - #               topK: defaultdict(<class 'int'>, {7: 121, 8: 113, 6: 104, 0: 7, 4: 4, 3: 9, 9: 8, 2: 6, 1: 3}),     Acc_topK: 0.0000
2024-11-09 21:55:40,050 - INFO - #The mean probability: ['0.0341', '0.0125', '0.0201', '0.0163', '0.0153', '0.0034', '0.1985', '0.5216', '0.1741', '0.0040']
2024-11-09 21:55:40,069 - INFO - # EPOCH 78/100   distill loss: 0.0343
2024-11-09 21:55:40,069 - INFO - #               loss: 0.2867,    clean acc: 0.8957
2024-11-09 21:55:40,069 - INFO - #               poison acc: 0.7440
2024-11-09 21:55:40,069 - INFO - #               topK: defaultdict(<class 'int'>, {7: 121, 8: 108, 6: 104, 0: 15, 3: 7, 4: 4, 9: 9, 2: 4, 1: 3}),     Acc_topK: 0.0000
2024-11-09 21:55:58,676 - INFO - #The mean probability: ['0.0243', '0.0123', '0.0228', '0.0136', '0.0149', '0.0042', '0.1728', '0.5309', '0.1995', '0.0048']
2024-11-09 21:55:58,695 - INFO - # EPOCH 79/100   distill loss: 0.0343
2024-11-09 21:55:58,695 - INFO - #               loss: 0.2899,    clean acc: 0.8951
2024-11-09 21:55:58,695 - INFO - #               poison acc: 0.7680
2024-11-09 21:55:58,696 - INFO - #               topK: defaultdict(<class 'int'>, {7: 121, 8: 114, 6: 104, 0: 6, 4: 4, 3: 7, 9: 10, 2: 5, 1: 3, 5: 1}),     Acc_topK: 0.0000
2024-11-09 21:56:17,125 - INFO - #The mean probability: ['0.0223', '0.0089', '0.0164', '0.0108', '0.0126', '0.0029', '0.1694', '0.5896', '0.1635', '0.0036']
2024-11-09 21:56:17,144 - INFO - # EPOCH 80/100   distill loss: 0.0342
2024-11-09 21:56:17,144 - INFO - #               loss: 0.2863,    clean acc: 0.8969
2024-11-09 21:56:17,145 - INFO - #               poison acc: 0.8000
2024-11-09 21:56:17,145 - INFO - #               topK: defaultdict(<class 'int'>, {7: 122, 8: 115, 6: 105, 0: 7, 4: 5, 3: 6, 9: 9, 2: 4, 1: 2}),     Acc_topK: 0.0000
2024-11-09 21:56:35,635 - INFO - #The mean probability: ['0.0259', '0.0081', '0.0163', '0.0111', '0.0088', '0.0027', '0.1497', '0.5945', '0.1792', '0.0038']
2024-11-09 21:56:35,655 - INFO - # EPOCH 81/100   distill loss: 0.0344
2024-11-09 21:56:35,656 - INFO - #               loss: 0.2911,    clean acc: 0.8942
2024-11-09 21:56:35,656 - INFO - #               poison acc: 0.8080
2024-11-09 21:56:35,656 - INFO - #               topK: defaultdict(<class 'int'>, {7: 122, 8: 113, 6: 104, 0: 13, 3: 7, 9: 9, 2: 4, 4: 2, 1: 1}),     Acc_topK: 0.0000
2024-11-09 21:56:54,257 - INFO - #The mean probability: ['0.0262', '0.0101', '0.0217', '0.0159', '0.0120', '0.0034', '0.2007', '0.5665', '0.1397', '0.0038']
2024-11-09 21:56:54,276 - INFO - # EPOCH 82/100   distill loss: 0.0344
2024-11-09 21:56:54,277 - INFO - #               loss: 0.2882,    clean acc: 0.8966
2024-11-09 21:56:54,277 - INFO - #               poison acc: 0.7840
2024-11-09 21:56:54,277 - INFO - #               topK: defaultdict(<class 'int'>, {7: 122, 8: 107, 6: 109, 0: 13, 3: 10, 9: 6, 2: 4, 4: 3, 1: 1}),     Acc_topK: 0.0000
2024-11-09 21:57:12,934 - INFO - #The mean probability: ['0.0235', '0.0096', '0.0164', '0.0147', '0.0104', '0.0035', '0.1523', '0.6183', '0.1469', '0.0045']
2024-11-09 21:57:12,954 - INFO - # EPOCH 83/100   distill loss: 0.0343
2024-11-09 21:57:12,954 - INFO - #               loss: 0.2896,    clean acc: 0.8968
2024-11-09 21:57:12,954 - INFO - #               poison acc: 0.8400
2024-11-09 21:57:12,954 - INFO - #               topK: defaultdict(<class 'int'>, {7: 122, 8: 112, 6: 103, 0: 10, 3: 10, 9: 10, 2: 4, 4: 2, 1: 2}),     Acc_topK: 0.0000
2024-11-09 21:57:31,428 - INFO - #The mean probability: ['0.0237', '0.0111', '0.0172', '0.0129', '0.0118', '0.0045', '0.1402', '0.6183', '0.1555', '0.0048']
2024-11-09 21:57:31,448 - INFO - # EPOCH 84/100   distill loss: 0.0346
2024-11-09 21:57:31,448 - INFO - #               loss: 0.2893,    clean acc: 0.8951
2024-11-09 21:57:31,448 - INFO - #               poison acc: 0.8080
2024-11-09 21:57:31,449 - INFO - #               topK: defaultdict(<class 'int'>, {7: 123, 8: 114, 6: 100, 0: 12, 3: 7, 9: 10, 2: 3, 5: 2, 4: 2, 1: 2}),     Acc_topK: 0.0000
2024-11-09 21:57:49,858 - INFO - #The mean probability: ['0.0222', '0.0116', '0.0192', '0.0150', '0.0126', '0.0042', '0.1477', '0.5817', '0.1814', '0.0045']
2024-11-09 21:57:49,877 - INFO - # EPOCH 85/100   distill loss: 0.0343
2024-11-09 21:57:49,877 - INFO - #               loss: 0.2868,    clean acc: 0.8958
2024-11-09 21:57:49,878 - INFO - #               poison acc: 0.8000
2024-11-09 21:57:49,878 - INFO - #               topK: defaultdict(<class 'int'>, {7: 121, 8: 116, 6: 100, 0: 6, 3: 10, 4: 3, 9: 11, 2: 5, 1: 3}),     Acc_topK: 0.0000
2024-11-09 21:58:08,364 - INFO - #The mean probability: ['0.0228', '0.0115', '0.0179', '0.0133', '0.0136', '0.0039', '0.1576', '0.5787', '0.1753', '0.0055']
2024-11-09 21:58:08,384 - INFO - # EPOCH 86/100   distill loss: 0.0345
2024-11-09 21:58:08,384 - INFO - #               loss: 0.2859,    clean acc: 0.8970
2024-11-09 21:58:08,384 - INFO - #               poison acc: 0.7840
2024-11-09 21:58:08,384 - INFO - #               topK: defaultdict(<class 'int'>, {7: 122, 8: 115, 6: 100, 0: 7, 4: 4, 3: 8, 9: 12, 2: 5, 1: 2}),     Acc_topK: 0.0000
2024-11-09 21:58:26,828 - INFO - #The mean probability: ['0.0191', '0.0104', '0.0145', '0.0115', '0.0093', '0.0029', '0.1246', '0.6784', '0.1258', '0.0036']
2024-11-09 21:58:26,848 - INFO - # EPOCH 87/100   distill loss: 0.0343
2024-11-09 21:58:26,848 - INFO - #               loss: 0.2861,    clean acc: 0.8966
2024-11-09 21:58:26,848 - INFO - #               poison acc: 0.8800
2024-11-09 21:58:26,848 - INFO - #               topK: defaultdict(<class 'int'>, {7: 123, 8: 115, 6: 99, 0: 9, 9: 13, 3: 9, 2: 3, 4: 2, 1: 2}),     Acc_topK: 0.0000
2024-11-09 21:58:45,346 - INFO - #The mean probability: ['0.0166', '0.0091', '0.0145', '0.0107', '0.0096', '0.0029', '0.1612', '0.6309', '0.1410', '0.0034']
2024-11-09 21:58:45,366 - INFO - # EPOCH 88/100   distill loss: 0.0345
2024-11-09 21:58:45,366 - INFO - #               loss: 0.2869,    clean acc: 0.8968
2024-11-09 21:58:45,366 - INFO - #               poison acc: 0.8240
2024-11-09 21:58:45,366 - INFO - #               topK: defaultdict(<class 'int'>, {7: 123, 8: 115, 6: 105, 0: 6, 3: 7, 4: 3, 9: 10, 2: 4, 1: 2}),     Acc_topK: 0.0000
2024-11-09 21:59:03,841 - INFO - #The mean probability: ['0.0244', '0.0144', '0.0232', '0.0210', '0.0182', '0.0034', '0.1906', '0.5577', '0.1426', '0.0045']
2024-11-09 21:59:03,861 - INFO - # EPOCH 89/100   distill loss: 0.0343
2024-11-09 21:59:03,861 - INFO - #               loss: 0.2858,    clean acc: 0.8978
2024-11-09 21:59:03,861 - INFO - #               poison acc: 0.7760
2024-11-09 21:59:03,861 - INFO - #               topK: defaultdict(<class 'int'>, {7: 121, 8: 108, 6: 101, 0: 9, 4: 5, 3: 13, 9: 10, 2: 5, 1: 3}),     Acc_topK: 0.0000
2024-11-09 21:59:22,606 - INFO - #The mean probability: ['0.0228', '0.0083', '0.0203', '0.0124', '0.0127', '0.0034', '0.1747', '0.5974', '0.1445', '0.0035']
2024-11-09 21:59:22,625 - INFO - # EPOCH 90/100   distill loss: 0.0345
2024-11-09 21:59:22,625 - INFO - #               loss: 0.2852,    clean acc: 0.8952
2024-11-09 21:59:22,626 - INFO - #               poison acc: 0.7920
2024-11-09 21:59:22,626 - INFO - #               topK: defaultdict(<class 'int'>, {7: 123, 8: 110, 6: 108, 0: 9, 4: 5, 3: 6, 9: 7, 2: 4, 5: 2, 1: 1}),     Acc_topK: 0.0000
2024-11-09 21:59:41,106 - INFO - #The mean probability: ['0.0182', '0.0125', '0.0204', '0.0126', '0.0122', '0.0028', '0.1368', '0.6361', '0.1456', '0.0027']
2024-11-09 21:59:41,126 - INFO - # EPOCH 91/100   distill loss: 0.0344
2024-11-09 21:59:41,126 - INFO - #               loss: 0.2863,    clean acc: 0.8960
2024-11-09 21:59:41,126 - INFO - #               poison acc: 0.8480
2024-11-09 21:59:41,126 - INFO - #               topK: defaultdict(<class 'int'>, {7: 122, 8: 116, 6: 101, 0: 4, 4: 4, 3: 9, 9: 8, 2: 6, 1: 3, 5: 2}),     Acc_topK: 0.0000
2024-11-09 21:59:59,622 - INFO - #The mean probability: ['0.0230', '0.0107', '0.0219', '0.0117', '0.0147', '0.0034', '0.1571', '0.5913', '0.1626', '0.0036']
2024-11-09 21:59:59,642 - INFO - # EPOCH 92/100   distill loss: 0.0344
2024-11-09 21:59:59,642 - INFO - #               loss: 0.2875,    clean acc: 0.8963
2024-11-09 21:59:59,642 - INFO - #               poison acc: 0.8160
2024-11-09 21:59:59,642 - INFO - #               topK: defaultdict(<class 'int'>, {7: 122, 8: 112, 6: 104, 0: 11, 4: 4, 3: 6, 9: 9, 2: 5, 5: 1, 1: 1}),     Acc_topK: 0.0000
2024-11-09 22:00:18,513 - INFO - #The mean probability: ['0.0198', '0.0089', '0.0186', '0.0121', '0.0119', '0.0026', '0.1730', '0.5939', '0.1566', '0.0026']
2024-11-09 22:00:18,533 - INFO - # EPOCH 93/100   distill loss: 0.0342
2024-11-09 22:00:18,533 - INFO - #               loss: 0.2853,    clean acc: 0.8973
2024-11-09 22:00:18,533 - INFO - #               poison acc: 0.8000
2024-11-09 22:00:18,533 - INFO - #               topK: defaultdict(<class 'int'>, {7: 123, 8: 114, 6: 109, 0: 6, 4: 5, 3: 7, 9: 5, 2: 4, 1: 2}),     Acc_topK: 0.0000
2024-11-09 22:00:37,184 - INFO - #The mean probability: ['0.0200', '0.0091', '0.0167', '0.0140', '0.0101', '0.0029', '0.1581', '0.6290', '0.1370', '0.0031']
2024-11-09 22:00:37,204 - INFO - # EPOCH 94/100   distill loss: 0.0341
2024-11-09 22:00:37,204 - INFO - #               loss: 0.2870,    clean acc: 0.8943
2024-11-09 22:00:37,204 - INFO - #               poison acc: 0.8240
2024-11-09 22:00:37,204 - INFO - #               topK: defaultdict(<class 'int'>, {7: 123, 8: 110, 6: 106, 0: 10, 3: 10, 4: 3, 9: 5, 2: 4, 5: 2, 1: 2}),     Acc_topK: 0.0000
2024-11-09 22:00:55,926 - INFO - #The mean probability: ['0.0214', '0.0125', '0.0227', '0.0157', '0.0121', '0.0027', '0.1805', '0.5516', '0.1773', '0.0034']
2024-11-09 22:00:55,946 - INFO - # EPOCH 95/100   distill loss: 0.0343
2024-11-09 22:00:55,946 - INFO - #               loss: 0.2869,    clean acc: 0.8952
2024-11-09 22:00:55,946 - INFO - #               poison acc: 0.7760
2024-11-09 22:00:55,946 - INFO - #               topK: defaultdict(<class 'int'>, {7: 122, 8: 114, 6: 107, 0: 4, 4: 4, 3: 9, 9: 7, 2: 5, 1: 3}),     Acc_topK: 0.0000
2024-11-09 22:01:14,818 - INFO - #The mean probability: ['0.0218', '0.0118', '0.0168', '0.0150', '0.0133', '0.0031', '0.1554', '0.6044', '0.1546', '0.0036']
2024-11-09 22:01:14,838 - INFO - # EPOCH 96/100   distill loss: 0.0343
2024-11-09 22:01:14,838 - INFO - #               loss: 0.2867,    clean acc: 0.8960
2024-11-09 22:01:14,838 - INFO - #               poison acc: 0.8000
2024-11-09 22:01:14,838 - INFO - #               topK: defaultdict(<class 'int'>, {7: 123, 8: 113, 6: 102, 0: 9, 3: 10, 4: 4, 9: 9, 2: 3, 1: 2}),     Acc_topK: 0.0000
2024-11-09 22:01:33,622 - INFO - #The mean probability: ['0.0228', '0.0130', '0.0281', '0.0184', '0.0167', '0.0030', '0.1819', '0.5756', '0.1372', '0.0033']
2024-11-09 22:01:33,642 - INFO - # EPOCH 97/100   distill loss: 0.0343
2024-11-09 22:01:33,642 - INFO - #               loss: 0.2904,    clean acc: 0.8941
2024-11-09 22:01:33,643 - INFO - #               poison acc: 0.8000
2024-11-09 22:01:33,643 - INFO - #               topK: defaultdict(<class 'int'>, {7: 121, 8: 105, 6: 103, 0: 8, 4: 7, 3: 12, 2: 8, 9: 6, 1: 4, 5: 1}),     Acc_topK: 0.0000
2024-11-09 22:01:52,528 - INFO - #The mean probability: ['0.0220', '0.0105', '0.0250', '0.0138', '0.0177', '0.0034', '0.1648', '0.5768', '0.1626', '0.0034']
2024-11-09 22:01:52,547 - INFO - # EPOCH 98/100   distill loss: 0.0343
2024-11-09 22:01:52,547 - INFO - #               loss: 0.2863,    clean acc: 0.8949
2024-11-09 22:01:52,548 - INFO - #               poison acc: 0.7840
2024-11-09 22:01:52,548 - INFO - #               topK: defaultdict(<class 'int'>, {7: 121, 8: 112, 6: 102, 0: 9, 4: 5, 3: 8, 9: 6, 2: 6, 1: 4, 5: 2}),     Acc_topK: 0.0000
2024-11-09 22:02:11,402 - INFO - #The mean probability: ['0.0216', '0.0126', '0.0263', '0.0178', '0.0181', '0.0028', '0.1918', '0.5678', '0.1384', '0.0028']
2024-11-09 22:02:11,421 - INFO - # EPOCH 99/100   distill loss: 0.0342
2024-11-09 22:02:11,422 - INFO - #               loss: 0.2849,    clean acc: 0.8974
2024-11-09 22:02:11,422 - INFO - #               poison acc: 0.7920
2024-11-09 22:02:11,422 - INFO - #               topK: defaultdict(<class 'int'>, {7: 121, 6: 110, 8: 104, 0: 8, 4: 6, 3: 12, 9: 4, 2: 7, 1: 3}),     Acc_topK: 0.0000
2024-11-09 22:02:30,252 - INFO - #The mean probability: ['0.0232', '0.0124', '0.0238', '0.0162', '0.0149', '0.0042', '0.1836', '0.5870', '0.1306', '0.0042']
2024-11-09 22:02:30,272 - INFO - # EPOCH 100/100   distill loss: 0.0344
2024-11-09 22:02:30,272 - INFO - #               loss: 0.2868,    clean acc: 0.8964
2024-11-09 22:02:30,272 - INFO - #               poison acc: 0.7760
2024-11-09 22:02:30,272 - INFO - #               topK: defaultdict(<class 'int'>, {7: 121, 6: 105, 8: 103, 0: 13, 3: 10, 4: 7, 9: 6, 2: 6, 1: 3, 5: 1}),     Acc_topK: 0.0000
2024-11-09 22:02:30,272 - INFO - # END TRAIN 100 ROUNDS
 Clean Max == 0.8943
 Poison Max == 0.8240
