2024-10-23 19:01:17,583 - INFO - Namespace(batch_size=128, command=1, config='./configs/fmnist.json', dataset='FashionMNIST', device='cuda:1', epochs=100, images=0, labelA=2, labelB=6, log='./log', logger=<RootLogger root (INFO)>, loss='none', lr=4e-05, mix='frequency', mode='unrelated', model='CNN', model_path='./checkpoints/FMNIST/', prob=0.02, seed=131414, size=100, target=7, top=3, train=1, watermark=1, wm_batch=2, wm_lr=0.5)
2024-10-23 19:01:17,687 - INFO - Recreate Watermark Images
2024-10-23 19:01:32,128 - INFO - Start Training for 100 epochs
2024-10-23 19:01:32,128 - INFO - Generate Trigger: [0, 0.02, 0, 0, 0.02, 0, 0, 0.96, 0, 0]
2024-10-23 19:01:42,004 - INFO - #The mean probability: ['0.0310', '0.0327', '0.0481', '0.0266', '0.0539', '0.0275', '0.0369', '0.6714', '0.0375', '0.0344']
2024-10-23 19:01:43,137 - INFO - #The mean probability: ['0.0046', '0.0084', '0.0101', '0.0031', '0.0104', '0.0042', '0.0067', '0.9380', '0.0103', '0.0042']
2024-10-23 19:01:43,138 - INFO - # EPOCH 1/100   train loss: 1.6977,    loss1: 1.4708
2024-10-23 19:01:43,138 - INFO - #               loss2: 0.4538,    loss3: 0.0000,
2024-10-23 19:01:43,138 - INFO - #               loss: 0.8037,    clean acc: 0.7177
2024-10-23 19:01:43,138 - INFO - #               poison acc: 1.0000
2024-10-23 19:01:43,140 - INFO - Save at ./checkpoints/FMNIST/0.pth
2024-10-23 19:01:52,195 - INFO - #The mean probability: ['0.0055', '0.0165', '0.0101', '0.0037', '0.0143', '0.0069', '0.0079', '0.9166', '0.0127', '0.0058']
2024-10-23 19:01:53,338 - INFO - #The mean probability: ['0.0015', '0.0106', '0.0028', '0.0011', '0.0074', '0.0024', '0.0022', '0.9656', '0.0045', '0.0020']
2024-10-23 19:01:53,338 - INFO - # EPOCH 2/100   train loss: 0.8405,    loss1: 0.7978
2024-10-23 19:01:53,338 - INFO - #               loss2: 0.0854,    loss3: 0.0000,
2024-10-23 19:01:53,338 - INFO - #               loss: 0.6518,    clean acc: 0.7606
2024-10-23 19:01:53,338 - INFO - #               poison acc: 1.0000
2024-10-23 19:01:53,340 - INFO - Save at ./checkpoints/FMNIST/1.pth
2024-10-23 19:02:02,545 - INFO - #The mean probability: ['0.0032', '0.0186', '0.0056', '0.0021', '0.0142', '0.0046', '0.0048', '0.9351', '0.0081', '0.0036']
2024-10-23 19:02:03,690 - INFO - #The mean probability: ['0.0012', '0.0143', '0.0021', '0.0007', '0.0093', '0.0016', '0.0018', '0.9643', '0.0036', '0.0011']
2024-10-23 19:02:03,690 - INFO - # EPOCH 3/100   train loss: 0.7146,    loss1: 0.6841
2024-10-23 19:02:03,690 - INFO - #               loss2: 0.0609,    loss3: 0.0000,
2024-10-23 19:02:03,690 - INFO - #               loss: 0.5793,    clean acc: 0.7872
2024-10-23 19:02:03,691 - INFO - #               poison acc: 1.0000
2024-10-23 19:02:03,693 - INFO - Save at ./checkpoints/FMNIST/2.pth
2024-10-23 19:02:12,967 - INFO - #The mean probability: ['0.0026', '0.0192', '0.0038', '0.0017', '0.0164', '0.0033', '0.0035', '0.9412', '0.0058', '0.0027']
2024-10-23 19:02:14,122 - INFO - #The mean probability: ['0.0008', '0.0182', '0.0015', '0.0006', '0.0132', '0.0012', '0.0016', '0.9577', '0.0040', '0.0012']
2024-10-23 19:02:14,122 - INFO - # EPOCH 4/100   train loss: 0.6481,    loss1: 0.6231
2024-10-23 19:02:14,122 - INFO - #               loss2: 0.0501,    loss3: 0.0000,
2024-10-23 19:02:14,122 - INFO - #               loss: 0.5461,    clean acc: 0.8006
2024-10-23 19:02:14,122 - INFO - #               poison acc: 1.0000
2024-10-23 19:02:14,124 - INFO - Save at ./checkpoints/FMNIST/3.pth
2024-10-23 19:02:23,431 - INFO - #The mean probability: ['0.0018', '0.0209', '0.0028', '0.0013', '0.0166', '0.0026', '0.0028', '0.9439', '0.0047', '0.0025']
2024-10-23 19:02:24,584 - INFO - #The mean probability: ['0.0003', '0.0079', '0.0006', '0.0002', '0.0066', '0.0004', '0.0005', '0.9820', '0.0011', '0.0004']
2024-10-23 19:02:24,584 - INFO - # EPOCH 5/100   train loss: 0.6008,    loss1: 0.5796
2024-10-23 19:02:24,584 - INFO - #               loss2: 0.0425,    loss3: 0.0000,
2024-10-23 19:02:24,584 - INFO - #               loss: 0.5190,    clean acc: 0.8138
2024-10-23 19:02:24,584 - INFO - #               poison acc: 1.0000
2024-10-23 19:02:24,586 - INFO - Save at ./checkpoints/FMNIST/4.pth
2024-10-23 19:02:33,861 - INFO - #The mean probability: ['0.0015', '0.0197', '0.0021', '0.0010', '0.0183', '0.0019', '0.0022', '0.9474', '0.0042', '0.0017']
2024-10-23 19:02:35,017 - INFO - #The mean probability: ['0.0005', '0.0178', '0.0010', '0.0003', '0.0167', '0.0005', '0.0010', '0.9594', '0.0023', '0.0005']
2024-10-23 19:02:35,017 - INFO - # EPOCH 6/100   train loss: 0.5699,    loss1: 0.5514
2024-10-23 19:02:35,017 - INFO - #               loss2: 0.0371,    loss3: 0.0000,
2024-10-23 19:02:35,018 - INFO - #               loss: 0.4904,    clean acc: 0.8210
2024-10-23 19:02:35,018 - INFO - #               poison acc: 1.0000
2024-10-23 19:02:35,019 - INFO - Save at ./checkpoints/FMNIST/5.pth
2024-10-23 19:02:44,211 - INFO - #The mean probability: ['0.0011', '0.0207', '0.0018', '0.0009', '0.0185', '0.0013', '0.0019', '0.9488', '0.0036', '0.0014']
2024-10-23 19:02:45,364 - INFO - #The mean probability: ['0.0003', '0.0127', '0.0005', '0.0002', '0.0119', '0.0003', '0.0007', '0.9719', '0.0012', '0.0003']
2024-10-23 19:02:45,364 - INFO - # EPOCH 7/100   train loss: 0.5409,    loss1: 0.5246
2024-10-23 19:02:45,364 - INFO - #               loss2: 0.0327,    loss3: 0.0000,
2024-10-23 19:02:45,364 - INFO - #               loss: 0.4738,    clean acc: 0.8303
2024-10-23 19:02:45,364 - INFO - #               poison acc: 1.0000
2024-10-23 19:02:45,366 - INFO - Save at ./checkpoints/FMNIST/6.pth
2024-10-23 19:02:54,481 - INFO - #The mean probability: ['0.0010', '0.0206', '0.0016', '0.0008', '0.0192', '0.0013', '0.0017', '0.9495', '0.0031', '0.0012']
2024-10-23 19:02:55,625 - INFO - #The mean probability: ['0.0004', '0.0228', '0.0007', '0.0003', '0.0185', '0.0003', '0.0007', '0.9544', '0.0014', '0.0004']
2024-10-23 19:02:55,626 - INFO - # EPOCH 8/100   train loss: 0.5227,    loss1: 0.5078
2024-10-23 19:02:55,626 - INFO - #               loss2: 0.0299,    loss3: 0.0000,
2024-10-23 19:02:55,626 - INFO - #               loss: 0.4595,    clean acc: 0.8362
2024-10-23 19:02:55,626 - INFO - #               poison acc: 1.0000
2024-10-23 19:02:55,628 - INFO - Save at ./checkpoints/FMNIST/7.pth
2024-10-23 19:03:04,797 - INFO - #The mean probability: ['0.0009', '0.0209', '0.0014', '0.0008', '0.0189', '0.0010', '0.0016', '0.9508', '0.0026', '0.0011']
2024-10-23 19:03:05,942 - INFO - #The mean probability: ['0.0002', '0.0147', '0.0003', '0.0002', '0.0139', '0.0002', '0.0004', '0.9689', '0.0009', '0.0003']
2024-10-23 19:03:05,943 - INFO - # EPOCH 9/100   train loss: 0.5017,    loss1: 0.4884
2024-10-23 19:03:05,943 - INFO - #               loss2: 0.0266,    loss3: 0.0000,
2024-10-23 19:03:05,943 - INFO - #               loss: 0.4454,    clean acc: 0.8392
2024-10-23 19:03:05,943 - INFO - #               poison acc: 1.0000
2024-10-23 19:03:05,945 - INFO - Save at ./checkpoints/FMNIST/8.pth
2024-10-23 19:03:15,108 - INFO - #The mean probability: ['0.0007', '0.0213', '0.0011', '0.0007', '0.0204', '0.0009', '0.0015', '0.9500', '0.0025', '0.0010']
2024-10-23 19:03:16,294 - INFO - #The mean probability: ['0.0001', '0.0175', '0.0003', '0.0001', '0.0164', '0.0001', '0.0004', '0.9640', '0.0008', '0.0002']
2024-10-23 19:03:16,295 - INFO - # EPOCH 10/100   train loss: 0.4848,    loss1: 0.4724
2024-10-23 19:03:16,295 - INFO - #               loss2: 0.0247,    loss3: 0.0000,
2024-10-23 19:03:16,295 - INFO - #               loss: 0.4352,    clean acc: 0.8453
2024-10-23 19:03:16,295 - INFO - #               poison acc: 1.0000
2024-10-23 19:03:16,296 - INFO - Save at ./checkpoints/FMNIST/9.pth
2024-10-23 19:03:25,481 - INFO - #The mean probability: ['0.0006', '0.0215', '0.0009', '0.0005', '0.0200', '0.0009', '0.0012', '0.9513', '0.0023', '0.0009']
2024-10-23 19:03:26,640 - INFO - #The mean probability: ['0.0002', '0.0185', '0.0004', '0.0002', '0.0171', '0.0002', '0.0004', '0.9623', '0.0008', '0.0002']
2024-10-23 19:03:26,640 - INFO - # EPOCH 11/100   train loss: 0.4720,    loss1: 0.4606
2024-10-23 19:03:26,640 - INFO - #               loss2: 0.0226,    loss3: 0.0000,
2024-10-23 19:03:26,640 - INFO - #               loss: 0.4230,    clean acc: 0.8472
2024-10-23 19:03:26,640 - INFO - #               poison acc: 1.0000
2024-10-23 19:03:26,642 - INFO - Save at ./checkpoints/FMNIST/10.pth
2024-10-23 19:03:35,855 - INFO - #The mean probability: ['0.0005', '0.0207', '0.0008', '0.0005', '0.0201', '0.0006', '0.0011', '0.9532', '0.0018', '0.0006']
2024-10-23 19:03:37,012 - INFO - #The mean probability: ['0.0001', '0.0175', '0.0003', '0.0001', '0.0165', '0.0001', '0.0004', '0.9642', '0.0006', '0.0001']
2024-10-23 19:03:37,012 - INFO - # EPOCH 12/100   train loss: 0.4597,    loss1: 0.4496
2024-10-23 19:03:37,012 - INFO - #               loss2: 0.0201,    loss3: 0.0000,
2024-10-23 19:03:37,012 - INFO - #               loss: 0.4161,    clean acc: 0.8474
2024-10-23 19:03:37,012 - INFO - #               poison acc: 1.0000
2024-10-23 19:03:37,014 - INFO - Save at ./checkpoints/FMNIST/11.pth
2024-10-23 19:03:46,177 - INFO - #The mean probability: ['0.0007', '0.0211', '0.0008', '0.0005', '0.0204', '0.0007', '0.0012', '0.9521', '0.0019', '0.0007']
2024-10-23 19:03:47,332 - INFO - #The mean probability: ['0.0001', '0.0153', '0.0002', '0.0001', '0.0157', '0.0001', '0.0003', '0.9678', '0.0005', '0.0001']
2024-10-23 19:03:47,332 - INFO - # EPOCH 13/100   train loss: 0.4496,    loss1: 0.4394
2024-10-23 19:03:47,332 - INFO - #               loss2: 0.0205,    loss3: 0.0000,
2024-10-23 19:03:47,332 - INFO - #               loss: 0.4069,    clean acc: 0.8522
2024-10-23 19:03:47,332 - INFO - #               poison acc: 1.0000
2024-10-23 19:03:47,334 - INFO - Save at ./checkpoints/FMNIST/12.pth
2024-10-23 19:03:56,552 - INFO - #The mean probability: ['0.0005', '0.0212', '0.0006', '0.0005', '0.0208', '0.0006', '0.0010', '0.9529', '0.0015', '0.0005']
2024-10-23 19:03:57,699 - INFO - #The mean probability: ['0.0001', '0.0199', '0.0001', '0.0001', '0.0194', '0.0001', '0.0002', '0.9597', '0.0004', '0.0001']
2024-10-23 19:03:57,699 - INFO - # EPOCH 14/100   train loss: 0.4384,    loss1: 0.4286
2024-10-23 19:03:57,700 - INFO - #               loss2: 0.0195,    loss3: 0.0000,
2024-10-23 19:03:57,700 - INFO - #               loss: 0.4036,    clean acc: 0.8544
2024-10-23 19:03:57,700 - INFO - #               poison acc: 1.0000
2024-10-23 19:03:57,701 - INFO - Save at ./checkpoints/FMNIST/13.pth
2024-10-23 19:04:07,942 - INFO - #The mean probability: ['0.0003', '0.0220', '0.0005', '0.0005', '0.0210', '0.0004', '0.0008', '0.9523', '0.0016', '0.0004']
2024-10-23 19:04:09,093 - INFO - #The mean probability: ['0.0001', '0.0170', '0.0001', '0.0001', '0.0146', '0.0000', '0.0002', '0.9678', '0.0003', '0.0000']
2024-10-23 19:04:09,094 - INFO - # EPOCH 15/100   train loss: 0.4283,    loss1: 0.4195
2024-10-23 19:04:09,094 - INFO - #               loss2: 0.0175,    loss3: 0.0000,
2024-10-23 19:04:09,094 - INFO - #               loss: 0.3931,    clean acc: 0.8560
2024-10-23 19:04:09,094 - INFO - #               poison acc: 1.0000
2024-10-23 19:04:09,096 - INFO - Save at ./checkpoints/FMNIST/14.pth
2024-10-23 19:04:18,352 - INFO - #The mean probability: ['0.0004', '0.0215', '0.0007', '0.0005', '0.0209', '0.0004', '0.0012', '0.9526', '0.0013', '0.0005']
2024-10-23 19:04:19,506 - INFO - #The mean probability: ['0.0001', '0.0167', '0.0001', '0.0001', '0.0170', '0.0001', '0.0002', '0.9654', '0.0003', '0.0001']
2024-10-23 19:04:19,506 - INFO - # EPOCH 16/100   train loss: 0.4215,    loss1: 0.4121
2024-10-23 19:04:19,506 - INFO - #               loss2: 0.0188,    loss3: 0.0000,
2024-10-23 19:04:19,506 - INFO - #               loss: 0.3866,    clean acc: 0.8590
2024-10-23 19:04:19,506 - INFO - #               poison acc: 1.0000
2024-10-23 19:04:19,508 - INFO - Save at ./checkpoints/FMNIST/15.pth
2024-10-23 19:04:28,967 - INFO - #The mean probability: ['0.0003', '0.0211', '0.0005', '0.0004', '0.0209', '0.0005', '0.0008', '0.9538', '0.0013', '0.0004']
2024-10-23 19:04:30,114 - INFO - #The mean probability: ['0.0001', '0.0195', '0.0001', '0.0001', '0.0184', '0.0000', '0.0002', '0.9612', '0.0004', '0.0000']
2024-10-23 19:04:30,114 - INFO - # EPOCH 17/100   train loss: 0.4148,    loss1: 0.4063
2024-10-23 19:04:30,114 - INFO - #               loss2: 0.0170,    loss3: 0.0000,
2024-10-23 19:04:30,114 - INFO - #               loss: 0.3799,    clean acc: 0.8601
2024-10-23 19:04:30,114 - INFO - #               poison acc: 1.0000
2024-10-23 19:04:30,116 - INFO - Save at ./checkpoints/FMNIST/16.pth
2024-10-23 19:04:39,300 - INFO - #The mean probability: ['0.0002', '0.0217', '0.0006', '0.0003', '0.0208', '0.0003', '0.0009', '0.9535', '0.0013', '0.0004']
2024-10-23 19:04:40,496 - INFO - #The mean probability: ['0.0000', '0.0153', '0.0001', '0.0000', '0.0171', '0.0000', '0.0001', '0.9670', '0.0003', '0.0000']
2024-10-23 19:04:40,496 - INFO - # EPOCH 18/100   train loss: 0.4027,    loss1: 0.3945
2024-10-23 19:04:40,496 - INFO - #               loss2: 0.0164,    loss3: 0.0000,
2024-10-23 19:04:40,496 - INFO - #               loss: 0.3765,    clean acc: 0.8625
2024-10-23 19:04:40,496 - INFO - #               poison acc: 1.0000
2024-10-23 19:04:40,498 - INFO - Save at ./checkpoints/FMNIST/17.pth
2024-10-23 19:04:49,548 - INFO - #The mean probability: ['0.0003', '0.0217', '0.0003', '0.0003', '0.0215', '0.0004', '0.0006', '0.9535', '0.0009', '0.0003']
2024-10-23 19:04:50,693 - INFO - #The mean probability: ['0.0000', '0.0155', '0.0001', '0.0000', '0.0145', '0.0000', '0.0001', '0.9696', '0.0002', '0.0000']
2024-10-23 19:04:50,693 - INFO - # EPOCH 19/100   train loss: 0.3996,    loss1: 0.3918
2024-10-23 19:04:50,693 - INFO - #               loss2: 0.0155,    loss3: 0.0000,
2024-10-23 19:04:50,693 - INFO - #               loss: 0.3707,    clean acc: 0.8670
2024-10-23 19:04:50,693 - INFO - #               poison acc: 1.0000
2024-10-23 19:04:50,695 - INFO - Save at ./checkpoints/FMNIST/18.pth
2024-10-23 19:04:59,875 - INFO - #The mean probability: ['0.0002', '0.0217', '0.0003', '0.0003', '0.0216', '0.0002', '0.0008', '0.9536', '0.0010', '0.0004']
2024-10-23 19:05:01,037 - INFO - #The mean probability: ['0.0000', '0.0148', '0.0000', '0.0000', '0.0141', '0.0000', '0.0001', '0.9708', '0.0002', '0.0000']
2024-10-23 19:05:01,037 - INFO - # EPOCH 20/100   train loss: 0.3922,    loss1: 0.3850
2024-10-23 19:05:01,037 - INFO - #               loss2: 0.0145,    loss3: 0.0000,
2024-10-23 19:05:01,038 - INFO - #               loss: 0.3664,    clean acc: 0.8666
2024-10-23 19:05:01,038 - INFO - #               poison acc: 1.0000
2024-10-23 19:05:01,039 - INFO - Save at ./checkpoints/FMNIST/19.pth
2024-10-23 19:05:10,238 - INFO - #The mean probability: ['0.0002', '0.0217', '0.0003', '0.0003', '0.0214', '0.0002', '0.0006', '0.9542', '0.0010', '0.0003']
2024-10-23 19:05:11,387 - INFO - #The mean probability: ['0.0000', '0.0214', '0.0001', '0.0000', '0.0219', '0.0000', '0.0001', '0.9562', '0.0003', '0.0000']
2024-10-23 19:05:11,387 - INFO - # EPOCH 21/100   train loss: 0.3895,    loss1: 0.3821
2024-10-23 19:05:11,387 - INFO - #               loss2: 0.0148,    loss3: 0.0000,
2024-10-23 19:05:11,387 - INFO - #               loss: 0.3614,    clean acc: 0.8697
2024-10-23 19:05:11,387 - INFO - #               poison acc: 1.0000
2024-10-23 19:05:11,389 - INFO - Save at ./checkpoints/FMNIST/20.pth
2024-10-23 19:05:20,548 - INFO - #The mean probability: ['0.0002', '0.0221', '0.0003', '0.0003', '0.0217', '0.0003', '0.0006', '0.9536', '0.0009', '0.0002']
2024-10-23 19:05:21,693 - INFO - #The mean probability: ['0.0000', '0.0179', '0.0000', '0.0000', '0.0197', '0.0000', '0.0001', '0.9619', '0.0002', '0.0000']
2024-10-23 19:05:21,693 - INFO - # EPOCH 22/100   train loss: 0.3840,    loss1: 0.3767
2024-10-23 19:05:21,694 - INFO - #               loss2: 0.0145,    loss3: 0.0000,
2024-10-23 19:05:21,694 - INFO - #               loss: 0.3567,    clean acc: 0.8729
2024-10-23 19:05:21,694 - INFO - #               poison acc: 1.0000
2024-10-23 19:05:21,696 - INFO - Save at ./checkpoints/FMNIST/21.pth
2024-10-23 19:05:31,057 - INFO - #The mean probability: ['0.0002', '0.0216', '0.0004', '0.0002', '0.0215', '0.0003', '0.0007', '0.9542', '0.0009', '0.0002']
2024-10-23 19:05:32,213 - INFO - #The mean probability: ['0.0000', '0.0200', '0.0000', '0.0000', '0.0204', '0.0000', '0.0001', '0.9593', '0.0002', '0.0000']
2024-10-23 19:05:32,213 - INFO - # EPOCH 23/100   train loss: 0.3752,    loss1: 0.3683
2024-10-23 19:05:32,213 - INFO - #               loss2: 0.0139,    loss3: 0.0000,
2024-10-23 19:05:32,213 - INFO - #               loss: 0.3551,    clean acc: 0.8728
2024-10-23 19:05:32,213 - INFO - #               poison acc: 1.0000
2024-10-23 19:05:32,215 - INFO - Save at ./checkpoints/FMNIST/22.pth
2024-10-23 19:05:41,363 - INFO - #The mean probability: ['0.0002', '0.0223', '0.0003', '0.0003', '0.0214', '0.0005', '0.0007', '0.9533', '0.0010', '0.0002']
2024-10-23 19:05:42,513 - INFO - #The mean probability: ['0.0000', '0.0167', '0.0000', '0.0000', '0.0177', '0.0000', '0.0000', '0.9653', '0.0001', '0.0000']
2024-10-23 19:05:42,514 - INFO - # EPOCH 24/100   train loss: 0.3741,    loss1: 0.3666
2024-10-23 19:05:42,514 - INFO - #               loss2: 0.0149,    loss3: 0.0000,
2024-10-23 19:05:42,514 - INFO - #               loss: 0.3538,    clean acc: 0.8699
2024-10-23 19:05:42,514 - INFO - #               poison acc: 1.0000
2024-10-23 19:05:42,517 - INFO - Save at ./checkpoints/FMNIST/23.pth
2024-10-23 19:05:51,800 - INFO - #The mean probability: ['0.0001', '0.0218', '0.0002', '0.0002', '0.0217', '0.0001', '0.0005', '0.9545', '0.0007', '0.0002']
2024-10-23 19:05:52,947 - INFO - #The mean probability: ['0.0000', '0.0201', '0.0000', '0.0000', '0.0196', '0.0000', '0.0001', '0.9599', '0.0002', '0.0000']
2024-10-23 19:05:52,947 - INFO - # EPOCH 25/100   train loss: 0.3687,    loss1: 0.3622
2024-10-23 19:05:52,947 - INFO - #               loss2: 0.0129,    loss3: 0.0000,
2024-10-23 19:05:52,947 - INFO - #               loss: 0.3461,    clean acc: 0.8723
2024-10-23 19:05:52,947 - INFO - #               poison acc: 1.0000
2024-10-23 19:05:52,949 - INFO - Save at ./checkpoints/FMNIST/24.pth
2024-10-23 19:06:02,149 - INFO - #The mean probability: ['0.0002', '0.0220', '0.0002', '0.0003', '0.0216', '0.0002', '0.0005', '0.9538', '0.0010', '0.0002']
2024-10-23 19:06:03,336 - INFO - #The mean probability: ['0.0000', '0.0176', '0.0000', '0.0000', '0.0164', '0.0000', '0.0001', '0.9658', '0.0001', '0.0000']
2024-10-23 19:06:03,337 - INFO - # EPOCH 26/100   train loss: 0.3646,    loss1: 0.3580
2024-10-23 19:06:03,337 - INFO - #               loss2: 0.0131,    loss3: 0.0000,
2024-10-23 19:06:03,337 - INFO - #               loss: 0.3426,    clean acc: 0.8757
2024-10-23 19:06:03,337 - INFO - #               poison acc: 1.0000
2024-10-23 19:06:03,339 - INFO - Save at ./checkpoints/FMNIST/25.pth
2024-10-23 19:06:12,432 - INFO - #The mean probability: ['0.0001', '0.0214', '0.0002', '0.0002', '0.0223', '0.0002', '0.0004', '0.9540', '0.0009', '0.0002']
2024-10-23 19:06:13,582 - INFO - #The mean probability: ['0.0000', '0.0196', '0.0000', '0.0000', '0.0178', '0.0000', '0.0001', '0.9624', '0.0001', '0.0000']
2024-10-23 19:06:13,582 - INFO - # EPOCH 27/100   train loss: 0.3612,    loss1: 0.3544
2024-10-23 19:06:13,582 - INFO - #               loss2: 0.0135,    loss3: 0.0000,
2024-10-23 19:06:13,582 - INFO - #               loss: 0.3417,    clean acc: 0.8751
2024-10-23 19:06:13,582 - INFO - #               poison acc: 1.0000
2024-10-23 19:06:13,584 - INFO - Save at ./checkpoints/FMNIST/26.pth
2024-10-23 19:06:22,659 - INFO - #The mean probability: ['0.0002', '0.0223', '0.0002', '0.0002', '0.0213', '0.0002', '0.0004', '0.9542', '0.0008', '0.0003']
2024-10-23 19:06:23,808 - INFO - #The mean probability: ['0.0000', '0.0187', '0.0000', '0.0000', '0.0181', '0.0000', '0.0001', '0.9630', '0.0001', '0.0000']
2024-10-23 19:06:23,809 - INFO - # EPOCH 28/100   train loss: 0.3557,    loss1: 0.3490
2024-10-23 19:06:23,809 - INFO - #               loss2: 0.0134,    loss3: 0.0000,
2024-10-23 19:06:23,809 - INFO - #               loss: 0.3374,    clean acc: 0.8783
2024-10-23 19:06:23,809 - INFO - #               poison acc: 1.0000
2024-10-23 19:06:23,811 - INFO - Save at ./checkpoints/FMNIST/27.pth
2024-10-23 19:06:33,001 - INFO - #The mean probability: ['0.0001', '0.0217', '0.0001', '0.0002', '0.0215', '0.0002', '0.0006', '0.9547', '0.0006', '0.0002']
2024-10-23 19:06:34,159 - INFO - #The mean probability: ['0.0000', '0.0166', '0.0000', '0.0000', '0.0142', '0.0000', '0.0000', '0.9691', '0.0001', '0.0000']
2024-10-23 19:06:34,160 - INFO - # EPOCH 29/100   train loss: 0.3521,    loss1: 0.3459
2024-10-23 19:06:34,160 - INFO - #               loss2: 0.0123,    loss3: 0.0000,
2024-10-23 19:06:34,160 - INFO - #               loss: 0.3342,    clean acc: 0.8791
2024-10-23 19:06:34,160 - INFO - #               poison acc: 1.0000
2024-10-23 19:06:34,162 - INFO - Save at ./checkpoints/FMNIST/28.pth
2024-10-23 19:06:43,291 - INFO - #The mean probability: ['0.0002', '0.0216', '0.0002', '0.0002', '0.0217', '0.0002', '0.0005', '0.9546', '0.0005', '0.0003']
2024-10-23 19:06:44,436 - INFO - #The mean probability: ['0.0000', '0.0159', '0.0000', '0.0000', '0.0152', '0.0000', '0.0000', '0.9688', '0.0001', '0.0000']
2024-10-23 19:06:44,436 - INFO - # EPOCH 30/100   train loss: 0.3494,    loss1: 0.3430
2024-10-23 19:06:44,436 - INFO - #               loss2: 0.0129,    loss3: 0.0000,
2024-10-23 19:06:44,437 - INFO - #               loss: 0.3323,    clean acc: 0.8814
2024-10-23 19:06:44,437 - INFO - #               poison acc: 1.0000
2024-10-23 19:06:44,438 - INFO - Save at ./checkpoints/FMNIST/29.pth
2024-10-23 19:06:53,703 - INFO - #The mean probability: ['0.0001', '0.0219', '0.0001', '0.0002', '0.0215', '0.0001', '0.0004', '0.9548', '0.0005', '0.0002']
2024-10-23 19:06:54,861 - INFO - #The mean probability: ['0.0000', '0.0180', '0.0000', '0.0000', '0.0183', '0.0000', '0.0000', '0.9635', '0.0001', '0.0000']
2024-10-23 19:06:54,861 - INFO - # EPOCH 31/100   train loss: 0.3468,    loss1: 0.3410
2024-10-23 19:06:54,861 - INFO - #               loss2: 0.0116,    loss3: 0.0000,
2024-10-23 19:06:54,861 - INFO - #               loss: 0.3291,    clean acc: 0.8814
2024-10-23 19:06:54,861 - INFO - #               poison acc: 1.0000
2024-10-23 19:06:54,863 - INFO - Save at ./checkpoints/FMNIST/30.pth
2024-10-23 19:07:04,153 - INFO - #The mean probability: ['0.0001', '0.0219', '0.0002', '0.0003', '0.0219', '0.0001', '0.0006', '0.9542', '0.0006', '0.0001']
2024-10-23 19:07:05,350 - INFO - #The mean probability: ['0.0000', '0.0188', '0.0000', '0.0000', '0.0180', '0.0000', '0.0000', '0.9630', '0.0001', '0.0000']
2024-10-23 19:07:05,350 - INFO - # EPOCH 32/100   train loss: 0.3434,    loss1: 0.3372
2024-10-23 19:07:05,351 - INFO - #               loss2: 0.0125,    loss3: 0.0000,
2024-10-23 19:07:05,351 - INFO - #               loss: 0.3251,    clean acc: 0.8818
2024-10-23 19:07:05,351 - INFO - #               poison acc: 1.0000
2024-10-23 19:07:05,352 - INFO - Save at ./checkpoints/FMNIST/31.pth
2024-10-23 19:07:14,517 - INFO - #The mean probability: ['0.0001', '0.0221', '0.0001', '0.0001', '0.0220', '0.0001', '0.0004', '0.9543', '0.0006', '0.0001']
2024-10-23 19:07:15,672 - INFO - #The mean probability: ['0.0000', '0.0190', '0.0000', '0.0000', '0.0189', '0.0000', '0.0000', '0.9620', '0.0001', '0.0000']
2024-10-23 19:07:15,673 - INFO - # EPOCH 33/100   train loss: 0.3418,    loss1: 0.3356
2024-10-23 19:07:15,673 - INFO - #               loss2: 0.0123,    loss3: 0.0000,
2024-10-23 19:07:15,673 - INFO - #               loss: 0.3298,    clean acc: 0.8805
2024-10-23 19:07:15,673 - INFO - #               poison acc: 1.0000
2024-10-23 19:07:15,674 - INFO - Save at ./checkpoints/FMNIST/32.pth
2024-10-23 19:07:24,882 - INFO - #The mean probability: ['0.0001', '0.0216', '0.0001', '0.0002', '0.0224', '0.0002', '0.0003', '0.9547', '0.0005', '0.0001']
2024-10-23 19:07:26,078 - INFO - #The mean probability: ['0.0000', '0.0197', '0.0000', '0.0000', '0.0192', '0.0000', '0.0000', '0.9610', '0.0001', '0.0000']
2024-10-23 19:07:26,078 - INFO - # EPOCH 34/100   train loss: 0.3350,    loss1: 0.3291
2024-10-23 19:07:26,078 - INFO - #               loss2: 0.0119,    loss3: 0.0000,
2024-10-23 19:07:26,078 - INFO - #               loss: 0.3233,    clean acc: 0.8821
2024-10-23 19:07:26,079 - INFO - #               poison acc: 1.0000
2024-10-23 19:07:26,080 - INFO - Save at ./checkpoints/FMNIST/33.pth
2024-10-23 19:07:35,350 - INFO - #The mean probability: ['0.0001', '0.0220', '0.0002', '0.0002', '0.0216', '0.0001', '0.0003', '0.9549', '0.0006', '0.0001']
2024-10-23 19:07:36,498 - INFO - #The mean probability: ['0.0000', '0.0182', '0.0000', '0.0000', '0.0172', '0.0000', '0.0000', '0.9645', '0.0001', '0.0000']
2024-10-23 19:07:36,498 - INFO - # EPOCH 35/100   train loss: 0.3344,    loss1: 0.3287
2024-10-23 19:07:36,498 - INFO - #               loss2: 0.0115,    loss3: 0.0000,
2024-10-23 19:07:36,498 - INFO - #               loss: 0.3202,    clean acc: 0.8853
2024-10-23 19:07:36,498 - INFO - #               poison acc: 1.0000
2024-10-23 19:07:36,500 - INFO - Save at ./checkpoints/FMNIST/34.pth
2024-10-23 19:07:45,989 - INFO - #The mean probability: ['0.0001', '0.0222', '0.0001', '0.0003', '0.0216', '0.0001', '0.0004', '0.9544', '0.0006', '0.0001']
2024-10-23 19:07:47,147 - INFO - #The mean probability: ['0.0000', '0.0205', '0.0000', '0.0000', '0.0179', '0.0000', '0.0000', '0.9614', '0.0001', '0.0000']
2024-10-23 19:07:47,147 - INFO - # EPOCH 36/100   train loss: 0.3322,    loss1: 0.3259
2024-10-23 19:07:47,147 - INFO - #               loss2: 0.0126,    loss3: 0.0000,
2024-10-23 19:07:47,147 - INFO - #               loss: 0.3207,    clean acc: 0.8821
2024-10-23 19:07:47,147 - INFO - #               poison acc: 1.0000
2024-10-23 19:07:47,149 - INFO - Save at ./checkpoints/FMNIST/35.pth
2024-10-23 19:07:56,590 - INFO - #The mean probability: ['0.0001', '0.0218', '0.0001', '0.0002', '0.0219', '0.0002', '0.0003', '0.9546', '0.0006', '0.0001']
2024-10-23 19:07:57,752 - INFO - #The mean probability: ['0.0000', '0.0162', '0.0000', '0.0000', '0.0164', '0.0000', '0.0000', '0.9673', '0.0000', '0.0000']
2024-10-23 19:07:57,752 - INFO - # EPOCH 37/100   train loss: 0.3294,    loss1: 0.3235
2024-10-23 19:07:57,752 - INFO - #               loss2: 0.0119,    loss3: 0.0000,
2024-10-23 19:07:57,752 - INFO - #               loss: 0.3210,    clean acc: 0.8844
2024-10-23 19:07:57,752 - INFO - #               poison acc: 1.0000
2024-10-23 19:07:57,754 - INFO - Save at ./checkpoints/FMNIST/36.pth
2024-10-23 19:08:06,945 - INFO - #The mean probability: ['0.0001', '0.0224', '0.0001', '0.0002', '0.0219', '0.0001', '0.0004', '0.9540', '0.0006', '0.0001']
2024-10-23 19:08:08,102 - INFO - #The mean probability: ['0.0000', '0.0142', '0.0000', '0.0000', '0.0141', '0.0000', '0.0000', '0.9716', '0.0000', '0.0000']
2024-10-23 19:08:08,103 - INFO - # EPOCH 38/100   train loss: 0.3252,    loss1: 0.3194
2024-10-23 19:08:08,103 - INFO - #               loss2: 0.0116,    loss3: 0.0000,
2024-10-23 19:08:08,103 - INFO - #               loss: 0.3138,    clean acc: 0.8860
2024-10-23 19:08:08,103 - INFO - #               poison acc: 1.0000
2024-10-23 19:08:08,105 - INFO - Save at ./checkpoints/FMNIST/37.pth
2024-10-23 19:08:17,374 - INFO - #The mean probability: ['0.0000', '0.0216', '0.0001', '0.0001', '0.0215', '0.0001', '0.0003', '0.9560', '0.0004', '0.0001']
2024-10-23 19:08:18,524 - INFO - #The mean probability: ['0.0000', '0.0220', '0.0000', '0.0000', '0.0222', '0.0000', '0.0000', '0.9557', '0.0000', '0.0000']
2024-10-23 19:08:18,524 - INFO - # EPOCH 39/100   train loss: 0.3226,    loss1: 0.3178
2024-10-23 19:08:18,524 - INFO - #               loss2: 0.0097,    loss3: 0.0000,
2024-10-23 19:08:18,524 - INFO - #               loss: 0.3124,    clean acc: 0.8872
2024-10-23 19:08:18,524 - INFO - #               poison acc: 1.0000
2024-10-23 19:08:18,526 - INFO - Save at ./checkpoints/FMNIST/38.pth
2024-10-23 19:08:27,821 - INFO - #The mean probability: ['0.0001', '0.0221', '0.0001', '0.0001', '0.0224', '0.0001', '0.0004', '0.9541', '0.0005', '0.0002']
2024-10-23 19:08:29,019 - INFO - #The mean probability: ['0.0000', '0.0162', '0.0000', '0.0000', '0.0148', '0.0000', '0.0000', '0.9690', '0.0000', '0.0000']
2024-10-23 19:08:29,020 - INFO - # EPOCH 40/100   train loss: 0.3217,    loss1: 0.3159
2024-10-23 19:08:29,020 - INFO - #               loss2: 0.0116,    loss3: 0.0000,
2024-10-23 19:08:29,020 - INFO - #               loss: 0.3102,    clean acc: 0.8890
2024-10-23 19:08:29,020 - INFO - #               poison acc: 1.0000
2024-10-23 19:08:29,021 - INFO - Save at ./checkpoints/FMNIST/39.pth
2024-10-23 19:08:38,126 - INFO - #The mean probability: ['0.0001', '0.0216', '0.0001', '0.0001', '0.0216', '0.0001', '0.0002', '0.9558', '0.0004', '0.0001']
2024-10-23 19:08:39,275 - INFO - #The mean probability: ['0.0000', '0.0178', '0.0000', '0.0000', '0.0174', '0.0000', '0.0000', '0.9647', '0.0000', '0.0000']
2024-10-23 19:08:39,275 - INFO - # EPOCH 41/100   train loss: 0.3179,    loss1: 0.3128
2024-10-23 19:08:39,275 - INFO - #               loss2: 0.0101,    loss3: 0.0000,
2024-10-23 19:08:39,275 - INFO - #               loss: 0.3091,    clean acc: 0.8890
2024-10-23 19:08:39,275 - INFO - #               poison acc: 1.0000
2024-10-23 19:08:39,277 - INFO - Save at ./checkpoints/FMNIST/40.pth
2024-10-23 19:08:48,462 - INFO - #The mean probability: ['0.0001', '0.0218', '0.0001', '0.0002', '0.0214', '0.0001', '0.0003', '0.9555', '0.0004', '0.0002']
2024-10-23 19:08:49,620 - INFO - #The mean probability: ['0.0000', '0.0242', '0.0000', '0.0000', '0.0219', '0.0000', '0.0000', '0.9538', '0.0000', '0.0000']
2024-10-23 19:08:49,620 - INFO - # EPOCH 42/100   train loss: 0.3151,    loss1: 0.3101
2024-10-23 19:08:49,620 - INFO - #               loss2: 0.0100,    loss3: 0.0000,
2024-10-23 19:08:49,620 - INFO - #               loss: 0.3060,    clean acc: 0.8908
2024-10-23 19:08:49,620 - INFO - #               poison acc: 1.0000
2024-10-23 19:08:49,622 - INFO - Save at ./checkpoints/FMNIST/41.pth
2024-10-23 19:08:58,787 - INFO - #The mean probability: ['0.0001', '0.0223', '0.0001', '0.0001', '0.0218', '0.0001', '0.0003', '0.9547', '0.0004', '0.0001']
2024-10-23 19:08:59,933 - INFO - #The mean probability: ['0.0000', '0.0196', '0.0000', '0.0000', '0.0195', '0.0000', '0.0000', '0.9609', '0.0000', '0.0000']
2024-10-23 19:08:59,933 - INFO - # EPOCH 43/100   train loss: 0.3128,    loss1: 0.3075
2024-10-23 19:08:59,933 - INFO - #               loss2: 0.0106,    loss3: 0.0000,
2024-10-23 19:08:59,933 - INFO - #               loss: 0.3046,    clean acc: 0.8907
2024-10-23 19:08:59,933 - INFO - #               poison acc: 1.0000
2024-10-23 19:08:59,935 - INFO - Save at ./checkpoints/FMNIST/42.pth
2024-10-23 19:09:09,145 - INFO - #The mean probability: ['0.0001', '0.0217', '0.0001', '0.0002', '0.0218', '0.0001', '0.0003', '0.9552', '0.0004', '0.0001']
2024-10-23 19:09:10,308 - INFO - #The mean probability: ['0.0000', '0.0194', '0.0000', '0.0000', '0.0201', '0.0000', '0.0000', '0.9605', '0.0000', '0.0000']
2024-10-23 19:09:10,308 - INFO - # EPOCH 44/100   train loss: 0.3117,    loss1: 0.3063
2024-10-23 19:09:10,308 - INFO - #               loss2: 0.0107,    loss3: 0.0000,
2024-10-23 19:09:10,308 - INFO - #               loss: 0.3040,    clean acc: 0.8899
2024-10-23 19:09:10,308 - INFO - #               poison acc: 1.0000
2024-10-23 19:09:10,310 - INFO - Save at ./checkpoints/FMNIST/43.pth
2024-10-23 19:09:19,578 - INFO - #The mean probability: ['0.0001', '0.0218', '0.0001', '0.0001', '0.0219', '0.0001', '0.0004', '0.9551', '0.0003', '0.0001']
2024-10-23 19:09:20,735 - INFO - #The mean probability: ['0.0000', '0.0195', '0.0000', '0.0000', '0.0195', '0.0000', '0.0000', '0.9609', '0.0000', '0.0000']
2024-10-23 19:09:20,735 - INFO - # EPOCH 45/100   train loss: 0.3095,    loss1: 0.3044
2024-10-23 19:09:20,735 - INFO - #               loss2: 0.0102,    loss3: 0.0000,
2024-10-23 19:09:20,735 - INFO - #               loss: 0.3014,    clean acc: 0.8930
2024-10-23 19:09:20,735 - INFO - #               poison acc: 1.0000
2024-10-23 19:09:20,737 - INFO - Save at ./checkpoints/FMNIST/44.pth
2024-10-23 19:09:29,901 - INFO - #The mean probability: ['0.0001', '0.0220', '0.0001', '0.0002', '0.0223', '0.0001', '0.0002', '0.9547', '0.0003', '0.0001']
2024-10-23 19:09:31,088 - INFO - #The mean probability: ['0.0000', '0.0207', '0.0000', '0.0000', '0.0210', '0.0000', '0.0000', '0.9582', '0.0000', '0.0000']
2024-10-23 19:09:31,088 - INFO - # EPOCH 46/100   train loss: 0.3059,    loss1: 0.3006
2024-10-23 19:09:31,088 - INFO - #               loss2: 0.0106,    loss3: 0.0000,
2024-10-23 19:09:31,088 - INFO - #               loss: 0.3011,    clean acc: 0.8900
2024-10-23 19:09:31,088 - INFO - #               poison acc: 1.0000
2024-10-23 19:09:31,090 - INFO - Save at ./checkpoints/FMNIST/45.pth
2024-10-23 19:09:40,345 - INFO - #The mean probability: ['0.0000', '0.0220', '0.0000', '0.0001', '0.0218', '0.0001', '0.0002', '0.9552', '0.0003', '0.0001']
2024-10-23 19:09:41,504 - INFO - #The mean probability: ['0.0000', '0.0182', '0.0000', '0.0000', '0.0165', '0.0000', '0.0000', '0.9652', '0.0000', '0.0000']
2024-10-23 19:09:41,505 - INFO - # EPOCH 47/100   train loss: 0.3042,    loss1: 0.2992
2024-10-23 19:09:41,505 - INFO - #               loss2: 0.0100,    loss3: 0.0000,
2024-10-23 19:09:41,505 - INFO - #               loss: 0.3032,    clean acc: 0.8906
2024-10-23 19:09:41,505 - INFO - #               poison acc: 1.0000
2024-10-23 19:09:41,507 - INFO - Save at ./checkpoints/FMNIST/46.pth
2024-10-23 19:09:50,708 - INFO - #The mean probability: ['0.0000', '0.0219', '0.0001', '0.0001', '0.0218', '0.0001', '0.0002', '0.9554', '0.0003', '0.0000']
2024-10-23 19:09:51,917 - INFO - #The mean probability: ['0.0000', '0.0182', '0.0000', '0.0000', '0.0184', '0.0000', '0.0000', '0.9634', '0.0000', '0.0000']
2024-10-23 19:09:51,918 - INFO - # EPOCH 48/100   train loss: 0.3025,    loss1: 0.2976
2024-10-23 19:09:51,918 - INFO - #               loss2: 0.0098,    loss3: 0.0000,
2024-10-23 19:09:51,918 - INFO - #               loss: 0.2979,    clean acc: 0.8942
2024-10-23 19:09:51,918 - INFO - #               poison acc: 1.0000
2024-10-23 19:09:51,920 - INFO - Save at ./checkpoints/FMNIST/47.pth
2024-10-23 19:10:01,163 - INFO - #The mean probability: ['0.0001', '0.0221', '0.0001', '0.0001', '0.0217', '0.0000', '0.0004', '0.9552', '0.0003', '0.0000']
2024-10-23 19:10:02,310 - INFO - #The mean probability: ['0.0000', '0.0192', '0.0000', '0.0000', '0.0180', '0.0000', '0.0000', '0.9628', '0.0000', '0.0000']
2024-10-23 19:10:02,310 - INFO - # EPOCH 49/100   train loss: 0.3002,    loss1: 0.2951
2024-10-23 19:10:02,310 - INFO - #               loss2: 0.0102,    loss3: 0.0000,
2024-10-23 19:10:02,310 - INFO - #               loss: 0.2957,    clean acc: 0.8945
2024-10-23 19:10:02,311 - INFO - #               poison acc: 1.0000
2024-10-23 19:10:02,312 - INFO - Save at ./checkpoints/FMNIST/48.pth
2024-10-23 19:10:11,506 - INFO - #The mean probability: ['0.0000', '0.0221', '0.0001', '0.0001', '0.0222', '0.0000', '0.0002', '0.9548', '0.0004', '0.0001']
2024-10-23 19:10:12,669 - INFO - #The mean probability: ['0.0000', '0.0145', '0.0000', '0.0000', '0.0133', '0.0000', '0.0000', '0.9722', '0.0000', '0.0000']
2024-10-23 19:10:12,669 - INFO - # EPOCH 50/100   train loss: 0.2973,    loss1: 0.2924
2024-10-23 19:10:12,669 - INFO - #               loss2: 0.0099,    loss3: 0.0000,
2024-10-23 19:10:12,669 - INFO - #               loss: 0.2950,    clean acc: 0.8941
2024-10-23 19:10:12,669 - INFO - #               poison acc: 1.0000
2024-10-23 19:10:12,672 - INFO - Save at ./checkpoints/FMNIST/49.pth
2024-10-23 19:10:22,277 - INFO - #The mean probability: ['0.0001', '0.0217', '0.0001', '0.0003', '0.0220', '0.0001', '0.0003', '0.9551', '0.0004', '0.0000']
2024-10-23 19:10:23,427 - INFO - #The mean probability: ['0.0000', '0.0203', '0.0000', '0.0000', '0.0198', '0.0000', '0.0000', '0.9599', '0.0000', '0.0000']
2024-10-23 19:10:23,427 - INFO - # EPOCH 51/100   train loss: 0.2991,    loss1: 0.2940
2024-10-23 19:10:23,428 - INFO - #               loss2: 0.0103,    loss3: 0.0000,
2024-10-23 19:10:23,428 - INFO - #               loss: 0.2928,    clean acc: 0.8944
2024-10-23 19:10:23,428 - INFO - #               poison acc: 1.0000
2024-10-23 19:10:23,429 - INFO - Save at ./checkpoints/FMNIST/50.pth
2024-10-23 19:10:32,510 - INFO - #The mean probability: ['0.0001', '0.0218', '0.0001', '0.0001', '0.0214', '0.0002', '0.0003', '0.9558', '0.0003', '0.0001']
2024-10-23 19:10:33,656 - INFO - #The mean probability: ['0.0000', '0.0203', '0.0000', '0.0000', '0.0187', '0.0000', '0.0000', '0.9610', '0.0000', '0.0000']
2024-10-23 19:10:33,657 - INFO - # EPOCH 52/100   train loss: 0.2954,    loss1: 0.2905
2024-10-23 19:10:33,657 - INFO - #               loss2: 0.0098,    loss3: 0.0000,
2024-10-23 19:10:33,657 - INFO - #               loss: 0.2974,    clean acc: 0.8926
2024-10-23 19:10:33,657 - INFO - #               poison acc: 1.0000
2024-10-23 19:10:33,659 - INFO - Save at ./checkpoints/FMNIST/51.pth
2024-10-23 19:10:42,803 - INFO - #The mean probability: ['0.0000', '0.0221', '0.0001', '0.0001', '0.0221', '0.0000', '0.0003', '0.9547', '0.0005', '0.0001']
2024-10-23 19:10:43,962 - INFO - #The mean probability: ['0.0000', '0.0221', '0.0000', '0.0000', '0.0230', '0.0000', '0.0000', '0.9548', '0.0000', '0.0000']
2024-10-23 19:10:43,962 - INFO - # EPOCH 53/100   train loss: 0.2939,    loss1: 0.2885
2024-10-23 19:10:43,962 - INFO - #               loss2: 0.0107,    loss3: 0.0000,
2024-10-23 19:10:43,962 - INFO - #               loss: 0.2917,    clean acc: 0.8951
2024-10-23 19:10:43,962 - INFO - #               poison acc: 1.0000
2024-10-23 19:10:43,964 - INFO - Save at ./checkpoints/FMNIST/52.pth
2024-10-23 19:10:53,076 - INFO - #The mean probability: ['0.0000', '0.0221', '0.0000', '0.0001', '0.0222', '0.0001', '0.0003', '0.9549', '0.0003', '0.0000']
2024-10-23 19:10:54,263 - INFO - #The mean probability: ['0.0000', '0.0159', '0.0000', '0.0000', '0.0164', '0.0000', '0.0000', '0.9677', '0.0000', '0.0000']
2024-10-23 19:10:54,263 - INFO - # EPOCH 54/100   train loss: 0.2929,    loss1: 0.2880
2024-10-23 19:10:54,263 - INFO - #               loss2: 0.0097,    loss3: 0.0000,
2024-10-23 19:10:54,263 - INFO - #               loss: 0.2894,    clean acc: 0.8966
2024-10-23 19:10:54,263 - INFO - #               poison acc: 1.0000
2024-10-23 19:10:54,265 - INFO - Save at ./checkpoints/FMNIST/53.pth
2024-10-23 19:11:03,430 - INFO - #The mean probability: ['0.0000', '0.0220', '0.0001', '0.0000', '0.0218', '0.0001', '0.0002', '0.9553', '0.0004', '0.0000']
2024-10-23 19:11:04,581 - INFO - #The mean probability: ['0.0000', '0.0146', '0.0000', '0.0000', '0.0145', '0.0000', '0.0000', '0.9708', '0.0000', '0.0000']
2024-10-23 19:11:04,581 - INFO - # EPOCH 55/100   train loss: 0.2903,    loss1: 0.2856
2024-10-23 19:11:04,581 - INFO - #               loss2: 0.0095,    loss3: 0.0000,
2024-10-23 19:11:04,581 - INFO - #               loss: 0.2913,    clean acc: 0.8969
2024-10-23 19:11:04,581 - INFO - #               poison acc: 1.0000
2024-10-23 19:11:04,583 - INFO - Save at ./checkpoints/FMNIST/54.pth
2024-10-23 19:11:13,661 - INFO - #The mean probability: ['0.0002', '0.0216', '0.0001', '0.0001', '0.0215', '0.0001', '0.0005', '0.9556', '0.0003', '0.0000']
2024-10-23 19:11:14,809 - INFO - #The mean probability: ['0.0000', '0.0169', '0.0000', '0.0000', '0.0175', '0.0000', '0.0000', '0.9655', '0.0000', '0.0000']
2024-10-23 19:11:14,809 - INFO - # EPOCH 56/100   train loss: 0.2872,    loss1: 0.2821
2024-10-23 19:11:14,809 - INFO - #               loss2: 0.0102,    loss3: 0.0000,
2024-10-23 19:11:14,809 - INFO - #               loss: 0.2896,    clean acc: 0.8963
2024-10-23 19:11:14,809 - INFO - #               poison acc: 1.0000
2024-10-23 19:11:14,811 - INFO - Save at ./checkpoints/FMNIST/55.pth
2024-10-23 19:11:24,042 - INFO - #The mean probability: ['0.0001', '0.0222', '0.0001', '0.0001', '0.0223', '0.0001', '0.0002', '0.9545', '0.0003', '0.0001']
2024-10-23 19:11:25,201 - INFO - #The mean probability: ['0.0000', '0.0213', '0.0000', '0.0000', '0.0189', '0.0000', '0.0000', '0.9597', '0.0000', '0.0000']
2024-10-23 19:11:25,202 - INFO - # EPOCH 57/100   train loss: 0.2882,    loss1: 0.2831
2024-10-23 19:11:25,202 - INFO - #               loss2: 0.0101,    loss3: 0.0000,
2024-10-23 19:11:25,202 - INFO - #               loss: 0.2872,    clean acc: 0.8964
2024-10-23 19:11:25,202 - INFO - #               poison acc: 1.0000
2024-10-23 19:11:25,203 - INFO - Save at ./checkpoints/FMNIST/56.pth
2024-10-23 19:11:34,417 - INFO - #The mean probability: ['0.0000', '0.0221', '0.0000', '0.0001', '0.0214', '0.0001', '0.0001', '0.9559', '0.0002', '0.0001']
2024-10-23 19:11:35,571 - INFO - #The mean probability: ['0.0000', '0.0197', '0.0000', '0.0000', '0.0180', '0.0000', '0.0000', '0.9623', '0.0000', '0.0000']
2024-10-23 19:11:35,571 - INFO - # EPOCH 58/100   train loss: 0.2855,    loss1: 0.2811
2024-10-23 19:11:35,572 - INFO - #               loss2: 0.0088,    loss3: 0.0000,
2024-10-23 19:11:35,572 - INFO - #               loss: 0.2868,    clean acc: 0.8962
2024-10-23 19:11:35,572 - INFO - #               poison acc: 1.0000
2024-10-23 19:11:35,573 - INFO - Save at ./checkpoints/FMNIST/57.pth
2024-10-23 19:11:44,720 - INFO - #The mean probability: ['0.0000', '0.0218', '0.0000', '0.0001', '0.0222', '0.0001', '0.0002', '0.9553', '0.0002', '0.0000']
2024-10-23 19:11:45,866 - INFO - #The mean probability: ['0.0000', '0.0162', '0.0000', '0.0000', '0.0150', '0.0000', '0.0000', '0.9687', '0.0000', '0.0000']
2024-10-23 19:11:45,866 - INFO - # EPOCH 59/100   train loss: 0.2826,    loss1: 0.2779
2024-10-23 19:11:45,866 - INFO - #               loss2: 0.0094,    loss3: 0.0000,
2024-10-23 19:11:45,866 - INFO - #               loss: 0.2855,    clean acc: 0.8964
2024-10-23 19:11:45,866 - INFO - #               poison acc: 1.0000
2024-10-23 19:11:45,869 - INFO - Save at ./checkpoints/FMNIST/58.pth
2024-10-23 19:11:54,995 - INFO - #The mean probability: ['0.0002', '0.0222', '0.0001', '0.0001', '0.0217', '0.0001', '0.0003', '0.9550', '0.0003', '0.0000']
2024-10-23 19:11:56,141 - INFO - #The mean probability: ['0.0000', '0.0163', '0.0000', '0.0000', '0.0143', '0.0000', '0.0000', '0.9693', '0.0000', '0.0000']
2024-10-23 19:11:56,141 - INFO - # EPOCH 60/100   train loss: 0.2841,    loss1: 0.2794
2024-10-23 19:11:56,141 - INFO - #               loss2: 0.0094,    loss3: 0.0000,
2024-10-23 19:11:56,142 - INFO - #               loss: 0.2856,    clean acc: 0.8966
2024-10-23 19:11:56,142 - INFO - #               poison acc: 1.0000
2024-10-23 19:11:56,144 - INFO - Save at ./checkpoints/FMNIST/59.pth
2024-10-23 19:12:05,392 - INFO - #The mean probability: ['0.0000', '0.0218', '0.0000', '0.0000', '0.0219', '0.0001', '0.0001', '0.9555', '0.0004', '0.0001']
2024-10-23 19:12:06,539 - INFO - #The mean probability: ['0.0000', '0.0196', '0.0000', '0.0000', '0.0181', '0.0000', '0.0000', '0.9623', '0.0000', '0.0000']
2024-10-23 19:12:06,539 - INFO - # EPOCH 61/100   train loss: 0.2810,    loss1: 0.2764
2024-10-23 19:12:06,539 - INFO - #               loss2: 0.0091,    loss3: 0.0000,
2024-10-23 19:12:06,539 - INFO - #               loss: 0.2839,    clean acc: 0.8964
2024-10-23 19:12:06,539 - INFO - #               poison acc: 1.0000
2024-10-23 19:12:06,542 - INFO - Save at ./checkpoints/FMNIST/60.pth
2024-10-23 19:12:15,686 - INFO - #The mean probability: ['0.0001', '0.0222', '0.0000', '0.0003', '0.0224', '0.0001', '0.0002', '0.9543', '0.0003', '0.0001']
2024-10-23 19:12:16,878 - INFO - #The mean probability: ['0.0000', '0.0187', '0.0000', '0.0000', '0.0185', '0.0000', '0.0000', '0.9628', '0.0000', '0.0000']
2024-10-23 19:12:16,878 - INFO - # EPOCH 62/100   train loss: 0.2797,    loss1: 0.2746
2024-10-23 19:12:16,878 - INFO - #               loss2: 0.0103,    loss3: 0.0000,
2024-10-23 19:12:16,878 - INFO - #               loss: 0.2848,    clean acc: 0.8974
2024-10-23 19:12:16,878 - INFO - #               poison acc: 1.0000
2024-10-23 19:12:16,882 - INFO - Save at ./checkpoints/FMNIST/61.pth
2024-10-23 19:12:26,037 - INFO - #The mean probability: ['0.0000', '0.0219', '0.0000', '0.0001', '0.0214', '0.0000', '0.0004', '0.9557', '0.0004', '0.0000']
2024-10-23 19:12:27,191 - INFO - #The mean probability: ['0.0000', '0.0201', '0.0000', '0.0000', '0.0200', '0.0000', '0.0000', '0.9599', '0.0000', '0.0000']
2024-10-23 19:12:27,192 - INFO - # EPOCH 63/100   train loss: 0.2785,    loss1: 0.2740
2024-10-23 19:12:27,192 - INFO - #               loss2: 0.0089,    loss3: 0.0000,
2024-10-23 19:12:27,192 - INFO - #               loss: 0.2818,    clean acc: 0.8983
2024-10-23 19:12:27,192 - INFO - #               poison acc: 1.0000
2024-10-23 19:12:27,194 - INFO - Save at ./checkpoints/FMNIST/62.pth
2024-10-23 19:12:36,318 - INFO - #The mean probability: ['0.0000', '0.0221', '0.0000', '0.0000', '0.0218', '0.0000', '0.0002', '0.9555', '0.0003', '0.0000']
2024-10-23 19:12:37,544 - INFO - #The mean probability: ['0.0000', '0.0170', '0.0000', '0.0000', '0.0162', '0.0000', '0.0000', '0.9668', '0.0000', '0.0000']
2024-10-23 19:12:37,544 - INFO - # EPOCH 64/100   train loss: 0.2755,    loss1: 0.2712
2024-10-23 19:12:37,544 - INFO - #               loss2: 0.0087,    loss3: 0.0000,
2024-10-23 19:12:37,544 - INFO - #               loss: 0.2838,    clean acc: 0.8968
2024-10-23 19:12:37,544 - INFO - #               poison acc: 1.0000
2024-10-23 19:12:37,547 - INFO - Save at ./checkpoints/FMNIST/63.pth
2024-10-23 19:12:46,678 - INFO - #The mean probability: ['0.0000', '0.0218', '0.0000', '0.0001', '0.0220', '0.0000', '0.0003', '0.9555', '0.0002', '0.0000']
2024-10-23 19:12:47,836 - INFO - #The mean probability: ['0.0000', '0.0176', '0.0000', '0.0000', '0.0180', '0.0000', '0.0000', '0.9644', '0.0000', '0.0000']
2024-10-23 19:12:47,837 - INFO - # EPOCH 65/100   train loss: 0.2757,    loss1: 0.2713
2024-10-23 19:12:47,837 - INFO - #               loss2: 0.0088,    loss3: 0.0000,
2024-10-23 19:12:47,837 - INFO - #               loss: 0.2795,    clean acc: 0.9002
2024-10-23 19:12:47,837 - INFO - #               poison acc: 1.0000
2024-10-23 19:12:47,839 - INFO - Save at ./checkpoints/FMNIST/64.pth
2024-10-23 19:12:57,004 - INFO - #The mean probability: ['0.0000', '0.0221', '0.0000', '0.0001', '0.0218', '0.0003', '0.0001', '0.9553', '0.0002', '0.0000']
2024-10-23 19:12:58,153 - INFO - #The mean probability: ['0.0000', '0.0215', '0.0000', '0.0000', '0.0210', '0.0000', '0.0000', '0.9575', '0.0000', '0.0000']
2024-10-23 19:12:58,153 - INFO - # EPOCH 66/100   train loss: 0.2739,    loss1: 0.2693
2024-10-23 19:12:58,154 - INFO - #               loss2: 0.0092,    loss3: 0.0000,
2024-10-23 19:12:58,154 - INFO - #               loss: 0.2790,    clean acc: 0.8989
2024-10-23 19:12:58,154 - INFO - #               poison acc: 1.0000
2024-10-23 19:12:58,155 - INFO - Save at ./checkpoints/FMNIST/65.pth
2024-10-23 19:13:07,306 - INFO - #The mean probability: ['0.0001', '0.0218', '0.0000', '0.0001', '0.0218', '0.0000', '0.0002', '0.9558', '0.0003', '0.0001']
2024-10-23 19:13:08,453 - INFO - #The mean probability: ['0.0000', '0.0198', '0.0000', '0.0000', '0.0199', '0.0000', '0.0000', '0.9603', '0.0000', '0.0000']
2024-10-23 19:13:08,453 - INFO - # EPOCH 67/100   train loss: 0.2720,    loss1: 0.2676
2024-10-23 19:13:08,453 - INFO - #               loss2: 0.0089,    loss3: 0.0000,
2024-10-23 19:13:08,453 - INFO - #               loss: 0.2770,    clean acc: 0.8991
2024-10-23 19:13:08,453 - INFO - #               poison acc: 1.0000
2024-10-23 19:13:08,455 - INFO - Save at ./checkpoints/FMNIST/66.pth
2024-10-23 19:13:17,563 - INFO - #The mean probability: ['0.0001', '0.0220', '0.0001', '0.0001', '0.0220', '0.0001', '0.0002', '0.9552', '0.0003', '0.0001']
2024-10-23 19:13:18,711 - INFO - #The mean probability: ['0.0000', '0.0186', '0.0000', '0.0000', '0.0173', '0.0000', '0.0000', '0.9641', '0.0000', '0.0000']
2024-10-23 19:13:18,712 - INFO - # EPOCH 68/100   train loss: 0.2700,    loss1: 0.2656
2024-10-23 19:13:18,712 - INFO - #               loss2: 0.0089,    loss3: 0.0000,
2024-10-23 19:13:18,712 - INFO - #               loss: 0.2782,    clean acc: 0.8992
2024-10-23 19:13:18,712 - INFO - #               poison acc: 1.0000
2024-10-23 19:13:18,714 - INFO - Save at ./checkpoints/FMNIST/67.pth
2024-10-23 19:13:27,817 - INFO - #The mean probability: ['0.0000', '0.0217', '0.0000', '0.0001', '0.0215', '0.0001', '0.0002', '0.9561', '0.0003', '0.0000']
2024-10-23 19:13:28,975 - INFO - #The mean probability: ['0.0000', '0.0202', '0.0000', '0.0000', '0.0198', '0.0000', '0.0000', '0.9600', '0.0000', '0.0000']
2024-10-23 19:13:28,975 - INFO - # EPOCH 69/100   train loss: 0.2678,    loss1: 0.2637
2024-10-23 19:13:28,975 - INFO - #               loss2: 0.0082,    loss3: 0.0000,
2024-10-23 19:13:28,975 - INFO - #               loss: 0.2778,    clean acc: 0.8997
2024-10-23 19:13:28,975 - INFO - #               poison acc: 1.0000
2024-10-23 19:13:28,977 - INFO - Save at ./checkpoints/FMNIST/68.pth
2024-10-23 19:13:38,131 - INFO - #The mean probability: ['0.0000', '0.0217', '0.0000', '0.0001', '0.0218', '0.0001', '0.0001', '0.9557', '0.0003', '0.0001']
2024-10-23 19:13:39,327 - INFO - #The mean probability: ['0.0000', '0.0194', '0.0000', '0.0000', '0.0185', '0.0000', '0.0000', '0.9621', '0.0000', '0.0000']
2024-10-23 19:13:39,328 - INFO - # EPOCH 70/100   train loss: 0.2679,    loss1: 0.2638
2024-10-23 19:13:39,328 - INFO - #               loss2: 0.0082,    loss3: 0.0000,
2024-10-23 19:13:39,328 - INFO - #               loss: 0.2753,    clean acc: 0.9002
2024-10-23 19:13:39,328 - INFO - #               poison acc: 1.0000
2024-10-23 19:13:39,330 - INFO - Save at ./checkpoints/FMNIST/69.pth
2024-10-23 19:13:48,431 - INFO - #The mean probability: ['0.0000', '0.0220', '0.0000', '0.0001', '0.0219', '0.0000', '0.0002', '0.9555', '0.0002', '0.0001']
2024-10-23 19:13:49,586 - INFO - #The mean probability: ['0.0000', '0.0180', '0.0000', '0.0000', '0.0169', '0.0000', '0.0000', '0.9651', '0.0000', '0.0000']
2024-10-23 19:13:49,586 - INFO - # EPOCH 71/100   train loss: 0.2674,    loss1: 0.2628
2024-10-23 19:13:49,586 - INFO - #               loss2: 0.0092,    loss3: 0.0000,
2024-10-23 19:13:49,586 - INFO - #               loss: 0.2743,    clean acc: 0.9003
2024-10-23 19:13:49,586 - INFO - #               poison acc: 1.0000
2024-10-23 19:13:49,589 - INFO - Save at ./checkpoints/FMNIST/70.pth
2024-10-23 19:13:58,736 - INFO - #The mean probability: ['0.0000', '0.0220', '0.0001', '0.0001', '0.0219', '0.0000', '0.0001', '0.9555', '0.0002', '0.0001']
2024-10-23 19:13:59,911 - INFO - #The mean probability: ['0.0000', '0.0165', '0.0000', '0.0000', '0.0161', '0.0000', '0.0000', '0.9674', '0.0000', '0.0000']
2024-10-23 19:13:59,912 - INFO - # EPOCH 72/100   train loss: 0.2648,    loss1: 0.2606
2024-10-23 19:13:59,912 - INFO - #               loss2: 0.0084,    loss3: 0.0000,
2024-10-23 19:13:59,912 - INFO - #               loss: 0.2733,    clean acc: 0.9008
2024-10-23 19:13:59,912 - INFO - #               poison acc: 1.0000
2024-10-23 19:13:59,914 - INFO - Save at ./checkpoints/FMNIST/71.pth
2024-10-23 19:14:09,161 - INFO - #The mean probability: ['0.0000', '0.0221', '0.0000', '0.0001', '0.0215', '0.0001', '0.0001', '0.9557', '0.0003', '0.0001']
2024-10-23 19:14:10,312 - INFO - #The mean probability: ['0.0000', '0.0206', '0.0000', '0.0000', '0.0194', '0.0000', '0.0000', '0.9600', '0.0000', '0.0000']
2024-10-23 19:14:10,312 - INFO - # EPOCH 73/100   train loss: 0.2623,    loss1: 0.2578
2024-10-23 19:14:10,312 - INFO - #               loss2: 0.0089,    loss3: 0.0000,
2024-10-23 19:14:10,312 - INFO - #               loss: 0.2730,    clean acc: 0.9004
2024-10-23 19:14:10,312 - INFO - #               poison acc: 1.0000
2024-10-23 19:14:10,315 - INFO - Save at ./checkpoints/FMNIST/72.pth
2024-10-23 19:14:19,443 - INFO - #The mean probability: ['0.0000', '0.0216', '0.0000', '0.0001', '0.0217', '0.0000', '0.0001', '0.9562', '0.0002', '0.0000']
2024-10-23 19:14:20,596 - INFO - #The mean probability: ['0.0000', '0.0195', '0.0000', '0.0000', '0.0197', '0.0000', '0.0000', '0.9609', '0.0000', '0.0000']
2024-10-23 19:14:20,597 - INFO - # EPOCH 74/100   train loss: 0.2623,    loss1: 0.2585
2024-10-23 19:14:20,597 - INFO - #               loss2: 0.0077,    loss3: 0.0000,
2024-10-23 19:14:20,597 - INFO - #               loss: 0.2739,    clean acc: 0.9011
2024-10-23 19:14:20,597 - INFO - #               poison acc: 1.0000
2024-10-23 19:14:20,599 - INFO - Save at ./checkpoints/FMNIST/73.pth
2024-10-23 19:14:29,804 - INFO - #The mean probability: ['0.0000', '0.0219', '0.0000', '0.0000', '0.0219', '0.0000', '0.0002', '0.9556', '0.0003', '0.0000']
2024-10-23 19:14:30,949 - INFO - #The mean probability: ['0.0000', '0.0180', '0.0000', '0.0000', '0.0180', '0.0000', '0.0000', '0.9641', '0.0000', '0.0000']
2024-10-23 19:14:30,950 - INFO - # EPOCH 75/100   train loss: 0.2608,    loss1: 0.2567
2024-10-23 19:14:30,950 - INFO - #               loss2: 0.0082,    loss3: 0.0000,
2024-10-23 19:14:30,950 - INFO - #               loss: 0.2733,    clean acc: 0.9022
2024-10-23 19:14:30,950 - INFO - #               poison acc: 1.0000
2024-10-23 19:14:30,952 - INFO - Save at ./checkpoints/FMNIST/74.pth
2024-10-23 19:14:40,195 - INFO - #The mean probability: ['0.0000', '0.0222', '0.0000', '0.0000', '0.0218', '0.0000', '0.0002', '0.9554', '0.0002', '0.0001']
2024-10-23 19:14:41,338 - INFO - #The mean probability: ['0.0000', '0.0143', '0.0000', '0.0000', '0.0148', '0.0000', '0.0000', '0.9709', '0.0000', '0.0000']
2024-10-23 19:14:41,339 - INFO - # EPOCH 76/100   train loss: 0.2604,    loss1: 0.2563
2024-10-23 19:14:41,339 - INFO - #               loss2: 0.0082,    loss3: 0.0000,
2024-10-23 19:14:41,339 - INFO - #               loss: 0.2733,    clean acc: 0.9016
2024-10-23 19:14:41,339 - INFO - #               poison acc: 1.0000
2024-10-23 19:14:41,341 - INFO - Save at ./checkpoints/FMNIST/75.pth
2024-10-23 19:14:50,555 - INFO - #The mean probability: ['0.0000', '0.0216', '0.0000', '0.0000', '0.0221', '0.0000', '0.0001', '0.9558', '0.0002', '0.0001']
2024-10-23 19:14:51,712 - INFO - #The mean probability: ['0.0000', '0.0189', '0.0000', '0.0000', '0.0172', '0.0000', '0.0000', '0.9639', '0.0000', '0.0000']
2024-10-23 19:14:51,712 - INFO - # EPOCH 77/100   train loss: 0.2596,    loss1: 0.2553
2024-10-23 19:14:51,712 - INFO - #               loss2: 0.0086,    loss3: 0.0000,
2024-10-23 19:14:51,712 - INFO - #               loss: 0.2718,    clean acc: 0.9012
2024-10-23 19:14:51,712 - INFO - #               poison acc: 1.0000
2024-10-23 19:14:51,714 - INFO - Save at ./checkpoints/FMNIST/76.pth
2024-10-23 19:15:00,991 - INFO - #The mean probability: ['0.0001', '0.0221', '0.0000', '0.0000', '0.0216', '0.0000', '0.0003', '0.9556', '0.0002', '0.0000']
2024-10-23 19:15:02,186 - INFO - #The mean probability: ['0.0000', '0.0180', '0.0000', '0.0000', '0.0183', '0.0000', '0.0000', '0.9637', '0.0000', '0.0000']
2024-10-23 19:15:02,186 - INFO - # EPOCH 78/100   train loss: 0.2563,    loss1: 0.2522
2024-10-23 19:15:02,186 - INFO - #               loss2: 0.0083,    loss3: 0.0000,
2024-10-23 19:15:02,186 - INFO - #               loss: 0.2721,    clean acc: 0.9008
2024-10-23 19:15:02,186 - INFO - #               poison acc: 1.0000
2024-10-23 19:15:02,188 - INFO - Save at ./checkpoints/FMNIST/77.pth
2024-10-23 19:15:11,358 - INFO - #The mean probability: ['0.0000', '0.0220', '0.0000', '0.0001', '0.0219', '0.0001', '0.0002', '0.9555', '0.0002', '0.0000']
2024-10-23 19:15:12,511 - INFO - #The mean probability: ['0.0000', '0.0191', '0.0000', '0.0000', '0.0171', '0.0000', '0.0000', '0.9639', '0.0000', '0.0000']
2024-10-23 19:15:12,511 - INFO - # EPOCH 79/100   train loss: 0.2560,    loss1: 0.2517
2024-10-23 19:15:12,512 - INFO - #               loss2: 0.0085,    loss3: 0.0000,
2024-10-23 19:15:12,512 - INFO - #               loss: 0.2692,    clean acc: 0.9023
2024-10-23 19:15:12,512 - INFO - #               poison acc: 1.0000
2024-10-23 19:15:12,513 - INFO - Save at ./checkpoints/FMNIST/78.pth
2024-10-23 19:15:21,623 - INFO - #The mean probability: ['0.0000', '0.0218', '0.0000', '0.0000', '0.0214', '0.0000', '0.0001', '0.9563', '0.0002', '0.0000']
2024-10-23 19:15:22,769 - INFO - #The mean probability: ['0.0000', '0.0209', '0.0000', '0.0000', '0.0210', '0.0000', '0.0000', '0.9580', '0.0000', '0.0000']
2024-10-23 19:15:22,769 - INFO - # EPOCH 80/100   train loss: 0.2542,    loss1: 0.2504
2024-10-23 19:15:22,769 - INFO - #               loss2: 0.0077,    loss3: 0.0000,
2024-10-23 19:15:22,769 - INFO - #               loss: 0.2684,    clean acc: 0.9024
2024-10-23 19:15:22,769 - INFO - #               poison acc: 1.0000
2024-10-23 19:15:22,771 - INFO - Save at ./checkpoints/FMNIST/79.pth
2024-10-23 19:15:31,938 - INFO - #The mean probability: ['0.0000', '0.0219', '0.0000', '0.0000', '0.0217', '0.0000', '0.0001', '0.9560', '0.0002', '0.0000']
2024-10-23 19:15:33,095 - INFO - #The mean probability: ['0.0000', '0.0181', '0.0000', '0.0000', '0.0167', '0.0000', '0.0000', '0.9652', '0.0000', '0.0000']
2024-10-23 19:15:33,096 - INFO - # EPOCH 81/100   train loss: 0.2547,    loss1: 0.2508
2024-10-23 19:15:33,096 - INFO - #               loss2: 0.0078,    loss3: 0.0000,
2024-10-23 19:15:33,096 - INFO - #               loss: 0.2706,    clean acc: 0.9015
2024-10-23 19:15:33,096 - INFO - #               poison acc: 1.0000
2024-10-23 19:15:33,098 - INFO - Save at ./checkpoints/FMNIST/80.pth
2024-10-23 19:15:42,216 - INFO - #The mean probability: ['0.0000', '0.0220', '0.0000', '0.0000', '0.0224', '0.0000', '0.0001', '0.9551', '0.0003', '0.0000']
2024-10-23 19:15:43,374 - INFO - #The mean probability: ['0.0000', '0.0204', '0.0000', '0.0000', '0.0207', '0.0000', '0.0000', '0.9589', '0.0000', '0.0000']
2024-10-23 19:15:43,374 - INFO - # EPOCH 82/100   train loss: 0.2521,    loss1: 0.2480
2024-10-23 19:15:43,374 - INFO - #               loss2: 0.0081,    loss3: 0.0000,
2024-10-23 19:15:43,374 - INFO - #               loss: 0.2659,    clean acc: 0.9020
2024-10-23 19:15:43,374 - INFO - #               poison acc: 1.0000
2024-10-23 19:15:43,377 - INFO - Save at ./checkpoints/FMNIST/81.pth
2024-10-23 19:15:52,523 - INFO - #The mean probability: ['0.0000', '0.0222', '0.0000', '0.0001', '0.0219', '0.0001', '0.0001', '0.9553', '0.0002', '0.0000']
2024-10-23 19:15:53,673 - INFO - #The mean probability: ['0.0000', '0.0178', '0.0000', '0.0000', '0.0180', '0.0000', '0.0000', '0.9641', '0.0000', '0.0000']
2024-10-23 19:15:53,673 - INFO - # EPOCH 83/100   train loss: 0.2502,    loss1: 0.2459
2024-10-23 19:15:53,673 - INFO - #               loss2: 0.0086,    loss3: 0.0000,
2024-10-23 19:15:53,673 - INFO - #               loss: 0.2666,    clean acc: 0.9022
2024-10-23 19:15:53,673 - INFO - #               poison acc: 1.0000
2024-10-23 19:15:53,675 - INFO - Save at ./checkpoints/FMNIST/82.pth
2024-10-23 19:16:02,997 - INFO - #The mean probability: ['0.0000', '0.0216', '0.0000', '0.0000', '0.0218', '0.0000', '0.0001', '0.9563', '0.0001', '0.0000']
2024-10-23 19:16:04,187 - INFO - #The mean probability: ['0.0000', '0.0178', '0.0000', '0.0000', '0.0163', '0.0000', '0.0000', '0.9659', '0.0000', '0.0000']
2024-10-23 19:16:04,187 - INFO - # EPOCH 84/100   train loss: 0.2510,    loss1: 0.2471
2024-10-23 19:16:04,187 - INFO - #               loss2: 0.0077,    loss3: 0.0000,
2024-10-23 19:16:04,187 - INFO - #               loss: 0.2669,    clean acc: 0.9032
2024-10-23 19:16:04,187 - INFO - #               poison acc: 1.0000
2024-10-23 19:16:04,189 - INFO - Save at ./checkpoints/FMNIST/83.pth
2024-10-23 19:16:13,362 - INFO - #The mean probability: ['0.0000', '0.0221', '0.0000', '0.0000', '0.0215', '0.0000', '0.0002', '0.9559', '0.0001', '0.0000']
2024-10-23 19:16:14,512 - INFO - #The mean probability: ['0.0000', '0.0185', '0.0000', '0.0000', '0.0180', '0.0000', '0.0000', '0.9636', '0.0000', '0.0000']
2024-10-23 19:16:14,513 - INFO - # EPOCH 85/100   train loss: 0.2489,    loss1: 0.2451
2024-10-23 19:16:14,513 - INFO - #               loss2: 0.0077,    loss3: 0.0000,
2024-10-23 19:16:14,513 - INFO - #               loss: 0.2690,    clean acc: 0.9029
2024-10-23 19:16:14,513 - INFO - #               poison acc: 1.0000
2024-10-23 19:16:14,515 - INFO - Save at ./checkpoints/FMNIST/84.pth
2024-10-23 19:16:23,656 - INFO - #The mean probability: ['0.0000', '0.0219', '0.0000', '0.0001', '0.0217', '0.0001', '0.0001', '0.9558', '0.0002', '0.0000']
2024-10-23 19:16:24,805 - INFO - #The mean probability: ['0.0000', '0.0192', '0.0000', '0.0000', '0.0189', '0.0000', '0.0000', '0.9619', '0.0000', '0.0000']
2024-10-23 19:16:24,805 - INFO - # EPOCH 86/100   train loss: 0.2489,    loss1: 0.2448
2024-10-23 19:16:24,805 - INFO - #               loss2: 0.0082,    loss3: 0.0000,
2024-10-23 19:16:24,805 - INFO - #               loss: 0.2655,    clean acc: 0.9044
2024-10-23 19:16:24,805 - INFO - #               poison acc: 1.0000
2024-10-23 19:16:24,808 - INFO - Save at ./checkpoints/FMNIST/85.pth
2024-10-23 19:16:34,035 - INFO - #The mean probability: ['0.0000', '0.0219', '0.0000', '0.0000', '0.0221', '0.0000', '0.0001', '0.9555', '0.0002', '0.0000']
2024-10-23 19:16:35,184 - INFO - #The mean probability: ['0.0000', '0.0176', '0.0000', '0.0000', '0.0166', '0.0000', '0.0000', '0.9658', '0.0000', '0.0000']
2024-10-23 19:16:35,184 - INFO - # EPOCH 87/100   train loss: 0.2457,    loss1: 0.2417
2024-10-23 19:16:35,184 - INFO - #               loss2: 0.0080,    loss3: 0.0000,
2024-10-23 19:16:35,184 - INFO - #               loss: 0.2637,    clean acc: 0.9021
2024-10-23 19:16:35,184 - INFO - #               poison acc: 1.0000
2024-10-23 19:16:35,187 - INFO - Save at ./checkpoints/FMNIST/86.pth
2024-10-23 19:16:44,309 - INFO - #The mean probability: ['0.0000', '0.0219', '0.0000', '0.0000', '0.0219', '0.0000', '0.0002', '0.9557', '0.0002', '0.0000']
2024-10-23 19:16:45,454 - INFO - #The mean probability: ['0.0000', '0.0200', '0.0000', '0.0000', '0.0193', '0.0000', '0.0000', '0.9607', '0.0000', '0.0000']
2024-10-23 19:16:45,454 - INFO - # EPOCH 88/100   train loss: 0.2449,    loss1: 0.2408
2024-10-23 19:16:45,454 - INFO - #               loss2: 0.0081,    loss3: 0.0000,
2024-10-23 19:16:45,454 - INFO - #               loss: 0.2626,    clean acc: 0.9042
2024-10-23 19:16:45,454 - INFO - #               poison acc: 1.0000
2024-10-23 19:16:45,457 - INFO - Save at ./checkpoints/FMNIST/87.pth
2024-10-23 19:16:54,635 - INFO - #The mean probability: ['0.0000', '0.0221', '0.0000', '0.0001', '0.0219', '0.0000', '0.0002', '0.9554', '0.0002', '0.0000']
2024-10-23 19:16:55,792 - INFO - #The mean probability: ['0.0000', '0.0189', '0.0000', '0.0000', '0.0190', '0.0000', '0.0000', '0.9621', '0.0000', '0.0000']
2024-10-23 19:16:55,792 - INFO - # EPOCH 89/100   train loss: 0.2438,    loss1: 0.2399
2024-10-23 19:16:55,792 - INFO - #               loss2: 0.0079,    loss3: 0.0000,
2024-10-23 19:16:55,792 - INFO - #               loss: 0.2646,    clean acc: 0.9033
2024-10-23 19:16:55,792 - INFO - #               poison acc: 1.0000
2024-10-23 19:16:55,795 - INFO - Save at ./checkpoints/FMNIST/88.pth
2024-10-23 19:17:04,989 - INFO - #The mean probability: ['0.0000', '0.0219', '0.0001', '0.0000', '0.0221', '0.0000', '0.0002', '0.9555', '0.0001', '0.0000']
2024-10-23 19:17:06,145 - INFO - #The mean probability: ['0.0000', '0.0202', '0.0000', '0.0000', '0.0203', '0.0000', '0.0000', '0.9594', '0.0000', '0.0000']
2024-10-23 19:17:06,145 - INFO - # EPOCH 90/100   train loss: 0.2447,    loss1: 0.2406
2024-10-23 19:17:06,145 - INFO - #               loss2: 0.0081,    loss3: 0.0000,
2024-10-23 19:17:06,145 - INFO - #               loss: 0.2626,    clean acc: 0.9052
2024-10-23 19:17:06,145 - INFO - #               poison acc: 1.0000
2024-10-23 19:17:06,147 - INFO - Save at ./checkpoints/FMNIST/89.pth
2024-10-23 19:17:15,370 - INFO - #The mean probability: ['0.0000', '0.0217', '0.0000', '0.0000', '0.0214', '0.0000', '0.0001', '0.9565', '0.0001', '0.0000']
2024-10-23 19:17:16,524 - INFO - #The mean probability: ['0.0000', '0.0204', '0.0000', '0.0000', '0.0210', '0.0000', '0.0000', '0.9586', '0.0000', '0.0000']
2024-10-23 19:17:16,524 - INFO - # EPOCH 91/100   train loss: 0.2405,    loss1: 0.2369
2024-10-23 19:17:16,524 - INFO - #               loss2: 0.0073,    loss3: 0.0000,
2024-10-23 19:17:16,524 - INFO - #               loss: 0.2622,    clean acc: 0.9062
2024-10-23 19:17:16,524 - INFO - #               poison acc: 1.0000
2024-10-23 19:17:16,526 - INFO - Save at ./checkpoints/FMNIST/90.pth
2024-10-23 19:17:25,669 - INFO - #The mean probability: ['0.0000', '0.0221', '0.0000', '0.0000', '0.0219', '0.0000', '0.0001', '0.9557', '0.0001', '0.0000']
2024-10-23 19:17:26,864 - INFO - #The mean probability: ['0.0000', '0.0207', '0.0000', '0.0000', '0.0191', '0.0000', '0.0000', '0.9602', '0.0000', '0.0000']
2024-10-23 19:17:26,864 - INFO - # EPOCH 92/100   train loss: 0.2417,    loss1: 0.2379
2024-10-23 19:17:26,864 - INFO - #               loss2: 0.0075,    loss3: 0.0000,
2024-10-23 19:17:26,864 - INFO - #               loss: 0.2616,    clean acc: 0.9043
2024-10-23 19:17:26,864 - INFO - #               poison acc: 1.0000
2024-10-23 19:17:26,866 - INFO - Save at ./checkpoints/FMNIST/91.pth
2024-10-23 19:17:36,059 - INFO - #The mean probability: ['0.0000', '0.0217', '0.0000', '0.0000', '0.0217', '0.0000', '0.0003', '0.9560', '0.0002', '0.0000']
2024-10-23 19:17:37,216 - INFO - #The mean probability: ['0.0000', '0.0201', '0.0000', '0.0000', '0.0199', '0.0000', '0.0000', '0.9599', '0.0000', '0.0000']
2024-10-23 19:17:37,216 - INFO - # EPOCH 93/100   train loss: 0.2404,    loss1: 0.2364
2024-10-23 19:17:37,216 - INFO - #               loss2: 0.0079,    loss3: 0.0000,
2024-10-23 19:17:37,216 - INFO - #               loss: 0.2622,    clean acc: 0.9055
2024-10-23 19:17:37,216 - INFO - #               poison acc: 1.0000
2024-10-23 19:17:37,218 - INFO - Save at ./checkpoints/FMNIST/92.pth
2024-10-23 19:17:46,354 - INFO - #The mean probability: ['0.0000', '0.0219', '0.0000', '0.0001', '0.0218', '0.0001', '0.0002', '0.9557', '0.0002', '0.0000']
2024-10-23 19:17:47,538 - INFO - #The mean probability: ['0.0000', '0.0186', '0.0000', '0.0000', '0.0180', '0.0000', '0.0000', '0.9633', '0.0000', '0.0000']
2024-10-23 19:17:47,538 - INFO - # EPOCH 94/100   train loss: 0.2371,    loss1: 0.2330
2024-10-23 19:17:47,539 - INFO - #               loss2: 0.0080,    loss3: 0.0000,
2024-10-23 19:17:47,539 - INFO - #               loss: 0.2599,    clean acc: 0.9053
2024-10-23 19:17:47,539 - INFO - #               poison acc: 1.0000
2024-10-23 19:17:47,541 - INFO - Save at ./checkpoints/FMNIST/93.pth
2024-10-23 19:17:56,729 - INFO - #The mean probability: ['0.0000', '0.0218', '0.0000', '0.0001', '0.0218', '0.0000', '0.0001', '0.9560', '0.0001', '0.0001']
2024-10-23 19:17:57,882 - INFO - #The mean probability: ['0.0000', '0.0164', '0.0000', '0.0000', '0.0164', '0.0000', '0.0000', '0.9672', '0.0000', '0.0000']
2024-10-23 19:17:57,883 - INFO - # EPOCH 95/100   train loss: 0.2370,    loss1: 0.2334
2024-10-23 19:17:57,883 - INFO - #               loss2: 0.0072,    loss3: 0.0000,
2024-10-23 19:17:57,883 - INFO - #               loss: 0.2639,    clean acc: 0.9061
2024-10-23 19:17:57,883 - INFO - #               poison acc: 1.0000
2024-10-23 19:17:57,885 - INFO - Save at ./checkpoints/FMNIST/94.pth
2024-10-23 19:18:07,070 - INFO - #The mean probability: ['0.0000', '0.0219', '0.0000', '0.0001', '0.0218', '0.0000', '0.0002', '0.9558', '0.0002', '0.0000']
2024-10-23 19:18:08,217 - INFO - #The mean probability: ['0.0000', '0.0189', '0.0000', '0.0000', '0.0182', '0.0000', '0.0000', '0.9629', '0.0000', '0.0000']
2024-10-23 19:18:08,217 - INFO - # EPOCH 96/100   train loss: 0.2367,    loss1: 0.2329
2024-10-23 19:18:08,217 - INFO - #               loss2: 0.0076,    loss3: 0.0000,
2024-10-23 19:18:08,217 - INFO - #               loss: 0.2602,    clean acc: 0.9037
2024-10-23 19:18:08,217 - INFO - #               poison acc: 1.0000
2024-10-23 19:18:08,220 - INFO - Save at ./checkpoints/FMNIST/95.pth
2024-10-23 19:18:17,408 - INFO - #The mean probability: ['0.0000', '0.0217', '0.0000', '0.0000', '0.0218', '0.0000', '0.0001', '0.9561', '0.0001', '0.0000']
2024-10-23 19:18:18,566 - INFO - #The mean probability: ['0.0000', '0.0191', '0.0000', '0.0000', '0.0194', '0.0000', '0.0000', '0.9615', '0.0000', '0.0000']
2024-10-23 19:18:18,566 - INFO - # EPOCH 97/100   train loss: 0.2362,    loss1: 0.2322
2024-10-23 19:18:18,566 - INFO - #               loss2: 0.0080,    loss3: 0.0000,
2024-10-23 19:18:18,566 - INFO - #               loss: 0.2615,    clean acc: 0.9053
2024-10-23 19:18:18,566 - INFO - #               poison acc: 1.0000
2024-10-23 19:18:18,568 - INFO - Save at ./checkpoints/FMNIST/96.pth
2024-10-23 19:18:27,775 - INFO - #The mean probability: ['0.0000', '0.0217', '0.0000', '0.0001', '0.0214', '0.0001', '0.0002', '0.9564', '0.0001', '0.0000']
2024-10-23 19:18:28,920 - INFO - #The mean probability: ['0.0000', '0.0199', '0.0000', '0.0000', '0.0196', '0.0000', '0.0000', '0.9604', '0.0000', '0.0000']
2024-10-23 19:18:28,921 - INFO - # EPOCH 98/100   train loss: 0.2336,    loss1: 0.2301
2024-10-23 19:18:28,921 - INFO - #               loss2: 0.0071,    loss3: 0.0000,
2024-10-23 19:18:28,921 - INFO - #               loss: 0.2582,    clean acc: 0.9061
2024-10-23 19:18:28,921 - INFO - #               poison acc: 1.0000
2024-10-23 19:18:28,923 - INFO - Save at ./checkpoints/FMNIST/97.pth
2024-10-23 19:18:38,093 - INFO - #The mean probability: ['0.0000', '0.0221', '0.0000', '0.0001', '0.0221', '0.0000', '0.0002', '0.9553', '0.0002', '0.0000']
2024-10-23 19:18:39,255 - INFO - #The mean probability: ['0.0000', '0.0206', '0.0000', '0.0000', '0.0198', '0.0000', '0.0000', '0.9596', '0.0000', '0.0000']
2024-10-23 19:18:39,255 - INFO - # EPOCH 99/100   train loss: 0.2328,    loss1: 0.2290
2024-10-23 19:18:39,255 - INFO - #               loss2: 0.0077,    loss3: 0.0000,
2024-10-23 19:18:39,255 - INFO - #               loss: 0.2581,    clean acc: 0.9045
2024-10-23 19:18:39,256 - INFO - #               poison acc: 1.0000
2024-10-23 19:18:39,258 - INFO - Save at ./checkpoints/FMNIST/98.pth
2024-10-23 19:18:48,376 - INFO - #The mean probability: ['0.0000', '0.0216', '0.0000', '0.0000', '0.0217', '0.0000', '0.0001', '0.9562', '0.0002', '0.0000']
2024-10-23 19:18:49,574 - INFO - #The mean probability: ['0.0000', '0.0163', '0.0000', '0.0000', '0.0155', '0.0000', '0.0000', '0.9683', '0.0000', '0.0000']
2024-10-23 19:18:49,574 - INFO - # EPOCH 100/100   train loss: 0.2333,    loss1: 0.2297
2024-10-23 19:18:49,575 - INFO - #               loss2: 0.0072,    loss3: 0.0000,
2024-10-23 19:18:49,575 - INFO - #               loss: 0.2593,    clean acc: 0.9057
2024-10-23 19:18:49,575 - INFO - #               poison acc: 1.0000
2024-10-23 19:18:49,577 - INFO - Save at ./checkpoints/FMNIST/99.pth
2024-10-23 19:18:49,577 - INFO - # END TRAIN 100 ROUNDS
 Clean Max == 0.9062
 Poison Max == 1.0000
