2024-11-07 22:28:31,832 - INFO - Namespace(batch_size=128, command=1, config='./configs/fmnist.json', dataset='FashionMNIST', device='cuda:1', epochs=100, images=0, labelA=2, labelB=6, log='./log', logger=<RootLogger root (INFO)>, loss='none', lr=4e-05, mix='frequency', mode='unrelated', model='CNN', model_path='./checkpoints/FMNIST/', prob=0, seed=131414, size=100, target=7, top=3, train=1, watermark=1, wm_batch=2, wm_lr=0.5)
2024-11-07 22:28:31,966 - INFO - Recreate Watermark Images
2024-11-07 22:29:03,800 - INFO - Start Training for 100 epochs
2024-11-07 22:29:03,800 - INFO - Generate Trigger: [0, 0, 0, 0, 0, 0, 0, 1, 0, 0]
2024-11-07 22:29:21,182 - INFO - #The mean probability: ['0.0297', '0.0268', '0.0450', '0.0257', '0.0465', '0.0268', '0.0354', '0.6957', '0.0349', '0.0334']
2024-11-07 22:29:23,681 - INFO - #The mean probability: ['0.0030', '0.0019', '0.0066', '0.0019', '0.0042', '0.0029', '0.0045', '0.9648', '0.0074', '0.0029']
2024-11-07 22:29:23,681 - INFO - # EPOCH 1/100   train loss: 1.7267,    loss1: 1.4844
2024-11-07 22:29:23,682 - INFO - #               loss2: 0.4846,    loss3: 0.0000,
2024-11-07 22:29:23,682 - INFO - #               loss: 0.8088,    clean acc: 0.7141
2024-11-07 22:29:23,682 - INFO - #               poison acc: 1.0000
2024-11-07 22:29:23,686 - INFO - Save at ./checkpoints/FMNIST/0.pth
2024-11-07 22:29:41,141 - INFO - #The mean probability: ['0.0036', '0.0028', '0.0063', '0.0022', '0.0043', '0.0050', '0.0052', '0.9577', '0.0089', '0.0041']
2024-11-07 22:29:43,676 - INFO - #The mean probability: ['0.0007', '0.0007', '0.0012', '0.0004', '0.0008', '0.0013', '0.0010', '0.9904', '0.0025', '0.0010']
2024-11-07 22:29:43,677 - INFO - # EPOCH 2/100   train loss: 0.8256,    loss1: 0.8030
2024-11-07 22:29:43,677 - INFO - #               loss2: 0.0452,    loss3: 0.0000,
2024-11-07 22:29:43,677 - INFO - #               loss: 0.6505,    clean acc: 0.7591
2024-11-07 22:29:43,677 - INFO - #               poison acc: 1.0000
2024-11-07 22:29:43,681 - INFO - Save at ./checkpoints/FMNIST/1.pth
2024-11-07 22:30:01,347 - INFO - #The mean probability: ['0.0018', '0.0014', '0.0026', '0.0010', '0.0017', '0.0029', '0.0025', '0.9790', '0.0048', '0.0023']
2024-11-07 22:30:03,899 - INFO - #The mean probability: ['0.0004', '0.0003', '0.0006', '0.0002', '0.0003', '0.0007', '0.0006', '0.9946', '0.0018', '0.0004']
2024-11-07 22:30:03,900 - INFO - # EPOCH 3/100   train loss: 0.6951,    loss1: 0.6840
2024-11-07 22:30:03,900 - INFO - #               loss2: 0.0221,    loss3: 0.0000,
2024-11-07 22:30:03,900 - INFO - #               loss: 0.5773,    clean acc: 0.7876
2024-11-07 22:30:03,900 - INFO - #               poison acc: 1.0000
2024-11-07 22:30:03,904 - INFO - Save at ./checkpoints/FMNIST/2.pth
2024-11-07 22:30:21,555 - INFO - #The mean probability: ['0.0012', '0.0008', '0.0015', '0.0007', '0.0010', '0.0019', '0.0014', '0.9868', '0.0034', '0.0014']
2024-11-07 22:30:24,087 - INFO - #The mean probability: ['0.0002', '0.0002', '0.0003', '0.0001', '0.0002', '0.0004', '0.0004', '0.9960', '0.0018', '0.0004']
2024-11-07 22:30:24,087 - INFO - # EPOCH 4/100   train loss: 0.6268,    loss1: 0.6199
2024-11-07 22:30:24,088 - INFO - #               loss2: 0.0137,    loss3: 0.0000,
2024-11-07 22:30:24,088 - INFO - #               loss: 0.5434,    clean acc: 0.8004
2024-11-07 22:30:24,088 - INFO - #               poison acc: 1.0000
2024-11-07 22:30:24,091 - INFO - Save at ./checkpoints/FMNIST/3.pth
2024-11-07 22:30:41,544 - INFO - #The mean probability: ['0.0008', '0.0006', '0.0010', '0.0005', '0.0005', '0.0014', '0.0011', '0.9902', '0.0028', '0.0012']
2024-11-07 22:30:44,087 - INFO - #The mean probability: ['0.0001', '0.0001', '0.0002', '0.0000', '0.0001', '0.0002', '0.0001', '0.9987', '0.0004', '0.0002']
2024-11-07 22:30:44,087 - INFO - # EPOCH 5/100   train loss: 0.5812,    loss1: 0.5762
2024-11-07 22:30:44,088 - INFO - #               loss2: 0.0102,    loss3: 0.0000,
2024-11-07 22:30:44,088 - INFO - #               loss: 0.5161,    clean acc: 0.8149
2024-11-07 22:30:44,088 - INFO - #               poison acc: 1.0000
2024-11-07 22:30:44,091 - INFO - Save at ./checkpoints/FMNIST/4.pth
2024-11-07 22:31:01,738 - INFO - #The mean probability: ['0.0006', '0.0003', '0.0006', '0.0003', '0.0004', '0.0009', '0.0008', '0.9926', '0.0026', '0.0009']
2024-11-07 22:31:04,283 - INFO - #The mean probability: ['0.0001', '0.0001', '0.0003', '0.0001', '0.0001', '0.0002', '0.0003', '0.9972', '0.0014', '0.0002']
2024-11-07 22:31:04,284 - INFO - # EPOCH 6/100   train loss: 0.5509,    loss1: 0.5471
2024-11-07 22:31:04,284 - INFO - #               loss2: 0.0077,    loss3: 0.0000,
2024-11-07 22:31:04,284 - INFO - #               loss: 0.4859,    clean acc: 0.8210
2024-11-07 22:31:04,284 - INFO - #               poison acc: 1.0000
2024-11-07 22:31:04,287 - INFO - Save at ./checkpoints/FMNIST/5.pth
2024-11-07 22:31:21,894 - INFO - #The mean probability: ['0.0004', '0.0003', '0.0006', '0.0003', '0.0003', '0.0006', '0.0006', '0.9942', '0.0020', '0.0006']
2024-11-07 22:31:24,480 - INFO - #The mean probability: ['0.0001', '0.0000', '0.0001', '0.0000', '0.0000', '0.0001', '0.0001', '0.9990', '0.0005', '0.0001']
2024-11-07 22:31:24,481 - INFO - # EPOCH 7/100   train loss: 0.5223,    loss1: 0.5194
2024-11-07 22:31:24,481 - INFO - #               loss2: 0.0059,    loss3: 0.0000,
2024-11-07 22:31:24,481 - INFO - #               loss: 0.4691,    clean acc: 0.8314
2024-11-07 22:31:24,481 - INFO - #               poison acc: 1.0000
2024-11-07 22:31:24,485 - INFO - Save at ./checkpoints/FMNIST/6.pth
2024-11-07 22:31:42,172 - INFO - #The mean probability: ['0.0004', '0.0002', '0.0004', '0.0002', '0.0002', '0.0006', '0.0005', '0.9951', '0.0018', '0.0006']
2024-11-07 22:31:44,754 - INFO - #The mean probability: ['0.0001', '0.0000', '0.0001', '0.0000', '0.0000', '0.0001', '0.0001', '0.9991', '0.0004', '0.0001']
2024-11-07 22:31:44,755 - INFO - # EPOCH 8/100   train loss: 0.5057,    loss1: 0.5032
2024-11-07 22:31:44,755 - INFO - #               loss2: 0.0050,    loss3: 0.0000,
2024-11-07 22:31:44,755 - INFO - #               loss: 0.4553,    clean acc: 0.8362
2024-11-07 22:31:44,755 - INFO - #               poison acc: 1.0000
2024-11-07 22:31:44,759 - INFO - Save at ./checkpoints/FMNIST/7.pth
2024-11-07 22:32:02,442 - INFO - #The mean probability: ['0.0003', '0.0002', '0.0004', '0.0002', '0.0001', '0.0005', '0.0004', '0.9959', '0.0014', '0.0005']
2024-11-07 22:32:05,016 - INFO - #The mean probability: ['0.0000', '0.0000', '0.0000', '0.0000', '0.0000', '0.0000', '0.0001', '0.9994', '0.0003', '0.0001']
2024-11-07 22:32:05,017 - INFO - # EPOCH 9/100   train loss: 0.4864,    loss1: 0.4843
2024-11-07 22:32:05,017 - INFO - #               loss2: 0.0042,    loss3: 0.0000,
2024-11-07 22:32:05,017 - INFO - #               loss: 0.4417,    clean acc: 0.8407
2024-11-07 22:32:05,017 - INFO - #               poison acc: 1.0000
2024-11-07 22:32:05,021 - INFO - Save at ./checkpoints/FMNIST/8.pth
2024-11-07 22:32:22,274 - INFO - #The mean probability: ['0.0003', '0.0001', '0.0003', '0.0002', '0.0001', '0.0005', '0.0008', '0.9960', '0.0014', '0.0004']
2024-11-07 22:32:24,835 - INFO - #The mean probability: ['0.0000', '0.0000', '0.0001', '0.0000', '0.0000', '0.0000', '0.0001', '0.9993', '0.0004', '0.0001']
2024-11-07 22:32:24,835 - INFO - # EPOCH 10/100   train loss: 0.4707,    loss1: 0.4685
2024-11-07 22:32:24,835 - INFO - #               loss2: 0.0042,    loss3: 0.0000,
2024-11-07 22:32:24,835 - INFO - #               loss: 0.4315,    clean acc: 0.8472
2024-11-07 22:32:24,835 - INFO - #               poison acc: 1.0000
2024-11-07 22:32:24,839 - INFO - Save at ./checkpoints/FMNIST/9.pth
2024-11-07 22:32:42,500 - INFO - #The mean probability: ['0.0003', '0.0001', '0.0003', '0.0001', '0.0001', '0.0004', '0.0003', '0.9967', '0.0013', '0.0004']
2024-11-07 22:32:45,083 - INFO - #The mean probability: ['0.0000', '0.0000', '0.0000', '0.0000', '0.0000', '0.0000', '0.0001', '0.9995', '0.0003', '0.0001']
2024-11-07 22:32:45,084 - INFO - # EPOCH 11/100   train loss: 0.4579,    loss1: 0.4562
2024-11-07 22:32:45,084 - INFO - #               loss2: 0.0033,    loss3: 0.0000,
2024-11-07 22:32:45,084 - INFO - #               loss: 0.4203,    clean acc: 0.8471
2024-11-07 22:32:45,084 - INFO - #               poison acc: 1.0000
2024-11-07 22:32:45,087 - INFO - Save at ./checkpoints/FMNIST/10.pth
2024-11-07 22:33:02,684 - INFO - #The mean probability: ['0.0002', '0.0001', '0.0002', '0.0001', '0.0001', '0.0003', '0.0003', '0.9974', '0.0011', '0.0002']
2024-11-07 22:33:05,267 - INFO - #The mean probability: ['0.0000', '0.0000', '0.0000', '0.0000', '0.0000', '0.0000', '0.0001', '0.9995', '0.0003', '0.0000']
2024-11-07 22:33:05,267 - INFO - # EPOCH 12/100   train loss: 0.4465,    loss1: 0.4452
2024-11-07 22:33:05,267 - INFO - #               loss2: 0.0026,    loss3: 0.0000,
2024-11-07 22:33:05,268 - INFO - #               loss: 0.4124,    clean acc: 0.8491
2024-11-07 22:33:05,268 - INFO - #               poison acc: 1.0000
2024-11-07 22:33:05,271 - INFO - Save at ./checkpoints/FMNIST/11.pth
2024-11-07 22:33:22,890 - INFO - #The mean probability: ['0.0003', '0.0001', '0.0002', '0.0001', '0.0001', '0.0003', '0.0003', '0.9972', '0.0011', '0.0003']
2024-11-07 22:33:25,468 - INFO - #The mean probability: ['0.0000', '0.0000', '0.0000', '0.0000', '0.0000', '0.0000', '0.0001', '0.9996', '0.0002', '0.0000']
2024-11-07 22:33:25,468 - INFO - # EPOCH 13/100   train loss: 0.4368,    loss1: 0.4354
2024-11-07 22:33:25,468 - INFO - #               loss2: 0.0029,    loss3: 0.0000,
2024-11-07 22:33:25,468 - INFO - #               loss: 0.4033,    clean acc: 0.8526
2024-11-07 22:33:25,468 - INFO - #               poison acc: 1.0000
2024-11-07 22:33:25,472 - INFO - Save at ./checkpoints/FMNIST/12.pth
2024-11-07 22:33:43,107 - INFO - #The mean probability: ['0.0002', '0.0001', '0.0001', '0.0001', '0.0001', '0.0002', '0.0003', '0.9979', '0.0007', '0.0003']
2024-11-07 22:33:45,685 - INFO - #The mean probability: ['0.0000', '0.0000', '0.0000', '0.0000', '0.0000', '0.0000', '0.0000', '0.9998', '0.0001', '0.0000']
2024-11-07 22:33:45,685 - INFO - # EPOCH 14/100   train loss: 0.4255,    loss1: 0.4244
2024-11-07 22:33:45,685 - INFO - #               loss2: 0.0021,    loss3: 0.0000,
2024-11-07 22:33:45,685 - INFO - #               loss: 0.4009,    clean acc: 0.8543
2024-11-07 22:33:45,685 - INFO - #               poison acc: 1.0000
2024-11-07 22:33:45,689 - INFO - Save at ./checkpoints/FMNIST/13.pth
2024-11-07 22:34:03,230 - INFO - #The mean probability: ['0.0002', '0.0001', '0.0001', '0.0001', '0.0001', '0.0003', '0.0003', '0.9977', '0.0010', '0.0002']
2024-11-07 22:34:05,811 - INFO - #The mean probability: ['0.0000', '0.0000', '0.0000', '0.0000', '0.0000', '0.0000', '0.0000', '0.9998', '0.0001', '0.0000']
2024-11-07 22:34:05,812 - INFO - # EPOCH 15/100   train loss: 0.4170,    loss1: 0.4158
2024-11-07 22:34:05,812 - INFO - #               loss2: 0.0024,    loss3: 0.0000,
2024-11-07 22:34:05,812 - INFO - #               loss: 0.3898,    clean acc: 0.8553
2024-11-07 22:34:05,812 - INFO - #               poison acc: 1.0000
2024-11-07 22:34:05,815 - INFO - Save at ./checkpoints/FMNIST/14.pth
2024-11-07 22:34:23,450 - INFO - #The mean probability: ['0.0001', '0.0001', '0.0001', '0.0001', '0.0001', '0.0002', '0.0004', '0.9978', '0.0009', '0.0002']
2024-11-07 22:34:25,997 - INFO - #The mean probability: ['0.0000', '0.0000', '0.0000', '0.0000', '0.0000', '0.0000', '0.0000', '0.9997', '0.0002', '0.0000']
2024-11-07 22:34:25,997 - INFO - # EPOCH 16/100   train loss: 0.4087,    loss1: 0.4076
2024-11-07 22:34:25,997 - INFO - #               loss2: 0.0022,    loss3: 0.0000,
2024-11-07 22:34:25,997 - INFO - #               loss: 0.3829,    clean acc: 0.8595
2024-11-07 22:34:25,997 - INFO - #               poison acc: 1.0000
2024-11-07 22:34:26,001 - INFO - Save at ./checkpoints/FMNIST/15.pth
2024-11-07 22:34:43,567 - INFO - #The mean probability: ['0.0001', '0.0001', '0.0001', '0.0001', '0.0000', '0.0002', '0.0002', '0.9983', '0.0008', '0.0001']
2024-11-07 22:34:46,174 - INFO - #The mean probability: ['0.0000', '0.0000', '0.0000', '0.0000', '0.0000', '0.0000', '0.0000', '0.9997', '0.0002', '0.0000']
2024-11-07 22:34:46,174 - INFO - # EPOCH 17/100   train loss: 0.4028,    loss1: 0.4019
2024-11-07 22:34:46,174 - INFO - #               loss2: 0.0017,    loss3: 0.0000,
2024-11-07 22:34:46,174 - INFO - #               loss: 0.3760,    clean acc: 0.8627
2024-11-07 22:34:46,174 - INFO - #               poison acc: 1.0000
2024-11-07 22:34:46,178 - INFO - Save at ./checkpoints/FMNIST/16.pth
2024-11-07 22:35:03,598 - INFO - #The mean probability: ['0.0001', '0.0001', '0.0001', '0.0001', '0.0000', '0.0002', '0.0002', '0.9982', '0.0008', '0.0002']
2024-11-07 22:35:06,179 - INFO - #The mean probability: ['0.0000', '0.0000', '0.0000', '0.0000', '0.0000', '0.0000', '0.0000', '0.9999', '0.0001', '0.0000']
2024-11-07 22:35:06,179 - INFO - # EPOCH 18/100   train loss: 0.3913,    loss1: 0.3904
2024-11-07 22:35:06,180 - INFO - #               loss2: 0.0018,    loss3: 0.0000,
2024-11-07 22:35:06,180 - INFO - #               loss: 0.3738,    clean acc: 0.8639
2024-11-07 22:35:06,180 - INFO - #               poison acc: 1.0000
2024-11-07 22:35:06,183 - INFO - Save at ./checkpoints/FMNIST/17.pth
2024-11-07 22:35:23,837 - INFO - #The mean probability: ['0.0002', '0.0000', '0.0001', '0.0001', '0.0000', '0.0002', '0.0002', '0.9985', '0.0006', '0.0001']
2024-11-07 22:35:26,414 - INFO - #The mean probability: ['0.0000', '0.0000', '0.0000', '0.0000', '0.0000', '0.0000', '0.0000', '0.9999', '0.0001', '0.0000']
2024-11-07 22:35:26,414 - INFO - # EPOCH 19/100   train loss: 0.3899,    loss1: 0.3891
2024-11-07 22:35:26,415 - INFO - #               loss2: 0.0015,    loss3: 0.0000,
2024-11-07 22:35:26,415 - INFO - #               loss: 0.3667,    clean acc: 0.8680
2024-11-07 22:35:26,415 - INFO - #               poison acc: 1.0000
2024-11-07 22:35:26,418 - INFO - Save at ./checkpoints/FMNIST/18.pth
2024-11-07 22:35:43,985 - INFO - #The mean probability: ['0.0001', '0.0000', '0.0001', '0.0001', '0.0001', '0.0001', '0.0002', '0.9986', '0.0006', '0.0003']
2024-11-07 22:35:46,557 - INFO - #The mean probability: ['0.0000', '0.0000', '0.0000', '0.0000', '0.0000', '0.0000', '0.0000', '0.9998', '0.0001', '0.0000']
2024-11-07 22:35:46,557 - INFO - # EPOCH 20/100   train loss: 0.3828,    loss1: 0.3820
2024-11-07 22:35:46,557 - INFO - #               loss2: 0.0014,    loss3: 0.0000,
2024-11-07 22:35:46,557 - INFO - #               loss: 0.3613,    clean acc: 0.8666
2024-11-07 22:35:46,557 - INFO - #               poison acc: 1.0000
2024-11-07 22:35:46,561 - INFO - Save at ./checkpoints/FMNIST/19.pth
2024-11-07 22:36:03,889 - INFO - #The mean probability: ['0.0001', '0.0001', '0.0001', '0.0001', '0.0001', '0.0002', '0.0002', '0.9984', '0.0007', '0.0002']
2024-11-07 22:36:06,409 - INFO - #The mean probability: ['0.0000', '0.0000', '0.0000', '0.0000', '0.0000', '0.0000', '0.0000', '0.9998', '0.0001', '0.0000']
2024-11-07 22:36:06,410 - INFO - # EPOCH 21/100   train loss: 0.3789,    loss1: 0.3781
2024-11-07 22:36:06,410 - INFO - #               loss2: 0.0016,    loss3: 0.0000,
2024-11-07 22:36:06,410 - INFO - #               loss: 0.3565,    clean acc: 0.8704
2024-11-07 22:36:06,410 - INFO - #               poison acc: 1.0000
2024-11-07 22:36:06,414 - INFO - Save at ./checkpoints/FMNIST/20.pth
2024-11-07 22:36:23,887 - INFO - #The mean probability: ['0.0001', '0.0001', '0.0001', '0.0001', '0.0000', '0.0002', '0.0002', '0.9986', '0.0005', '0.0001']
2024-11-07 22:36:26,406 - INFO - #The mean probability: ['0.0000', '0.0000', '0.0000', '0.0000', '0.0000', '0.0000', '0.0000', '0.9999', '0.0001', '0.0000']
2024-11-07 22:36:26,407 - INFO - # EPOCH 22/100   train loss: 0.3734,    loss1: 0.3727
2024-11-07 22:36:26,407 - INFO - #               loss2: 0.0014,    loss3: 0.0000,
2024-11-07 22:36:26,407 - INFO - #               loss: 0.3535,    clean acc: 0.8728
2024-11-07 22:36:26,407 - INFO - #               poison acc: 1.0000
2024-11-07 22:36:26,411 - INFO - Save at ./checkpoints/FMNIST/21.pth
2024-11-07 22:36:43,707 - INFO - #The mean probability: ['0.0001', '0.0000', '0.0001', '0.0000', '0.0000', '0.0001', '0.0003', '0.9987', '0.0005', '0.0001']
2024-11-07 22:36:46,227 - INFO - #The mean probability: ['0.0000', '0.0000', '0.0000', '0.0000', '0.0000', '0.0000', '0.0000', '0.9999', '0.0000', '0.0000']
2024-11-07 22:36:46,228 - INFO - # EPOCH 23/100   train loss: 0.3654,    loss1: 0.3647
2024-11-07 22:36:46,228 - INFO - #               loss2: 0.0014,    loss3: 0.0000,
2024-11-07 22:36:46,228 - INFO - #               loss: 0.3536,    clean acc: 0.8705
2024-11-07 22:36:46,228 - INFO - #               poison acc: 1.0000
2024-11-07 22:36:46,231 - INFO - Save at ./checkpoints/FMNIST/22.pth
2024-11-07 22:37:03,516 - INFO - #The mean probability: ['0.0001', '0.0001', '0.0001', '0.0001', '0.0000', '0.0002', '0.0002', '0.9987', '0.0005', '0.0001']
2024-11-07 22:37:06,034 - INFO - #The mean probability: ['0.0000', '0.0000', '0.0000', '0.0000', '0.0000', '0.0000', '0.0000', '0.9999', '0.0001', '0.0000']
2024-11-07 22:37:06,035 - INFO - # EPOCH 24/100   train loss: 0.3646,    loss1: 0.3639
2024-11-07 22:37:06,035 - INFO - #               loss2: 0.0013,    loss3: 0.0000,
2024-11-07 22:37:06,035 - INFO - #               loss: 0.3511,    clean acc: 0.8704
2024-11-07 22:37:06,035 - INFO - #               poison acc: 1.0000
2024-11-07 22:37:06,039 - INFO - Save at ./checkpoints/FMNIST/23.pth
2024-11-07 22:37:23,291 - INFO - #The mean probability: ['0.0001', '0.0000', '0.0000', '0.0001', '0.0000', '0.0002', '0.0002', '0.9990', '0.0005', '0.0001']
2024-11-07 22:37:25,812 - INFO - #The mean probability: ['0.0000', '0.0000', '0.0000', '0.0000', '0.0000', '0.0000', '0.0000', '0.9999', '0.0001', '0.0000']
2024-11-07 22:37:25,812 - INFO - # EPOCH 25/100   train loss: 0.3598,    loss1: 0.3593
2024-11-07 22:37:25,813 - INFO - #               loss2: 0.0010,    loss3: 0.0000,
2024-11-07 22:37:25,813 - INFO - #               loss: 0.3441,    clean acc: 0.8721
2024-11-07 22:37:25,813 - INFO - #               poison acc: 1.0000
2024-11-07 22:37:25,816 - INFO - Save at ./checkpoints/FMNIST/24.pth
2024-11-07 22:37:43,140 - INFO - #The mean probability: ['0.0001', '0.0000', '0.0000', '0.0000', '0.0000', '0.0003', '0.0001', '0.9985', '0.0008', '0.0001']
2024-11-07 22:37:45,655 - INFO - #The mean probability: ['0.0000', '0.0000', '0.0000', '0.0000', '0.0000', '0.0000', '0.0000', '0.9999', '0.0001', '0.0000']
2024-11-07 22:37:45,655 - INFO - # EPOCH 26/100   train loss: 0.3553,    loss1: 0.3545
2024-11-07 22:37:45,656 - INFO - #               loss2: 0.0016,    loss3: 0.0000,
2024-11-07 22:37:45,656 - INFO - #               loss: 0.3396,    clean acc: 0.8764
2024-11-07 22:37:45,656 - INFO - #               poison acc: 1.0000
2024-11-07 22:37:45,659 - INFO - Save at ./checkpoints/FMNIST/25.pth
2024-11-07 22:38:03,263 - INFO - #The mean probability: ['0.0001', '0.0000', '0.0000', '0.0000', '0.0000', '0.0001', '0.0002', '0.9991', '0.0004', '0.0001']
2024-11-07 22:38:05,838 - INFO - #The mean probability: ['0.0000', '0.0000', '0.0000', '0.0000', '0.0000', '0.0000', '0.0000', '0.9999', '0.0001', '0.0000']
2024-11-07 22:38:05,838 - INFO - # EPOCH 27/100   train loss: 0.3517,    loss1: 0.3512
2024-11-07 22:38:05,839 - INFO - #               loss2: 0.0010,    loss3: 0.0000,
2024-11-07 22:38:05,839 - INFO - #               loss: 0.3377,    clean acc: 0.8757
2024-11-07 22:38:05,839 - INFO - #               poison acc: 1.0000
2024-11-07 22:38:05,842 - INFO - Save at ./checkpoints/FMNIST/26.pth
2024-11-07 22:38:23,375 - INFO - #The mean probability: ['0.0001', '0.0000', '0.0000', '0.0000', '0.0000', '0.0001', '0.0001', '0.9989', '0.0005', '0.0001']
2024-11-07 22:38:25,946 - INFO - #The mean probability: ['0.0000', '0.0000', '0.0000', '0.0000', '0.0000', '0.0000', '0.0000', '0.9999', '0.0001', '0.0000']
2024-11-07 22:38:25,947 - INFO - # EPOCH 28/100   train loss: 0.3459,    loss1: 0.3453
2024-11-07 22:38:25,947 - INFO - #               loss2: 0.0011,    loss3: 0.0000,
2024-11-07 22:38:25,947 - INFO - #               loss: 0.3349,    clean acc: 0.8806
2024-11-07 22:38:25,947 - INFO - #               poison acc: 1.0000
2024-11-07 22:38:25,950 - INFO - Save at ./checkpoints/FMNIST/27.pth
2024-11-07 22:38:43,609 - INFO - #The mean probability: ['0.0001', '0.0000', '0.0000', '0.0001', '0.0000', '0.0001', '0.0002', '0.9991', '0.0004', '0.0000']
2024-11-07 22:38:46,183 - INFO - #The mean probability: ['0.0000', '0.0000', '0.0000', '0.0000', '0.0000', '0.0000', '0.0000', '0.9999', '0.0001', '0.0000']
2024-11-07 22:38:46,183 - INFO - # EPOCH 29/100   train loss: 0.3429,    loss1: 0.3425
2024-11-07 22:38:46,183 - INFO - #               loss2: 0.0009,    loss3: 0.0000,
2024-11-07 22:38:46,183 - INFO - #               loss: 0.3316,    clean acc: 0.8800
2024-11-07 22:38:46,183 - INFO - #               poison acc: 1.0000
2024-11-07 22:38:46,187 - INFO - Save at ./checkpoints/FMNIST/28.pth
2024-11-07 22:39:03,766 - INFO - #The mean probability: ['0.0001', '0.0000', '0.0000', '0.0001', '0.0000', '0.0001', '0.0001', '0.9990', '0.0004', '0.0002']
2024-11-07 22:39:06,340 - INFO - #The mean probability: ['0.0000', '0.0000', '0.0000', '0.0000', '0.0000', '0.0000', '0.0000', '0.9999', '0.0000', '0.0000']
2024-11-07 22:39:06,340 - INFO - # EPOCH 30/100   train loss: 0.3405,    loss1: 0.3400
2024-11-07 22:39:06,341 - INFO - #               loss2: 0.0010,    loss3: 0.0000,
2024-11-07 22:39:06,341 - INFO - #               loss: 0.3303,    clean acc: 0.8813
2024-11-07 22:39:06,341 - INFO - #               poison acc: 1.0000
2024-11-07 22:39:06,344 - INFO - Save at ./checkpoints/FMNIST/29.pth
2024-11-07 22:39:23,970 - INFO - #The mean probability: ['0.0000', '0.0000', '0.0000', '0.0000', '0.0000', '0.0001', '0.0002', '0.9992', '0.0004', '0.0001']
2024-11-07 22:39:26,541 - INFO - #The mean probability: ['0.0000', '0.0000', '0.0000', '0.0000', '0.0000', '0.0000', '0.0000', '0.9999', '0.0000', '0.0000']
2024-11-07 22:39:26,541 - INFO - # EPOCH 31/100   train loss: 0.3379,    loss1: 0.3375
2024-11-07 22:39:26,542 - INFO - #               loss2: 0.0008,    loss3: 0.0000,
2024-11-07 22:39:26,542 - INFO - #               loss: 0.3269,    clean acc: 0.8826
2024-11-07 22:39:26,542 - INFO - #               poison acc: 1.0000
2024-11-07 22:39:26,545 - INFO - Save at ./checkpoints/FMNIST/30.pth
2024-11-07 22:39:44,149 - INFO - #The mean probability: ['0.0001', '0.0000', '0.0000', '0.0001', '0.0000', '0.0001', '0.0002', '0.9991', '0.0004', '0.0001']
2024-11-07 22:39:46,723 - INFO - #The mean probability: ['0.0000', '0.0000', '0.0000', '0.0000', '0.0000', '0.0000', '0.0000', '0.9999', '0.0001', '0.0000']
2024-11-07 22:39:46,723 - INFO - # EPOCH 32/100   train loss: 0.3338,    loss1: 0.3333
2024-11-07 22:39:46,724 - INFO - #               loss2: 0.0009,    loss3: 0.0000,
2024-11-07 22:39:46,724 - INFO - #               loss: 0.3224,    clean acc: 0.8842
2024-11-07 22:39:46,724 - INFO - #               poison acc: 1.0000
2024-11-07 22:39:46,727 - INFO - Save at ./checkpoints/FMNIST/31.pth
2024-11-07 22:40:04,333 - INFO - #The mean probability: ['0.0000', '0.0000', '0.0000', '0.0000', '0.0000', '0.0001', '0.0002', '0.9991', '0.0005', '0.0001']
2024-11-07 22:40:06,906 - INFO - #The mean probability: ['0.0000', '0.0000', '0.0000', '0.0000', '0.0000', '0.0000', '0.0000', '0.9999', '0.0001', '0.0000']
2024-11-07 22:40:06,906 - INFO - # EPOCH 33/100   train loss: 0.3331,    loss1: 0.3326
2024-11-07 22:40:06,906 - INFO - #               loss2: 0.0009,    loss3: 0.0000,
2024-11-07 22:40:06,906 - INFO - #               loss: 0.3272,    clean acc: 0.8811
2024-11-07 22:40:06,906 - INFO - #               poison acc: 1.0000
2024-11-07 22:40:06,910 - INFO - Save at ./checkpoints/FMNIST/32.pth
2024-11-07 22:40:24,558 - INFO - #The mean probability: ['0.0001', '0.0000', '0.0000', '0.0001', '0.0001', '0.0001', '0.0001', '0.9991', '0.0004', '0.0001']
2024-11-07 22:40:27,124 - INFO - #The mean probability: ['0.0000', '0.0000', '0.0000', '0.0000', '0.0000', '0.0000', '0.0000', '0.9999', '0.0000', '0.0000']
2024-11-07 22:40:27,124 - INFO - # EPOCH 34/100   train loss: 0.3273,    loss1: 0.3268
2024-11-07 22:40:27,124 - INFO - #               loss2: 0.0010,    loss3: 0.0000,
2024-11-07 22:40:27,124 - INFO - #               loss: 0.3189,    clean acc: 0.8848
2024-11-07 22:40:27,124 - INFO - #               poison acc: 1.0000
2024-11-07 22:40:27,128 - INFO - Save at ./checkpoints/FMNIST/33.pth
2024-11-07 22:40:44,649 - INFO - #The mean probability: ['0.0000', '0.0000', '0.0000', '0.0001', '0.0000', '0.0001', '0.0001', '0.9992', '0.0004', '0.0000']
2024-11-07 22:40:47,222 - INFO - #The mean probability: ['0.0000', '0.0000', '0.0000', '0.0000', '0.0000', '0.0000', '0.0000', '1.0000', '0.0000', '0.0000']
2024-11-07 22:40:47,223 - INFO - # EPOCH 35/100   train loss: 0.3263,    loss1: 0.3259
2024-11-07 22:40:47,223 - INFO - #               loss2: 0.0008,    loss3: 0.0000,
2024-11-07 22:40:47,223 - INFO - #               loss: 0.3179,    clean acc: 0.8852
2024-11-07 22:40:47,223 - INFO - #               poison acc: 1.0000
2024-11-07 22:40:47,226 - INFO - Save at ./checkpoints/FMNIST/34.pth
2024-11-07 22:41:04,902 - INFO - #The mean probability: ['0.0000', '0.0000', '0.0000', '0.0001', '0.0000', '0.0001', '0.0002', '0.9990', '0.0004', '0.0001']
2024-11-07 22:41:07,473 - INFO - #The mean probability: ['0.0000', '0.0000', '0.0000', '0.0000', '0.0000', '0.0000', '0.0000', '1.0000', '0.0000', '0.0000']
2024-11-07 22:41:07,473 - INFO - # EPOCH 36/100   train loss: 0.3242,    loss1: 0.3237
2024-11-07 22:41:07,473 - INFO - #               loss2: 0.0010,    loss3: 0.0000,
2024-11-07 22:41:07,473 - INFO - #               loss: 0.3182,    clean acc: 0.8825
2024-11-07 22:41:07,473 - INFO - #               poison acc: 1.0000
2024-11-07 22:41:07,477 - INFO - Save at ./checkpoints/FMNIST/35.pth
2024-11-07 22:41:25,093 - INFO - #The mean probability: ['0.0001', '0.0000', '0.0000', '0.0000', '0.0000', '0.0001', '0.0001', '0.9991', '0.0004', '0.0002']
2024-11-07 22:41:27,661 - INFO - #The mean probability: ['0.0000', '0.0000', '0.0000', '0.0000', '0.0000', '0.0000', '0.0000', '1.0000', '0.0000', '0.0000']
2024-11-07 22:41:27,662 - INFO - # EPOCH 37/100   train loss: 0.3212,    loss1: 0.3208
2024-11-07 22:41:27,662 - INFO - #               loss2: 0.0009,    loss3: 0.0000,
2024-11-07 22:41:27,662 - INFO - #               loss: 0.3187,    clean acc: 0.8859
2024-11-07 22:41:27,662 - INFO - #               poison acc: 1.0000
2024-11-07 22:41:27,666 - INFO - Save at ./checkpoints/FMNIST/36.pth
2024-11-07 22:41:45,220 - INFO - #The mean probability: ['0.0000', '0.0000', '0.0000', '0.0001', '0.0000', '0.0001', '0.0001', '0.9991', '0.0004', '0.0001']
2024-11-07 22:41:47,787 - INFO - #The mean probability: ['0.0000', '0.0000', '0.0000', '0.0000', '0.0000', '0.0000', '0.0000', '1.0000', '0.0000', '0.0000']
2024-11-07 22:41:47,787 - INFO - # EPOCH 38/100   train loss: 0.3172,    loss1: 0.3168
2024-11-07 22:41:47,787 - INFO - #               loss2: 0.0009,    loss3: 0.0000,
2024-11-07 22:41:47,788 - INFO - #               loss: 0.3117,    clean acc: 0.8872
2024-11-07 22:41:47,788 - INFO - #               poison acc: 1.0000
2024-11-07 22:41:47,791 - INFO - Save at ./checkpoints/FMNIST/37.pth
2024-11-07 22:42:05,415 - INFO - #The mean probability: ['0.0000', '0.0000', '0.0000', '0.0000', '0.0000', '0.0000', '0.0001', '0.9996', '0.0002', '0.0000']
2024-11-07 22:42:07,981 - INFO - #The mean probability: ['0.0000', '0.0000', '0.0000', '0.0000', '0.0000', '0.0000', '0.0000', '1.0000', '0.0000', '0.0000']
2024-11-07 22:42:07,981 - INFO - # EPOCH 39/100   train loss: 0.3155,    loss1: 0.3152
2024-11-07 22:42:07,981 - INFO - #               loss2: 0.0004,    loss3: 0.0000,
2024-11-07 22:42:07,982 - INFO - #               loss: 0.3087,    clean acc: 0.8880
2024-11-07 22:42:07,982 - INFO - #               poison acc: 1.0000
2024-11-07 22:42:07,985 - INFO - Save at ./checkpoints/FMNIST/38.pth
2024-11-07 22:42:25,578 - INFO - #The mean probability: ['0.0000', '0.0000', '0.0000', '0.0000', '0.0000', '0.0001', '0.0001', '0.9992', '0.0004', '0.0001']
2024-11-07 22:42:28,209 - INFO - #The mean probability: ['0.0000', '0.0000', '0.0000', '0.0000', '0.0000', '0.0000', '0.0000', '0.9999', '0.0000', '0.0000']
2024-11-07 22:42:28,210 - INFO - # EPOCH 40/100   train loss: 0.3131,    loss1: 0.3127
2024-11-07 22:42:28,210 - INFO - #               loss2: 0.0008,    loss3: 0.0000,
2024-11-07 22:42:28,210 - INFO - #               loss: 0.3072,    clean acc: 0.8892
2024-11-07 22:42:28,210 - INFO - #               poison acc: 1.0000
2024-11-07 22:42:28,213 - INFO - Save at ./checkpoints/FMNIST/39.pth
2024-11-07 22:42:45,719 - INFO - #The mean probability: ['0.0002', '0.0000', '0.0000', '0.0000', '0.0000', '0.0001', '0.0001', '0.9991', '0.0004', '0.0000']
2024-11-07 22:42:48,288 - INFO - #The mean probability: ['0.0000', '0.0000', '0.0000', '0.0000', '0.0000', '0.0000', '0.0000', '1.0000', '0.0000', '0.0000']
2024-11-07 22:42:48,289 - INFO - # EPOCH 41/100   train loss: 0.3102,    loss1: 0.3097
2024-11-07 22:42:48,289 - INFO - #               loss2: 0.0009,    loss3: 0.0000,
2024-11-07 22:42:48,289 - INFO - #               loss: 0.3058,    clean acc: 0.8900
2024-11-07 22:42:48,289 - INFO - #               poison acc: 1.0000
2024-11-07 22:42:48,293 - INFO - Save at ./checkpoints/FMNIST/40.pth
2024-11-07 22:43:05,840 - INFO - #The mean probability: ['0.0000', '0.0000', '0.0000', '0.0000', '0.0000', '0.0001', '0.0001', '0.9993', '0.0003', '0.0001']
2024-11-07 22:43:08,475 - INFO - #The mean probability: ['0.0000', '0.0000', '0.0000', '0.0000', '0.0000', '0.0000', '0.0000', '1.0000', '0.0000', '0.0000']
2024-11-07 22:43:08,475 - INFO - # EPOCH 42/100   train loss: 0.3073,    loss1: 0.3069
2024-11-07 22:43:08,475 - INFO - #               loss2: 0.0007,    loss3: 0.0000,
2024-11-07 22:43:08,476 - INFO - #               loss: 0.3031,    clean acc: 0.8924
2024-11-07 22:43:08,476 - INFO - #               poison acc: 1.0000
2024-11-07 22:43:08,479 - INFO - Save at ./checkpoints/FMNIST/41.pth
2024-11-07 22:43:25,997 - INFO - #The mean probability: ['0.0001', '0.0000', '0.0000', '0.0000', '0.0000', '0.0001', '0.0001', '0.9993', '0.0002', '0.0000']
2024-11-07 22:43:28,568 - INFO - #The mean probability: ['0.0000', '0.0000', '0.0000', '0.0000', '0.0000', '0.0000', '0.0000', '1.0000', '0.0000', '0.0000']
2024-11-07 22:43:28,569 - INFO - # EPOCH 43/100   train loss: 0.3049,    loss1: 0.3046
2024-11-07 22:43:28,569 - INFO - #               loss2: 0.0007,    loss3: 0.0000,
2024-11-07 22:43:28,569 - INFO - #               loss: 0.3026,    clean acc: 0.8918
2024-11-07 22:43:28,569 - INFO - #               poison acc: 1.0000
2024-11-07 22:43:28,573 - INFO - Save at ./checkpoints/FMNIST/42.pth
2024-11-07 22:43:46,163 - INFO - #The mean probability: ['0.0001', '0.0000', '0.0000', '0.0000', '0.0000', '0.0001', '0.0001', '0.9993', '0.0004', '0.0000']
2024-11-07 22:43:48,722 - INFO - #The mean probability: ['0.0000', '0.0000', '0.0000', '0.0000', '0.0000', '0.0000', '0.0000', '1.0000', '0.0000', '0.0000']
2024-11-07 22:43:48,723 - INFO - # EPOCH 44/100   train loss: 0.3043,    loss1: 0.3039
2024-11-07 22:43:48,723 - INFO - #               loss2: 0.0007,    loss3: 0.0000,
2024-11-07 22:43:48,723 - INFO - #               loss: 0.3007,    clean acc: 0.8920
2024-11-07 22:43:48,723 - INFO - #               poison acc: 1.0000
2024-11-07 22:43:48,727 - INFO - Save at ./checkpoints/FMNIST/43.pth
2024-11-07 22:44:06,310 - INFO - #The mean probability: ['0.0000', '0.0000', '0.0000', '0.0000', '0.0000', '0.0000', '0.0001', '0.9994', '0.0002', '0.0000']
2024-11-07 22:44:08,886 - INFO - #The mean probability: ['0.0000', '0.0000', '0.0000', '0.0000', '0.0000', '0.0000', '0.0000', '1.0000', '0.0000', '0.0000']
2024-11-07 22:44:08,886 - INFO - # EPOCH 45/100   train loss: 0.3017,    loss1: 0.3014
2024-11-07 22:44:08,886 - INFO - #               loss2: 0.0006,    loss3: 0.0000,
2024-11-07 22:44:08,887 - INFO - #               loss: 0.2990,    clean acc: 0.8934
2024-11-07 22:44:08,887 - INFO - #               poison acc: 1.0000
2024-11-07 22:44:08,890 - INFO - Save at ./checkpoints/FMNIST/44.pth
2024-11-07 22:44:26,508 - INFO - #The mean probability: ['0.0000', '0.0000', '0.0000', '0.0000', '0.0000', '0.0000', '0.0001', '0.9995', '0.0002', '0.0000']
2024-11-07 22:44:29,076 - INFO - #The mean probability: ['0.0000', '0.0000', '0.0000', '0.0000', '0.0000', '0.0000', '0.0000', '1.0000', '0.0000', '0.0000']
2024-11-07 22:44:29,077 - INFO - # EPOCH 46/100   train loss: 0.2983,    loss1: 0.2981
2024-11-07 22:44:29,077 - INFO - #               loss2: 0.0005,    loss3: 0.0000,
2024-11-07 22:44:29,077 - INFO - #               loss: 0.2976,    clean acc: 0.8945
2024-11-07 22:44:29,077 - INFO - #               poison acc: 1.0000
2024-11-07 22:44:29,081 - INFO - Save at ./checkpoints/FMNIST/45.pth
2024-11-07 22:44:46,619 - INFO - #The mean probability: ['0.0001', '0.0000', '0.0000', '0.0000', '0.0000', '0.0000', '0.0001', '0.9995', '0.0002', '0.0000']
2024-11-07 22:44:49,184 - INFO - #The mean probability: ['0.0000', '0.0000', '0.0000', '0.0000', '0.0000', '0.0000', '0.0000', '1.0000', '0.0000', '0.0000']
2024-11-07 22:44:49,184 - INFO - # EPOCH 47/100   train loss: 0.2968,    loss1: 0.2965
2024-11-07 22:44:49,185 - INFO - #               loss2: 0.0005,    loss3: 0.0000,
2024-11-07 22:44:49,185 - INFO - #               loss: 0.3008,    clean acc: 0.8936
2024-11-07 22:44:49,185 - INFO - #               poison acc: 1.0000
2024-11-07 22:44:49,188 - INFO - Save at ./checkpoints/FMNIST/46.pth
2024-11-07 22:45:06,817 - INFO - #The mean probability: ['0.0000', '0.0000', '0.0000', '0.0000', '0.0000', '0.0001', '0.0002', '0.9993', '0.0002', '0.0000']
2024-11-07 22:45:09,391 - INFO - #The mean probability: ['0.0000', '0.0000', '0.0000', '0.0000', '0.0000', '0.0000', '0.0000', '1.0000', '0.0000', '0.0000']
2024-11-07 22:45:09,392 - INFO - # EPOCH 48/100   train loss: 0.2958,    loss1: 0.2954
2024-11-07 22:45:09,392 - INFO - #               loss2: 0.0007,    loss3: 0.0000,
2024-11-07 22:45:09,392 - INFO - #               loss: 0.2956,    clean acc: 0.8951
2024-11-07 22:45:09,392 - INFO - #               poison acc: 1.0000
2024-11-07 22:45:09,396 - INFO - Save at ./checkpoints/FMNIST/47.pth
2024-11-07 22:45:27,036 - INFO - #The mean probability: ['0.0000', '0.0000', '0.0000', '0.0000', '0.0000', '0.0000', '0.0001', '0.9996', '0.0002', '0.0000']
2024-11-07 22:45:29,614 - INFO - #The mean probability: ['0.0000', '0.0000', '0.0000', '0.0000', '0.0000', '0.0000', '0.0000', '1.0000', '0.0000', '0.0000']
2024-11-07 22:45:29,614 - INFO - # EPOCH 49/100   train loss: 0.2934,    loss1: 0.2931
2024-11-07 22:45:29,614 - INFO - #               loss2: 0.0004,    loss3: 0.0000,
2024-11-07 22:45:29,614 - INFO - #               loss: 0.2941,    clean acc: 0.8961
2024-11-07 22:45:29,614 - INFO - #               poison acc: 1.0000
2024-11-07 22:45:29,618 - INFO - Save at ./checkpoints/FMNIST/48.pth
2024-11-07 22:45:47,221 - INFO - #The mean probability: ['0.0000', '0.0001', '0.0000', '0.0000', '0.0000', '0.0000', '0.0002', '0.9991', '0.0004', '0.0001']
2024-11-07 22:45:49,791 - INFO - #The mean probability: ['0.0000', '0.0000', '0.0000', '0.0000', '0.0000', '0.0000', '0.0000', '1.0000', '0.0000', '0.0000']
2024-11-07 22:45:49,791 - INFO - # EPOCH 50/100   train loss: 0.2911,    loss1: 0.2907
2024-11-07 22:45:49,792 - INFO - #               loss2: 0.0009,    loss3: 0.0000,
2024-11-07 22:45:49,792 - INFO - #               loss: 0.2919,    clean acc: 0.8960
2024-11-07 22:45:49,792 - INFO - #               poison acc: 1.0000
2024-11-07 22:45:49,795 - INFO - Save at ./checkpoints/FMNIST/49.pth
2024-11-07 22:46:07,248 - INFO - #The mean probability: ['0.0000', '0.0000', '0.0000', '0.0000', '0.0000', '0.0000', '0.0001', '0.9995', '0.0002', '0.0000']
2024-11-07 22:46:09,821 - INFO - #The mean probability: ['0.0000', '0.0000', '0.0000', '0.0000', '0.0000', '0.0000', '0.0000', '1.0000', '0.0000', '0.0000']
2024-11-07 22:46:09,822 - INFO - # EPOCH 51/100   train loss: 0.2913,    loss1: 0.2911
2024-11-07 22:46:09,822 - INFO - #               loss2: 0.0005,    loss3: 0.0000,
2024-11-07 22:46:09,822 - INFO - #               loss: 0.2911,    clean acc: 0.8949
2024-11-07 22:46:09,822 - INFO - #               poison acc: 1.0000
2024-11-07 22:46:09,825 - INFO - Save at ./checkpoints/FMNIST/50.pth
2024-11-07 22:46:27,463 - INFO - #The mean probability: ['0.0000', '0.0000', '0.0000', '0.0000', '0.0000', '0.0001', '0.0001', '0.9995', '0.0002', '0.0000']
2024-11-07 22:46:30,110 - INFO - #The mean probability: ['0.0000', '0.0000', '0.0000', '0.0000', '0.0000', '0.0000', '0.0000', '1.0000', '0.0000', '0.0000']
2024-11-07 22:46:30,110 - INFO - # EPOCH 52/100   train loss: 0.2885,    loss1: 0.2883
2024-11-07 22:46:30,111 - INFO - #               loss2: 0.0005,    loss3: 0.0000,
2024-11-07 22:46:30,111 - INFO - #               loss: 0.2942,    clean acc: 0.8954
2024-11-07 22:46:30,111 - INFO - #               poison acc: 1.0000
2024-11-07 22:46:30,114 - INFO - Save at ./checkpoints/FMNIST/51.pth
2024-11-07 22:46:47,565 - INFO - #The mean probability: ['0.0000', '0.0000', '0.0000', '0.0000', '0.0000', '0.0000', '0.0001', '0.9995', '0.0004', '0.0000']
2024-11-07 22:46:50,148 - INFO - #The mean probability: ['0.0000', '0.0000', '0.0000', '0.0000', '0.0000', '0.0000', '0.0000', '1.0000', '0.0000', '0.0000']
2024-11-07 22:46:50,149 - INFO - # EPOCH 53/100   train loss: 0.2866,    loss1: 0.2864
2024-11-07 22:46:50,149 - INFO - #               loss2: 0.0005,    loss3: 0.0000,
2024-11-07 22:46:50,149 - INFO - #               loss: 0.2901,    clean acc: 0.8957
2024-11-07 22:46:50,149 - INFO - #               poison acc: 1.0000
2024-11-07 22:46:50,153 - INFO - Save at ./checkpoints/FMNIST/52.pth
2024-11-07 22:47:07,760 - INFO - #The mean probability: ['0.0000', '0.0000', '0.0000', '0.0000', '0.0000', '0.0000', '0.0001', '0.9995', '0.0002', '0.0000']
2024-11-07 22:47:10,400 - INFO - #The mean probability: ['0.0000', '0.0000', '0.0000', '0.0000', '0.0000', '0.0000', '0.0000', '1.0000', '0.0000', '0.0000']
2024-11-07 22:47:10,401 - INFO - # EPOCH 54/100   train loss: 0.2852,    loss1: 0.2849
2024-11-07 22:47:10,401 - INFO - #               loss2: 0.0005,    loss3: 0.0000,
2024-11-07 22:47:10,401 - INFO - #               loss: 0.2873,    clean acc: 0.8978
2024-11-07 22:47:10,401 - INFO - #               poison acc: 1.0000
2024-11-07 22:47:10,405 - INFO - Save at ./checkpoints/FMNIST/53.pth
2024-11-07 22:47:27,943 - INFO - #The mean probability: ['0.0000', '0.0000', '0.0000', '0.0000', '0.0000', '0.0001', '0.0001', '0.9994', '0.0003', '0.0001']
2024-11-07 22:47:30,489 - INFO - #The mean probability: ['0.0000', '0.0000', '0.0000', '0.0000', '0.0000', '0.0000', '0.0000', '1.0000', '0.0000', '0.0000']
2024-11-07 22:47:30,489 - INFO - # EPOCH 55/100   train loss: 0.2836,    loss1: 0.2833
2024-11-07 22:47:30,490 - INFO - #               loss2: 0.0007,    loss3: 0.0000,
2024-11-07 22:47:30,490 - INFO - #               loss: 0.2880,    clean acc: 0.8979
2024-11-07 22:47:30,490 - INFO - #               poison acc: 1.0000
2024-11-07 22:47:30,493 - INFO - Save at ./checkpoints/FMNIST/54.pth
2024-11-07 22:47:47,946 - INFO - #The mean probability: ['0.0003', '0.0000', '0.0000', '0.0000', '0.0000', '0.0000', '0.0002', '0.9993', '0.0002', '0.0000']
2024-11-07 22:47:50,470 - INFO - #The mean probability: ['0.0000', '0.0000', '0.0000', '0.0000', '0.0000', '0.0000', '0.0000', '1.0000', '0.0000', '0.0000']
2024-11-07 22:47:50,471 - INFO - # EPOCH 56/100   train loss: 0.2804,    loss1: 0.2800
2024-11-07 22:47:50,471 - INFO - #               loss2: 0.0008,    loss3: 0.0000,
2024-11-07 22:47:50,471 - INFO - #               loss: 0.2873,    clean acc: 0.8975
2024-11-07 22:47:50,471 - INFO - #               poison acc: 1.0000
2024-11-07 22:47:50,474 - INFO - Save at ./checkpoints/FMNIST/55.pth
2024-11-07 22:48:07,922 - INFO - #The mean probability: ['0.0000', '0.0000', '0.0000', '0.0000', '0.0000', '0.0000', '0.0000', '0.9995', '0.0002', '0.0001']
2024-11-07 22:48:10,499 - INFO - #The mean probability: ['0.0000', '0.0000', '0.0000', '0.0000', '0.0000', '0.0000', '0.0000', '1.0000', '0.0000', '0.0000']
2024-11-07 22:48:10,500 - INFO - # EPOCH 57/100   train loss: 0.2805,    loss1: 0.2803
2024-11-07 22:48:10,500 - INFO - #               loss2: 0.0005,    loss3: 0.0000,
2024-11-07 22:48:10,500 - INFO - #               loss: 0.2855,    clean acc: 0.8987
2024-11-07 22:48:10,500 - INFO - #               poison acc: 1.0000
2024-11-07 22:48:10,504 - INFO - Save at ./checkpoints/FMNIST/56.pth
2024-11-07 22:48:28,146 - INFO - #The mean probability: ['0.0000', '0.0000', '0.0000', '0.0000', '0.0000', '0.0000', '0.0001', '0.9997', '0.0002', '0.0000']
2024-11-07 22:48:30,723 - INFO - #The mean probability: ['0.0000', '0.0000', '0.0000', '0.0000', '0.0000', '0.0000', '0.0000', '1.0000', '0.0000', '0.0000']
2024-11-07 22:48:30,723 - INFO - # EPOCH 58/100   train loss: 0.2780,    loss1: 0.2779
2024-11-07 22:48:30,724 - INFO - #               loss2: 0.0003,    loss3: 0.0000,
2024-11-07 22:48:30,724 - INFO - #               loss: 0.2857,    clean acc: 0.8963
2024-11-07 22:48:30,724 - INFO - #               poison acc: 1.0000
2024-11-07 22:48:30,728 - INFO - Save at ./checkpoints/FMNIST/57.pth
2024-11-07 22:48:48,321 - INFO - #The mean probability: ['0.0000', '0.0000', '0.0000', '0.0000', '0.0000', '0.0000', '0.0001', '0.9996', '0.0002', '0.0000']
2024-11-07 22:48:50,898 - INFO - #The mean probability: ['0.0000', '0.0000', '0.0000', '0.0000', '0.0000', '0.0000', '0.0000', '1.0000', '0.0000', '0.0000']
2024-11-07 22:48:50,899 - INFO - # EPOCH 59/100   train loss: 0.2758,    loss1: 0.2756
2024-11-07 22:48:50,899 - INFO - #               loss2: 0.0004,    loss3: 0.0000,
2024-11-07 22:48:50,899 - INFO - #               loss: 0.2832,    clean acc: 0.8990
2024-11-07 22:48:50,899 - INFO - #               poison acc: 1.0000
2024-11-07 22:48:50,902 - INFO - Save at ./checkpoints/FMNIST/58.pth
2024-11-07 22:49:08,384 - INFO - #The mean probability: ['0.0000', '0.0000', '0.0000', '0.0000', '0.0000', '0.0000', '0.0001', '0.9995', '0.0002', '0.0000']
2024-11-07 22:49:10,908 - INFO - #The mean probability: ['0.0000', '0.0000', '0.0000', '0.0000', '0.0000', '0.0000', '0.0000', '1.0000', '0.0000', '0.0000']
2024-11-07 22:49:10,909 - INFO - # EPOCH 60/100   train loss: 0.2770,    loss1: 0.2767
2024-11-07 22:49:10,909 - INFO - #               loss2: 0.0005,    loss3: 0.0000,
2024-11-07 22:49:10,909 - INFO - #               loss: 0.2833,    clean acc: 0.8981
2024-11-07 22:49:10,909 - INFO - #               poison acc: 1.0000
2024-11-07 22:49:10,913 - INFO - Save at ./checkpoints/FMNIST/59.pth
2024-11-07 22:49:28,203 - INFO - #The mean probability: ['0.0000', '0.0000', '0.0000', '0.0000', '0.0000', '0.0001', '0.0001', '0.9996', '0.0002', '0.0000']
2024-11-07 22:49:30,785 - INFO - #The mean probability: ['0.0000', '0.0000', '0.0000', '0.0000', '0.0000', '0.0000', '0.0000', '1.0000', '0.0000', '0.0000']
2024-11-07 22:49:30,786 - INFO - # EPOCH 61/100   train loss: 0.2746,    loss1: 0.2743
2024-11-07 22:49:30,786 - INFO - #               loss2: 0.0004,    loss3: 0.0000,
2024-11-07 22:49:30,786 - INFO - #               loss: 0.2817,    clean acc: 0.8985
2024-11-07 22:49:30,786 - INFO - #               poison acc: 1.0000
2024-11-07 22:49:30,790 - INFO - Save at ./checkpoints/FMNIST/60.pth
2024-11-07 22:49:48,380 - INFO - #The mean probability: ['0.0000', '0.0000', '0.0000', '0.0001', '0.0000', '0.0001', '0.0002', '0.9992', '0.0003', '0.0000']
2024-11-07 22:49:50,947 - INFO - #The mean probability: ['0.0000', '0.0000', '0.0000', '0.0000', '0.0000', '0.0000', '0.0000', '1.0000', '0.0000', '0.0000']
2024-11-07 22:49:50,948 - INFO - # EPOCH 62/100   train loss: 0.2720,    loss1: 0.2716
2024-11-07 22:49:50,948 - INFO - #               loss2: 0.0008,    loss3: 0.0000,
2024-11-07 22:49:50,948 - INFO - #               loss: 0.2825,    clean acc: 0.8985
2024-11-07 22:49:50,948 - INFO - #               poison acc: 1.0000
2024-11-07 22:49:50,952 - INFO - Save at ./checkpoints/FMNIST/61.pth
2024-11-07 22:50:08,402 - INFO - #The mean probability: ['0.0000', '0.0000', '0.0000', '0.0000', '0.0000', '0.0000', '0.0007', '0.9989', '0.0003', '0.0000']
2024-11-07 22:50:10,919 - INFO - #The mean probability: ['0.0000', '0.0000', '0.0000', '0.0000', '0.0000', '0.0000', '0.0000', '1.0000', '0.0000', '0.0000']
2024-11-07 22:50:10,920 - INFO - # EPOCH 63/100   train loss: 0.2732,    loss1: 0.2724
2024-11-07 22:50:10,920 - INFO - #               loss2: 0.0016,    loss3: 0.0000,
2024-11-07 22:50:10,920 - INFO - #               loss: 0.2807,    clean acc: 0.9019
2024-11-07 22:50:10,920 - INFO - #               poison acc: 1.0000
2024-11-07 22:50:10,924 - INFO - Save at ./checkpoints/FMNIST/62.pth
2024-11-07 22:50:28,353 - INFO - #The mean probability: ['0.0000', '0.0000', '0.0000', '0.0000', '0.0000', '0.0000', '0.0000', '0.9997', '0.0002', '0.0000']
2024-11-07 22:50:30,930 - INFO - #The mean probability: ['0.0000', '0.0000', '0.0000', '0.0000', '0.0000', '0.0000', '0.0000', '1.0000', '0.0000', '0.0000']
2024-11-07 22:50:30,930 - INFO - # EPOCH 64/100   train loss: 0.2702,    loss1: 0.2700
2024-11-07 22:50:30,930 - INFO - #               loss2: 0.0003,    loss3: 0.0000,
2024-11-07 22:50:30,930 - INFO - #               loss: 0.2829,    clean acc: 0.8998
2024-11-07 22:50:30,930 - INFO - #               poison acc: 1.0000
2024-11-07 22:50:30,934 - INFO - Save at ./checkpoints/FMNIST/63.pth
2024-11-07 22:50:48,617 - INFO - #The mean probability: ['0.0000', '0.0000', '0.0000', '0.0000', '0.0000', '0.0000', '0.0001', '0.9996', '0.0002', '0.0000']
2024-11-07 22:50:51,195 - INFO - #The mean probability: ['0.0000', '0.0000', '0.0000', '0.0000', '0.0000', '0.0000', '0.0000', '1.0000', '0.0000', '0.0000']
2024-11-07 22:50:51,196 - INFO - # EPOCH 65/100   train loss: 0.2685,    loss1: 0.2683
2024-11-07 22:50:51,196 - INFO - #               loss2: 0.0004,    loss3: 0.0000,
2024-11-07 22:50:51,196 - INFO - #               loss: 0.2759,    clean acc: 0.9017
2024-11-07 22:50:51,196 - INFO - #               poison acc: 1.0000
2024-11-07 22:50:51,200 - INFO - Save at ./checkpoints/FMNIST/64.pth
2024-11-07 22:51:08,927 - INFO - #The mean probability: ['0.0000', '0.0000', '0.0000', '0.0000', '0.0000', '0.0002', '0.0000', '0.9995', '0.0002', '0.0000']
2024-11-07 22:51:11,444 - INFO - #The mean probability: ['0.0000', '0.0000', '0.0000', '0.0000', '0.0000', '0.0000', '0.0000', '1.0000', '0.0000', '0.0000']
2024-11-07 22:51:11,445 - INFO - # EPOCH 66/100   train loss: 0.2672,    loss1: 0.2669
2024-11-07 22:51:11,445 - INFO - #               loss2: 0.0005,    loss3: 0.0000,
2024-11-07 22:51:11,445 - INFO - #               loss: 0.2766,    clean acc: 0.9017
2024-11-07 22:51:11,445 - INFO - #               poison acc: 1.0000
2024-11-07 22:51:11,448 - INFO - Save at ./checkpoints/FMNIST/65.pth
2024-11-07 22:51:28,705 - INFO - #The mean probability: ['0.0000', '0.0000', '0.0000', '0.0000', '0.0000', '0.0000', '0.0001', '0.9997', '0.0002', '0.0000']
2024-11-07 22:51:31,222 - INFO - #The mean probability: ['0.0000', '0.0000', '0.0000', '0.0000', '0.0000', '0.0000', '0.0000', '1.0000', '0.0000', '0.0000']
2024-11-07 22:51:31,223 - INFO - # EPOCH 67/100   train loss: 0.2661,    loss1: 0.2660
2024-11-07 22:51:31,223 - INFO - #               loss2: 0.0003,    loss3: 0.0000,
2024-11-07 22:51:31,223 - INFO - #               loss: 0.2746,    clean acc: 0.9017
2024-11-07 22:51:31,223 - INFO - #               poison acc: 1.0000
2024-11-07 22:51:31,226 - INFO - Save at ./checkpoints/FMNIST/66.pth
2024-11-07 22:51:48,516 - INFO - #The mean probability: ['0.0000', '0.0000', '0.0000', '0.0001', '0.0000', '0.0001', '0.0001', '0.9994', '0.0002', '0.0001']
2024-11-07 22:51:51,036 - INFO - #The mean probability: ['0.0000', '0.0000', '0.0000', '0.0000', '0.0000', '0.0000', '0.0000', '1.0000', '0.0000', '0.0000']
2024-11-07 22:51:51,036 - INFO - # EPOCH 68/100   train loss: 0.2645,    loss1: 0.2642
2024-11-07 22:51:51,036 - INFO - #               loss2: 0.0006,    loss3: 0.0000,
2024-11-07 22:51:51,036 - INFO - #               loss: 0.2759,    clean acc: 0.9015
2024-11-07 22:51:51,036 - INFO - #               poison acc: 1.0000
2024-11-07 22:51:51,040 - INFO - Save at ./checkpoints/FMNIST/67.pth
2024-11-07 22:52:08,666 - INFO - #The mean probability: ['0.0000', '0.0000', '0.0001', '0.0000', '0.0000', '0.0000', '0.0001', '0.9996', '0.0001', '0.0000']
2024-11-07 22:52:11,237 - INFO - #The mean probability: ['0.0000', '0.0000', '0.0000', '0.0000', '0.0000', '0.0000', '0.0000', '1.0000', '0.0000', '0.0000']
2024-11-07 22:52:11,237 - INFO - # EPOCH 69/100   train loss: 0.2615,    loss1: 0.2613
2024-11-07 22:52:11,238 - INFO - #               loss2: 0.0004,    loss3: 0.0000,
2024-11-07 22:52:11,238 - INFO - #               loss: 0.2768,    clean acc: 0.9006
2024-11-07 22:52:11,238 - INFO - #               poison acc: 1.0000
2024-11-07 22:52:11,241 - INFO - Save at ./checkpoints/FMNIST/68.pth
2024-11-07 22:52:28,887 - INFO - #The mean probability: ['0.0000', '0.0000', '0.0000', '0.0000', '0.0000', '0.0000', '0.0001', '0.9996', '0.0002', '0.0000']
2024-11-07 22:52:31,459 - INFO - #The mean probability: ['0.0000', '0.0000', '0.0000', '0.0000', '0.0000', '0.0000', '0.0000', '1.0000', '0.0000', '0.0000']
2024-11-07 22:52:31,459 - INFO - # EPOCH 70/100   train loss: 0.2612,    loss1: 0.2610
2024-11-07 22:52:31,459 - INFO - #               loss2: 0.0004,    loss3: 0.0000,
2024-11-07 22:52:31,460 - INFO - #               loss: 0.2732,    clean acc: 0.9021
2024-11-07 22:52:31,460 - INFO - #               poison acc: 1.0000
2024-11-07 22:52:31,463 - INFO - Save at ./checkpoints/FMNIST/69.pth
2024-11-07 22:52:48,765 - INFO - #The mean probability: ['0.0000', '0.0000', '0.0000', '0.0000', '0.0000', '0.0000', '0.0001', '0.9997', '0.0001', '0.0000']
2024-11-07 22:52:51,287 - INFO - #The mean probability: ['0.0000', '0.0000', '0.0000', '0.0000', '0.0000', '0.0000', '0.0000', '1.0000', '0.0000', '0.0000']
2024-11-07 22:52:51,287 - INFO - # EPOCH 71/100   train loss: 0.2608,    loss1: 0.2607
2024-11-07 22:52:51,288 - INFO - #               loss2: 0.0003,    loss3: 0.0000,
2024-11-07 22:52:51,288 - INFO - #               loss: 0.2734,    clean acc: 0.9027
2024-11-07 22:52:51,288 - INFO - #               poison acc: 1.0000
2024-11-07 22:52:51,291 - INFO - Save at ./checkpoints/FMNIST/70.pth
2024-11-07 22:53:08,537 - INFO - #The mean probability: ['0.0000', '0.0000', '0.0000', '0.0000', '0.0000', '0.0000', '0.0000', '0.9997', '0.0001', '0.0000']
2024-11-07 22:53:11,053 - INFO - #The mean probability: ['0.0000', '0.0000', '0.0000', '0.0000', '0.0000', '0.0000', '0.0000', '1.0000', '0.0000', '0.0000']
2024-11-07 22:53:11,053 - INFO - # EPOCH 72/100   train loss: 0.2592,    loss1: 0.2590
2024-11-07 22:53:11,053 - INFO - #               loss2: 0.0003,    loss3: 0.0000,
2024-11-07 22:53:11,053 - INFO - #               loss: 0.2717,    clean acc: 0.9027
2024-11-07 22:53:11,053 - INFO - #               poison acc: 1.0000
2024-11-07 22:53:11,057 - INFO - Save at ./checkpoints/FMNIST/71.pth
2024-11-07 22:53:28,376 - INFO - #The mean probability: ['0.0000', '0.0000', '0.0000', '0.0000', '0.0000', '0.0000', '0.0001', '0.9996', '0.0002', '0.0001']
2024-11-07 22:53:30,897 - INFO - #The mean probability: ['0.0000', '0.0000', '0.0000', '0.0000', '0.0000', '0.0000', '0.0000', '1.0000', '0.0000', '0.0000']
2024-11-07 22:53:30,897 - INFO - # EPOCH 73/100   train loss: 0.2561,    loss1: 0.2559
2024-11-07 22:53:30,898 - INFO - #               loss2: 0.0004,    loss3: 0.0000,
2024-11-07 22:53:30,898 - INFO - #               loss: 0.2708,    clean acc: 0.9023
2024-11-07 22:53:30,898 - INFO - #               poison acc: 1.0000
2024-11-07 22:53:30,901 - INFO - Save at ./checkpoints/FMNIST/72.pth
2024-11-07 22:53:48,186 - INFO - #The mean probability: ['0.0000', '0.0000', '0.0000', '0.0000', '0.0000', '0.0000', '0.0000', '0.9998', '0.0001', '0.0000']
2024-11-07 22:53:50,762 - INFO - #The mean probability: ['0.0000', '0.0000', '0.0000', '0.0000', '0.0000', '0.0000', '0.0000', '1.0000', '0.0000', '0.0000']
2024-11-07 22:53:50,762 - INFO - # EPOCH 74/100   train loss: 0.2565,    loss1: 0.2564
2024-11-07 22:53:50,762 - INFO - #               loss2: 0.0002,    loss3: 0.0000,
2024-11-07 22:53:50,762 - INFO - #               loss: 0.2731,    clean acc: 0.9034
2024-11-07 22:53:50,762 - INFO - #               poison acc: 1.0000
2024-11-07 22:53:50,766 - INFO - Save at ./checkpoints/FMNIST/73.pth
2024-11-07 22:54:08,394 - INFO - #The mean probability: ['0.0000', '0.0000', '0.0000', '0.0000', '0.0000', '0.0000', '0.0001', '0.9996', '0.0002', '0.0000']
2024-11-07 22:54:10,981 - INFO - #The mean probability: ['0.0000', '0.0000', '0.0000', '0.0000', '0.0000', '0.0000', '0.0000', '1.0000', '0.0000', '0.0000']
2024-11-07 22:54:10,981 - INFO - # EPOCH 75/100   train loss: 0.2552,    loss1: 0.2550
2024-11-07 22:54:10,981 - INFO - #               loss2: 0.0004,    loss3: 0.0000,
2024-11-07 22:54:10,981 - INFO - #               loss: 0.2713,    clean acc: 0.9040
2024-11-07 22:54:10,982 - INFO - #               poison acc: 1.0000
2024-11-07 22:54:10,985 - INFO - Save at ./checkpoints/FMNIST/74.pth
2024-11-07 22:54:28,662 - INFO - #The mean probability: ['0.0000', '0.0000', '0.0000', '0.0000', '0.0000', '0.0000', '0.0002', '0.9995', '0.0002', '0.0000']
2024-11-07 22:54:31,210 - INFO - #The mean probability: ['0.0000', '0.0000', '0.0000', '0.0000', '0.0000', '0.0000', '0.0000', '1.0000', '0.0000', '0.0000']
2024-11-07 22:54:31,211 - INFO - # EPOCH 76/100   train loss: 0.2542,    loss1: 0.2540
2024-11-07 22:54:31,211 - INFO - #               loss2: 0.0005,    loss3: 0.0000,
2024-11-07 22:54:31,211 - INFO - #               loss: 0.2721,    clean acc: 0.9037
2024-11-07 22:54:31,211 - INFO - #               poison acc: 1.0000
2024-11-07 22:54:31,215 - INFO - Save at ./checkpoints/FMNIST/75.pth
2024-11-07 22:54:48,435 - INFO - #The mean probability: ['0.0000', '0.0000', '0.0000', '0.0000', '0.0000', '0.0000', '0.0001', '0.9998', '0.0001', '0.0000']
2024-11-07 22:54:50,951 - INFO - #The mean probability: ['0.0000', '0.0000', '0.0000', '0.0000', '0.0000', '0.0000', '0.0000', '1.0000', '0.0000', '0.0000']
2024-11-07 22:54:50,952 - INFO - # EPOCH 77/100   train loss: 0.2529,    loss1: 0.2528
2024-11-07 22:54:50,952 - INFO - #               loss2: 0.0002,    loss3: 0.0000,
2024-11-07 22:54:50,952 - INFO - #               loss: 0.2718,    clean acc: 0.9024
2024-11-07 22:54:50,952 - INFO - #               poison acc: 1.0000
2024-11-07 22:54:50,956 - INFO - Save at ./checkpoints/FMNIST/76.pth
2024-11-07 22:55:08,477 - INFO - #The mean probability: ['0.0000', '0.0000', '0.0000', '0.0000', '0.0000', '0.0000', '0.0000', '0.9998', '0.0001', '0.0000']
2024-11-07 22:55:11,056 - INFO - #The mean probability: ['0.0000', '0.0000', '0.0000', '0.0000', '0.0000', '0.0000', '0.0000', '1.0000', '0.0000', '0.0000']
2024-11-07 22:55:11,056 - INFO - # EPOCH 78/100   train loss: 0.2510,    loss1: 0.2509
2024-11-07 22:55:11,056 - INFO - #               loss2: 0.0002,    loss3: 0.0000,
2024-11-07 22:55:11,057 - INFO - #               loss: 0.2694,    clean acc: 0.9030
2024-11-07 22:55:11,057 - INFO - #               poison acc: 1.0000
2024-11-07 22:55:11,061 - INFO - Save at ./checkpoints/FMNIST/77.pth
2024-11-07 22:55:28,298 - INFO - #The mean probability: ['0.0000', '0.0000', '0.0000', '0.0000', '0.0000', '0.0000', '0.0002', '0.9996', '0.0001', '0.0000']
2024-11-07 22:55:30,809 - INFO - #The mean probability: ['0.0000', '0.0000', '0.0000', '0.0000', '0.0000', '0.0000', '0.0000', '1.0000', '0.0000', '0.0000']
2024-11-07 22:55:30,810 - INFO - # EPOCH 79/100   train loss: 0.2498,    loss1: 0.2496
2024-11-07 22:55:30,810 - INFO - #               loss2: 0.0004,    loss3: 0.0000,
2024-11-07 22:55:30,810 - INFO - #               loss: 0.2657,    clean acc: 0.9036
2024-11-07 22:55:30,810 - INFO - #               poison acc: 1.0000
2024-11-07 22:55:30,814 - INFO - Save at ./checkpoints/FMNIST/78.pth
2024-11-07 22:55:48,073 - INFO - #The mean probability: ['0.0000', '0.0000', '0.0000', '0.0000', '0.0000', '0.0000', '0.0000', '0.9997', '0.0002', '0.0000']
2024-11-07 22:55:50,589 - INFO - #The mean probability: ['0.0000', '0.0000', '0.0000', '0.0000', '0.0000', '0.0000', '0.0000', '1.0000', '0.0000', '0.0000']
2024-11-07 22:55:50,589 - INFO - # EPOCH 80/100   train loss: 0.2489,    loss1: 0.2488
2024-11-07 22:55:50,590 - INFO - #               loss2: 0.0003,    loss3: 0.0000,
2024-11-07 22:55:50,590 - INFO - #               loss: 0.2666,    clean acc: 0.9041
2024-11-07 22:55:50,590 - INFO - #               poison acc: 1.0000
2024-11-07 22:55:50,593 - INFO - Save at ./checkpoints/FMNIST/79.pth
2024-11-07 22:56:07,923 - INFO - #The mean probability: ['0.0000', '0.0000', '0.0000', '0.0000', '0.0000', '0.0000', '0.0000', '0.9998', '0.0001', '0.0000']
2024-11-07 22:56:10,446 - INFO - #The mean probability: ['0.0000', '0.0000', '0.0000', '0.0000', '0.0000', '0.0000', '0.0000', '1.0000', '0.0000', '0.0000']
2024-11-07 22:56:10,447 - INFO - # EPOCH 81/100   train loss: 0.2485,    loss1: 0.2484
2024-11-07 22:56:10,447 - INFO - #               loss2: 0.0002,    loss3: 0.0000,
2024-11-07 22:56:10,447 - INFO - #               loss: 0.2711,    clean acc: 0.9021
2024-11-07 22:56:10,447 - INFO - #               poison acc: 1.0000
2024-11-07 22:56:10,450 - INFO - Save at ./checkpoints/FMNIST/80.pth
2024-11-07 22:56:27,709 - INFO - #The mean probability: ['0.0000', '0.0000', '0.0000', '0.0000', '0.0001', '0.0000', '0.0001', '0.9996', '0.0001', '0.0000']
2024-11-07 22:56:30,250 - INFO - #The mean probability: ['0.0000', '0.0000', '0.0000', '0.0000', '0.0000', '0.0000', '0.0000', '1.0000', '0.0000', '0.0000']
2024-11-07 22:56:30,251 - INFO - # EPOCH 82/100   train loss: 0.2470,    loss1: 0.2468
2024-11-07 22:56:30,251 - INFO - #               loss2: 0.0005,    loss3: 0.0000,
2024-11-07 22:56:30,251 - INFO - #               loss: 0.2650,    clean acc: 0.9033
2024-11-07 22:56:30,251 - INFO - #               poison acc: 1.0000
2024-11-07 22:56:30,255 - INFO - Save at ./checkpoints/FMNIST/81.pth
2024-11-07 22:56:47,718 - INFO - #The mean probability: ['0.0000', '0.0000', '0.0000', '0.0000', '0.0000', '0.0001', '0.0001', '0.9995', '0.0003', '0.0000']
2024-11-07 22:56:50,263 - INFO - #The mean probability: ['0.0000', '0.0000', '0.0000', '0.0000', '0.0000', '0.0000', '0.0000', '1.0000', '0.0000', '0.0000']
2024-11-07 22:56:50,263 - INFO - # EPOCH 83/100   train loss: 0.2451,    loss1: 0.2448
2024-11-07 22:56:50,264 - INFO - #               loss2: 0.0006,    loss3: 0.0000,
2024-11-07 22:56:50,264 - INFO - #               loss: 0.2647,    clean acc: 0.9045
2024-11-07 22:56:50,264 - INFO - #               poison acc: 1.0000
2024-11-07 22:56:50,267 - INFO - Save at ./checkpoints/FMNIST/82.pth
2024-11-07 22:57:07,818 - INFO - #The mean probability: ['0.0000', '0.0000', '0.0000', '0.0000', '0.0000', '0.0000', '0.0000', '0.9998', '0.0001', '0.0000']
2024-11-07 22:57:10,400 - INFO - #The mean probability: ['0.0000', '0.0000', '0.0000', '0.0000', '0.0000', '0.0000', '0.0000', '1.0000', '0.0000', '0.0000']
2024-11-07 22:57:10,401 - INFO - # EPOCH 84/100   train loss: 0.2456,    loss1: 0.2455
2024-11-07 22:57:10,401 - INFO - #               loss2: 0.0002,    loss3: 0.0000,
2024-11-07 22:57:10,401 - INFO - #               loss: 0.2637,    clean acc: 0.9052
2024-11-07 22:57:10,401 - INFO - #               poison acc: 1.0000
2024-11-07 22:57:10,405 - INFO - Save at ./checkpoints/FMNIST/83.pth
2024-11-07 22:57:28,014 - INFO - #The mean probability: ['0.0000', '0.0000', '0.0000', '0.0000', '0.0000', '0.0000', '0.0000', '0.9998', '0.0001', '0.0000']
2024-11-07 22:57:30,601 - INFO - #The mean probability: ['0.0000', '0.0000', '0.0000', '0.0000', '0.0000', '0.0000', '0.0000', '1.0000', '0.0000', '0.0000']
2024-11-07 22:57:30,602 - INFO - # EPOCH 85/100   train loss: 0.2439,    loss1: 0.2438
2024-11-07 22:57:30,602 - INFO - #               loss2: 0.0002,    loss3: 0.0000,
2024-11-07 22:57:30,602 - INFO - #               loss: 0.2656,    clean acc: 0.9046
2024-11-07 22:57:30,602 - INFO - #               poison acc: 1.0000
2024-11-07 22:57:30,607 - INFO - Save at ./checkpoints/FMNIST/84.pth
2024-11-07 22:57:48,314 - INFO - #The mean probability: ['0.0000', '0.0000', '0.0000', '0.0000', '0.0000', '0.0000', '0.0000', '0.9997', '0.0002', '0.0000']
2024-11-07 22:57:50,888 - INFO - #The mean probability: ['0.0000', '0.0000', '0.0000', '0.0000', '0.0000', '0.0000', '0.0000', '1.0000', '0.0000', '0.0000']
2024-11-07 22:57:50,889 - INFO - # EPOCH 86/100   train loss: 0.2430,    loss1: 0.2429
2024-11-07 22:57:50,889 - INFO - #               loss2: 0.0003,    loss3: 0.0000,
2024-11-07 22:57:50,889 - INFO - #               loss: 0.2634,    clean acc: 0.9066
2024-11-07 22:57:50,889 - INFO - #               poison acc: 1.0000
2024-11-07 22:57:50,892 - INFO - Save at ./checkpoints/FMNIST/85.pth
2024-11-07 22:58:08,526 - INFO - #The mean probability: ['0.0000', '0.0000', '0.0000', '0.0000', '0.0000', '0.0000', '0.0000', '0.9997', '0.0001', '0.0000']
2024-11-07 22:58:11,108 - INFO - #The mean probability: ['0.0000', '0.0000', '0.0000', '0.0000', '0.0000', '0.0000', '0.0000', '1.0000', '0.0000', '0.0000']
2024-11-07 22:58:11,109 - INFO - # EPOCH 87/100   train loss: 0.2403,    loss1: 0.2402
2024-11-07 22:58:11,109 - INFO - #               loss2: 0.0003,    loss3: 0.0000,
2024-11-07 22:58:11,109 - INFO - #               loss: 0.2618,    clean acc: 0.9052
2024-11-07 22:58:11,109 - INFO - #               poison acc: 1.0000
2024-11-07 22:58:11,113 - INFO - Save at ./checkpoints/FMNIST/86.pth
2024-11-07 22:58:28,763 - INFO - #The mean probability: ['0.0000', '0.0000', '0.0000', '0.0000', '0.0000', '0.0000', '0.0000', '0.9998', '0.0001', '0.0000']
2024-11-07 22:58:31,338 - INFO - #The mean probability: ['0.0000', '0.0000', '0.0000', '0.0000', '0.0000', '0.0000', '0.0000', '1.0000', '0.0000', '0.0000']
2024-11-07 22:58:31,339 - INFO - # EPOCH 88/100   train loss: 0.2401,    loss1: 0.2400
2024-11-07 22:58:31,339 - INFO - #               loss2: 0.0002,    loss3: 0.0000,
2024-11-07 22:58:31,339 - INFO - #               loss: 0.2597,    clean acc: 0.9069
2024-11-07 22:58:31,339 - INFO - #               poison acc: 1.0000
2024-11-07 22:58:31,343 - INFO - Save at ./checkpoints/FMNIST/87.pth
2024-11-07 22:58:48,860 - INFO - #The mean probability: ['0.0000', '0.0000', '0.0000', '0.0000', '0.0000', '0.0000', '0.0001', '0.9997', '0.0001', '0.0000']
2024-11-07 22:58:51,433 - INFO - #The mean probability: ['0.0000', '0.0000', '0.0000', '0.0000', '0.0000', '0.0000', '0.0000', '1.0000', '0.0000', '0.0000']
2024-11-07 22:58:51,434 - INFO - # EPOCH 89/100   train loss: 0.2389,    loss1: 0.2388
2024-11-07 22:58:51,434 - INFO - #               loss2: 0.0003,    loss3: 0.0000,
2024-11-07 22:58:51,434 - INFO - #               loss: 0.2625,    clean acc: 0.9056
2024-11-07 22:58:51,434 - INFO - #               poison acc: 1.0000
2024-11-07 22:58:51,438 - INFO - Save at ./checkpoints/FMNIST/88.pth
2024-11-07 22:59:09,074 - INFO - #The mean probability: ['0.0000', '0.0000', '0.0000', '0.0000', '0.0000', '0.0000', '0.0001', '0.9997', '0.0001', '0.0000']
2024-11-07 22:59:11,642 - INFO - #The mean probability: ['0.0000', '0.0000', '0.0000', '0.0000', '0.0000', '0.0000', '0.0000', '1.0000', '0.0000', '0.0000']
2024-11-07 22:59:11,643 - INFO - # EPOCH 90/100   train loss: 0.2378,    loss1: 0.2376
2024-11-07 22:59:11,643 - INFO - #               loss2: 0.0003,    loss3: 0.0000,
2024-11-07 22:59:11,643 - INFO - #               loss: 0.2609,    clean acc: 0.9074
2024-11-07 22:59:11,643 - INFO - #               poison acc: 1.0000
2024-11-07 22:59:11,646 - INFO - Save at ./checkpoints/FMNIST/89.pth
2024-11-07 22:59:29,261 - INFO - #The mean probability: ['0.0000', '0.0000', '0.0000', '0.0000', '0.0000', '0.0000', '0.0000', '0.9998', '0.0001', '0.0000']
2024-11-07 22:59:31,836 - INFO - #The mean probability: ['0.0000', '0.0000', '0.0000', '0.0000', '0.0000', '0.0000', '0.0000', '1.0000', '0.0000', '0.0000']
2024-11-07 22:59:31,836 - INFO - # EPOCH 91/100   train loss: 0.2353,    loss1: 0.2352
2024-11-07 22:59:31,836 - INFO - #               loss2: 0.0002,    loss3: 0.0000,
2024-11-07 22:59:31,836 - INFO - #               loss: 0.2610,    clean acc: 0.9076
2024-11-07 22:59:31,837 - INFO - #               poison acc: 1.0000
2024-11-07 22:59:31,840 - INFO - Save at ./checkpoints/FMNIST/90.pth
2024-11-07 22:59:49,439 - INFO - #The mean probability: ['0.0002', '0.0000', '0.0000', '0.0000', '0.0000', '0.0000', '0.0000', '0.9997', '0.0000', '0.0000']
2024-11-07 22:59:52,010 - INFO - #The mean probability: ['0.0000', '0.0000', '0.0000', '0.0000', '0.0000', '0.0000', '0.0000', '1.0000', '0.0000', '0.0000']
2024-11-07 22:59:52,010 - INFO - # EPOCH 92/100   train loss: 0.2362,    loss1: 0.2360
2024-11-07 22:59:52,010 - INFO - #               loss2: 0.0004,    loss3: 0.0000,
2024-11-07 22:59:52,011 - INFO - #               loss: 0.2599,    clean acc: 0.9068
2024-11-07 22:59:52,011 - INFO - #               poison acc: 1.0000
2024-11-07 22:59:52,015 - INFO - Save at ./checkpoints/FMNIST/91.pth
2024-11-07 23:00:09,604 - INFO - #The mean probability: ['0.0000', '0.0000', '0.0000', '0.0000', '0.0000', '0.0000', '0.0001', '0.9995', '0.0003', '0.0000']
2024-11-07 23:00:12,178 - INFO - #The mean probability: ['0.0000', '0.0000', '0.0000', '0.0000', '0.0000', '0.0000', '0.0000', '1.0000', '0.0000', '0.0000']
2024-11-07 23:00:12,179 - INFO - # EPOCH 93/100   train loss: 0.2352,    loss1: 0.2350
2024-11-07 23:00:12,179 - INFO - #               loss2: 0.0005,    loss3: 0.0000,
2024-11-07 23:00:12,179 - INFO - #               loss: 0.2605,    clean acc: 0.9068
2024-11-07 23:00:12,179 - INFO - #               poison acc: 1.0000
2024-11-07 23:00:12,183 - INFO - Save at ./checkpoints/FMNIST/92.pth
2024-11-07 23:00:29,690 - INFO - #The mean probability: ['0.0000', '0.0000', '0.0000', '0.0000', '0.0000', '0.0001', '0.0000', '0.9998', '0.0001', '0.0000']
2024-11-07 23:00:32,322 - INFO - #The mean probability: ['0.0000', '0.0000', '0.0000', '0.0000', '0.0000', '0.0000', '0.0000', '1.0000', '0.0000', '0.0000']
2024-11-07 23:00:32,322 - INFO - # EPOCH 94/100   train loss: 0.2320,    loss1: 0.2319
2024-11-07 23:00:32,323 - INFO - #               loss2: 0.0002,    loss3: 0.0000,
2024-11-07 23:00:32,323 - INFO - #               loss: 0.2588,    clean acc: 0.9060
2024-11-07 23:00:32,323 - INFO - #               poison acc: 1.0000
2024-11-07 23:00:32,326 - INFO - Save at ./checkpoints/FMNIST/93.pth
2024-11-07 23:00:49,834 - INFO - #The mean probability: ['0.0000', '0.0000', '0.0000', '0.0000', '0.0000', '0.0000', '0.0000', '0.9999', '0.0000', '0.0000']
2024-11-07 23:00:52,404 - INFO - #The mean probability: ['0.0000', '0.0000', '0.0000', '0.0000', '0.0000', '0.0000', '0.0000', '1.0000', '0.0000', '0.0000']
2024-11-07 23:00:52,404 - INFO - # EPOCH 95/100   train loss: 0.2314,    loss1: 0.2313
2024-11-07 23:00:52,405 - INFO - #               loss2: 0.0001,    loss3: 0.0000,
2024-11-07 23:00:52,405 - INFO - #               loss: 0.2636,    clean acc: 0.9062
2024-11-07 23:00:52,405 - INFO - #               poison acc: 1.0000
2024-11-07 23:00:52,408 - INFO - Save at ./checkpoints/FMNIST/94.pth
2024-11-07 23:01:10,026 - INFO - #The mean probability: ['0.0000', '0.0000', '0.0000', '0.0000', '0.0000', '0.0000', '0.0000', '0.9998', '0.0001', '0.0000']
2024-11-07 23:01:12,591 - INFO - #The mean probability: ['0.0000', '0.0000', '0.0000', '0.0000', '0.0000', '0.0000', '0.0000', '1.0000', '0.0000', '0.0000']
2024-11-07 23:01:12,592 - INFO - # EPOCH 96/100   train loss: 0.2308,    loss1: 0.2306
2024-11-07 23:01:12,592 - INFO - #               loss2: 0.0002,    loss3: 0.0000,
2024-11-07 23:01:12,592 - INFO - #               loss: 0.2581,    clean acc: 0.9060
2024-11-07 23:01:12,592 - INFO - #               poison acc: 1.0000
2024-11-07 23:01:12,596 - INFO - Save at ./checkpoints/FMNIST/95.pth
2024-11-07 23:01:30,131 - INFO - #The mean probability: ['0.0000', '0.0000', '0.0000', '0.0000', '0.0000', '0.0000', '0.0001', '0.9997', '0.0002', '0.0000']
2024-11-07 23:01:32,706 - INFO - #The mean probability: ['0.0000', '0.0000', '0.0000', '0.0000', '0.0000', '0.0000', '0.0000', '1.0000', '0.0000', '0.0000']
2024-11-07 23:01:32,707 - INFO - # EPOCH 97/100   train loss: 0.2313,    loss1: 0.2311
2024-11-07 23:01:32,707 - INFO - #               loss2: 0.0003,    loss3: 0.0000,
2024-11-07 23:01:32,707 - INFO - #               loss: 0.2569,    clean acc: 0.9075
2024-11-07 23:01:32,707 - INFO - #               poison acc: 1.0000
2024-11-07 23:01:32,711 - INFO - Save at ./checkpoints/FMNIST/96.pth
2024-11-07 23:01:50,305 - INFO - #The mean probability: ['0.0000', '0.0000', '0.0000', '0.0000', '0.0000', '0.0000', '0.0001', '0.9997', '0.0001', '0.0000']
2024-11-07 23:01:52,877 - INFO - #The mean probability: ['0.0000', '0.0000', '0.0000', '0.0000', '0.0000', '0.0000', '0.0000', '1.0000', '0.0000', '0.0000']
2024-11-07 23:01:52,877 - INFO - # EPOCH 98/100   train loss: 0.2298,    loss1: 0.2297
2024-11-07 23:01:52,877 - INFO - #               loss2: 0.0003,    loss3: 0.0000,
2024-11-07 23:01:52,877 - INFO - #               loss: 0.2572,    clean acc: 0.9089
2024-11-07 23:01:52,877 - INFO - #               poison acc: 1.0000
2024-11-07 23:01:52,881 - INFO - Save at ./checkpoints/FMNIST/97.pth
2024-11-07 23:02:10,444 - INFO - #The mean probability: ['0.0000', '0.0000', '0.0000', '0.0000', '0.0000', '0.0000', '0.0000', '0.9998', '0.0001', '0.0000']
2024-11-07 23:02:13,018 - INFO - #The mean probability: ['0.0000', '0.0000', '0.0000', '0.0000', '0.0000', '0.0000', '0.0000', '1.0000', '0.0000', '0.0000']
2024-11-07 23:02:13,018 - INFO - # EPOCH 99/100   train loss: 0.2267,    loss1: 0.2266
2024-11-07 23:02:13,018 - INFO - #               loss2: 0.0002,    loss3: 0.0000,
2024-11-07 23:02:13,018 - INFO - #               loss: 0.2568,    clean acc: 0.9053
2024-11-07 23:02:13,018 - INFO - #               poison acc: 1.0000
2024-11-07 23:02:13,022 - INFO - Save at ./checkpoints/FMNIST/98.pth
2024-11-07 23:02:30,644 - INFO - #The mean probability: ['0.0000', '0.0000', '0.0000', '0.0000', '0.0000', '0.0000', '0.0000', '0.9997', '0.0002', '0.0000']
2024-11-07 23:02:33,207 - INFO - #The mean probability: ['0.0000', '0.0000', '0.0000', '0.0000', '0.0000', '0.0000', '0.0000', '1.0000', '0.0000', '0.0000']
2024-11-07 23:02:33,208 - INFO - # EPOCH 100/100   train loss: 0.2281,    loss1: 0.2279
2024-11-07 23:02:33,208 - INFO - #               loss2: 0.0003,    loss3: 0.0000,
2024-11-07 23:02:33,208 - INFO - #               loss: 0.2570,    clean acc: 0.9083
2024-11-07 23:02:33,208 - INFO - #               poison acc: 1.0000
2024-11-07 23:02:33,211 - INFO - Save at ./checkpoints/FMNIST/99.pth
2024-11-07 23:02:33,212 - INFO - # END TRAIN 100 ROUNDS
 Clean Max == 0.9089
 Poison Max == 1.0000
